Log file open, 11/19/17 21:40:49
LogWindows: Failed to load 'aqProf.dll' (GetLastError=126)
LogWindows: File 'aqProf.dll' does not exist
LogWindows: Failed to load 'VSPerf140.dll' (GetLastError=126)
LogWindows: File 'VSPerf140.dll' does not exist
LogWindows: Failed to load 'VtuneApi.dll' (GetLastError=126)
LogWindows: File 'VtuneApi.dll' does not exist
LogWindows: Failed to load 'VtuneApi32e.dll' (GetLastError=126)
LogWindows: File 'VtuneApi32e.dll' does not exist
LogInit: Display: Running engine for game: Caramuru2D
LogPlatformFile: Not using cached read wrapper
LogInit: Display: RandInit(1480981371) SRandInit(1480981372).
LogTaskGraph: Started task graph with 5 named threads and 14 total threads with 3 sets of task threads.
LogStats: Stats thread started at 0.262933
LogD3D11RHI: Aftermath initialized
LogPluginManager: Mounting plugin Paper2D
LogPluginManager: Mounting plugin LightPropagationVolume
LogPluginManager: Mounting plugin CodeLiteSourceCodeAccess
LogPluginManager: Mounting plugin GitSourceControl
LogPluginManager: Mounting plugin KDevelopSourceCodeAccess
LogPluginManager: Mounting plugin NullSourceCodeAccess
LogPluginManager: Mounting plugin PerforceSourceControl
LogPluginManager: Mounting plugin SubversionSourceControl
LogPluginManager: Mounting plugin UObjectPlugin
LogPluginManager: Mounting plugin VisualStudioSourceCodeAccess
LogPluginManager: Mounting plugin XCodeSourceCodeAccess
LogPluginManager: Mounting plugin AssetManagerEditor
LogPluginManager: Mounting plugin AudioCapture
LogPluginManager: Mounting plugin FacialAnimation
LogPluginManager: Mounting plugin GameplayTagsEditor
LogPluginManager: Mounting plugin MobileLauncherProfileWizard
LogPluginManager: Mounting plugin PluginBrowser
LogPluginManager: Mounting plugin SpeedTreeImporter
LogPluginManager: Mounting plugin AlembicImporter
LogPluginManager: Mounting plugin CharacterAI
LogPluginManager: Mounting plugin HTML5Networking
LogPluginManager: Mounting plugin AndroidMedia
LogPluginManager: Mounting plugin AvfMedia
LogPluginManager: Mounting plugin MediaPlayerEditor
LogPluginManager: Mounting plugin WmfMedia
LogPluginManager: Mounting plugin TcpMessaging
LogPluginManager: Mounting plugin UdpMessaging
LogPluginManager: Mounting plugin LevelSequenceEditor
LogPluginManager: Mounting plugin MatineeToLevelSequence
LogPluginManager: Mounting plugin OnlineSubsystemGooglePlay
LogPluginManager: Mounting plugin OnlineSubsystemIOS
LogPluginManager: Mounting plugin OnlineSubsystem
LogPluginManager: Mounting plugin OnlineSubsystemNull
LogPluginManager: Mounting plugin OnlineSubsystemUtils
LogPluginManager: Mounting plugin AndroidDeviceProfileSelector
LogPluginManager: Mounting plugin AndroidMoviePlayer
LogPluginManager: Mounting plugin AndroidPermission
LogPluginManager: Mounting plugin AppleMoviePlayer
LogPluginManager: Mounting plugin ArchVisCharacter
LogPluginManager: Mounting plugin CableComponent
LogPluginManager: Mounting plugin CustomMeshComponent
LogPluginManager: Mounting plugin ExampleDeviceProfileSelector
LogPluginManager: Mounting plugin GoogleCloudMessaging
LogPluginManager: Mounting plugin ImmediatePhysics
LogPluginManager: Mounting plugin IOSDeviceProfileSelector
LogPluginManager: Mounting plugin LinuxDeviceProfileSelector
LogPluginManager: Mounting plugin LocationServicesBPLibrary
LogPluginManager: Mounting plugin MobilePatchingUtils
LogPluginManager: Mounting plugin OculusVR
LogPluginManager: Mounting plugin PhysXVehicles
LogPluginManager: Mounting plugin ProceduralMeshComponent
LogPluginManager: Mounting plugin RuntimePhysXCooking
LogPluginManager: Mounting plugin SteamVR
LogPluginManager: Mounting plugin WindowsMoviePlayer
LogInit: Using libcurl 7.47.1
LogInit:  - built for x86_64-pc-win32
LogInit:  - supports SSL with OpenSSL/1.0.2g
LogInit:  - supports HTTP deflate (compression) using libz 1.2.8
LogInit:  - other features:
LogInit:      CURL_VERSION_SSL
LogInit:      CURL_VERSION_LIBZ
LogInit:      CURL_VERSION_IPV6
LogInit:      CURL_VERSION_ASYNCHDNS
LogInit:      CURL_VERSION_LARGEFILE
LogInit:      CURL_VERSION_IDN
LogInit:  CurlRequestOptions (configurable via config and command line):
LogInit:  - bVerifyPeer = false  - Libcurl will NOT verify peer certificate
LogInit:  - bUseHttpProxy = false  - Libcurl will NOT use HTTP proxy
LogInit:  - bDontReuseConnections = false  - Libcurl will reuse connections
LogInit:  - CertBundlePath = nullptr  - Libcurl will use whatever was configured at build time.
LogInit: Build: ++UE4+Release-4.17-CL-3658906
LogInit: Engine Version: 4.17.2-3658906+++UE4+Release-4.17
LogInit: Compatible Engine Version: 4.17.0-3573198+++UE4+Release-4.17
LogInit: Net CL: 3573198
LogDevObjectVersion: Number of dev versions registered: 16
LogDevObjectVersion:   Dev-Blueprints (B0D832E4-1F89-4F0D-ACCF-7EB736FD4AA2): 10
LogDevObjectVersion:   Dev-Build (E1C64328-A22C-4D53-A36C-8E866417BD8C): 0
LogDevObjectVersion:   Dev-Core (375EC13C-06E4-48FB-B500-84F0262A717E): 2
LogDevObjectVersion:   Dev-Editor (E4B068ED-F494-42E9-A231-DA0B2E46BB41): 20
LogDevObjectVersion:   Dev-Framework (CFFC743F-43B0-4480-9391-14DF171D2073): 28
LogDevObjectVersion:   Dev-Mobile (B02B49B5-BB20-44E9-A304-32B752E40360): 0
LogDevObjectVersion:   Dev-Networking (A4E4105C-59A1-49B5-A7C5-40C4547EDFEE): 0
LogDevObjectVersion:   Dev-Online (39C831C9-5AE6-47DC-9A44-9C173E1C8E7C): 0
LogDevObjectVersion:   Dev-Physics (78F01B33-EBEA-4F98-B9B4-84EACCB95AA2): 0
LogDevObjectVersion:   Dev-Platform (6631380F-2D4D-43E0-8009-CF276956A95A): 0
LogDevObjectVersion:   Dev-Rendering (12F88B9F-8875-4AFC-A67C-D90C383ABD29): 19
LogDevObjectVersion:   Dev-Sequencer (7B5AE74C-D270-4C10-A958-57980B212A5A): 4
LogDevObjectVersion:   Dev-VR (D7296918-1DD6-4BDD-9DE2-64A83CC13884): 0
LogDevObjectVersion:   Dev-LoadTimes (C2A15278-BFE7-4AFE-6C17-90FF531DF755): 1
LogDevObjectVersion:   Private-Geometry (6EACA3D4-40EC-4CC1-B786-8BED09428FC5): 1
LogDevObjectVersion:   Dev-AnimPhys (29E575DD-E0A3-4627-9D10-D276232CDCEA): 7
LogInit: Compiled (64-bit): Sep 22 2017 13:47:16
LogInit: Compiled with Visual C++: 19.00.24215.01
LogInit: Build Configuration: Development
LogInit: Branch Name: ++UE4+Release-4.17
LogInit: Command line:  
LogInit: Base directory: C:/Program Files/Epic Games/UE_4.17/Engine/Binaries/Win64/
LogInit: Installed Engine Build: 1
LogInit: Presizing for max 8388607 objects, including 0 objects not considered by GC, pre-allocating 0 bytes for permanent pool.
LogInit: Object subsystem initialized
[2017.11.20-00.40.50:038][  0]LogInit: Selected Device Profile: [Windows]
[2017.11.20-00.40.50:038][  0]LogInit: Applying CVar settings loaded from the selected device profile: [Windows]
[2017.11.20-00.40.50:235][  0]LogInit: Computer: MARCELOM
[2017.11.20-00.40.50:235][  0]LogInit: User: Marcelo
[2017.11.20-00.40.50:235][  0]LogInit: CPU Page size=4096, Cores=4
[2017.11.20-00.40.50:235][  0]LogInit: High frequency timer resolution =3.020350 MHz
[2017.11.20-00.40.50:236][  0]LogMemory: Memory total: Physical=7.9GB (8GB approx)
[2017.11.20-00.40.50:246][  0]LogMemory: Platform Memory Stats for Windows
[2017.11.20-00.40.50:246][  0]LogMemory: Process Physical Memory: 276.48 MB used, 276.48 MB peak
[2017.11.20-00.40.50:246][  0]LogMemory: Process Virtual Memory: 273.91 MB used, 273.91 MB peak
[2017.11.20-00.40.50:246][  0]LogMemory: Physical Memory: 4053.26 MB used,  4076.59 MB free, 8129.85 MB total
[2017.11.20-00.40.50:246][  0]LogMemory: Virtual Memory: 647.34 MB used,  4076.59 MB free, 134217728.00 MB total
[2017.11.20-00.40.51:062][  0]LogInit: Overriding language with editor language configuration option (en).
[2017.11.20-00.40.51:062][  0]LogInit: Overriding locale with editor locale configuration option (en).
[2017.11.20-00.40.59:502][  0]LogD3D11RHI: D3D11 adapters:
[2017.11.20-00.40.59:534][  0]LogD3D11RHI:    0. 'NVIDIA GeForce GTX 1050 Ti' (Feature Level 11_0)
[2017.11.20-00.40.59:534][  0]LogD3D11RHI:       3992/0/4064 MB DedicatedVideo/DedicatedSystem/SharedSystem, Outputs:1, VendorId:0x10de
[2017.11.20-00.40.59:535][  0]LogD3D11RHI:    1. 'Microsoft Basic Render Driver' (Feature Level 11_0)
[2017.11.20-00.40.59:535][  0]LogD3D11RHI:       0/0/256 MB DedicatedVideo/DedicatedSystem/SharedSystem, Outputs:0, VendorId:0x1414
[2017.11.20-00.40.59:535][  0]LogD3D11RHI: Chosen D3D11 Adapter: 0
[2017.11.20-00.40.59:539][  0]LogD3D11RHI: Creating new Direct3DDevice
[2017.11.20-00.40.59:539][  0]LogD3D11RHI:     GPU DeviceId: 0x1c82 (for the marketing name, search the web for "GPU Device Id")
[2017.11.20-00.40.59:539][  0]LogWindows: EnumDisplayDevices:
[2017.11.20-00.40.59:539][  0]LogWindows:    0. 'NVIDIA GeForce GTX 1050 Ti' (P:1 D:1)
[2017.11.20-00.40.59:539][  0]LogWindows:    1. 'NVIDIA GeForce GTX 1050 Ti' (P:0 D:0)
[2017.11.20-00.40.59:539][  0]LogWindows:    2. 'NVIDIA GeForce GTX 1050 Ti' (P:0 D:0)
[2017.11.20-00.40.59:539][  0]LogWindows:    3. 'NVIDIA GeForce GTX 1050 Ti' (P:0 D:0)
[2017.11.20-00.40.59:539][  0]LogWindows: DebugString: FoundDriverCount:4 
[2017.11.20-00.40.59:539][  0]LogD3D11RHI:     Adapter Name: NVIDIA GeForce GTX 1050 Ti
[2017.11.20-00.40.59:539][  0]LogD3D11RHI:   Driver Version: 387.92 (internal:23.21.13.8792, unified:387.92)
[2017.11.20-00.40.59:539][  0]LogD3D11RHI:      Driver Date: 10-6-2017
[2017.11.20-00.40.59:539][  0]LogRHI: Texture pool is 1361 MB (70% of 1945 MB)
[2017.11.20-00.40.59:551][  0]LogD3D11RHI: Async texture creation enabled
[2017.11.20-00.40.59:570][  0]LogD3D11RHI: GPU Timing Frequency: 1000.000000 (Debug: 2 2)
[2017.11.20-00.40.59:617][  0]LogShaderCompilers: Guid format shader working directory is -25 characters bigger than the processId version (../../../../../../Users/Marcelo/Documents/Unreal Projects/Caramuru2D 4.17/Intermediate/Shaders/WorkingDirectory/3560/).
[2017.11.20-00.40.59:617][  0]LogShaderCompilers: Cleaned the shader compiler working directory 'C:/Users/Marcelo/AppData/Local/Temp/UnrealShaderWorkingDir/2FB3E51B4F8442AE52912FB1D1C00DC6/'.
[2017.11.20-00.40.59:617][  0]LogShaderCompilers: Display: Using Local Shader Compiler.
[2017.11.20-00.41.04:826][  0]LogTemp: Display: Loaded TP AllDesktopTargetPlatform
[2017.11.20-00.41.04:881][  0]LogTemp: Display: Loaded TP MacClientTargetPlatform
[2017.11.20-00.41.04:953][  0]LogTemp: Display: Loaded TP MacNoEditorTargetPlatform
[2017.11.20-00.41.05:012][  0]LogTemp: Display: Loaded TP MacServerTargetPlatform
[2017.11.20-00.41.05:133][  0]LogTemp: Display: Loaded TP MacTargetPlatform
[2017.11.20-00.41.05:181][  0]LogTemp: Display: Loaded TP WindowsClientTargetPlatform
[2017.11.20-00.41.05:227][  0]LogTemp: Display: Loaded TP WindowsNoEditorTargetPlatform
[2017.11.20-00.41.05:281][  0]LogTemp: Display: Loaded TP WindowsServerTargetPlatform
[2017.11.20-00.41.05:331][  0]LogTemp: Display: Loaded TP WindowsTargetPlatform
[2017.11.20-00.41.05:391][  0]LogTemp: Display: Loaded TP AndroidTargetPlatform
[2017.11.20-00.41.05:452][  0]LogTemp: Display: Loaded TP Android_ASTCTargetPlatform
[2017.11.20-00.41.05:502][  0]LogTemp: Display: Loaded TP Android_ATCTargetPlatform
[2017.11.20-00.41.05:555][  0]LogTemp: Display: Loaded TP Android_DXTTargetPlatform
[2017.11.20-00.41.05:640][  0]LogTemp: Display: Loaded TP Android_ETC1TargetPlatform
[2017.11.20-00.41.05:683][  0]LogTemp: Display: Loaded TP Android_ETC2TargetPlatform
[2017.11.20-00.41.05:783][  0]LogTemp: Display: Loaded TP Android_MultiTargetPlatform
[2017.11.20-00.41.05:783][  0]LogTemp: Display: Loaded TP Android_PVRTCTargetPlatform
[2017.11.20-00.41.05:819][  0]LogTemp: Display: Loaded TP HTML5TargetPlatform
[2017.11.20-00.41.05:959][  0]LogTemp: Display: Loaded TP IOSTargetPlatform
[2017.11.20-00.41.05:993][  0]LogTemp: Display: Loaded TP TVOSTargetPlatform
[2017.11.20-00.41.06:047][  0]LogTemp: Display: Loaded TP LinuxClientTargetPlatform
[2017.11.20-00.41.06:091][  0]LogTemp: Display: Loaded TP LinuxNoEditorTargetPlatform
[2017.11.20-00.41.06:139][  0]LogTemp: Display: Loaded TP LinuxServerTargetPlatform
[2017.11.20-00.41.06:226][  0]LogTemp: Display: Loaded TP LinuxTargetPlatform
[2017.11.20-00.41.06:226][  0]LogTargetPlatformManager: Display: Building Assets For Windows
[2017.11.20-00.41.07:587][  0]LogDerivedDataCache: Display: Max Cache Size: 512 MB
[2017.11.20-00.41.08:369][  0]LogDerivedDataCache: Loaded boot cache 0.76s 93MB C:/Users/Marcelo/AppData/Local/UnrealEngine/4.17/DerivedDataCache/Boot.ddc.
[2017.11.20-00.41.08:369][  0]LogDerivedDataCache: Display: Loaded Boot cache: C:/Users/Marcelo/AppData/Local/UnrealEngine/4.17/DerivedDataCache/Boot.ddc
[2017.11.20-00.41.08:369][  0]LogDerivedDataCache: FDerivedDataBackendGraph:  Pak pak cache file ../../../../../../Users/Marcelo/Documents/Unreal Projects/Caramuru2D 4.17/DerivedDataCache/DDC.ddp not found, will not use a pak cache.
[2017.11.20-00.41.08:369][  0]LogDerivedDataCache: Unable to find inner node Pak for hierarchical cache Hierarchy.
[2017.11.20-00.41.08:369][  0]LogDerivedDataCache: FDerivedDataBackendGraph:  CompressedPak pak cache file ../../../../../../Users/Marcelo/Documents/Unreal Projects/Caramuru2D 4.17/DerivedDataCache/Compressed.ddp not found, will not use a pak cache.
[2017.11.20-00.41.08:369][  0]LogDerivedDataCache: Unable to find inner node CompressedPak for hierarchical cache Hierarchy.
[2017.11.20-00.41.08:568][  0]LogDerivedDataCache: Display: Pak cache opened for reading ../../../Engine/DerivedDataCache/Compressed.ddp.
[2017.11.20-00.41.08:613][  0]LogDerivedDataCache: Using Local data cache path C:/Users/Marcelo/AppData/Local/UnrealEngine/Common/DerivedDataCache: Writable
[2017.11.20-00.41.09:466][  0]LogMaterial: Verifying Global Shaders for PCD3D_SM5
[2017.11.20-00.41.09:608][  0]LogSlate: Using Freetype 2.6.0
[2017.11.20-00.41.10:008][  0]LogSlate: SlateFontCache - WITH_FREETYPE: 1, WITH_HARFBUZZ: 1
[2017.11.20-00.41.10:008][  0]LogSlate: SlateFontCache - WITH_FREETYPE: 1, WITH_HARFBUZZ: 1
[2017.11.20-00.41.20:969][  0]LogAssetRegistry: FAssetRegistry took 0.0275 seconds to start up
[2017.11.20-00.41.22:033][  0]LogInit: Selected Device Profile: [Windows]
[2017.11.20-00.41.28:938][  0]LogContentStreaming: Texture pool size is 0.00 MB
[2017.11.20-00.41.30:216][  0]LogSimplygon: Simplygon DLL not present - disabling.
[2017.11.20-00.41.30:278][  0]LogMeshReduction: Using SimplygonSwarm for distributed automatic mesh merging
[2017.11.20-00.41.30:293][  0]LogMeshReduction: Using QuadricMeshReduction for automatic static mesh reduction
[2017.11.20-00.41.30:293][  0]LogMeshReduction: No automatic skeletal mesh reduction module available
[2017.11.20-00.41.30:293][  0]LogMeshReduction: No automatic mesh merging module available
[2017.11.20-00.41.30:293][  0]LogMeshMerging: No automatic mesh merging module available
[2017.11.20-00.41.34:878][  0]LogNetVersion: Caramuru2D , NetCL: 3573198, EngineNetVer: 2, GameNetVer: 0 (Checksum: 1344554375)
[2017.11.20-00.41.37:098][  0]LogPackageLocalizationCache: Processed 5 localized package path(s) for 1 prioritized culture(s) in 0.054308 seconds
[2017.11.20-00.41.37:135][  0]LogUObjectArray: 35825 objects as part of root set at end of initial load.
[2017.11.20-00.41.37:135][  0]LogUObjectAllocator: 7529104 out of 0 bytes used by permanent object pool.
[2017.11.20-00.41.37:151][  0]LogUObjectArray: CloseDisregardForGC: 0/0 objects in disregard for GC pool
[2017.11.20-00.41.37:227][  0]LogInit: WinSock: version 1.1 (2.2), MaxSocks=32767, MaxUdp=65467
[2017.11.20-00.42.14:979][  0]LogTcpMessaging: Initializing TcpMessaging bridge
[2017.11.20-00.42.15:036][  0]LogUdpMessaging: Initializing bridge on interface 0.0.0.0:0 to multicast group 230.0.0.1:6666.
[2017.11.20-00.42.16:811][  0]LogMaterial: Uniform references updated for custom material expression Custom.
[2017.11.20-00.42.17:897][  0]SourceControl: Source control is disabled
[2017.11.20-00.42.21:030][  0]LogAndroidPermission: UAndroidPermissionCallbackProxy::GetInstance
[2017.11.20-00.42.21:395][  0]LogOcInput: OculusInput pre-init called
[2017.11.20-00.42.22:326][  0]LogEngine: Initializing Engine...
[2017.11.20-00.42.22:394][  0]LogHMD: Failed to initialize OpenVR with code 110
[2017.11.20-00.42.23:735][  0]LogStats: UGameplayTagsManager::ConstructGameplayTagTree: Construct from data asset -  0.000 s
[2017.11.20-00.42.23:736][  0]LogStats: UGameplayTagsManager::ConstructGameplayTagTree: GameplayTagTreeChangedEvent.Broadcast -  0.000 s
[2017.11.20-00.42.24:415][  0]LogAIModule: Creating AISystem for world Untitled
[2017.11.20-00.42.24:682][  0]LogInit: XAudio2 using 'Alto-falantes (2- Realtek High Definition Audio)' : 2 channels at 48 kHz using 32 bits per sample (channel mask 0x3)
[2017.11.20-00.42.24:690][  0]LogInit: FAudioDevice initialized.
[2017.11.20-00.42.25:726][  0]LogDerivedDataCache: Saved boot cache 1.03s 93MB C:/Users/Marcelo/AppData/Local/UnrealEngine/4.17/DerivedDataCache/Boot.ddc.
[2017.11.20-00.42.25:778][  0]LogInit: Texture streaming: Enabled
[2017.11.20-00.42.26:052][  0]LogEngineSessionManager: EngineSessionManager initialized
[2017.11.20-00.42.26:052][  0]LogEngineSessionManager: EngineSessionManager sent abnormal shutdown report. Type=AbnormalShutdown, SessionId={C1231C50-484F-1054-A113-898D077470CB}
[2017.11.20-00.42.27:417][  0]LogInit: Transaction tracking system initialized
[2017.11.20-00.42.28:360][  0]BlueprintLog: New page: Editor Load
[2017.11.20-00.42.30:633][  0]LocalizationService: Localization service is disabled
[2017.11.20-00.42.32:334][  0]LogConsoleResponse: Display: 
[2017.11.20-00.42.35:969][  0]LogFileCache: Scanning file cache for directory 'C:/Users/Marcelo/Documents/Unreal Projects/Caramuru2D 4.17/Content/' took 0.02s
[2017.11.20-00.42.35:969][  0]LogCook: Display: Max memory allowance for cook 16384mb min free memory 0mb
[2017.11.20-00.42.36:013][  0]LogCook: Display: Mobile HDR setting 1
[2017.11.20-00.42.36:040][  0]LogGameplayTags: Display: UGameplayTagsManager::DoneAddingNativeTags. DelegateIsBound: 0
[2017.11.20-00.42.39:468][  0]Cmd: MAP LOAD FILE="../../../../../../Users/Marcelo/Documents/Unreal Projects/Caramuru2D 4.17/Content/Menu/Levels/Level_Game_Main_Menu.umap" TEMPLATE=0 SHOWPROGRESS=1 FEATURELEVEL=3
[2017.11.20-00.42.39:517][  0]LightingResults: New page: Lighting Build
[2017.11.20-00.42.39:823][  0]MapCheck: New page: Map Check
[2017.11.20-00.42.39:823][  0]LightingResults: New page: Lighting Build
[2017.11.20-00.42.41:905][  0]LogTexture: Display: Building textures: PLACA_SELECIONADA (BGRA8, 786X720)
[2017.11.20-00.42.42:248][  0]LogTexture: Display: Building textures: PLACA_2 (BGRA8, 786X720)
[2017.11.20-00.42.42:248][  0]LogTexture: Display: Building textures: PLACA_COM_MOUSE (BGRA8, 786X720)
[2017.11.20-00.42.42:248][  0]LogAIModule: Creating AISystem for world Level_Game_Main_Menu
[2017.11.20-00.42.42:401][  0]LogEditorServer: Finished looking for orphan Actors (0.000 secs)
[2017.11.20-00.42.42:607][  0]Cmd: MAP CHECKDEP NOCLEARLOG
[2017.11.20-00.42.42:660][  0]MapCheck: Map check complete: 0 Error(s), 0 Warning(s), took 53.229ms to complete.
[2017.11.20-00.42.42:660][  0]LogFileHelpers: Loading map 'Level_Game_Main_Menu' took 3.218
[2017.11.20-00.42.44:888][  0]LogCollectionManager: Loaded 0 collections in 0.001242 seconds
[2017.11.20-00.42.45:024][  0]LogFileCache: Scanning file cache for directory 'C:/Users/Marcelo/Documents/Unreal Projects/Caramuru2D 4.17/Saved/Collections/' took 0.01s
[2017.11.20-00.42.45:024][  0]LogFileCache: Scanning file cache for directory 'C:/Users/Marcelo/Documents/Unreal Projects/Caramuru2D 4.17/Content/Developers/Marcelo/Collections/' took 0.01s
[2017.11.20-00.42.45:024][  0]LogFileCache: Scanning file cache for directory 'C:/Users/Marcelo/Documents/Unreal Projects/Caramuru2D 4.17/Content/Collections/' took 0.01s
[2017.11.20-00.42.45:024][  0]LogCollectionManager: Rebuilt the GUID cache for 0 collections in 0.000000 seconds
[2017.11.20-00.42.45:039][  0]LogContentBrowser: Native class hierarchy populated in 0.0141 seconds. Added 2386 classes and 500 folders.
[2017.11.20-00.42.45:149][  0]LogContentBrowser: Native class hierarchy updated for 'WidgetCarousel' in 0.0008 seconds. Added 0 classes and 0 folders.
[2017.11.20-00.42.46:493][  0]LogContentBrowser: Native class hierarchy updated for 'AddContentDialog' in 0.0006 seconds. Added 0 classes and 0 folders.
[2017.11.20-00.42.46:595][  0]LogContentBrowser: Native class hierarchy updated for 'SceneOutliner' in 0.0007 seconds. Added 1 classes and 2 folders.
[2017.11.20-00.42.47:741][  0]LogSlate: Took 0.025816 seconds to synchronously load lazily loaded font '../../../Engine/Content/Slate/Fonts/Roboto-Regular.ttf' (155K)
[2017.11.20-00.42.47:775][  0]LogSlate: Took 0.025246 seconds to synchronously load lazily loaded font '../../../Engine/Content/Slate/Fonts/Roboto-Bold.ttf' (160K)
[2017.11.20-00.42.47:881][  0]LogSlate: Took 0.027170 seconds to synchronously load lazily loaded font '../../../Engine/Content/Editor/Slate/Fonts/FontAwesome.ttf' (139K)
[2017.11.20-00.42.48:555][  0]LogRenderer: Reallocating scene render targets to support 808x336 Format 10 NumSamples 1 (Frame:1).
[2017.11.20-00.42.49:722][  0]LogContentBrowser: Native class hierarchy updated for 'HierarchicalLODOutliner' in 0.0007 seconds. Added 1 classes and 2 folders.
[2017.11.20-00.42.49:723][  0]LogLoad: (Engine Initialization) Total time: 125.21 seconds
[2017.11.20-00.42.49:723][  0]LogLoad: (Engine Initialization) Total Blueprint compile time: 0.00 seconds
[2017.11.20-00.42.49:738][  0]LogExternalProfiler: No external profilers were discovered.  External profiling features will not be available.
[2017.11.20-00.42.50:539][  0]SourceControl: On branch master
[2017.11.20-00.42.50:539][  0]SourceControl: Your branch is up to date with 'origin/master'.
[2017.11.20-00.42.50:539][  0]SourceControl: Changes not staged for commit:
[2017.11.20-00.42.50:539][  0]SourceControl:   (use "git add/rm <file>..." to update what will be committed)
[2017.11.20-00.42.50:539][  0]SourceControl:   (use "git checkout -- <file>..." to discard changes in working directory)
[2017.11.20-00.42.50:539][  0]SourceControl: 	modified:   Intermediate/CachedAssetRegistry.bin
[2017.11.20-00.42.50:539][  0]SourceControl: 	deleted:    Saved/Config/CrashReportClient/UE4CC-Windows-075772B2411AAEBFCD41949CD108D23C/CrashReportClient.ini
[2017.11.20-00.42.50:539][  0]SourceControl: 	deleted:    Saved/Config/CrashReportClient/UE4CC-Windows-26983D504B3C92FB26729AA5948CF9ED/CrashReportClient.ini
[2017.11.20-00.42.50:539][  0]SourceControl: 	deleted:    Saved/Config/CrashReportClient/UE4CC-Windows-DDC2AE9B4770765A0C6938A7985D5F1C/CrashReportClient.ini
[2017.11.20-00.42.50:539][  0]SourceControl: 	modified:   Saved/Config/Windows/Editor.ini
[2017.11.20-00.42.50:539][  0]SourceControl: 	deleted:    Saved/Logs/Caramuru2D-backup-2017.11.16-23.37.55.log
[2017.11.20-00.42.50:539][  0]SourceControl: 	deleted:    Saved/Logs/Caramuru2D-backup-2017.11.17-02.36.20.log
[2017.11.20-00.42.50:539][  0]SourceControl: 	modified:   Saved/Logs/Caramuru2D.log
[2017.11.20-00.42.50:539][  0]SourceControl: Untracked files:
[2017.11.20-00.42.50:539][  0]SourceControl:   (use "git add <file>..." to include in what will be committed)
[2017.11.20-00.42.50:539][  0]SourceControl: 	Saved/Config/CrashReportClient/UE4CC-Windows-F09C12664AFE8F4ED818FEBA5C5205D8/
[2017.11.20-00.42.50:539][  0]SourceControl: 	Saved/Logs/Caramuru2D-backup-2017.11.19-21.40.49.log
[2017.11.20-00.42.50:539][  0]SourceControl: no changes added to commit (use "git add" and/or "git commit -a")
[2017.11.20-00.42.50:540][  0]LogContentStreaming: Texture pool size now 1000 MB
[2017.11.20-00.42.51:167][  2]LogSlate: Took 0.025777 seconds to synchronously load lazily loaded font '../../../Engine/Content/Slate/Fonts/Roboto-Light.ttf' (159K)
[2017.11.20-00.42.51:608][  3]LogAssetRegistry: Asset discovery search completed in 90.6616 seconds
[2017.11.20-00.42.51:612][  3]LogCollectionManager: Rebuilt the object cache for 0 collections in 0.000001 seconds (found 0 objects)
[2017.11.20-00.42.51:612][  3]LogCollectionManager: Fixed up redirectors for 0 collections in 0.000093 seconds (updated 0 objects)
[2017.11.20-00.53.03:916][966]LogTemp: Repeating last play command: Selected Viewport
[2017.11.20-00.53.04:327][966]LogBlueprintUserMessages: Early PlayInEditor Detection: Level '/Game/Menu/Levels/Level_Game_Main_Menu.Level_Game_Main_Menu:PersistentLevel' has LevelScriptBlueprint '/Game/Menu/Levels/Level_Game_Main_Menu.Level_Game_Main_Menu:PersistentLevel.Level_Game_Main_Menu' with GeneratedClass '/Game/Menu/Levels/Level_Game_Main_Menu.Level_Game_Main_Menu_C' with ClassGeneratedBy '/Game/Menu/Levels/Level_Game_Main_Menu.Level_Game_Main_Menu:PersistentLevel.Level_Game_Main_Menu'
[2017.11.20-00.53.04:328][966]LogPlayLevel: PlayLevel: No blueprints needed recompiling
[2017.11.20-00.53.04:400][966]PIE: New page: PIE session: Level_Game_Main_Menu (Nov 19, 2017, 6:53:04 PM)
[2017.11.20-00.53.04:415][966]LogPlayLevel: Creating play world package: /Game/Menu/Levels/UEDPIE_0_Level_Game_Main_Menu
[2017.11.20-00.53.04:456][966]LogPlayLevel: PIE: StaticDuplicateObject took: (0.040236s)
[2017.11.20-00.53.04:456][966]LogAIModule: Creating AISystem for world Level_Game_Main_Menu
[2017.11.20-00.53.04:457][966]LogPlayLevel: PIE: World Init took: (0.000862s)
[2017.11.20-00.53.04:457][966]LogPlayLevel: PIE: Created PIE world by copying editor world from /Game/Menu/Levels/Level_Game_Main_Menu.Level_Game_Main_Menu to /Game/Menu/Levels/UEDPIE_0_Level_Game_Main_Menu.Level_Game_Main_Menu (0.056289s)
[2017.11.20-00.53.04:534][966]LogInit: XAudio2 using 'Alto-falantes (2- Realtek High Definition Audio)' : 2 channels at 48 kHz using 32 bits per sample (channel mask 0x3)
[2017.11.20-00.53.04:541][966]LogInit: FAudioDevice initialized.
[2017.11.20-00.53.04:651][966]LogLoad: Game class is 'GameModeBase'
[2017.11.20-00.53.04:882][966]LogWorld: Bringing World /Game/Menu/Levels/UEDPIE_0_Level_Game_Main_Menu.Level_Game_Main_Menu up for play (max tick rate 0) at 2017.11.19-21.53.04
[2017.11.20-00.53.04:900][966]LogWorld: Bringing up level for play took: 0.024548
[2017.11.20-00.53.05:181][966]LogContentBrowser: Native class hierarchy updated for 'MovieSceneCapture' in 0.0008 seconds. Added 11 classes and 0 folders.
[2017.11.20-00.53.05:540][966]PIE: Play in editor start time for /Game/Menu/Levels/UEDPIE_0_Level_Game_Main_Menu 1.404
[2017.11.20-00.53.05:540][966]LogBlueprintUserMessages: Late PlayInEditor Detection: Level '/Game/Menu/Levels/Level_Game_Main_Menu.Level_Game_Main_Menu:PersistentLevel' has LevelScriptBlueprint '/Game/Menu/Levels/Level_Game_Main_Menu.Level_Game_Main_Menu:PersistentLevel.Level_Game_Main_Menu' with GeneratedClass '/Game/Menu/Levels/Level_Game_Main_Menu.Level_Game_Main_Menu_C' with ClassGeneratedBy '/Game/Menu/Levels/Level_Game_Main_Menu.Level_Game_Main_Menu:PersistentLevel.Level_Game_Main_Menu'
[2017.11.20-00.53.08:520][293]Cmd: LevelEditor.ToggleImmersive
[2017.11.20-00.53.08:939][294]LogRenderer: Reallocating scene render targets to support 1360x728 Format 10 NumSamples 1 (Frame:329).
[2017.11.20-00.53.15:000][ 17]LogNet: Browse: /Game/2DSideScrollerBP/Maps/Caramuru2D
[2017.11.20-00.53.15:001][ 17]LogLoad: LoadMap: /Game/2DSideScrollerBP/Maps/Caramuru2D
[2017.11.20-00.53.15:169][ 17]Cmd: MEM
[2017.11.20-00.53.15:181][ 17]LogMemory: Platform Memory Stats for Windows
[2017.11.20-00.53.15:181][ 17]LogMemory: Process Physical Memory: 971.06 MB used, 1113.02 MB peak
[2017.11.20-00.53.15:181][ 17]LogMemory: Process Virtual Memory: 1380.53 MB used, 1446.95 MB peak
[2017.11.20-00.53.15:181][ 17]LogMemory: Physical Memory: 5124.31 MB used,  3005.54 MB free, 8129.85 MB total
[2017.11.20-00.53.15:181][ 17]LogMemory: Virtual Memory: 2056.38 MB used,  3005.54 MB free, 134217728.00 MB total
[2017.11.20-00.53.15:181][ 17]LogMemory: 
[2017.11.20-00.53.15:181][ 17]Allocator Stats for TBB: (not implemented)
[2017.11.20-00.53.24:170][ 17]LogAIModule: Creating AISystem for world Caramuru2D
[2017.11.20-00.53.24:171][ 17]LogLoad: Game class is '2DSideScrollerGameMode_C'
[2017.11.20-00.53.24:292][ 17]LogWorld: Bringing World /Game/2DSideScrollerBP/Maps/UEDPIE_0_Caramuru2D.Caramuru2D up for play (max tick rate 0) at 2017.11.19-21.53.24
[2017.11.20-00.53.24:375][ 17]LogWorld: Bringing up level for play took: 0.167814
[2017.11.20-00.53.24:400][ 17]LogBlueprintUserMessages: [Character] SpreaderGun
[2017.11.20-00.53.24:400][ 17]LogLoad: Took 9.399384 seconds to LoadMap(/Game/2DSideScrollerBP/Maps/Caramuru2D)
[2017.11.20-00.53.24:541][ 18]LogCharacterMovement: Warning: GetSimulationTimeStep() - Max iterations 8 hit while remaining time 0.055718 > MaxSimulationTimeStep (0.050) for 'EnemyCharacter_226', movement 'Walking'
[2017.11.20-00.53.28:334][460]LogBlueprintUserMessages: [BP_Check_Point_832] X=-5062.048 Y=100.000 Z=4026.502
[2017.11.20-00.53.30:975][766]LogCharacterMovement: Character is stuck and failed to move! Velocity: X=17.07 Y=0.00 Z=0.00 Location: X=-4804.72 Y=100.00 Z=3910.55 Normal: X=-0.24 Y=0.00 Z=-0.97 PenetrationDepth:25.104 Actor:EnemyCharacter_226 Component:CollisionCylinder BoneName:None (0 other events since notify)
[2017.11.20-00.53.39:620][799]LogBlueprintUserMessages: Early EndPlayMap Detection: Level '/Game/Menu/Levels/Level_Game_Main_Menu.Level_Game_Main_Menu:PersistentLevel' has LevelScriptBlueprint '/Game/Menu/Levels/Level_Game_Main_Menu.Level_Game_Main_Menu:PersistentLevel.Level_Game_Main_Menu' with GeneratedClass '/Game/Menu/Levels/Level_Game_Main_Menu.Level_Game_Main_Menu_C' with ClassGeneratedBy '/Game/Menu/Levels/Level_Game_Main_Menu.Level_Game_Main_Menu:PersistentLevel.Level_Game_Main_Menu'
[2017.11.20-00.53.39:762][799]LogBlueprintUserMessages: Late EndPlayMap Detection: Level '/Game/Menu/Levels/Level_Game_Main_Menu.Level_Game_Main_Menu:PersistentLevel' has LevelScriptBlueprint '/Game/Menu/Levels/Level_Game_Main_Menu.Level_Game_Main_Menu:PersistentLevel.Level_Game_Main_Menu' with GeneratedClass '/Game/Menu/Levels/Level_Game_Main_Menu.Level_Game_Main_Menu_C' with ClassGeneratedBy '/Game/Menu/Levels/Level_Game_Main_Menu.Level_Game_Main_Menu:PersistentLevel.Level_Game_Main_Menu'
[2017.11.20-00.53.40:024][809]Cmd: SELECT NONE
[2017.11.20-00.53.41:245][951]Cmd: SELECT NONE
[2017.11.20-00.53.52:997][448]LogWindowsTextInputMethodSystem: Display: IME system now deactivated.
[2017.11.20-00.53.53:510][449]Cmd: QUIT_EDITOR
[2017.11.20-00.53.53:756][449]LogExit: Preparing to exit.
[2017.11.20-00.53.54:662][449]LogDirectoryWatcher: A directory notification for 'C:/Users/Marcelo/Documents/Unreal Projects/Caramuru2D 4.17/Content/' was aborted.
[2017.11.20-00.53.54:721][449]LogExit: Editor shut down
[2017.11.20-00.53.54:725][449]LogExit: Transaction tracking system shut down
[2017.11.20-00.53.54:999][449]LogDirectoryWatcher: A directory notification for '../../../Engine/Content/' was aborted.
[2017.11.20-00.53.55:000][449]LogDirectoryWatcher: A directory notification for '../../../../../../Users/Marcelo/Documents/Unreal Projects/Caramuru2D 4.17/Content/' was aborted.
[2017.11.20-00.53.55:000][449]LogDirectoryWatcher: A directory notification for '../../../Engine/Plugins/2D/Paper2D/Content/' was aborted.
[2017.11.20-00.53.55:000][449]LogDirectoryWatcher: A directory notification for '../../../Engine/Plugins/Runtime/Oculus/OculusVR/Content/' was aborted.
[2017.11.20-00.53.55:000][449]LogDirectoryWatcher: A directory notification for '../../../Engine/Plugins/Runtime/Steam/SteamVR/Content/' was aborted.
[2017.11.20-00.53.55:555][449]LogExit: Object subsystem successfully closed.
[2017.11.20-00.53.55:712][449]LogD3D11RHI: Shutdown
[2017.11.20-00.53.55:723][449]LogD3D11RHI: CleanupD3DDevice
[2017.11.20-00.53.55:792][449]LogD3D11RHI: ~FD3D11DynamicRHI
[2017.11.20-00.53.56:100][449]LogModuleManager: Shutting down and abandoning module MovieSceneCapture (532)
[2017.11.20-00.53.56:100][449]LogModuleManager: Shutting down and abandoning module HierarchicalLODOutliner (530)
[2017.11.20-00.53.56:100][449]LogModuleManager: Shutting down and abandoning module SceneOutliner (528)
[2017.11.20-00.53.56:100][449]LogModuleManager: Shutting down and abandoning module AddContentDialog (526)
[2017.11.20-00.53.56:101][449]LogDirectoryWatcher: A directory notification for 'C:/Program Files/Epic Games/UE_4.17/FeaturePacks/' was aborted.
[2017.11.20-00.53.56:101][449]LogModuleManager: Shutting down and abandoning module WidgetCarousel (525)
[2017.11.20-00.53.56:101][449]LogModuleManager: Shutting down and abandoning module EditorWidgets (522)
[2017.11.20-00.53.56:102][449]LogModuleManager: Shutting down and abandoning module CollectionManager (520)
[2017.11.20-00.53.56:102][449]LogDirectoryWatcher: A directory notification for 'C:/Users/Marcelo/Documents/Unreal Projects/Caramuru2D 4.17/Content/Collections/' was aborted.
[2017.11.20-00.53.56:102][449]LogDirectoryWatcher: A directory notification for 'C:/Users/Marcelo/Documents/Unreal Projects/Caramuru2D 4.17/Content/Developers/Marcelo/Collections/' was aborted.
[2017.11.20-00.53.56:102][449]LogDirectoryWatcher: A directory notification for 'C:/Users/Marcelo/Documents/Unreal Projects/Caramuru2D 4.17/Saved/Collections/' was aborted.
[2017.11.20-00.53.56:102][449]LogModuleManager: Shutting down and abandoning module StatsViewer (518)
[2017.11.20-00.53.56:126][449]LogModuleManager: Shutting down and abandoning module FoliageEdit (516)
[2017.11.20-00.53.56:126][449]LogModuleManager: Shutting down and abandoning module LandscapeEditor (514)
[2017.11.20-00.53.56:142][449]LogModuleManager: Shutting down and abandoning module MeshPaintMode (512)
[2017.11.20-00.53.56:142][449]LogModuleManager: Shutting down and abandoning module SceneDepthPickerMode (510)
[2017.11.20-00.53.56:142][449]LogModuleManager: Shutting down and abandoning module ActorPickerMode (508)
[2017.11.20-00.53.56:142][449]LogModuleManager: Shutting down and abandoning module GeometryMode (506)
[2017.11.20-00.53.56:143][449]LogModuleManager: Shutting down and abandoning module TextureAlignMode (504)
[2017.11.20-00.53.56:143][449]LogModuleManager: Shutting down and abandoning module BspMode (502)
[2017.11.20-00.53.56:143][449]LogModuleManager: Shutting down and abandoning module PIEPreviewDeviceProfileSelector (500)
[2017.11.20-00.53.56:147][449]LogModuleManager: Shutting down and abandoning module HardwareSurvey (498)
[2017.11.20-00.53.56:147][449]LogModuleManager: Shutting down and abandoning module SequenceRecorderSections (496)
[2017.11.20-00.53.56:147][449]LogModuleManager: Shutting down and abandoning module AutomationWorker (494)
[2017.11.20-00.53.56:147][449]LogModuleManager: Shutting down and abandoning module MatineeToLevelSequence (492)
[2017.11.20-00.53.56:147][449]LogModuleManager: Shutting down and abandoning module LevelSequenceEditor (490)
[2017.11.20-00.53.56:165][449]LogModuleManager: Shutting down and abandoning module PlacementMode (489)
[2017.11.20-00.53.56:165][449]LogModuleManager: Shutting down and abandoning module WmfMediaFactory (486)
[2017.11.20-00.53.56:165][449]LogModuleManager: Shutting down and abandoning module WmfMediaEditor (484)
[2017.11.20-00.53.56:165][449]LogModuleManager: Shutting down and abandoning module AvfMediaFactory (482)
[2017.11.20-00.53.56:165][449]LogModuleManager: Shutting down and abandoning module AvfMediaEditor (480)
[2017.11.20-00.53.56:165][449]LogModuleManager: Shutting down and abandoning module AndroidMediaFactory (478)
[2017.11.20-00.53.56:165][449]LogModuleManager: Shutting down and abandoning module Media (477)
[2017.11.20-00.53.56:165][449]LogModuleManager: Shutting down and abandoning module AndroidMediaEditor (474)
[2017.11.20-00.53.56:165][449]LogModuleManager: Shutting down and abandoning module CharacterAI (472)
[2017.11.20-00.53.56:165][449]LogModuleManager: Shutting down and abandoning module AudioCapture (470)
[2017.11.20-00.53.56:165][449]LogModuleManager: Shutting down and abandoning module SequenceRecorder (469)
[2017.11.20-00.53.56:165][449]LogModuleManager: Shutting down and abandoning module SmartSnapping (466)
[2017.11.20-00.53.56:165][449]LogModuleManager: Shutting down and abandoning module SessionServices (464)
[2017.11.20-00.53.56:165][449]LogModuleManager: Shutting down and abandoning module ViewportSnapping (462)
[2017.11.20-00.53.56:165][449]LogModuleManager: Shutting down and abandoning module ViewportInteraction (460)
[2017.11.20-00.53.56:165][449]LogModuleManager: Shutting down and abandoning module ClothPainter (458)
[2017.11.20-00.53.56:181][449]LogModuleManager: Shutting down and abandoning module LogVisualizer (456)
[2017.11.20-00.53.56:181][449]LogModuleManager: Shutting down and abandoning module IntroTutorials (454)
[2017.11.20-00.53.56:181][449]LogModuleManager: Shutting down and abandoning module GameProjectGeneration (453)
[2017.11.20-00.53.56:215][449]LogModuleManager: Shutting down and abandoning module IOSPlatformEditor (450)
[2017.11.20-00.53.56:215][449]LogModuleManager: Shutting down and abandoning module HTML5PlatformEditor (448)
[2017.11.20-00.53.56:215][449]LogModuleManager: Shutting down and abandoning module AndroidPlatformEditor (446)
[2017.11.20-00.53.56:216][449]LogModuleManager: Shutting down and abandoning module AndroidDeviceDetection (445)
[2017.11.20-00.53.56:646][449]LogModuleManager: Shutting down and abandoning module WindowsPlatformEditor (442)
[2017.11.20-00.53.56:646][449]LogModuleManager: Shutting down and abandoning module IOSRuntimeSettings (440)
[2017.11.20-00.53.56:646][449]LogModuleManager: Shutting down and abandoning module AndroidRuntimeSettings (438)
[2017.11.20-00.53.56:646][449]LogModuleManager: Shutting down and abandoning module InputBindingEditor (436)
[2017.11.20-00.53.56:653][449]LogModuleManager: Shutting down and abandoning module MergeActors (434)
[2017.11.20-00.53.56:662][449]LogModuleManager: Shutting down and abandoning module SizeMap (432)
[2017.11.20-00.53.56:662][449]LogModuleManager: Shutting down and abandoning module TreeMap (430)
[2017.11.20-00.53.56:662][449]LogModuleManager: Shutting down and abandoning module ReferenceViewer (428)
[2017.11.20-00.53.56:662][449]LogModuleManager: Shutting down and abandoning module LocalizationDashboard (426)
[2017.11.20-00.53.56:673][449]LogModuleManager: Shutting down and abandoning module LocalizationService (425)
[2017.11.20-00.53.56:673][449]LogModuleManager: Shutting down and abandoning module HardwareTargeting (422)
[2017.11.20-00.53.56:673][449]LogModuleManager: Shutting down and abandoning module DeviceProfileEditor (420)
[2017.11.20-00.53.56:673][449]LogModuleManager: Shutting down and abandoning module UndoHistory (418)
[2017.11.20-00.53.56:673][449]LogModuleManager: Shutting down and abandoning module XmlParser (416)
[2017.11.20-00.53.56:673][449]LogModuleManager: Shutting down and abandoning module Blutility (414)
[2017.11.20-00.53.56:673][449]LogModuleManager: Shutting down and abandoning module ProjectSettingsViewer (412)
[2017.11.20-00.53.56:673][449]LogModuleManager: Shutting down and abandoning module ProjectTargetPlatformEditor (411)
[2017.11.20-00.53.56:673][449]LogModuleManager: Shutting down and abandoning module EditorSettingsViewer (408)
[2017.11.20-00.53.56:673][449]LogModuleManager: Shutting down and abandoning module SettingsEditor (406)
[2017.11.20-00.53.56:676][449]LogModuleManager: Shutting down and abandoning module ProjectLauncher (404)
[2017.11.20-00.53.56:687][449]LogModuleManager: Shutting down and abandoning module SessionFrontend (402)
[2017.11.20-00.53.56:688][449]LogModuleManager: Shutting down and abandoning module ProfilerClient (400)
[2017.11.20-00.53.56:700][449]LogModuleManager: Shutting down and abandoning module DeviceManager (398)
[2017.11.20-00.53.56:700][449]LogModuleManager: Shutting down and abandoning module TargetDeviceServices (397)
[2017.11.20-00.53.56:744][449]LogModuleManager: Shutting down and abandoning module AutomationController (394)
[2017.11.20-00.53.56:744][449]LogModuleManager: Shutting down and abandoning module AutomationWindow (392)
[2017.11.20-00.53.56:756][449]LogModuleManager: Shutting down and abandoning module Layers (390)
[2017.11.20-00.53.56:763][449]LogModuleManager: Shutting down and abandoning module ComponentVisualizers (388)
[2017.11.20-00.53.56:763][449]LogModuleManager: Shutting down and abandoning module DetailCustomizations (386)
[2017.11.20-00.53.56:769][449]LogModuleManager: Shutting down and abandoning module PackagesDialog (384)
[2017.11.20-00.53.56:773][449]LogModuleManager: Shutting down and abandoning module Persona (382)
[2017.11.20-00.53.56:788][449]LogModuleManager: Shutting down and abandoning module AdvancedPreviewScene (381)
[2017.11.20-00.53.56:788][449]LogModuleManager: Shutting down and abandoning module AnimGraph (379)
[2017.11.20-00.53.56:796][449]LogModuleManager: Shutting down and abandoning module Kismet (376)
[2017.11.20-00.53.56:797][449]LogModuleManager: Shutting down and abandoning module ClassViewer (374)
[2017.11.20-00.53.56:797][449]LogModuleManager: Shutting down and abandoning module Toolbox (372)
[2017.11.20-00.53.56:797][449]LogModuleManager: Shutting down and abandoning module ModuleUI (370)
[2017.11.20-00.53.56:806][449]LogModuleManager: Shutting down and abandoning module MovieSceneTools (368)
[2017.11.20-00.53.56:814][449]LogModuleManager: Shutting down and abandoning module OutputLog (366)
[2017.11.20-00.53.56:814][449]LogModuleManager: Shutting down and abandoning module GammaUI (364)
[2017.11.20-00.53.56:819][449]LogModuleManager: Shutting down and abandoning module Documentation (362)
[2017.11.20-00.53.56:819][449]LogModuleManager: Shutting down and abandoning module MovieSceneTracks (360)
[2017.11.20-00.53.56:819][449]LogModuleManager: Shutting down and abandoning module MovieScene (358)
[2017.11.20-00.53.56:819][449]LogModuleManager: Shutting down and abandoning module Niagara (356)
[2017.11.20-00.53.56:819][449]LogModuleManager: Shutting down and abandoning module NiagaraEditor (355)
[2017.11.20-00.53.56:830][449]LogModuleManager: Shutting down and abandoning module StreamingPauseRendering (352)
[2017.11.20-00.53.56:830][449]LogModuleManager: Shutting down and abandoning module LauncherPlatform (350)
[2017.11.20-00.53.56:830][449]LogModuleManager: Shutting down and abandoning module AnalyticsET (348)
[2017.11.20-00.53.56:830][449]LogModuleManager: Shutting down and abandoning module PortalServices (346)
[2017.11.20-00.53.56:830][449]LogModuleManager: Shutting down and abandoning module PortalRpc (344)
[2017.11.20-00.53.56:830][449]LogModuleManager: Shutting down and abandoning module MessagingRpc (342)
[2017.11.20-00.53.56:830][449]LogModuleManager: Shutting down and abandoning module AIModule (340)
[2017.11.20-00.53.56:830][449]LogModuleManager: Shutting down and abandoning module GameplayDebugger (339)
[2017.11.20-00.53.56:830][449]LogModuleManager: Shutting down and abandoning module AITestSuite (337)
[2017.11.20-00.53.56:830][449]LogModuleManager: Shutting down and abandoning module ProfilerService (334)
[2017.11.20-00.53.56:927][449]LogModuleManager: Shutting down and abandoning module TaskGraph (332)
[2017.11.20-00.53.56:943][449]LogModuleManager: Shutting down and abandoning module SteamVRController (330)
[2017.11.20-00.53.56:943][449]LogModuleManager: Shutting down and abandoning module ProceduralMeshComponentEditor (328)
[2017.11.20-00.53.56:943][449]LogModuleManager: Shutting down and abandoning module ProceduralMeshComponent (326)
[2017.11.20-00.53.56:943][449]LogModuleManager: Shutting down and abandoning module OculusInput (324)
[2017.11.20-00.53.56:944][449]LogModuleManager: Shutting down and abandoning module MobilePatchingUtils (322)
[2017.11.20-00.53.56:944][449]LogModuleManager: Shutting down and abandoning module CustomMeshComponent (320)
[2017.11.20-00.53.56:944][449]LogModuleManager: Shutting down and abandoning module CableComponent (318)
[2017.11.20-00.53.56:944][449]LogModuleManager: Shutting down and abandoning module ArchVisCharacter (316)
[2017.11.20-00.53.56:944][449]LogModuleManager: Shutting down and abandoning module AndroidPermission (314)
[2017.11.20-00.53.56:944][449]LogModuleManager: Shutting down and abandoning module MediaPlayerEditor (310)
[2017.11.20-00.53.56:953][449]LogModuleManager: Shutting down and abandoning module HTML5Networking (308)
[2017.11.20-00.53.56:953][449]LogModuleManager: Shutting down and abandoning module AlembicImporter (306)
[2017.11.20-00.53.56:957][449]LogModuleManager: Shutting down and abandoning module AlembicLibrary (305)
[2017.11.20-00.53.56:958][449]LogModuleManager: Shutting down and abandoning module GeometryCache (304)
[2017.11.20-00.53.56:958][449]LogModuleManager: Shutting down and abandoning module GeometryCacheEd (303)
[2017.11.20-00.53.56:958][449]LogModuleManager: Shutting down and abandoning module SpeedTreeImporter (298)
[2017.11.20-00.53.56:958][449]LogModuleManager: Shutting down and abandoning module PluginBrowser (296)
[2017.11.20-00.53.56:966][449]LogModuleManager: Shutting down and abandoning module MobileLauncherProfileWizard (294)
[2017.11.20-00.53.56:971][449]LogModuleManager: Shutting down and abandoning module VisualStudioSourceCodeAccess (292)
[2017.11.20-00.53.56:971][449]LogModuleManager: Shutting down and abandoning module DesktopPlatform (291)
[2017.11.20-00.53.56:971][449]LogModuleManager: Shutting down and abandoning module UObjectPlugin (288)
[2017.11.20-00.53.56:971][449]LogModuleManager: Shutting down and abandoning module SubversionSourceControl (286)
[2017.11.20-00.53.56:971][449]LogModuleManager: Shutting down and abandoning module PerforceSourceControl (284)
[2017.11.20-00.53.56:971][449]LogModuleManager: Shutting down and abandoning module GitSourceControl (282)
[2017.11.20-00.53.56:971][449]LogModuleManager: Shutting down and abandoning module SourceControl (281)
[2017.11.20-00.53.56:976][449]LogModuleManager: Shutting down and abandoning module LightPropagationVolumeEditor (278)
[2017.11.20-00.53.56:976][449]LogModuleManager: Shutting down and abandoning module PaperTiledImporter (276)
[2017.11.20-00.53.56:976][449]LogModuleManager: Shutting down and abandoning module PaperSpriteSheetImporter (274)
[2017.11.20-00.53.56:976][449]LogModuleManager: Shutting down and abandoning module Paper2DEditor (272)
[2017.11.20-00.53.56:976][449]LogModuleManager: Shutting down and abandoning module MeshPaint (271)
[2017.11.20-00.53.56:976][449]LogModuleManager: Shutting down and abandoning module LevelEditor (269)
[2017.11.20-00.53.56:986][449]LogModuleManager: Shutting down and abandoning module PixelInspectorModule (268)
[2017.11.20-00.53.56:986][449]LogModuleManager: Shutting down and abandoning module MainFrame (266)
[2017.11.20-00.53.56:986][449]LogModuleManager: Shutting down and abandoning module HotReload (265)
[2017.11.20-00.53.56:987][449]LogModuleManager: Shutting down and abandoning module RuntimePhysXCooking (260)
[2017.11.20-00.53.56:987][449]LogModuleManager: Shutting down and abandoning module PhysXVehiclesEditor (258)
[2017.11.20-00.53.56:987][449]LogModuleManager: Shutting down and abandoning module PhysXVehicles (256)
[2017.11.20-00.53.56:987][449]LogModuleManager: Shutting down and abandoning module OculusEditor (254)
[2017.11.20-00.53.56:987][449]LogModuleManager: Shutting down and abandoning module LocationServicesBPLibrary (252)
[2017.11.20-00.53.56:987][449]LogModuleManager: Shutting down and abandoning module ImmediatePhysicsEditor (250)
[2017.11.20-00.53.56:987][449]LogModuleManager: Shutting down and abandoning module ImmediatePhysics (248)
[2017.11.20-00.53.56:993][449]LogModuleManager: Shutting down and abandoning module UdpMessaging (246)
[2017.11.20-00.53.57:094][449]LogModuleManager: Shutting down and abandoning module TcpMessaging (244)
[2017.11.20-00.53.57:194][449]LogModuleManager: Shutting down and abandoning module GameplayTagsEditor (242)
[2017.11.20-00.53.57:198][449]LogModuleManager: Shutting down and abandoning module FacialAnimationEditor (240)
[2017.11.20-00.53.57:198][449]LogModuleManager: Shutting down and abandoning module FacialAnimation (238)
[2017.11.20-00.53.57:198][449]LogModuleManager: Shutting down and abandoning module AssetManagerEditor (236)
[2017.11.20-00.53.57:198][449]LogModuleManager: Shutting down and abandoning module GraphEditor (235)
[2017.11.20-00.53.57:223][449]LogModuleManager: Shutting down and abandoning module ContentBrowser (233)
[2017.11.20-00.53.57:224][449]LogModuleManager: Shutting down and abandoning module LightPropagationVolumeRuntime (230)
[2017.11.20-00.53.57:224][449]LogModuleManager: Shutting down and abandoning module Paper2D (228)
[2017.11.20-00.53.57:224][449]LogModuleManager: Shutting down and abandoning module WindowsMoviePlayer (226)
[2017.11.20-00.53.57:224][449]LogModuleManager: Shutting down and abandoning module WmfMedia (224)
[2017.11.20-00.53.57:224][449]LogModuleManager: Shutting down and abandoning module PacketHandler (222)
[2017.11.20-00.53.57:224][449]LogModuleManager: Shutting down and abandoning module ClothingSystemEditor (220)
[2017.11.20-00.53.57:224][449]LogModuleManager: Shutting down and abandoning module ClothingSystemRuntime (218)
[2017.11.20-00.53.57:232][449]LogModuleManager: Shutting down and abandoning module Overlay (216)
[2017.11.20-00.53.57:232][449]LogModuleManager: Shutting down and abandoning module OverlayEditor (215)
[2017.11.20-00.53.57:232][449]LogModuleManager: Shutting down and abandoning module MediaAssets (212)
[2017.11.20-00.53.57:232][449]LogModuleManager: Shutting down and abandoning module VREditor (210)
[2017.11.20-00.53.57:243][449]LogModuleManager: Shutting down and abandoning module StringTableEditor (208)
[2017.11.20-00.53.57:243][449]LogModuleManager: Shutting down and abandoning module GameplayTasksEditor (206)
[2017.11.20-00.53.57:243][449]LogModuleManager: Shutting down and abandoning module BehaviorTreeEditor (204)
[2017.11.20-00.53.57:258][449]LogModuleManager: Shutting down and abandoning module FunctionalTesting (202)
[2017.11.20-00.53.57:258][449]LogModuleManager: Shutting down and abandoning module CollisionAnalyzer (200)
[2017.11.20-00.53.57:258][449]LogModuleManager: Shutting down and abandoning module WorkspaceMenuStructure (199)
[2017.11.20-00.53.57:258][449]LogModuleManager: Shutting down and abandoning module UMG (196)
[2017.11.20-00.53.57:258][449]LogModuleManager: Shutting down and abandoning module UMGEditor (195)
[2017.11.20-00.53.57:263][449]LogModuleManager: Shutting down and abandoning module Sequencer (194)
[2017.11.20-00.53.57:272][449]LogModuleManager: Shutting down and abandoning module MessageLog (191)
[2017.11.20-00.53.57:273][449]LogModuleManager: Shutting down and abandoning module SlateReflector (186)
[2017.11.20-00.53.57:284][449]LogModuleManager: Shutting down and abandoning module Slate (184)
[2017.11.20-00.53.57:284][449]LogModuleManager: Shutting down and abandoning module EditorStyle (182)
[2017.11.20-00.53.57:288][449]LogModuleManager: Shutting down and abandoning module MRMesh (180)
[2017.11.20-00.53.57:288][449]LogModuleManager: Shutting down and abandoning module SourceCodeAccess (178)
[2017.11.20-00.53.57:288][449]LogModuleManager: Shutting down and abandoning module HeadMountedDisplay (176)
[2017.11.20-00.53.57:288][449]LogModuleManager: Shutting down and abandoning module XAudio2 (174)
[2017.11.20-00.53.57:288][449]LogModuleManager: Shutting down and abandoning module Networking (172)
[2017.11.20-00.53.57:288][449]LogModuleManager: Shutting down and abandoning module Core (168)
[2017.11.20-00.53.57:288][449]LogModuleManager: Shutting down and abandoning module KismetCompiler (164)
[2017.11.20-00.53.57:288][449]LogModuleManager: Shutting down and abandoning module LevelSequence (162)
[2017.11.20-00.53.57:288][449]LogModuleManager: Shutting down and abandoning module MeshUtilities (160)
[2017.11.20-00.53.57:297][449]LogModuleManager: Shutting down and abandoning module MeshMergeUtilities (159)
[2017.11.20-00.53.57:297][449]LogModuleManager: Shutting down and abandoning module MeshReductionInterface (158)
[2017.11.20-00.53.57:297][449]LogModuleManager: Shutting down and abandoning module SimplygonSwarm (157)
[2017.11.20-00.53.57:306][449]LogModuleManager: Shutting down and abandoning module SimplygonMeshReduction (155)
[2017.11.20-00.53.57:306][449]LogModuleManager: Shutting down and abandoning module QuadricMeshReduction (153)
[2017.11.20-00.53.57:316][449]LogModuleManager: Shutting down and abandoning module MaterialBaking (149)
[2017.11.20-00.53.57:316][449]LogModuleManager: Shutting down and abandoning module DirectoryWatcher (146)
[2017.11.20-00.53.57:316][449]LogModuleManager: Shutting down and abandoning module DerivedDataCache (144)
[2017.11.20-00.53.57:374][449]LogDerivedDataCache: Shutdown
[2017.11.20-00.53.57:374][449]LogModuleManager: Shutting down and abandoning module TargetPlatform (142)
[2017.11.20-00.53.57:374][449]LogModuleManager: Shutting down and abandoning module VulkanShaderFormat (141)
[2017.11.20-00.53.57:378][449]LogModuleManager: Shutting down and abandoning module ShaderFormatVectorVM (139)
[2017.11.20-00.53.57:392][449]LogModuleManager: Shutting down and abandoning module ShaderFormatOpenGL (137)
[2017.11.20-00.53.57:400][449]LogModuleManager: Shutting down and abandoning module ShaderFormatD3D (135)
[2017.11.20-00.53.57:400][449]LogModuleManager: Shutting down and abandoning module MetalShaderFormat (133)
[2017.11.20-00.53.57:412][449]LogModuleManager: Shutting down and abandoning module TextureFormatUncompressed (131)
[2017.11.20-00.53.57:412][449]LogModuleManager: Shutting down and abandoning module TextureFormatPVR (129)
[2017.11.20-00.53.57:412][449]LogModuleManager: Shutting down and abandoning module TextureFormatDXT (127)
[2017.11.20-00.53.57:412][449]LogModuleManager: Shutting down and abandoning module TextureFormatIntelISPCTexComp (125)
[2017.11.20-00.53.57:412][449]LogModuleManager: Shutting down and abandoning module TextureFormatASTC (123)
[2017.11.20-00.53.57:412][449]LogModuleManager: Shutting down and abandoning module ImageWrapper (122)
[2017.11.20-00.53.57:412][449]LogModuleManager: Shutting down and abandoning module TextureFormatAndroid (119)
[2017.11.20-00.53.57:412][449]LogModuleManager: Shutting down and abandoning module AudioFormatOpus (117)
[2017.11.20-00.53.57:412][449]LogModuleManager: Shutting down and abandoning module AudioFormatOgg (115)
[2017.11.20-00.53.57:412][449]LogModuleManager: Shutting down and abandoning module AudioFormatADPCM (113)
[2017.11.20-00.53.57:412][449]LogModuleManager: Shutting down and abandoning module LinuxTargetPlatform (111)
[2017.11.20-00.53.57:412][449]LogModuleManager: Shutting down and abandoning module LinuxServerTargetPlatform (109)
[2017.11.20-00.53.57:412][449]LogModuleManager: Shutting down and abandoning module LinuxNoEditorTargetPlatform (107)
[2017.11.20-00.53.57:412][449]LogModuleManager: Shutting down and abandoning module LinuxClientTargetPlatform (105)
[2017.11.20-00.53.57:412][449]LogModuleManager: Shutting down and abandoning module TVOSTargetPlatform (103)
[2017.11.20-00.53.57:412][449]LogModuleManager: Shutting down and abandoning module Messaging (101)
[2017.11.20-00.53.57:412][449]LogModuleManager: Shutting down and abandoning module IOSTargetPlatform (99)
[2017.11.20-00.53.57:412][449]LogModuleManager: Shutting down and abandoning module HTML5TargetPlatform (97)
[2017.11.20-00.53.57:412][449]LogModuleManager: Shutting down and abandoning module Android_PVRTCTargetPlatform (95)
[2017.11.20-00.53.57:412][449]LogModuleManager: Shutting down and abandoning module Android_MultiTargetPlatform (93)
[2017.11.20-00.53.57:412][449]LogModuleManager: Shutting down and abandoning module Android_ETC2TargetPlatform (91)
[2017.11.20-00.53.57:412][449]LogModuleManager: Shutting down and abandoning module Android_ETC1TargetPlatform (89)
[2017.11.20-00.53.57:412][449]LogModuleManager: Shutting down and abandoning module Android_DXTTargetPlatform (87)
[2017.11.20-00.53.57:412][449]LogModuleManager: Shutting down and abandoning module Android_ATCTargetPlatform (85)
[2017.11.20-00.53.57:412][449]LogModuleManager: Shutting down and abandoning module Android_ASTCTargetPlatform (83)
[2017.11.20-00.53.57:412][449]LogModuleManager: Shutting down and abandoning module AndroidTargetPlatform (81)
[2017.11.20-00.53.57:412][449]LogModuleManager: Shutting down and abandoning module WindowsTargetPlatform (79)
[2017.11.20-00.53.57:412][449]LogModuleManager: Shutting down and abandoning module WindowsServerTargetPlatform (77)
[2017.11.20-00.53.57:412][449]LogModuleManager: Shutting down and abandoning module WindowsNoEditorTargetPlatform (75)
[2017.11.20-00.53.57:412][449]LogModuleManager: Shutting down and abandoning module WindowsClientTargetPlatform (73)
[2017.11.20-00.53.57:412][449]LogModuleManager: Shutting down and abandoning module MacTargetPlatform (71)
[2017.11.20-00.53.57:412][449]LogModuleManager: Shutting down and abandoning module MacServerTargetPlatform (69)
[2017.11.20-00.53.57:412][449]LogModuleManager: Shutting down and abandoning module MacNoEditorTargetPlatform (67)
[2017.11.20-00.53.57:412][449]LogModuleManager: Shutting down and abandoning module MacClientTargetPlatform (65)
[2017.11.20-00.53.57:412][449]LogModuleManager: Shutting down and abandoning module AllDesktopTargetPlatform (63)
[2017.11.20-00.53.57:412][449]LogModuleManager: Shutting down and abandoning module InputCore (60)
[2017.11.20-00.53.57:412][449]LogModuleManager: Shutting down and abandoning module Settings (58)
[2017.11.20-00.53.57:412][449]LogModuleManager: Shutting down and abandoning module PhysXCooking (56)
[2017.11.20-00.53.57:412][449]LogModuleManager: Shutting down and abandoning module SteamVR (54)
[2017.11.20-00.53.57:412][449]LogModuleManager: Shutting down and abandoning module OculusHMD (52)
[2017.11.20-00.53.57:416][449]LogModuleManager: Shutting down and abandoning module ExampleDeviceProfileSelector (50)
[2017.11.20-00.53.57:417][449]LogModuleManager: Shutting down and abandoning module OnlineBlueprintSupport (48)
[2017.11.20-00.53.57:417][449]LogModuleManager: Shutting down and abandoning module OnlineSubsystem (44)
[2017.11.20-00.53.57:417][449]LogOnline: Display: Unloading online subsystem: NULL
[2017.11.20-00.53.57:444][449]LogModuleManager: Shutting down and abandoning module XMPP (43)
[2017.11.20-00.53.57:466][449]LogModuleManager: Shutting down and abandoning module HTTP (41)
[2017.11.20-00.53.57:466][449]LogHttp: Display: Http module shutting down, but needs to wait on 1 outstanding Http requests:
[2017.11.20-00.53.57:466][449]LogHttp: Display: 	verb=[POST] url=[https://datarouter.ol.epicgames.com/datarouter/api/v1/public/data?SessionID=%7BB898C71F-4F94-CFD1-E9B0-428EDA423661%7D&AppID=UEEditor.Rocket.Release&AppVersion=4.17.2-3658906%2B%2B%2BUE4%2BRelease-4.17&UserID=0cdc46354752a0eab9852f856d7117e8%7C15cca6e6937c4713820d7aa9ac75edf7%7C47e4ea8b-fce0-40e0-83d0-fc5cc9b7dace&AppEnvironment=datacollector-binary&UploadType=eteventstream] status=Processing
[2017.11.20-00.53.57:498][449]LogModuleManager: Shutting down and abandoning module SSL (40)
[2017.11.20-00.53.57:501][449]LogModuleManager: Shutting down and abandoning module AnimationModifiers (36)
[2017.11.20-00.53.57:522][449]LogModuleManager: Shutting down and abandoning module PropertyEditor (35)
[2017.11.20-00.53.57:522][449]LogModuleManager: Shutting down and abandoning module AudioEditor (32)
[2017.11.20-00.53.57:533][449]LogModuleManager: Shutting down and abandoning module TextureCompressor (30)
[2017.11.20-00.53.57:533][449]LogModuleManager: Shutting down and abandoning module ShaderCore (28)
[2017.11.20-00.53.57:533][449]LogModuleManager: Shutting down and abandoning module Landscape (26)
[2017.11.20-00.53.57:533][449]LogModuleManager: Shutting down and abandoning module SlateRHIRenderer (24)
[2017.11.20-00.53.57:542][449]LogModuleManager: Shutting down and abandoning module OpenGLDrv (22)
[2017.11.20-00.53.57:553][449]LogModuleManager: Shutting down and abandoning module D3D11RHI (20)
[2017.11.20-00.53.57:553][449]LogModuleManager: Shutting down and abandoning module AnimGraphRuntime (18)
[2017.11.20-00.53.57:553][449]LogModuleManager: Shutting down and abandoning module Renderer (16)
[2017.11.20-00.53.57:553][449]LogModuleManager: Shutting down and abandoning module Engine (14)
[2017.11.20-00.53.57:553][449]LogModuleManager: Shutting down and abandoning module CoreUObject (12)
[2017.11.20-00.53.57:553][449]LogModuleManager: Shutting down and abandoning module NetworkFile (10)
[2017.11.20-00.53.57:553][449]LogModuleManager: Shutting down and abandoning module CookedIterativeFile (8)
[2017.11.20-00.53.57:553][449]LogModuleManager: Shutting down and abandoning module StreamingFile (6)
[2017.11.20-00.53.57:553][449]LogModuleManager: Shutting down and abandoning module SandboxFile (4)
[2017.11.20-00.53.57:553][449]LogModuleManager: Shutting down and abandoning module PakFile (2)
[2017.11.20-00.53.57:557][449]LogExit: Exiting.
[2017.11.20-00.53.57:585][449]Log file closed, 11/19/17 21:53:57
