Log file open, 11/15/17 02:01:19
LogWindows: Failed to load 'aqProf.dll' (GetLastError=126)
LogWindows: File 'aqProf.dll' does not exist
LogWindows: Failed to load 'VSPerf140.dll' (GetLastError=126)
LogWindows: File 'VSPerf140.dll' does not exist
LogWindows: Failed to load 'VtuneApi.dll' (GetLastError=126)
LogWindows: File 'VtuneApi.dll' does not exist
LogWindows: Failed to load 'VtuneApi32e.dll' (GetLastError=126)
LogWindows: File 'VtuneApi32e.dll' does not exist
LogInit: Display: Running engine for game: Caramuru2D
LogPlatformFile: Not using cached read wrapper
LogInit: Display: RandInit(-2121322059) SRandInit(-2121322059).
LogTaskGraph: Started task graph with 5 named threads and 14 total threads with 3 sets of task threads.
LogStats: Stats thread started at 0.176653
LogD3D11RHI: Aftermath initialized
LogPluginManager: Mounting plugin Paper2D
LogPluginManager: Mounting plugin LightPropagationVolume
LogPluginManager: Mounting plugin CodeLiteSourceCodeAccess
LogPluginManager: Mounting plugin GitSourceControl
LogPluginManager: Mounting plugin KDevelopSourceCodeAccess
LogPluginManager: Mounting plugin NullSourceCodeAccess
LogPluginManager: Mounting plugin PerforceSourceControl
LogPluginManager: Mounting plugin SubversionSourceControl
LogPluginManager: Mounting plugin UObjectPlugin
LogPluginManager: Mounting plugin VisualStudioSourceCodeAccess
LogPluginManager: Mounting plugin XCodeSourceCodeAccess
LogPluginManager: Mounting plugin AssetManagerEditor
LogPluginManager: Mounting plugin AudioCapture
LogPluginManager: Mounting plugin FacialAnimation
LogPluginManager: Mounting plugin GameplayTagsEditor
LogPluginManager: Mounting plugin MobileLauncherProfileWizard
LogPluginManager: Mounting plugin PluginBrowser
LogPluginManager: Mounting plugin SpeedTreeImporter
LogPluginManager: Mounting plugin AlembicImporter
LogPluginManager: Mounting plugin CharacterAI
LogPluginManager: Mounting plugin HTML5Networking
LogPluginManager: Mounting plugin AndroidMedia
LogPluginManager: Mounting plugin AvfMedia
LogPluginManager: Mounting plugin MediaPlayerEditor
LogPluginManager: Mounting plugin WmfMedia
LogPluginManager: Mounting plugin TcpMessaging
LogPluginManager: Mounting plugin UdpMessaging
LogPluginManager: Mounting plugin LevelSequenceEditor
LogPluginManager: Mounting plugin MatineeToLevelSequence
LogPluginManager: Mounting plugin OnlineSubsystemGooglePlay
LogPluginManager: Mounting plugin OnlineSubsystemIOS
LogPluginManager: Mounting plugin OnlineSubsystem
LogPluginManager: Mounting plugin OnlineSubsystemNull
LogPluginManager: Mounting plugin OnlineSubsystemUtils
LogPluginManager: Mounting plugin AndroidDeviceProfileSelector
LogPluginManager: Mounting plugin AndroidMoviePlayer
LogPluginManager: Mounting plugin AndroidPermission
LogPluginManager: Mounting plugin AppleMoviePlayer
LogPluginManager: Mounting plugin ArchVisCharacter
LogPluginManager: Mounting plugin CableComponent
LogPluginManager: Mounting plugin CustomMeshComponent
LogPluginManager: Mounting plugin ExampleDeviceProfileSelector
LogPluginManager: Mounting plugin GoogleCloudMessaging
LogPluginManager: Mounting plugin ImmediatePhysics
LogPluginManager: Mounting plugin IOSDeviceProfileSelector
LogPluginManager: Mounting plugin LinuxDeviceProfileSelector
LogPluginManager: Mounting plugin LocationServicesBPLibrary
LogPluginManager: Mounting plugin MobilePatchingUtils
LogPluginManager: Mounting plugin OculusVR
LogPluginManager: Mounting plugin PhysXVehicles
LogPluginManager: Mounting plugin ProceduralMeshComponent
LogPluginManager: Mounting plugin RuntimePhysXCooking
LogPluginManager: Mounting plugin SteamVR
LogPluginManager: Mounting plugin WindowsMoviePlayer
LogInit: Using libcurl 7.47.1
LogInit:  - built for x86_64-pc-win32
LogInit:  - supports SSL with OpenSSL/1.0.2g
LogInit:  - supports HTTP deflate (compression) using libz 1.2.8
LogInit:  - other features:
LogInit:      CURL_VERSION_SSL
LogInit:      CURL_VERSION_LIBZ
LogInit:      CURL_VERSION_IPV6
LogInit:      CURL_VERSION_ASYNCHDNS
LogInit:      CURL_VERSION_LARGEFILE
LogInit:      CURL_VERSION_IDN
LogInit:  CurlRequestOptions (configurable via config and command line):
LogInit:  - bVerifyPeer = false  - Libcurl will NOT verify peer certificate
LogInit:  - bUseHttpProxy = false  - Libcurl will NOT use HTTP proxy
LogInit:  - bDontReuseConnections = false  - Libcurl will reuse connections
LogInit:  - CertBundlePath = nullptr  - Libcurl will use whatever was configured at build time.
LogInit: Build: ++UE4+Release-4.17-CL-3658906
LogInit: Engine Version: 4.17.2-3658906+++UE4+Release-4.17
LogInit: Compatible Engine Version: 4.17.0-3573198+++UE4+Release-4.17
LogInit: Net CL: 3573198
LogDevObjectVersion: Number of dev versions registered: 16
LogDevObjectVersion:   Dev-Blueprints (B0D832E4-1F89-4F0D-ACCF-7EB736FD4AA2): 10
LogDevObjectVersion:   Dev-Build (E1C64328-A22C-4D53-A36C-8E866417BD8C): 0
LogDevObjectVersion:   Dev-Core (375EC13C-06E4-48FB-B500-84F0262A717E): 2
LogDevObjectVersion:   Dev-Editor (E4B068ED-F494-42E9-A231-DA0B2E46BB41): 20
LogDevObjectVersion:   Dev-Framework (CFFC743F-43B0-4480-9391-14DF171D2073): 28
LogDevObjectVersion:   Dev-Mobile (B02B49B5-BB20-44E9-A304-32B752E40360): 0
LogDevObjectVersion:   Dev-Networking (A4E4105C-59A1-49B5-A7C5-40C4547EDFEE): 0
LogDevObjectVersion:   Dev-Online (39C831C9-5AE6-47DC-9A44-9C173E1C8E7C): 0
LogDevObjectVersion:   Dev-Physics (78F01B33-EBEA-4F98-B9B4-84EACCB95AA2): 0
LogDevObjectVersion:   Dev-Platform (6631380F-2D4D-43E0-8009-CF276956A95A): 0
LogDevObjectVersion:   Dev-Rendering (12F88B9F-8875-4AFC-A67C-D90C383ABD29): 19
LogDevObjectVersion:   Dev-Sequencer (7B5AE74C-D270-4C10-A958-57980B212A5A): 4
LogDevObjectVersion:   Dev-VR (D7296918-1DD6-4BDD-9DE2-64A83CC13884): 0
LogDevObjectVersion:   Dev-LoadTimes (C2A15278-BFE7-4AFE-6C17-90FF531DF755): 1
LogDevObjectVersion:   Private-Geometry (6EACA3D4-40EC-4CC1-B786-8BED09428FC5): 1
LogDevObjectVersion:   Dev-AnimPhys (29E575DD-E0A3-4627-9D10-D276232CDCEA): 7
LogInit: Compiled (64-bit): Sep 22 2017 13:47:16
LogInit: Compiled with Visual C++: 19.00.24215.01
LogInit: Build Configuration: Development
LogInit: Branch Name: ++UE4+Release-4.17
LogInit: Command line:  
LogInit: Base directory: C:/Program Files/Epic Games/UE_4.17/Engine/Binaries/Win64/
LogInit: Installed Engine Build: 1
LogInit: Presizing for max 8388607 objects, including 0 objects not considered by GC, pre-allocating 0 bytes for permanent pool.
LogInit: Object subsystem initialized
[2017.11.15-05.01.19:828][  0]LogInit: Selected Device Profile: [Windows]
[2017.11.15-05.01.19:828][  0]LogInit: Applying CVar settings loaded from the selected device profile: [Windows]
[2017.11.15-05.01.19:842][  0]LogInit: Computer: MASTER
[2017.11.15-05.01.19:842][  0]LogInit: User: Junio
[2017.11.15-05.01.19:842][  0]LogInit: CPU Page size=4096, Cores=4
[2017.11.15-05.01.19:842][  0]LogInit: High frequency timer resolution =3.020351 MHz
[2017.11.15-05.01.19:842][  0]LogMemory: Memory total: Physical=7.9GB (8GB approx)
[2017.11.15-05.01.19:842][  0]LogMemory: Platform Memory Stats for Windows
[2017.11.15-05.01.19:842][  0]LogMemory: Process Physical Memory: 278.81 MB used, 278.81 MB peak
[2017.11.15-05.01.19:842][  0]LogMemory: Process Virtual Memory: 274.29 MB used, 274.29 MB peak
[2017.11.15-05.01.19:842][  0]LogMemory: Physical Memory: 5028.04 MB used,  3064.14 MB free, 8092.18 MB total
[2017.11.15-05.01.19:842][  0]LogMemory: Virtual Memory: 668.14 MB used,  3064.14 MB free, 134217728.00 MB total
[2017.11.15-05.01.20:028][  0]LogInit: Using OS detected language (pt-BR).
[2017.11.15-05.01.20:028][  0]LogInit: Using OS detected locale (pt-BR).
[2017.11.15-05.01.20:481][  0]LogD3D11RHI: D3D11 adapters:
[2017.11.15-05.01.20:507][  0]LogD3D11RHI:    0. 'NVIDIA GeForce GTX 950' (Feature Level 11_0)
[2017.11.15-05.01.20:507][  0]LogD3D11RHI:       2016/0/4046 MB DedicatedVideo/DedicatedSystem/SharedSystem, Outputs:1, VendorId:0x10de
[2017.11.15-05.01.20:513][  0]LogD3D11RHI:    1. 'Intel(R) HD Graphics 4600' (Feature Level 11_0)
[2017.11.15-05.01.20:513][  0]LogD3D11RHI:       112/0/2048 MB DedicatedVideo/DedicatedSystem/SharedSystem, Outputs:0, VendorId:0x8086
[2017.11.15-05.01.20:515][  0]LogD3D11RHI:    2. 'Microsoft Basic Render Driver' (Feature Level 11_0)
[2017.11.15-05.01.20:515][  0]LogD3D11RHI:       0/0/4046 MB DedicatedVideo/DedicatedSystem/SharedSystem, Outputs:0, VendorId:0x1414
[2017.11.15-05.01.20:515][  0]LogD3D11RHI: Chosen D3D11 Adapter: 0
[2017.11.15-05.01.20:518][  0]LogD3D11RHI: Creating new Direct3DDevice
[2017.11.15-05.01.20:518][  0]LogD3D11RHI:     GPU DeviceId: 0x1402 (for the marketing name, search the web for "GPU Device Id")
[2017.11.15-05.01.20:518][  0]LogWindows: EnumDisplayDevices:
[2017.11.15-05.01.20:518][  0]LogWindows:    0. 'NVIDIA GeForce GTX 950' (P:1 D:1)
[2017.11.15-05.01.20:518][  0]LogWindows:    1. 'NVIDIA GeForce GTX 950' (P:0 D:0)
[2017.11.15-05.01.20:518][  0]LogWindows:    2. 'NVIDIA GeForce GTX 950' (P:0 D:0)
[2017.11.15-05.01.20:519][  0]LogWindows:    3. 'NVIDIA GeForce GTX 950' (P:0 D:0)
[2017.11.15-05.01.20:519][  0]LogWindows:    4. 'Intel(R) HD Graphics 4600' (P:0 D:0)
[2017.11.15-05.01.20:519][  0]LogWindows:    5. 'Intel(R) HD Graphics 4600' (P:0 D:0)
[2017.11.15-05.01.20:519][  0]LogWindows: DebugString: PrimaryIsNotTheChoosenAdapter PrimaryIsNotTheChoosenAdapter FoundDriverCount:4 
[2017.11.15-05.01.20:519][  0]LogD3D11RHI:     Adapter Name: NVIDIA GeForce GTX 950
[2017.11.15-05.01.20:519][  0]LogD3D11RHI:   Driver Version: 376.53 (internal:21.21.13.7653, unified:376.53)
[2017.11.15-05.01.20:519][  0]LogD3D11RHI:      Driver Date: 12-29-2016
[2017.11.15-05.01.20:519][  0]LogRHI: Texture pool is 1361 MB (70% of 1945 MB)
[2017.11.15-05.01.20:536][  0]LogD3D11RHI: Async texture creation enabled
[2017.11.15-05.01.20:553][  0]LogD3D11RHI: GPU Timing Frequency: 1000.000000 (Debug: 2 2)
[2017.11.15-05.01.20:602][  0]LogShaderCompilers: Guid format shader working directory is -48 characters bigger than the processId version (../../../../../../Documents/projetos/GAMENGINE/Unreal Engine 4/Unreal Projects/Caramuru2D-4.17/Intermediate/Shaders/WorkingDirectory/5456/).
[2017.11.15-05.01.20:603][  0]LogShaderCompilers: Cleaned the shader compiler working directory 'C:/Users/Junio/AppData/Local/Temp/UnrealShaderWorkingDir/B46412654072F915709A7F83098037C8/'.
[2017.11.15-05.01.20:603][  0]LogShaderCompilers: Display: Using Local Shader Compiler.
[2017.11.15-05.01.21:649][  0]LogTemp: Display: Loaded TP AllDesktopTargetPlatform
[2017.11.15-05.01.21:711][  0]LogTemp: Display: Loaded TP MacClientTargetPlatform
[2017.11.15-05.01.21:772][  0]LogTemp: Display: Loaded TP MacNoEditorTargetPlatform
[2017.11.15-05.01.21:832][  0]LogTemp: Display: Loaded TP MacServerTargetPlatform
[2017.11.15-05.01.21:897][  0]LogTemp: Display: Loaded TP MacTargetPlatform
[2017.11.15-05.01.21:965][  0]LogTemp: Display: Loaded TP WindowsClientTargetPlatform
[2017.11.15-05.01.22:027][  0]LogTemp: Display: Loaded TP WindowsNoEditorTargetPlatform
[2017.11.15-05.01.22:091][  0]LogTemp: Display: Loaded TP WindowsServerTargetPlatform
[2017.11.15-05.01.22:147][  0]LogTemp: Display: Loaded TP WindowsTargetPlatform
[2017.11.15-05.01.22:212][  0]LogTemp: Display: Loaded TP AndroidTargetPlatform
[2017.11.15-05.01.22:279][  0]LogTemp: Display: Loaded TP Android_ASTCTargetPlatform
[2017.11.15-05.01.22:342][  0]LogTemp: Display: Loaded TP Android_ATCTargetPlatform
[2017.11.15-05.01.22:404][  0]LogTemp: Display: Loaded TP Android_DXTTargetPlatform
[2017.11.15-05.01.22:469][  0]LogTemp: Display: Loaded TP Android_ETC1TargetPlatform
[2017.11.15-05.01.22:534][  0]LogTemp: Display: Loaded TP Android_ETC2TargetPlatform
[2017.11.15-05.01.22:656][  0]LogTemp: Display: Loaded TP Android_MultiTargetPlatform
[2017.11.15-05.01.22:656][  0]LogTemp: Display: Loaded TP Android_PVRTCTargetPlatform
[2017.11.15-05.01.22:704][  0]LogTemp: Display: Loaded TP HTML5TargetPlatform
[2017.11.15-05.01.22:815][  0]LogTemp: Display: Loaded TP IOSTargetPlatform
[2017.11.15-05.01.22:851][  0]LogTemp: Display: Loaded TP TVOSTargetPlatform
[2017.11.15-05.01.22:910][  0]LogTemp: Display: Loaded TP LinuxClientTargetPlatform
[2017.11.15-05.01.22:970][  0]LogTemp: Display: Loaded TP LinuxNoEditorTargetPlatform
[2017.11.15-05.01.23:030][  0]LogTemp: Display: Loaded TP LinuxServerTargetPlatform
[2017.11.15-05.01.23:093][  0]LogTemp: Display: Loaded TP LinuxTargetPlatform
[2017.11.15-05.01.23:093][  0]LogTargetPlatformManager: Display: Building Assets For Windows
[2017.11.15-05.01.23:673][  0]LogDerivedDataCache: Display: Max Cache Size: 512 MB
[2017.11.15-05.01.23:756][  0]LogDerivedDataCache: Loaded boot cache 0.08s 93MB C:/Users/Junio/AppData/Local/UnrealEngine/4.17/DerivedDataCache/Boot.ddc.
[2017.11.15-05.01.23:757][  0]LogDerivedDataCache: Display: Loaded Boot cache: C:/Users/Junio/AppData/Local/UnrealEngine/4.17/DerivedDataCache/Boot.ddc
[2017.11.15-05.01.23:757][  0]LogDerivedDataCache: FDerivedDataBackendGraph:  Pak pak cache file ../../../../../../Documents/projetos/GAMENGINE/Unreal Engine 4/Unreal Projects/Caramuru2D-4.17/DerivedDataCache/DDC.ddp not found, will not use a pak cache.
[2017.11.15-05.01.23:757][  0]LogDerivedDataCache: Unable to find inner node Pak for hierarchical cache Hierarchy.
[2017.11.15-05.01.23:757][  0]LogDerivedDataCache: FDerivedDataBackendGraph:  CompressedPak pak cache file ../../../../../../Documents/projetos/GAMENGINE/Unreal Engine 4/Unreal Projects/Caramuru2D-4.17/DerivedDataCache/Compressed.ddp not found, will not use a pak cache.
[2017.11.15-05.01.23:757][  0]LogDerivedDataCache: Unable to find inner node CompressedPak for hierarchical cache Hierarchy.
[2017.11.15-05.01.23:776][  0]LogDerivedDataCache: Display: Pak cache opened for reading ../../../Engine/DerivedDataCache/Compressed.ddp.
[2017.11.15-05.01.23:788][  0]LogDerivedDataCache: Using Local data cache path C:/Users/Junio/AppData/Local/UnrealEngine/Common/DerivedDataCache: Writable
[2017.11.15-05.01.23:800][  0]LogMaterial: Verifying Global Shaders for PCD3D_SM5
[2017.11.15-05.01.23:801][  0]LogSlate: Using Freetype 2.6.0
[2017.11.15-05.01.23:801][  0]LogSlate: SlateFontCache - WITH_FREETYPE: 1, WITH_HARFBUZZ: 1
[2017.11.15-05.01.23:801][  0]LogSlate: SlateFontCache - WITH_FREETYPE: 1, WITH_HARFBUZZ: 1
[2017.11.15-05.01.24:096][  0]LogAssetRegistry: FAssetRegistry took 0.0261 seconds to start up
[2017.11.15-05.01.24:232][  0]LogInit: Selected Device Profile: [Windows]
[2017.11.15-05.01.24:385][  0]LogContentStreaming: Texture pool size is 0.00 MB
[2017.11.15-05.01.24:735][  0]LogSimplygon: Simplygon DLL not present - disabling.
[2017.11.15-05.01.24:786][  0]LogMeshReduction: Using SimplygonSwarm for distributed automatic mesh merging
[2017.11.15-05.01.24:786][  0]LogMeshReduction: Using QuadricMeshReduction for automatic static mesh reduction
[2017.11.15-05.01.24:786][  0]LogMeshReduction: No automatic skeletal mesh reduction module available
[2017.11.15-05.01.24:786][  0]LogMeshReduction: No automatic mesh merging module available
[2017.11.15-05.01.24:786][  0]LogMeshMerging: No automatic mesh merging module available
[2017.11.15-05.01.25:165][  0]LogNetVersion: Caramuru2D , NetCL: 3573198, EngineNetVer: 2, GameNetVer: 0 (Checksum: 1344554375)
[2017.11.15-05.01.25:408][  0]LogPackageLocalizationCache: Processed 5 localized package path(s) for 2 prioritized culture(s) in 0.049728 seconds
[2017.11.15-05.01.25:414][  0]LogUObjectArray: 35825 objects as part of root set at end of initial load.
[2017.11.15-05.01.25:414][  0]LogUObjectAllocator: 7529104 out of 0 bytes used by permanent object pool.
[2017.11.15-05.01.25:414][  0]LogUObjectArray: CloseDisregardForGC: 0/0 objects in disregard for GC pool
[2017.11.15-05.01.25:488][  0]LogInit: WinSock: version 1.1 (2.2), MaxSocks=32767, MaxUdp=65467
[2017.11.15-05.01.28:400][  0]LogTcpMessaging: Initializing TcpMessaging bridge
[2017.11.15-05.01.28:445][  0]LogUdpMessaging: Initializing bridge on interface 0.0.0.0:0 to multicast group 230.0.0.1:6666.
[2017.11.15-05.01.29:234][  0]LogMaterial: Uniform references updated for custom material expression Custom.
[2017.11.15-05.01.29:702][  0]SourceControl: Controle de origem desativado
[2017.11.15-05.01.30:791][  0]LogAndroidPermission: UAndroidPermissionCallbackProxy::GetInstance
[2017.11.15-05.01.31:082][  0]LogOcInput: OculusInput pre-init called
[2017.11.15-05.01.31:379][  0]LogEngine: Initializing Engine...
[2017.11.15-05.01.31:380][  0]LogHMD: Failed to initialize OpenVR with code 110
[2017.11.15-05.01.31:608][  0]LogStats: UGameplayTagsManager::ConstructGameplayTagTree: Construct from data asset -  0.000 s
[2017.11.15-05.01.31:608][  0]LogStats: UGameplayTagsManager::ConstructGameplayTagTree: GameplayTagTreeChangedEvent.Broadcast -  0.000 s
[2017.11.15-05.01.31:756][  0]LogAIModule: Creating AISystem for world Untitled
[2017.11.15-05.01.31:766][  0]LogInit: XAudio2 using 'Alto-falantes (USB PnP Audio Device)' : 2 channels at 48 kHz using 16 bits per sample (channel mask 0x3)
[2017.11.15-05.01.31:777][  0]LogInit: FAudioDevice initialized.
[2017.11.15-05.01.31:955][  0]LogDerivedDataCache: Saved boot cache 0.18s 93MB C:/Users/Junio/AppData/Local/UnrealEngine/4.17/DerivedDataCache/Boot.ddc.
[2017.11.15-05.01.31:984][  0]LogInit: Texture streaming: Enabled
[2017.11.15-05.01.32:146][  0]LogEngineSessionManager: EngineSessionManager initialized
[2017.11.15-05.01.32:397][  0]LogInit: Transaction tracking system initialized
[2017.11.15-05.01.32:760][  0]BlueprintLog: New page: Carregar Editor
[2017.11.15-05.01.33:799][  0]LocalizationService: Localization service is disabled
[2017.11.15-05.01.34:603][  0]LogConsoleResponse: Display: 
[2017.11.15-05.01.34:802][  0]LogCook: Display: Max memory allowance for cook 16384mb min free memory 0mb
[2017.11.15-05.01.34:802][  0]LogCook: Display: Mobile HDR setting 1
[2017.11.15-05.01.34:802][  0]LogGameplayTags: Display: UGameplayTagsManager::DoneAddingNativeTags. DelegateIsBound: 0
[2017.11.15-05.01.35:994][  0]LogFileCache: Scanning file cache for directory 'C:/Documents/projetos/GAMENGINE/Unreal Engine 4/Unreal Projects/Caramuru2D-4.17/Content/' took 0.02s
[2017.11.15-05.01.36:047][  0]Cmd: MAP LOAD FILE="../../../../../../Documents/projetos/GAMENGINE/Unreal Engine 4/Unreal Projects/Caramuru2D-4.17/Content/2DSideScrollerBP/Maps/Caramuru2D.umap" TEMPLATE=0 SHOWPROGRESS=1 FEATURELEVEL=3
[2017.11.15-05.01.36:048][  0]LightingResults: New page: Compilação de Iluminação
[2017.11.15-05.01.36:097][  0]MapCheck: New page: Verificação de Mapa
[2017.11.15-05.01.36:097][  0]LightingResults: New page: Compilação de Iluminação
[2017.11.15-05.01.36:687][  0]LogTexture: Display: Building textures: hyptosis_sprites-and-tiles-for-you (BGRA8, 960X960)
[2017.11.15-05.01.36:742][  0]LogAIModule: Creating AISystem for world Caramuru2D
[2017.11.15-05.01.36:758][  0]LogEditorServer: Finished looking for orphan Actors (0.000 secs)
[2017.11.15-05.01.36:772][  0]Cmd: MAP CHECKDEP NOCLEARLOG
[2017.11.15-05.01.36:849][  0]MapCheck: Map check complete: 0 Error(s), 0 Warning(s), took 77,481ms to complete.
[2017.11.15-05.01.36:849][  0]LogFileHelpers: Loading map 'Caramuru2D' took 0.802
[2017.11.15-05.01.36:900][  0]LogWindowsTextInputMethodSystem: Display: IME system now deactivated.
[2017.11.15-05.01.37:001][  0]LogCollectionManager: Loaded 0 collections in 0.002146 seconds
[2017.11.15-05.01.37:092][  0]LogFileCache: Scanning file cache for directory 'C:/Documents/projetos/GAMENGINE/Unreal Engine 4/Unreal Projects/Caramuru2D-4.17/Saved/Collections/' took 0.01s
[2017.11.15-05.01.37:092][  0]LogFileCache: Scanning file cache for directory 'C:/Documents/projetos/GAMENGINE/Unreal Engine 4/Unreal Projects/Caramuru2D-4.17/Content/Developers/Junio/Collections/' took 0.01s
[2017.11.15-05.01.37:092][  0]LogFileCache: Scanning file cache for directory 'C:/Documents/projetos/GAMENGINE/Unreal Engine 4/Unreal Projects/Caramuru2D-4.17/Content/Collections/' took 0.01s
[2017.11.15-05.01.37:092][  0]LogCollectionManager: Rebuilt the GUID cache for 0 collections in 0.000001 seconds
[2017.11.15-05.01.37:101][  0]LogContentBrowser: Native class hierarchy populated in 0.0091 seconds. Added 2386 classes and 500 folders.
[2017.11.15-05.01.37:178][  0]LogContentBrowser: Native class hierarchy updated for 'WidgetCarousel' in 0.0006 seconds. Added 0 classes and 0 folders.
[2017.11.15-05.01.37:228][  0]LogContentBrowser: Native class hierarchy updated for 'AddContentDialog' in 0.0006 seconds. Added 0 classes and 0 folders.
[2017.11.15-05.01.37:280][  0]LogContentBrowser: Native class hierarchy updated for 'SceneOutliner' in 0.0007 seconds. Added 1 classes and 2 folders.
[2017.11.15-05.01.37:305][  0]LogSlate: Took 0.000380 seconds to synchronously load lazily loaded font '../../../Engine/Content/Slate/Fonts/Roboto-Regular.ttf' (155K)
[2017.11.15-05.01.37:307][  0]LogSlate: Took 0.000244 seconds to synchronously load lazily loaded font '../../../Engine/Content/Slate/Fonts/Roboto-Bold.ttf' (160K)
[2017.11.15-05.01.37:316][  0]LogSlate: Took 0.000251 seconds to synchronously load lazily loaded font '../../../Engine/Content/Editor/Slate/Fonts/FontAwesome.ttf' (139K)
[2017.11.15-05.01.37:455][  0]LogRenderer: Reallocating scene render targets to support 1208x576 Format 10 NumSamples 1 (Frame:1).
[2017.11.15-05.01.37:490][  0]LogSlate: Took 0.000178 seconds to synchronously load lazily loaded font '../../../Engine/Content/Slate/Fonts/Roboto-Light.ttf' (159K)
[2017.11.15-05.01.37:651][  0]LogContentBrowser: Native class hierarchy updated for 'HierarchicalLODOutliner' in 0.0007 seconds. Added 1 classes and 2 folders.
[2017.11.15-05.01.37:652][  0]LogLoad: (Engine Initialization) Total time: 19.68 seconds
[2017.11.15-05.01.37:652][  0]LogLoad: (Engine Initialization) Total Blueprint compile time: 0.00 seconds
[2017.11.15-05.01.37:652][  0]LogExternalProfiler: No external profilers were discovered.  External profiling features will not be available.
[2017.11.15-05.01.37:684][  0]SourceControl: On branch master
[2017.11.15-05.01.37:684][  0]SourceControl: Your branch is up to date with 'origin/master'.
[2017.11.15-05.01.37:684][  0]SourceControl: Changes not staged for commit:
[2017.11.15-05.01.37:684][  0]SourceControl:   (use "git add/rm <file>..." to update what will be committed)
[2017.11.15-05.01.37:684][  0]SourceControl:   (use "git checkout -- <file>..." to discard changes in working directory)
[2017.11.15-05.01.37:684][  0]SourceControl: 	modified:   Intermediate/CachedAssetRegistry.bin
[2017.11.15-05.01.37:684][  0]SourceControl: 	modified:   Saved/Config/Windows/Editor.ini
[2017.11.15-05.01.37:684][  0]SourceControl: 	modified:   Saved/Config/Windows/EditorPerProjectUserSettings.ini
[2017.11.15-05.01.37:684][  0]SourceControl: 	modified:   Saved/Config/Windows/Engine.ini
[2017.11.15-05.01.37:684][  0]SourceControl: 	deleted:    Saved/Logs/Caramuru2D-backup-2017.11.14-22.57.31.log
[2017.11.15-05.01.37:684][  0]SourceControl: 	modified:   Saved/Logs/Caramuru2D.log
[2017.11.15-05.01.37:684][  0]SourceControl: Untracked files:
[2017.11.15-05.01.37:684][  0]SourceControl:   (use "git add <file>..." to include in what will be committed)
[2017.11.15-05.01.37:684][  0]SourceControl: 	Saved/Config/CrashReportClient/UE4CC-Windows-6F37362C47A8FFDEF1B0249FA93F712E/
[2017.11.15-05.01.37:684][  0]SourceControl: 	Saved/Logs/Caramuru2D-backup-2017.11.15-02.01.19.log
[2017.11.15-05.01.37:684][  0]SourceControl: no changes added to commit (use "git add" and/or "git commit -a")
[2017.11.15-05.01.37:684][  0]LogContentStreaming: Texture pool size now 1000 MB
[2017.11.15-05.01.37:757][  1]LogAssetRegistry: Asset discovery search completed in 13.6822 seconds
[2017.11.15-05.01.37:759][  1]LogCollectionManager: Rebuilt the object cache for 0 collections in 0.000001 seconds (found 0 objects)
[2017.11.15-05.01.37:759][  1]LogCollectionManager: Fixed up redirectors for 0 collections in 0.000047 seconds (updated 0 objects)
[2017.11.15-05.01.38:702][106]LogSlate: Took 0.000266 seconds to synchronously load lazily loaded font '../../../Engine/Content/Slate/Fonts/Roboto-Light.ttf' (159K)
[2017.11.15-05.01.42:334][511]LogSlate: Took 0.000272 seconds to synchronously load lazily loaded font '../../../Engine/Content/Slate/Fonts/Roboto-Light.ttf' (159K)
[2017.11.15-05.01.42:725][511]LogContentBrowser: Native class hierarchy updated for 'BlueprintGraph' in 0.0010 seconds. Added 113 classes and 0 folders.
[2017.11.15-05.01.44:655][511]LogSlate: Took 0.000232 seconds to synchronously load lazily loaded font '../../../Engine/Content/Editor/Slate/Fonts/Roboto-BoldCondensed.ttf' (158K)
[2017.11.15-05.01.44:986][512]LogSlate: Took 0.000233 seconds to synchronously load lazily loaded font '../../../Engine/Content/Editor/Slate/Fonts/Roboto-Italic.ttf' (157K)
[2017.11.15-05.02.24:763][956]LogTemp: Repeating last play command: Selected Viewport
[2017.11.15-05.02.39:876][956]LogBlueprintUserMessages: Early PlayInEditor Detection: Level '/Game/2DSideScrollerBP/Maps/Caramuru2D.Caramuru2D:PersistentLevel' has LevelScriptBlueprint '/Game/2DSideScrollerBP/Maps/Caramuru2D.Caramuru2D:PersistentLevel.Caramuru2D' with GeneratedClass '/Game/2DSideScrollerBP/Maps/Caramuru2D.Caramuru2D_C' with ClassGeneratedBy '/Game/2DSideScrollerBP/Maps/Caramuru2D.Caramuru2D:PersistentLevel.Caramuru2D'
[2017.11.15-05.02.39:876][956]LogPlayLevel: PlayLevel: No blueprints needed recompiling
[2017.11.15-05.02.39:877][956]PIE: New page: Sessão de PIE : Caramuru2D (14/11/2017 23:02:39)
[2017.11.15-05.02.39:877][956]LogPlayLevel: Creating play world package: /Game/2DSideScrollerBP/Maps/UEDPIE_0_Caramuru2D
[2017.11.15-05.02.39:884][956]LogPlayLevel: PIE: StaticDuplicateObject took: (0.007395s)
[2017.11.15-05.02.39:885][956]LogAIModule: Creating AISystem for world Caramuru2D
[2017.11.15-05.02.39:885][956]LogPlayLevel: PIE: World Init took: (0.001025s)
[2017.11.15-05.02.39:886][956]LogPlayLevel: PIE: Created PIE world by copying editor world from /Game/2DSideScrollerBP/Maps/Caramuru2D.Caramuru2D to /Game/2DSideScrollerBP/Maps/UEDPIE_0_Caramuru2D.Caramuru2D (0.008870s)
[2017.11.15-05.02.39:921][956]LogInit: XAudio2 using 'Alto-falantes (USB PnP Audio Device)' : 2 channels at 48 kHz using 16 bits per sample (channel mask 0x3)
[2017.11.15-05.02.39:929][956]LogInit: FAudioDevice initialized.
[2017.11.15-05.02.39:985][956]LogLoad: Game class is '2DSideScrollerGameMode_C'
[2017.11.15-05.02.39:997][956]LogWorld: Bringing World /Game/2DSideScrollerBP/Maps/UEDPIE_0_Caramuru2D.Caramuru2D up for play (max tick rate 3) at 2017.11.15-02.02.39
[2017.11.15-05.02.40:001][956]LogWorld: Bringing up level for play took: 0.012520
[2017.11.15-05.02.40:077][956]LogContentBrowser: Native class hierarchy updated for 'MovieSceneCapture' in 0.0011 seconds. Added 11 classes and 0 folders.
[2017.11.15-05.02.40:079][956]LogBlueprintUserMessages: [Character] SpreaderGun
[2017.11.15-05.02.40:086][956]PIE: Momento de início de reprodução no editor para /Game/2DSideScrollerBP/Maps/UEDPIE_0_Caramuru2D -0,187
[2017.11.15-05.02.40:086][956]LogBlueprintUserMessages: Late PlayInEditor Detection: Level '/Game/2DSideScrollerBP/Maps/Caramuru2D.Caramuru2D:PersistentLevel' has LevelScriptBlueprint '/Game/2DSideScrollerBP/Maps/Caramuru2D.Caramuru2D:PersistentLevel.Caramuru2D' with GeneratedClass '/Game/2DSideScrollerBP/Maps/Caramuru2D.Caramuru2D_C' with ClassGeneratedBy '/Game/2DSideScrollerBP/Maps/Caramuru2D.Caramuru2D:PersistentLevel.Caramuru2D'
[2017.11.15-05.02.40:163][957]LogCharacterMovement: Warning: GetSimulationTimeStep() - Max iterations 8 hit while remaining time 0.056264 > MaxSimulationTimeStep (0.050) for 'EnemyCharacter_226', movement 'Walking'
[2017.11.15-05.02.49:317][417]LogBlueprintUserMessages: Early EndPlayMap Detection: Level '/Game/2DSideScrollerBP/Maps/Caramuru2D.Caramuru2D:PersistentLevel' has LevelScriptBlueprint '/Game/2DSideScrollerBP/Maps/Caramuru2D.Caramuru2D:PersistentLevel.Caramuru2D' with GeneratedClass '/Game/2DSideScrollerBP/Maps/Caramuru2D.Caramuru2D_C' with ClassGeneratedBy '/Game/2DSideScrollerBP/Maps/Caramuru2D.Caramuru2D:PersistentLevel.Caramuru2D'
[2017.11.15-05.02.49:392][417]LogBlueprintUserMessages: Late EndPlayMap Detection: Level '/Game/2DSideScrollerBP/Maps/Caramuru2D.Caramuru2D:PersistentLevel' has LevelScriptBlueprint '/Game/2DSideScrollerBP/Maps/Caramuru2D.Caramuru2D:PersistentLevel.Caramuru2D' with GeneratedClass '/Game/2DSideScrollerBP/Maps/Caramuru2D.Caramuru2D_C' with ClassGeneratedBy '/Game/2DSideScrollerBP/Maps/Caramuru2D.Caramuru2D:PersistentLevel.Caramuru2D'
[2017.11.15-05.02.51:632][553]LogTemp: Repeating last play command: Selected Viewport
[2017.11.15-05.02.51:669][553]LogBlueprintUserMessages: Early PlayInEditor Detection: Level '/Game/2DSideScrollerBP/Maps/Caramuru2D.Caramuru2D:PersistentLevel' has LevelScriptBlueprint '/Game/2DSideScrollerBP/Maps/Caramuru2D.Caramuru2D:PersistentLevel.Caramuru2D' with GeneratedClass '/Game/2DSideScrollerBP/Maps/Caramuru2D.Caramuru2D_C' with ClassGeneratedBy '/Game/2DSideScrollerBP/Maps/Caramuru2D.Caramuru2D:PersistentLevel.Caramuru2D'
[2017.11.15-05.02.51:669][553]LogPlayLevel: PlayLevel: No blueprints needed recompiling
[2017.11.15-05.02.51:669][553]PIE: New page: Sessão de PIE : Caramuru2D (14/11/2017 23:02:51)
[2017.11.15-05.02.51:669][553]LogPlayLevel: Creating play world package: /Game/2DSideScrollerBP/Maps/UEDPIE_0_Caramuru2D
[2017.11.15-05.02.51:673][553]LogPlayLevel: PIE: StaticDuplicateObject took: (0.004127s)
[2017.11.15-05.02.51:674][553]LogAIModule: Creating AISystem for world Caramuru2D
[2017.11.15-05.02.51:674][553]LogPlayLevel: PIE: World Init took: (0.000568s)
[2017.11.15-05.02.51:674][553]LogPlayLevel: PIE: Created PIE world by copying editor world from /Game/2DSideScrollerBP/Maps/Caramuru2D.Caramuru2D to /Game/2DSideScrollerBP/Maps/UEDPIE_0_Caramuru2D.Caramuru2D (0.005001s)
[2017.11.15-05.02.51:702][553]LogInit: XAudio2 using 'Alto-falantes (USB PnP Audio Device)' : 2 channels at 48 kHz using 16 bits per sample (channel mask 0x3)
[2017.11.15-05.02.51:709][553]LogInit: FAudioDevice initialized.
[2017.11.15-05.02.51:743][553]LogLoad: Game class is '2DSideScrollerGameMode_C'
[2017.11.15-05.02.51:754][553]LogWorld: Bringing World /Game/2DSideScrollerBP/Maps/UEDPIE_0_Caramuru2D.Caramuru2D up for play (max tick rate 0) at 2017.11.15-02.02.51
[2017.11.15-05.02.51:759][553]LogWorld: Bringing up level for play took: 0.013823
[2017.11.15-05.02.51:761][553]LogBlueprintUserMessages: [Character] SpreaderGun
[2017.11.15-05.02.51:762][553]PIE: Momento de início de reprodução no editor para /Game/2DSideScrollerBP/Maps/UEDPIE_0_Caramuru2D -0,511
[2017.11.15-05.02.51:762][553]LogBlueprintUserMessages: Late PlayInEditor Detection: Level '/Game/2DSideScrollerBP/Maps/Caramuru2D.Caramuru2D:PersistentLevel' has LevelScriptBlueprint '/Game/2DSideScrollerBP/Maps/Caramuru2D.Caramuru2D:PersistentLevel.Caramuru2D' with GeneratedClass '/Game/2DSideScrollerBP/Maps/Caramuru2D.Caramuru2D_C' with ClassGeneratedBy '/Game/2DSideScrollerBP/Maps/Caramuru2D.Caramuru2D:PersistentLevel.Caramuru2D'
[2017.11.15-05.03.04:440][ 69]LogBlueprintUserMessages: [BP_Check_Point_832] X=-5060.755 Y=100.000 Z=4019.697
[2017.11.15-05.03.06:217][280]LogBlueprintUserMessages: [EnemyCharacter_226] 90
[2017.11.15-05.03.07:961][484]LogCharacterMovement: EnemyCharacter_226 is stuck and failed to move! Velocity: X=172.93 Y=0.00 Z=0.00 Location: X=-3632.94 Y=100.00 Z=3942.31 Normal: X=0.99 Y=0.00 Z=-0.13 PenetrationDepth:4.438 Actor:BP_Shoot_C_1 Component:Sphere BoneName:None (0 other events since notify)
[2017.11.15-05.03.08:010][490]LogBlueprintUserMessages: [EnemyCharacter_226] 80
[2017.11.15-05.03.08:343][530]LogBlueprintUserMessages: [EnemyCharacter_226] 70
[2017.11.15-05.03.08:718][575]LogBlueprintUserMessages: [EnemyCharacter_226] 60
[2017.11.15-05.03.09:527][672]LogBlueprintUserMessages: [EnemyCharacter_226] 50
[2017.11.15-05.03.11:052][855]LogBlueprintUserMessages: [EnemyCharacter_226] 40
[2017.11.15-05.03.12:486][ 27]LogBlueprintUserMessages: [EnemyCharacter_226] 30
[2017.11.15-05.03.13:878][194]LogBlueprintUserMessages: [EnemyCharacter_226] 20
[2017.11.15-05.03.15:436][381]LogBlueprintUserMessages: [EnemyCharacter_226] 10
[2017.11.15-05.03.28:537][953]LogBlueprintUserMessages: [ExpSphereActor_C_0] You earned 30 EXP
[2017.11.15-05.03.34:671][689]LogBlueprintUserMessages: Early EndPlayMap Detection: Level '/Game/2DSideScrollerBP/Maps/Caramuru2D.Caramuru2D:PersistentLevel' has LevelScriptBlueprint '/Game/2DSideScrollerBP/Maps/Caramuru2D.Caramuru2D:PersistentLevel.Caramuru2D' with GeneratedClass '/Game/2DSideScrollerBP/Maps/Caramuru2D.Caramuru2D_C' with ClassGeneratedBy '/Game/2DSideScrollerBP/Maps/Caramuru2D.Caramuru2D:PersistentLevel.Caramuru2D'
[2017.11.15-05.03.34:722][689]LogBlueprintUserMessages: Late EndPlayMap Detection: Level '/Game/2DSideScrollerBP/Maps/Caramuru2D.Caramuru2D:PersistentLevel' has LevelScriptBlueprint '/Game/2DSideScrollerBP/Maps/Caramuru2D.Caramuru2D:PersistentLevel.Caramuru2D' with GeneratedClass '/Game/2DSideScrollerBP/Maps/Caramuru2D.Caramuru2D_C' with ClassGeneratedBy '/Game/2DSideScrollerBP/Maps/Caramuru2D.Caramuru2D:PersistentLevel.Caramuru2D'
[2017.11.15-05.03.43:089][682]LogTemp: Repeating last play command: Selected Viewport
[2017.11.15-05.03.43:131][682]LogBlueprintUserMessages: Early PlayInEditor Detection: Level '/Game/2DSideScrollerBP/Maps/Caramuru2D.Caramuru2D:PersistentLevel' has LevelScriptBlueprint '/Game/2DSideScrollerBP/Maps/Caramuru2D.Caramuru2D:PersistentLevel.Caramuru2D' with GeneratedClass '/Game/2DSideScrollerBP/Maps/Caramuru2D.Caramuru2D_C' with ClassGeneratedBy '/Game/2DSideScrollerBP/Maps/Caramuru2D.Caramuru2D:PersistentLevel.Caramuru2D'
[2017.11.15-05.03.43:131][682]LogPlayLevel: PlayLevel: No blueprints needed recompiling
[2017.11.15-05.03.43:131][682]PIE: New page: Sessão de PIE : Caramuru2D (14/11/2017 23:03:43)
[2017.11.15-05.03.43:131][682]LogPlayLevel: Creating play world package: /Game/2DSideScrollerBP/Maps/UEDPIE_0_Caramuru2D
[2017.11.15-05.03.43:135][682]LogPlayLevel: PIE: StaticDuplicateObject took: (0.004184s)
[2017.11.15-05.03.43:136][682]LogAIModule: Creating AISystem for world Caramuru2D
[2017.11.15-05.03.43:136][682]LogPlayLevel: PIE: World Init took: (0.000708s)
[2017.11.15-05.03.43:136][682]LogPlayLevel: PIE: Created PIE world by copying editor world from /Game/2DSideScrollerBP/Maps/Caramuru2D.Caramuru2D to /Game/2DSideScrollerBP/Maps/UEDPIE_0_Caramuru2D.Caramuru2D (0.005202s)
[2017.11.15-05.03.43:163][682]LogInit: XAudio2 using 'Alto-falantes (USB PnP Audio Device)' : 2 channels at 48 kHz using 16 bits per sample (channel mask 0x3)
[2017.11.15-05.03.43:170][682]LogInit: FAudioDevice initialized.
[2017.11.15-05.03.43:201][682]LogLoad: Game class is '2DSideScrollerGameMode_C'
[2017.11.15-05.03.43:206][682]LogWorld: Bringing World /Game/2DSideScrollerBP/Maps/UEDPIE_0_Caramuru2D.Caramuru2D up for play (max tick rate 0) at 2017.11.15-02.03.43
[2017.11.15-05.03.43:208][682]LogWorld: Bringing up level for play took: 0.005868
[2017.11.15-05.03.43:209][682]LogBlueprintUserMessages: [Character] SpreaderGun
[2017.11.15-05.03.43:209][682]PIE: Momento de início de reprodução no editor para /Game/2DSideScrollerBP/Maps/UEDPIE_0_Caramuru2D 0,937
[2017.11.15-05.03.43:210][682]LogBlueprintUserMessages: Late PlayInEditor Detection: Level '/Game/2DSideScrollerBP/Maps/Caramuru2D.Caramuru2D:PersistentLevel' has LevelScriptBlueprint '/Game/2DSideScrollerBP/Maps/Caramuru2D.Caramuru2D:PersistentLevel.Caramuru2D' with GeneratedClass '/Game/2DSideScrollerBP/Maps/Caramuru2D.Caramuru2D_C' with ClassGeneratedBy '/Game/2DSideScrollerBP/Maps/Caramuru2D.Caramuru2D:PersistentLevel.Caramuru2D'
[2017.11.15-05.03.45:658][974]LogBlueprintUserMessages: [BP_Check_Point_832] X=-5062.323 Y=100.000 Z=4019.697
[2017.11.15-05.03.46:715][101]LogBlueprintUserMessages: [EnemyCharacter_226] 90
[2017.11.15-05.03.48:608][328]LogCharacterMovement: EnemyCharacter_226 is stuck and failed to move! Velocity: X=-17.13 Y=0.00 Z=0.00 Location: X=-3632.94 Y=100.00 Z=3942.25 Normal: X=0.99 Y=0.00 Z=-0.15 PenetrationDepth:12.459 Actor:BP_Shoot_C_1 Component:Sphere BoneName:None (0 other events since notify)
[2017.11.15-05.03.48:691][338]LogBlueprintUserMessages: [EnemyCharacter_226] 80
[2017.11.15-05.03.48:866][359]LogBlueprintUserMessages: [EnemyCharacter_226] 70
[2017.11.15-05.03.49:166][395]LogBlueprintUserMessages: [EnemyCharacter_226] 60
[2017.11.15-05.03.49:600][447]LogBlueprintUserMessages: [EnemyCharacter_226] 50
[2017.11.15-05.03.49:908][484]LogCharacterMovement: EnemyCharacter_226 is stuck and failed to move! Velocity: X=172.93 Y=0.00 Z=0.00 Location: X=-3632.94 Y=100.00 Z=3942.31 Normal: X=0.99 Y=0.00 Z=-0.12 PenetrationDepth:3.562 Actor:BP_Shoot_C_5 Component:Sphere BoneName:None (6 other events since notify)
[2017.11.15-05.03.50:008][496]LogBlueprintUserMessages: [EnemyCharacter_226] 40
[2017.11.15-05.03.50:108][508]LogBlueprintUserMessages: [EnemyCharacter_226] 30
[2017.11.15-05.03.50:325][534]LogBlueprintUserMessages: [EnemyCharacter_226] 20
[2017.11.15-05.03.50:559][562]LogBlueprintUserMessages: [EnemyCharacter_226] 10
[2017.11.15-05.03.53:301][891]LogBlueprintUserMessages: [ExpSphereActor_C_0] You earned 30 EXP
[2017.11.15-05.03.55:318][133]LogBlueprintUserMessages: Early EndPlayMap Detection: Level '/Game/2DSideScrollerBP/Maps/Caramuru2D.Caramuru2D:PersistentLevel' has LevelScriptBlueprint '/Game/2DSideScrollerBP/Maps/Caramuru2D.Caramuru2D:PersistentLevel.Caramuru2D' with GeneratedClass '/Game/2DSideScrollerBP/Maps/Caramuru2D.Caramuru2D_C' with ClassGeneratedBy '/Game/2DSideScrollerBP/Maps/Caramuru2D.Caramuru2D:PersistentLevel.Caramuru2D'
[2017.11.15-05.03.55:359][133]LogBlueprintUserMessages: Late EndPlayMap Detection: Level '/Game/2DSideScrollerBP/Maps/Caramuru2D.Caramuru2D:PersistentLevel' has LevelScriptBlueprint '/Game/2DSideScrollerBP/Maps/Caramuru2D.Caramuru2D:PersistentLevel.Caramuru2D' with GeneratedClass '/Game/2DSideScrollerBP/Maps/Caramuru2D.Caramuru2D_C' with ClassGeneratedBy '/Game/2DSideScrollerBP/Maps/Caramuru2D.Caramuru2D:PersistentLevel.Caramuru2D'
[2017.11.15-05.26.54:141][967]LogRenderer: Reallocating scene render targets to support 1528x788 Format 10 NumSamples 1 (Frame:1).
[2017.11.15-05.28.03:143][662]Cmd: OBJ SAVEPACKAGE PACKAGE="/Game/Caramuru" FILE="../../../../../../Documents/projetos/GAMENGINE/Unreal Engine 4/Unreal Projects/Caramuru2D-4.17/Content/Caramuru.uasset" SILENT=true
[2017.11.15-05.28.03:444][662]LogSavePackage: Save=263.34ms
[2017.11.15-05.28.03:444][662]LogSavePackage: Moving '../../../../../../Documents/projetos/GAMENGINE/Unreal Engine 4/Unreal Projects/Caramuru2D-4.17/Saved/CaramuruFF3A0E1C448B20DFA63808B8731EF60D.tmp' to '../../../../../../Documents/projetos/GAMENGINE/Unreal Engine 4/Unreal Projects/Caramuru2D-4.17/Content/Caramuru.uasset'
[2017.11.15-05.28.03:450][662]LogSavePackage: Display: Finished SavePackage ../../../../../../Documents/projetos/GAMENGINE/Unreal Engine 4/Unreal Projects/Caramuru2D-4.17/Content/Caramuru.uasset
[2017.11.15-05.32.26:098][166]LogActorComponent: UnregisterComponent: (/Engine/Transient.EditorFloorComp) Not registered. Aborting.
[2017.11.15-05.32.37:603][183]LogActorComponent: UnregisterComponent: (/Engine/Transient.EditorFloorComp) Not registered. Aborting.
[2017.11.15-05.32.55:223][160]LogActorComponent: UnregisterComponent: (/Engine/Transient.EditorFloorComp) Not registered. Aborting.
[2017.11.15-05.49.02:920][855]LogActorComponent: UnregisterComponent: (/Engine/Transient.EditorFloorComp) Not registered. Aborting.
[2017.11.15-05.49.03:047][855]LogWindowsTextInputMethodSystem: Display: IME system now deactivated.
[2017.11.15-05.49.03:479][856]Cmd: QUIT_EDITOR
[2017.11.15-05.49.04:697][856]LogExit: Preparing to exit.
[2017.11.15-05.49.05:922][856]LogDirectoryWatcher: A directory notification for 'C:/Documents/projetos/GAMENGINE/Unreal Engine 4/Unreal Projects/Caramuru2D-4.17/Content/' was aborted.
[2017.11.15-05.49.06:108][856]LogExit: Editor shut down
[2017.11.15-05.49.06:125][856]LogExit: Transaction tracking system shut down
[2017.11.15-05.49.06:364][856]LogDirectoryWatcher: A directory notification for '../../../Engine/Content/' was aborted.
[2017.11.15-05.49.06:364][856]LogDirectoryWatcher: A directory notification for '../../../../../../Documents/projetos/GAMENGINE/Unreal Engine 4/Unreal Projects/Caramuru2D-4.17/Content/' was aborted.
[2017.11.15-05.49.06:364][856]LogDirectoryWatcher: A directory notification for '../../../Engine/Plugins/2D/Paper2D/Content/' was aborted.
[2017.11.15-05.49.06:365][856]LogDirectoryWatcher: A directory notification for '../../../Engine/Plugins/Runtime/Oculus/OculusVR/Content/' was aborted.
[2017.11.15-05.49.06:365][856]LogDirectoryWatcher: A directory notification for '../../../Engine/Plugins/Runtime/Steam/SteamVR/Content/' was aborted.
[2017.11.15-05.49.08:343][856]LogExit: Object subsystem successfully closed.
[2017.11.15-05.49.08:524][856]LogD3D11RHI: Shutdown
[2017.11.15-05.49.08:530][856]LogD3D11RHI: CleanupD3DDevice
[2017.11.15-05.49.08:757][856]LogD3D11RHI: ~FD3D11DynamicRHI
[2017.11.15-05.49.09:678][856]LogModuleManager: Shutting down and abandoning module MovieSceneCapture (536)
[2017.11.15-05.49.09:679][856]LogModuleManager: Shutting down and abandoning module BlueprintGraph (534)
[2017.11.15-05.49.09:679][856]LogModuleManager: Shutting down and abandoning module BlueprintProfiler (532)
[2017.11.15-05.49.09:736][856]LogModuleManager: Shutting down and abandoning module HierarchicalLODOutliner (530)
[2017.11.15-05.49.09:736][856]LogModuleManager: Shutting down and abandoning module SceneOutliner (528)
[2017.11.15-05.49.09:743][856]LogModuleManager: Shutting down and abandoning module AddContentDialog (526)
[2017.11.15-05.49.09:759][856]LogDirectoryWatcher: A directory notification for 'C:/Program Files/Epic Games/UE_4.17/FeaturePacks/' was aborted.
[2017.11.15-05.49.09:785][856]LogModuleManager: Shutting down and abandoning module WidgetCarousel (525)
[2017.11.15-05.49.09:785][856]LogModuleManager: Shutting down and abandoning module EditorWidgets (522)
[2017.11.15-05.49.09:785][856]LogModuleManager: Shutting down and abandoning module CollectionManager (520)
[2017.11.15-05.49.09:793][856]LogDirectoryWatcher: A directory notification for 'C:/Documents/projetos/GAMENGINE/Unreal Engine 4/Unreal Projects/Caramuru2D-4.17/Content/Collections/' was aborted.
[2017.11.15-05.49.09:793][856]LogDirectoryWatcher: A directory notification for 'C:/Documents/projetos/GAMENGINE/Unreal Engine 4/Unreal Projects/Caramuru2D-4.17/Content/Developers/Junio/Collections/' was aborted.
[2017.11.15-05.49.09:793][856]LogDirectoryWatcher: A directory notification for 'C:/Documents/projetos/GAMENGINE/Unreal Engine 4/Unreal Projects/Caramuru2D-4.17/Saved/Collections/' was aborted.
[2017.11.15-05.49.09:793][856]LogModuleManager: Shutting down and abandoning module StatsViewer (518)
[2017.11.15-05.49.09:794][856]LogModuleManager: Shutting down and abandoning module FoliageEdit (516)
[2017.11.15-05.49.09:794][856]LogModuleManager: Shutting down and abandoning module LandscapeEditor (514)
[2017.11.15-05.49.09:818][856]LogModuleManager: Shutting down and abandoning module MeshPaintMode (512)
[2017.11.15-05.49.09:818][856]LogModuleManager: Shutting down and abandoning module SceneDepthPickerMode (510)
[2017.11.15-05.49.09:818][856]LogModuleManager: Shutting down and abandoning module ActorPickerMode (508)
[2017.11.15-05.49.09:818][856]LogModuleManager: Shutting down and abandoning module GeometryMode (506)
[2017.11.15-05.49.09:818][856]LogModuleManager: Shutting down and abandoning module TextureAlignMode (504)
[2017.11.15-05.49.09:818][856]LogModuleManager: Shutting down and abandoning module BspMode (502)
[2017.11.15-05.49.09:832][856]LogModuleManager: Shutting down and abandoning module PIEPreviewDeviceProfileSelector (500)
[2017.11.15-05.49.09:832][856]LogModuleManager: Shutting down and abandoning module HardwareSurvey (498)
[2017.11.15-05.49.09:832][856]LogModuleManager: Shutting down and abandoning module SequenceRecorderSections (496)
[2017.11.15-05.49.09:845][856]LogModuleManager: Shutting down and abandoning module AutomationWorker (494)
[2017.11.15-05.49.09:858][856]LogModuleManager: Shutting down and abandoning module MatineeToLevelSequence (492)
[2017.11.15-05.49.09:882][856]LogModuleManager: Shutting down and abandoning module LevelSequenceEditor (490)
[2017.11.15-05.49.09:919][856]LogModuleManager: Shutting down and abandoning module PlacementMode (489)
[2017.11.15-05.49.09:919][856]LogModuleManager: Shutting down and abandoning module WmfMediaFactory (486)
[2017.11.15-05.49.09:919][856]LogModuleManager: Shutting down and abandoning module WmfMediaEditor (484)
[2017.11.15-05.49.09:919][856]LogModuleManager: Shutting down and abandoning module AvfMediaFactory (482)
[2017.11.15-05.49.09:919][856]LogModuleManager: Shutting down and abandoning module AvfMediaEditor (480)
[2017.11.15-05.49.09:919][856]LogModuleManager: Shutting down and abandoning module AndroidMediaFactory (478)
[2017.11.15-05.49.09:919][856]LogModuleManager: Shutting down and abandoning module Media (477)
[2017.11.15-05.49.09:919][856]LogModuleManager: Shutting down and abandoning module AndroidMediaEditor (474)
[2017.11.15-05.49.09:919][856]LogModuleManager: Shutting down and abandoning module CharacterAI (472)
[2017.11.15-05.49.09:919][856]LogModuleManager: Shutting down and abandoning module AudioCapture (470)
[2017.11.15-05.49.09:920][856]LogModuleManager: Shutting down and abandoning module SequenceRecorder (469)
[2017.11.15-05.49.09:933][856]LogModuleManager: Shutting down and abandoning module SmartSnapping (466)
[2017.11.15-05.49.09:934][856]LogModuleManager: Shutting down and abandoning module SessionServices (464)
[2017.11.15-05.49.09:934][856]LogModuleManager: Shutting down and abandoning module ViewportSnapping (462)
[2017.11.15-05.49.09:934][856]LogModuleManager: Shutting down and abandoning module ViewportInteraction (460)
[2017.11.15-05.49.09:934][856]LogModuleManager: Shutting down and abandoning module ClothPainter (458)
[2017.11.15-05.49.09:965][856]LogModuleManager: Shutting down and abandoning module LogVisualizer (456)
[2017.11.15-05.49.09:967][856]LogModuleManager: Shutting down and abandoning module IntroTutorials (454)
[2017.11.15-05.49.09:998][856]LogModuleManager: Shutting down and abandoning module GameProjectGeneration (453)
[2017.11.15-05.49.10:019][856]LogModuleManager: Shutting down and abandoning module IOSPlatformEditor (450)
[2017.11.15-05.49.10:028][856]LogModuleManager: Shutting down and abandoning module HTML5PlatformEditor (448)
[2017.11.15-05.49.10:028][856]LogModuleManager: Shutting down and abandoning module AndroidPlatformEditor (446)
[2017.11.15-05.49.10:029][856]LogModuleManager: Shutting down and abandoning module AndroidDeviceDetection (445)
[2017.11.15-05.49.10:270][856]LogModuleManager: Shutting down and abandoning module WindowsPlatformEditor (442)
[2017.11.15-05.49.10:270][856]LogModuleManager: Shutting down and abandoning module IOSRuntimeSettings (440)
[2017.11.15-05.49.10:270][856]LogModuleManager: Shutting down and abandoning module AndroidRuntimeSettings (438)
[2017.11.15-05.49.10:270][856]LogModuleManager: Shutting down and abandoning module InputBindingEditor (436)
[2017.11.15-05.49.10:276][856]LogModuleManager: Shutting down and abandoning module MergeActors (434)
[2017.11.15-05.49.10:290][856]LogModuleManager: Shutting down and abandoning module SizeMap (432)
[2017.11.15-05.49.10:290][856]LogModuleManager: Shutting down and abandoning module TreeMap (430)
[2017.11.15-05.49.10:316][856]LogModuleManager: Shutting down and abandoning module ReferenceViewer (428)
[2017.11.15-05.49.10:316][856]LogModuleManager: Shutting down and abandoning module LocalizationDashboard (426)
[2017.11.15-05.49.10:332][856]LogModuleManager: Shutting down and abandoning module LocalizationService (425)
[2017.11.15-05.49.10:342][856]LogModuleManager: Shutting down and abandoning module HardwareTargeting (422)
[2017.11.15-05.49.10:342][856]LogModuleManager: Shutting down and abandoning module DeviceProfileEditor (420)
[2017.11.15-05.49.10:351][856]LogModuleManager: Shutting down and abandoning module UndoHistory (418)
[2017.11.15-05.49.10:351][856]LogModuleManager: Shutting down and abandoning module XmlParser (416)
[2017.11.15-05.49.10:372][856]LogModuleManager: Shutting down and abandoning module Blutility (414)
[2017.11.15-05.49.10:372][856]LogModuleManager: Shutting down and abandoning module ProjectSettingsViewer (412)
[2017.11.15-05.49.10:372][856]LogModuleManager: Shutting down and abandoning module ProjectTargetPlatformEditor (411)
[2017.11.15-05.49.10:373][856]LogModuleManager: Shutting down and abandoning module EditorSettingsViewer (408)
[2017.11.15-05.49.10:373][856]LogModuleManager: Shutting down and abandoning module SettingsEditor (406)
[2017.11.15-05.49.10:402][856]LogModuleManager: Shutting down and abandoning module ProjectLauncher (404)
[2017.11.15-05.49.10:413][856]LogModuleManager: Shutting down and abandoning module SessionFrontend (402)
[2017.11.15-05.49.10:426][856]LogModuleManager: Shutting down and abandoning module ProfilerClient (400)
[2017.11.15-05.49.10:436][856]LogModuleManager: Shutting down and abandoning module DeviceManager (398)
[2017.11.15-05.49.10:451][856]LogModuleManager: Shutting down and abandoning module TargetDeviceServices (397)
[2017.11.15-05.49.10:504][856]LogModuleManager: Shutting down and abandoning module AutomationController (394)
[2017.11.15-05.49.10:514][856]LogModuleManager: Shutting down and abandoning module AutomationWindow (392)
[2017.11.15-05.49.10:519][856]LogModuleManager: Shutting down and abandoning module Layers (390)
[2017.11.15-05.49.10:535][856]LogModuleManager: Shutting down and abandoning module ComponentVisualizers (388)
[2017.11.15-05.49.10:535][856]LogModuleManager: Shutting down and abandoning module DetailCustomizations (386)
[2017.11.15-05.49.10:549][856]LogModuleManager: Shutting down and abandoning module PackagesDialog (384)
[2017.11.15-05.49.10:559][856]LogModuleManager: Shutting down and abandoning module Persona (382)
[2017.11.15-05.49.10:590][856]LogModuleManager: Shutting down and abandoning module AdvancedPreviewScene (381)
[2017.11.15-05.49.10:590][856]LogModuleManager: Shutting down and abandoning module AnimGraph (379)
[2017.11.15-05.49.10:605][856]LogModuleManager: Shutting down and abandoning module Kismet (376)
[2017.11.15-05.49.10:626][856]LogModuleManager: Shutting down and abandoning module ClassViewer (374)
[2017.11.15-05.49.10:626][856]LogModuleManager: Shutting down and abandoning module Toolbox (372)
[2017.11.15-05.49.10:626][856]LogModuleManager: Shutting down and abandoning module ModuleUI (370)
[2017.11.15-05.49.10:637][856]LogModuleManager: Shutting down and abandoning module MovieSceneTools (368)
[2017.11.15-05.49.10:666][856]LogModuleManager: Shutting down and abandoning module OutputLog (366)
[2017.11.15-05.49.10:667][856]LogModuleManager: Shutting down and abandoning module GammaUI (364)
[2017.11.15-05.49.10:675][856]LogModuleManager: Shutting down and abandoning module Documentation (362)
[2017.11.15-05.49.10:675][856]LogModuleManager: Shutting down and abandoning module MovieSceneTracks (360)
[2017.11.15-05.49.10:676][856]LogModuleManager: Shutting down and abandoning module MovieScene (358)
[2017.11.15-05.49.10:686][856]LogModuleManager: Shutting down and abandoning module Niagara (356)
[2017.11.15-05.49.10:686][856]LogModuleManager: Shutting down and abandoning module NiagaraEditor (355)
[2017.11.15-05.49.10:711][856]LogModuleManager: Shutting down and abandoning module StreamingPauseRendering (352)
[2017.11.15-05.49.10:711][856]LogModuleManager: Shutting down and abandoning module LauncherPlatform (350)
[2017.11.15-05.49.10:711][856]LogModuleManager: Shutting down and abandoning module AnalyticsET (348)
[2017.11.15-05.49.10:712][856]LogModuleManager: Shutting down and abandoning module PortalServices (346)
[2017.11.15-05.49.10:712][856]LogModuleManager: Shutting down and abandoning module PortalRpc (344)
[2017.11.15-05.49.10:712][856]LogModuleManager: Shutting down and abandoning module MessagingRpc (342)
[2017.11.15-05.49.10:712][856]LogModuleManager: Shutting down and abandoning module AIModule (340)
[2017.11.15-05.49.10:712][856]LogModuleManager: Shutting down and abandoning module GameplayDebugger (339)
[2017.11.15-05.49.10:712][856]LogModuleManager: Shutting down and abandoning module AITestSuite (337)
[2017.11.15-05.49.10:724][856]LogModuleManager: Shutting down and abandoning module ProfilerService (334)
[2017.11.15-05.49.10:727][856]LogModuleManager: Shutting down and abandoning module TaskGraph (332)
[2017.11.15-05.49.10:791][856]LogModuleManager: Shutting down and abandoning module SteamVRController (330)
[2017.11.15-05.49.10:791][856]LogModuleManager: Shutting down and abandoning module ProceduralMeshComponentEditor (328)
[2017.11.15-05.49.10:791][856]LogModuleManager: Shutting down and abandoning module ProceduralMeshComponent (326)
[2017.11.15-05.49.10:791][856]LogModuleManager: Shutting down and abandoning module OculusInput (324)
[2017.11.15-05.49.10:805][856]LogModuleManager: Shutting down and abandoning module MobilePatchingUtils (322)
[2017.11.15-05.49.10:805][856]LogModuleManager: Shutting down and abandoning module CustomMeshComponent (320)
[2017.11.15-05.49.10:805][856]LogModuleManager: Shutting down and abandoning module CableComponent (318)
[2017.11.15-05.49.10:821][856]LogModuleManager: Shutting down and abandoning module ArchVisCharacter (316)
[2017.11.15-05.49.10:821][856]LogModuleManager: Shutting down and abandoning module AndroidPermission (314)
[2017.11.15-05.49.10:821][856]LogModuleManager: Shutting down and abandoning module MediaPlayerEditor (310)
[2017.11.15-05.49.10:841][856]LogModuleManager: Shutting down and abandoning module HTML5Networking (308)
[2017.11.15-05.49.10:841][856]LogModuleManager: Shutting down and abandoning module AlembicImporter (306)
[2017.11.15-05.49.10:852][856]LogModuleManager: Shutting down and abandoning module AlembicLibrary (305)
[2017.11.15-05.49.10:853][856]LogModuleManager: Shutting down and abandoning module GeometryCache (304)
[2017.11.15-05.49.10:853][856]LogModuleManager: Shutting down and abandoning module GeometryCacheEd (303)
[2017.11.15-05.49.10:853][856]LogModuleManager: Shutting down and abandoning module SpeedTreeImporter (298)
[2017.11.15-05.49.10:853][856]LogModuleManager: Shutting down and abandoning module PluginBrowser (296)
[2017.11.15-05.49.10:877][856]LogModuleManager: Shutting down and abandoning module MobileLauncherProfileWizard (294)
[2017.11.15-05.49.10:904][856]LogModuleManager: Shutting down and abandoning module VisualStudioSourceCodeAccess (292)
[2017.11.15-05.49.10:905][856]LogModuleManager: Shutting down and abandoning module DesktopPlatform (291)
[2017.11.15-05.49.10:912][856]LogModuleManager: Shutting down and abandoning module UObjectPlugin (288)
[2017.11.15-05.49.10:912][856]LogModuleManager: Shutting down and abandoning module SubversionSourceControl (286)
[2017.11.15-05.49.10:927][856]LogModuleManager: Shutting down and abandoning module PerforceSourceControl (284)
[2017.11.15-05.49.10:943][856]LogModuleManager: Shutting down and abandoning module GitSourceControl (282)
[2017.11.15-05.49.10:951][856]LogModuleManager: Shutting down and abandoning module SourceControl (281)
[2017.11.15-05.49.10:952][856]LogModuleManager: Shutting down and abandoning module LightPropagationVolumeEditor (278)
[2017.11.15-05.49.10:952][856]LogModuleManager: Shutting down and abandoning module PaperTiledImporter (276)
[2017.11.15-05.49.10:952][856]LogModuleManager: Shutting down and abandoning module PaperSpriteSheetImporter (274)
[2017.11.15-05.49.10:952][856]LogModuleManager: Shutting down and abandoning module Paper2DEditor (272)
[2017.11.15-05.49.10:967][856]LogModuleManager: Shutting down and abandoning module MeshPaint (271)
[2017.11.15-05.49.10:980][856]LogModuleManager: Shutting down and abandoning module LevelEditor (269)
[2017.11.15-05.49.10:996][856]LogModuleManager: Shutting down and abandoning module PixelInspectorModule (268)
[2017.11.15-05.49.11:016][856]LogModuleManager: Shutting down and abandoning module MainFrame (266)
[2017.11.15-05.49.11:017][856]LogModuleManager: Shutting down and abandoning module HotReload (265)
[2017.11.15-05.49.11:048][856]LogModuleManager: Shutting down and abandoning module RuntimePhysXCooking (260)
[2017.11.15-05.49.11:048][856]LogModuleManager: Shutting down and abandoning module PhysXVehiclesEditor (258)
[2017.11.15-05.49.11:048][856]LogModuleManager: Shutting down and abandoning module PhysXVehicles (256)
[2017.11.15-05.49.11:048][856]LogModuleManager: Shutting down and abandoning module OculusEditor (254)
[2017.11.15-05.49.11:049][856]LogModuleManager: Shutting down and abandoning module LocationServicesBPLibrary (252)
[2017.11.15-05.49.11:049][856]LogModuleManager: Shutting down and abandoning module ImmediatePhysicsEditor (250)
[2017.11.15-05.49.11:049][856]LogModuleManager: Shutting down and abandoning module ImmediatePhysics (248)
[2017.11.15-05.49.11:054][856]LogModuleManager: Shutting down and abandoning module UdpMessaging (246)
[2017.11.15-05.49.11:156][856]LogModuleManager: Shutting down and abandoning module TcpMessaging (244)
[2017.11.15-05.49.11:274][856]LogModuleManager: Shutting down and abandoning module GameplayTagsEditor (242)
[2017.11.15-05.49.11:307][856]LogModuleManager: Shutting down and abandoning module FacialAnimationEditor (240)
[2017.11.15-05.49.11:307][856]LogModuleManager: Shutting down and abandoning module FacialAnimation (238)
[2017.11.15-05.49.11:307][856]LogModuleManager: Shutting down and abandoning module AssetManagerEditor (236)
[2017.11.15-05.49.11:349][856]LogModuleManager: Shutting down and abandoning module GraphEditor (235)
[2017.11.15-05.49.11:349][856]LogModuleManager: Shutting down and abandoning module ContentBrowser (233)
[2017.11.15-05.49.11:352][856]LogModuleManager: Shutting down and abandoning module LightPropagationVolumeRuntime (230)
[2017.11.15-05.49.11:352][856]LogModuleManager: Shutting down and abandoning module Paper2D (228)
[2017.11.15-05.49.11:352][856]LogModuleManager: Shutting down and abandoning module WindowsMoviePlayer (226)
[2017.11.15-05.49.11:367][856]LogModuleManager: Shutting down and abandoning module WmfMedia (224)
[2017.11.15-05.49.11:392][856]LogModuleManager: Shutting down and abandoning module PacketHandler (222)
[2017.11.15-05.49.11:392][856]LogModuleManager: Shutting down and abandoning module ClothingSystemEditor (220)
[2017.11.15-05.49.11:408][856]LogModuleManager: Shutting down and abandoning module ClothingSystemRuntime (218)
[2017.11.15-05.49.11:433][856]LogModuleManager: Shutting down and abandoning module Overlay (216)
[2017.11.15-05.49.11:433][856]LogModuleManager: Shutting down and abandoning module OverlayEditor (215)
[2017.11.15-05.49.11:433][856]LogModuleManager: Shutting down and abandoning module MediaAssets (212)
[2017.11.15-05.49.11:434][856]LogModuleManager: Shutting down and abandoning module VREditor (210)
[2017.11.15-05.49.11:454][856]LogModuleManager: Shutting down and abandoning module StringTableEditor (208)
[2017.11.15-05.49.11:464][856]LogModuleManager: Shutting down and abandoning module GameplayTasksEditor (206)
[2017.11.15-05.49.11:464][856]LogModuleManager: Shutting down and abandoning module BehaviorTreeEditor (204)
[2017.11.15-05.49.11:490][856]LogModuleManager: Shutting down and abandoning module FunctionalTesting (202)
[2017.11.15-05.49.11:490][856]LogModuleManager: Shutting down and abandoning module CollisionAnalyzer (200)
[2017.11.15-05.49.11:501][856]LogModuleManager: Shutting down and abandoning module WorkspaceMenuStructure (199)
[2017.11.15-05.49.11:501][856]LogModuleManager: Shutting down and abandoning module UMG (196)
[2017.11.15-05.49.11:516][856]LogModuleManager: Shutting down and abandoning module UMGEditor (195)
[2017.11.15-05.49.11:547][856]LogModuleManager: Shutting down and abandoning module Sequencer (194)
[2017.11.15-05.49.11:566][856]LogModuleManager: Shutting down and abandoning module MessageLog (191)
[2017.11.15-05.49.11:566][856]LogModuleManager: Shutting down and abandoning module SlateReflector (186)
[2017.11.15-05.49.11:601][856]LogModuleManager: Shutting down and abandoning module Slate (184)
[2017.11.15-05.49.11:601][856]LogModuleManager: Shutting down and abandoning module EditorStyle (182)
[2017.11.15-05.49.11:633][856]LogModuleManager: Shutting down and abandoning module MRMesh (180)
[2017.11.15-05.49.11:633][856]LogModuleManager: Shutting down and abandoning module SourceCodeAccess (178)
[2017.11.15-05.49.11:633][856]LogModuleManager: Shutting down and abandoning module HeadMountedDisplay (176)
[2017.11.15-05.49.11:633][856]LogModuleManager: Shutting down and abandoning module XAudio2 (174)
[2017.11.15-05.49.11:633][856]LogModuleManager: Shutting down and abandoning module Networking (172)
[2017.11.15-05.49.11:633][856]LogModuleManager: Shutting down and abandoning module Core (168)
[2017.11.15-05.49.11:633][856]LogModuleManager: Shutting down and abandoning module KismetCompiler (164)
[2017.11.15-05.49.11:634][856]LogModuleManager: Shutting down and abandoning module LevelSequence (162)
[2017.11.15-05.49.11:634][856]LogModuleManager: Shutting down and abandoning module MeshUtilities (160)
[2017.11.15-05.49.11:658][856]LogModuleManager: Shutting down and abandoning module MeshMergeUtilities (159)
[2017.11.15-05.49.11:663][856]LogModuleManager: Shutting down and abandoning module MeshReductionInterface (158)
[2017.11.15-05.49.11:663][856]LogModuleManager: Shutting down and abandoning module SimplygonSwarm (157)
[2017.11.15-05.49.11:674][856]LogModuleManager: Shutting down and abandoning module SimplygonMeshReduction (155)
[2017.11.15-05.49.11:674][856]LogModuleManager: Shutting down and abandoning module QuadricMeshReduction (153)
[2017.11.15-05.49.11:690][856]LogModuleManager: Shutting down and abandoning module MaterialBaking (149)
[2017.11.15-05.49.11:698][856]LogModuleManager: Shutting down and abandoning module DirectoryWatcher (146)
[2017.11.15-05.49.11:700][856]LogModuleManager: Shutting down and abandoning module DerivedDataCache (144)
[2017.11.15-05.49.11:765][856]LogDerivedDataCache: Shutdown
[2017.11.15-05.49.11:765][856]LogModuleManager: Shutting down and abandoning module TargetPlatform (142)
[2017.11.15-05.49.11:765][856]LogModuleManager: Shutting down and abandoning module VulkanShaderFormat (141)
[2017.11.15-05.49.11:783][856]LogModuleManager: Shutting down and abandoning module ShaderFormatVectorVM (139)
[2017.11.15-05.49.11:792][856]LogModuleManager: Shutting down and abandoning module ShaderFormatOpenGL (137)
[2017.11.15-05.49.11:798][856]LogModuleManager: Shutting down and abandoning module ShaderFormatD3D (135)
[2017.11.15-05.49.11:809][856]LogModuleManager: Shutting down and abandoning module MetalShaderFormat (133)
[2017.11.15-05.49.11:817][856]LogModuleManager: Shutting down and abandoning module TextureFormatUncompressed (131)
[2017.11.15-05.49.11:817][856]LogModuleManager: Shutting down and abandoning module TextureFormatPVR (129)
[2017.11.15-05.49.11:817][856]LogModuleManager: Shutting down and abandoning module TextureFormatDXT (127)
[2017.11.15-05.49.11:824][856]LogModuleManager: Shutting down and abandoning module TextureFormatIntelISPCTexComp (125)
[2017.11.15-05.49.11:848][856]LogModuleManager: Shutting down and abandoning module TextureFormatASTC (123)
[2017.11.15-05.49.11:849][856]LogModuleManager: Shutting down and abandoning module ImageWrapper (122)
[2017.11.15-05.49.11:849][856]LogModuleManager: Shutting down and abandoning module TextureFormatAndroid (119)
[2017.11.15-05.49.11:849][856]LogModuleManager: Shutting down and abandoning module AudioFormatOpus (117)
[2017.11.15-05.49.11:849][856]LogModuleManager: Shutting down and abandoning module AudioFormatOgg (115)
[2017.11.15-05.49.11:849][856]LogModuleManager: Shutting down and abandoning module AudioFormatADPCM (113)
[2017.11.15-05.49.11:849][856]LogModuleManager: Shutting down and abandoning module LinuxTargetPlatform (111)
[2017.11.15-05.49.11:849][856]LogModuleManager: Shutting down and abandoning module LinuxServerTargetPlatform (109)
[2017.11.15-05.49.11:849][856]LogModuleManager: Shutting down and abandoning module LinuxNoEditorTargetPlatform (107)
[2017.11.15-05.49.11:849][856]LogModuleManager: Shutting down and abandoning module LinuxClientTargetPlatform (105)
[2017.11.15-05.49.11:849][856]LogModuleManager: Shutting down and abandoning module TVOSTargetPlatform (103)
[2017.11.15-05.49.11:849][856]LogModuleManager: Shutting down and abandoning module Messaging (101)
[2017.11.15-05.49.11:849][856]LogModuleManager: Shutting down and abandoning module IOSTargetPlatform (99)
[2017.11.15-05.49.11:849][856]LogModuleManager: Shutting down and abandoning module HTML5TargetPlatform (97)
[2017.11.15-05.49.11:849][856]LogModuleManager: Shutting down and abandoning module Android_PVRTCTargetPlatform (95)
[2017.11.15-05.49.11:849][856]LogModuleManager: Shutting down and abandoning module Android_MultiTargetPlatform (93)
[2017.11.15-05.49.11:849][856]LogModuleManager: Shutting down and abandoning module Android_ETC2TargetPlatform (91)
[2017.11.15-05.49.11:849][856]LogModuleManager: Shutting down and abandoning module Android_ETC1TargetPlatform (89)
[2017.11.15-05.49.11:849][856]LogModuleManager: Shutting down and abandoning module Android_DXTTargetPlatform (87)
[2017.11.15-05.49.11:850][856]LogModuleManager: Shutting down and abandoning module Android_ATCTargetPlatform (85)
[2017.11.15-05.49.11:850][856]LogModuleManager: Shutting down and abandoning module Android_ASTCTargetPlatform (83)
[2017.11.15-05.49.11:850][856]LogModuleManager: Shutting down and abandoning module AndroidTargetPlatform (81)
[2017.11.15-05.49.11:850][856]LogModuleManager: Shutting down and abandoning module WindowsTargetPlatform (79)
[2017.11.15-05.49.11:850][856]LogModuleManager: Shutting down and abandoning module WindowsServerTargetPlatform (77)
[2017.11.15-05.49.11:850][856]LogModuleManager: Shutting down and abandoning module WindowsNoEditorTargetPlatform (75)
[2017.11.15-05.49.11:850][856]LogModuleManager: Shutting down and abandoning module WindowsClientTargetPlatform (73)
[2017.11.15-05.49.11:850][856]LogModuleManager: Shutting down and abandoning module MacTargetPlatform (71)
[2017.11.15-05.49.11:850][856]LogModuleManager: Shutting down and abandoning module MacServerTargetPlatform (69)
[2017.11.15-05.49.11:850][856]LogModuleManager: Shutting down and abandoning module MacNoEditorTargetPlatform (67)
[2017.11.15-05.49.11:850][856]LogModuleManager: Shutting down and abandoning module MacClientTargetPlatform (65)
[2017.11.15-05.49.11:850][856]LogModuleManager: Shutting down and abandoning module AllDesktopTargetPlatform (63)
[2017.11.15-05.49.11:850][856]LogModuleManager: Shutting down and abandoning module InputCore (60)
[2017.11.15-05.49.11:850][856]LogModuleManager: Shutting down and abandoning module Settings (58)
[2017.11.15-05.49.11:850][856]LogModuleManager: Shutting down and abandoning module PhysXCooking (56)
[2017.11.15-05.49.11:850][856]LogModuleManager: Shutting down and abandoning module SteamVR (54)
[2017.11.15-05.49.11:851][856]LogModuleManager: Shutting down and abandoning module OculusHMD (52)
[2017.11.15-05.49.11:864][856]LogModuleManager: Shutting down and abandoning module ExampleDeviceProfileSelector (50)
[2017.11.15-05.49.11:864][856]LogModuleManager: Shutting down and abandoning module OnlineBlueprintSupport (48)
[2017.11.15-05.49.11:864][856]LogModuleManager: Shutting down and abandoning module OnlineSubsystem (44)
[2017.11.15-05.49.11:864][856]LogOnline: Display: Unloading online subsystem: NULL
[2017.11.15-05.49.11:884][856]LogModuleManager: Shutting down and abandoning module XMPP (43)
[2017.11.15-05.49.11:901][856]LogModuleManager: Shutting down and abandoning module HTTP (41)
[2017.11.15-05.49.11:901][856]LogHttp: Display: Http module shutting down, but needs to wait on 1 outstanding Http requests:
[2017.11.15-05.49.11:911][856]LogHttp: Display: 	verb=[POST] url=[https://datarouter.ol.epicgames.com/datarouter/api/v1/public/data?SessionID=%7BFBBC0D0F-4B8C-9EAB-3B30-CDACFB1366EE%7D&AppID=UEEditor.Rocket.Release&AppVersion=4.17.2-3658906%2B%2B%2BUE4%2BRelease-4.17&UserID=7c4361f244605dacb35ef4b5b0a6141c%7C51e5a3e65bf74b08b65401e982cfc1fa%7Cdccb3d67-bcde-49f2-bb7b-a6a8d8de6102&AppEnvironment=datacollector-binary&UploadType=eteventstream] status=Processing
[2017.11.15-05.49.11:921][856]LogModuleManager: Shutting down and abandoning module SSL (40)
[2017.11.15-05.49.11:939][856]LogModuleManager: Shutting down and abandoning module AnimationModifiers (36)
[2017.11.15-05.49.11:949][856]LogModuleManager: Shutting down and abandoning module PropertyEditor (35)
[2017.11.15-05.49.11:949][856]LogModuleManager: Shutting down and abandoning module AudioEditor (32)
[2017.11.15-05.49.11:964][856]LogModuleManager: Shutting down and abandoning module TextureCompressor (30)
[2017.11.15-05.49.11:964][856]LogModuleManager: Shutting down and abandoning module ShaderCore (28)
[2017.11.15-05.49.11:964][856]LogModuleManager: Shutting down and abandoning module Landscape (26)
[2017.11.15-05.49.11:964][856]LogModuleManager: Shutting down and abandoning module SlateRHIRenderer (24)
[2017.11.15-05.49.12:004][856]LogModuleManager: Shutting down and abandoning module OpenGLDrv (22)
[2017.11.15-05.49.12:026][856]LogModuleManager: Shutting down and abandoning module D3D11RHI (20)
[2017.11.15-05.49.12:027][856]LogModuleManager: Shutting down and abandoning module AnimGraphRuntime (18)
[2017.11.15-05.49.12:052][856]LogModuleManager: Shutting down and abandoning module Renderer (16)
[2017.11.15-05.49.12:052][856]LogModuleManager: Shutting down and abandoning module Engine (14)
[2017.11.15-05.49.12:053][856]LogModuleManager: Shutting down and abandoning module CoreUObject (12)
[2017.11.15-05.49.12:053][856]LogModuleManager: Shutting down and abandoning module NetworkFile (10)
[2017.11.15-05.49.12:079][856]LogModuleManager: Shutting down and abandoning module CookedIterativeFile (8)
[2017.11.15-05.49.12:079][856]LogModuleManager: Shutting down and abandoning module StreamingFile (6)
[2017.11.15-05.49.12:095][856]LogModuleManager: Shutting down and abandoning module SandboxFile (4)
[2017.11.15-05.49.12:119][856]LogModuleManager: Shutting down and abandoning module PakFile (2)
[2017.11.15-05.49.12:198][856]LogExit: Exiting.
[2017.11.15-05.49.12:269][856]Log file closed, 11/15/17 02:49:12
