Log file open, 01/03/18 14:34:10
LogWindows: Failed to load 'aqProf.dll' (GetLastError=126)
LogWindows: File 'aqProf.dll' does not exist
LogWindows: Failed to load 'VSPerf140.dll' (GetLastError=126)
LogWindows: File 'VSPerf140.dll' does not exist
LogWindows: Failed to load 'VtuneApi.dll' (GetLastError=126)
LogWindows: File 'VtuneApi.dll' does not exist
LogWindows: Failed to load 'VtuneApi32e.dll' (GetLastError=126)
LogWindows: File 'VtuneApi32e.dll' does not exist
LogInit: Display: Running engine for game: Caramuru2D
LogPlatformFile: Not using cached read wrapper
LogInit: Display: RandInit(1105802221) SRandInit(1105802221).
LogTaskGraph: Started task graph with 5 named threads and 14 total threads with 3 sets of task threads.
LogStats: Stats thread started at 5.316057
LogD3D11RHI: Aftermath initialized
LogPluginManager: Mounting plugin Paper2D
LogPluginManager: Mounting plugin LightPropagationVolume
LogPluginManager: Mounting plugin CodeLiteSourceCodeAccess
LogPluginManager: Mounting plugin GitSourceControl
LogPluginManager: Mounting plugin KDevelopSourceCodeAccess
LogPluginManager: Mounting plugin NullSourceCodeAccess
LogPluginManager: Mounting plugin PerforceSourceControl
LogPluginManager: Mounting plugin SubversionSourceControl
LogPluginManager: Mounting plugin UObjectPlugin
LogPluginManager: Mounting plugin VisualStudioSourceCodeAccess
LogPluginManager: Mounting plugin XCodeSourceCodeAccess
LogPluginManager: Mounting plugin AssetManagerEditor
LogPluginManager: Mounting plugin AudioCapture
LogPluginManager: Mounting plugin FacialAnimation
LogPluginManager: Mounting plugin GameplayTagsEditor
LogPluginManager: Mounting plugin MobileLauncherProfileWizard
LogPluginManager: Mounting plugin PluginBrowser
LogPluginManager: Mounting plugin SpeedTreeImporter
LogPluginManager: Mounting plugin AlembicImporter
LogPluginManager: Mounting plugin CharacterAI
LogPluginManager: Mounting plugin HTML5Networking
LogPluginManager: Mounting plugin AndroidMedia
LogPluginManager: Mounting plugin AvfMedia
LogPluginManager: Mounting plugin MediaPlayerEditor
LogPluginManager: Mounting plugin WmfMedia
LogPluginManager: Mounting plugin TcpMessaging
LogPluginManager: Mounting plugin UdpMessaging
LogPluginManager: Mounting plugin LevelSequenceEditor
LogPluginManager: Mounting plugin MatineeToLevelSequence
LogPluginManager: Mounting plugin OnlineSubsystemGooglePlay
LogPluginManager: Mounting plugin OnlineSubsystemIOS
LogPluginManager: Mounting plugin OnlineSubsystem
LogPluginManager: Mounting plugin OnlineSubsystemNull
LogPluginManager: Mounting plugin OnlineSubsystemUtils
LogPluginManager: Mounting plugin AndroidDeviceProfileSelector
LogPluginManager: Mounting plugin AndroidMoviePlayer
LogPluginManager: Mounting plugin AndroidPermission
LogPluginManager: Mounting plugin AppleMoviePlayer
LogPluginManager: Mounting plugin ArchVisCharacter
LogPluginManager: Mounting plugin CableComponent
LogPluginManager: Mounting plugin CustomMeshComponent
LogPluginManager: Mounting plugin ExampleDeviceProfileSelector
LogPluginManager: Mounting plugin GoogleCloudMessaging
LogPluginManager: Mounting plugin ImmediatePhysics
LogPluginManager: Mounting plugin IOSDeviceProfileSelector
LogPluginManager: Mounting plugin LinuxDeviceProfileSelector
LogPluginManager: Mounting plugin LocationServicesBPLibrary
LogPluginManager: Mounting plugin MobilePatchingUtils
LogPluginManager: Mounting plugin OculusVR
LogPluginManager: Mounting plugin PhysXVehicles
LogPluginManager: Mounting plugin ProceduralMeshComponent
LogPluginManager: Mounting plugin RuntimePhysXCooking
LogPluginManager: Mounting plugin SteamVR
LogPluginManager: Mounting plugin WindowsMoviePlayer
LogInit: Using libcurl 7.47.1
LogInit:  - built for x86_64-pc-win32
LogInit:  - supports SSL with OpenSSL/1.0.2g
LogInit:  - supports HTTP deflate (compression) using libz 1.2.8
LogInit:  - other features:
LogInit:      CURL_VERSION_SSL
LogInit:      CURL_VERSION_LIBZ
LogInit:      CURL_VERSION_IPV6
LogInit:      CURL_VERSION_ASYNCHDNS
LogInit:      CURL_VERSION_LARGEFILE
LogInit:      CURL_VERSION_IDN
LogInit:  CurlRequestOptions (configurable via config and command line):
LogInit:  - bVerifyPeer = false  - Libcurl will NOT verify peer certificate
LogInit:  - bUseHttpProxy = false  - Libcurl will NOT use HTTP proxy
LogInit:  - bDontReuseConnections = false  - Libcurl will reuse connections
LogInit:  - CertBundlePath = nullptr  - Libcurl will use whatever was configured at build time.
LogInit: Build: ++UE4+Release-4.17-CL-3658906
LogInit: Engine Version: 4.17.2-3658906+++UE4+Release-4.17
LogInit: Compatible Engine Version: 4.17.0-3573198+++UE4+Release-4.17
LogInit: Net CL: 3573198
LogDevObjectVersion: Number of dev versions registered: 16
LogDevObjectVersion:   Dev-Blueprints (B0D832E4-1F89-4F0D-ACCF-7EB736FD4AA2): 10
LogDevObjectVersion:   Dev-Build (E1C64328-A22C-4D53-A36C-8E866417BD8C): 0
LogDevObjectVersion:   Dev-Core (375EC13C-06E4-48FB-B500-84F0262A717E): 2
LogDevObjectVersion:   Dev-Editor (E4B068ED-F494-42E9-A231-DA0B2E46BB41): 20
LogDevObjectVersion:   Dev-Framework (CFFC743F-43B0-4480-9391-14DF171D2073): 28
LogDevObjectVersion:   Dev-Mobile (B02B49B5-BB20-44E9-A304-32B752E40360): 0
LogDevObjectVersion:   Dev-Networking (A4E4105C-59A1-49B5-A7C5-40C4547EDFEE): 0
LogDevObjectVersion:   Dev-Online (39C831C9-5AE6-47DC-9A44-9C173E1C8E7C): 0
LogDevObjectVersion:   Dev-Physics (78F01B33-EBEA-4F98-B9B4-84EACCB95AA2): 0
LogDevObjectVersion:   Dev-Platform (6631380F-2D4D-43E0-8009-CF276956A95A): 0
LogDevObjectVersion:   Dev-Rendering (12F88B9F-8875-4AFC-A67C-D90C383ABD29): 19
LogDevObjectVersion:   Dev-Sequencer (7B5AE74C-D270-4C10-A958-57980B212A5A): 4
LogDevObjectVersion:   Dev-VR (D7296918-1DD6-4BDD-9DE2-64A83CC13884): 0
LogDevObjectVersion:   Dev-LoadTimes (C2A15278-BFE7-4AFE-6C17-90FF531DF755): 1
LogDevObjectVersion:   Private-Geometry (6EACA3D4-40EC-4CC1-B786-8BED09428FC5): 1
LogDevObjectVersion:   Dev-AnimPhys (29E575DD-E0A3-4627-9D10-D276232CDCEA): 7
LogInit: Compiled (64-bit): Sep 22 2017 13:47:16
LogInit: Compiled with Visual C++: 19.00.24215.01
LogInit: Build Configuration: Development
LogInit: Branch Name: ++UE4+Release-4.17
LogInit: Command line:  
LogInit: Base directory: C:/Program Files/Epic Games/UE_4.17/Engine/Binaries/Win64/
LogInit: Installed Engine Build: 1
LogInit: Presizing for max 8388607 objects, including 0 objects not considered by GC, pre-allocating 0 bytes for permanent pool.
LogInit: Object subsystem initialized
[2018.01.03-17.34.13:710][  0]LogInit: Selected Device Profile: [Windows]
[2018.01.03-17.34.13:710][  0]LogInit: Applying CVar settings loaded from the selected device profile: [Windows]
[2018.01.03-17.34.13:813][  0]LogInit: Computer: MASTER
[2018.01.03-17.34.13:813][  0]LogInit: User: Junio
[2018.01.03-17.34.13:813][  0]LogInit: CPU Page size=4096, Cores=4
[2018.01.03-17.34.13:813][  0]LogInit: High frequency timer resolution =3.020349 MHz
[2018.01.03-17.34.13:814][  0]LogMemory: Memory total: Physical=7.9GB (8GB approx)
[2018.01.03-17.34.13:814][  0]LogMemory: Platform Memory Stats for Windows
[2018.01.03-17.34.13:814][  0]LogMemory: Process Physical Memory: 279.24 MB used, 279.24 MB peak
[2018.01.03-17.34.13:814][  0]LogMemory: Process Virtual Memory: 278.04 MB used, 278.04 MB peak
[2018.01.03-17.34.13:814][  0]LogMemory: Physical Memory: 6171.91 MB used,  1920.28 MB free, 8092.18 MB total
[2018.01.03-17.34.13:814][  0]LogMemory: Virtual Memory: 672.07 MB used,  1920.28 MB free, 134217728.00 MB total
[2018.01.03-17.34.15:778][  0]LogInit: Using OS detected language (pt-BR).
[2018.01.03-17.34.15:778][  0]LogInit: Using OS detected locale (pt-BR).
[2018.01.03-17.34.21:102][  0]LogD3D11RHI: D3D11 adapters:
[2018.01.03-17.34.21:352][  0]LogD3D11RHI:    0. 'NVIDIA GeForce GTX 950' (Feature Level 11_0)
[2018.01.03-17.34.21:353][  0]LogD3D11RHI:       2017/0/4046 MB DedicatedVideo/DedicatedSystem/SharedSystem, Outputs:1, VendorId:0x10de
[2018.01.03-17.34.21:592][  0]LogD3D11RHI:    1. 'Intel(R) HD Graphics 4600' (Feature Level 11_0)
[2018.01.03-17.34.21:592][  0]LogD3D11RHI:       112/0/2048 MB DedicatedVideo/DedicatedSystem/SharedSystem, Outputs:0, VendorId:0x8086
[2018.01.03-17.34.21:596][  0]LogD3D11RHI:    2. 'Microsoft Basic Render Driver' (Feature Level 11_0)
[2018.01.03-17.34.21:596][  0]LogD3D11RHI:       0/0/4046 MB DedicatedVideo/DedicatedSystem/SharedSystem, Outputs:0, VendorId:0x1414
[2018.01.03-17.34.21:596][  0]LogD3D11RHI: Chosen D3D11 Adapter: 0
[2018.01.03-17.34.21:613][  0]LogD3D11RHI: Creating new Direct3DDevice
[2018.01.03-17.34.21:613][  0]LogD3D11RHI:     GPU DeviceId: 0x1402 (for the marketing name, search the web for "GPU Device Id")
[2018.01.03-17.34.21:613][  0]LogWindows: EnumDisplayDevices:
[2018.01.03-17.34.21:614][  0]LogWindows:    0. 'NVIDIA GeForce GTX 950' (P:1 D:1)
[2018.01.03-17.34.21:614][  0]LogWindows:    1. 'NVIDIA GeForce GTX 950' (P:0 D:0)
[2018.01.03-17.34.21:615][  0]LogWindows:    2. 'NVIDIA GeForce GTX 950' (P:0 D:0)
[2018.01.03-17.34.21:615][  0]LogWindows:    3. 'NVIDIA GeForce GTX 950' (P:0 D:0)
[2018.01.03-17.34.21:616][  0]LogWindows:    4. 'Intel(R) HD Graphics 4600' (P:0 D:0)
[2018.01.03-17.34.21:617][  0]LogWindows:    5. 'Intel(R) HD Graphics 4600' (P:0 D:0)
[2018.01.03-17.34.21:617][  0]LogWindows: DebugString: PrimaryIsNotTheChoosenAdapter PrimaryIsNotTheChoosenAdapter FoundDriverCount:4 
[2018.01.03-17.34.21:617][  0]LogD3D11RHI:     Adapter Name: NVIDIA GeForce GTX 950
[2018.01.03-17.34.21:617][  0]LogD3D11RHI:   Driver Version: 384.76 (internal:22.21.13.8476, unified:384.76)
[2018.01.03-17.34.21:617][  0]LogD3D11RHI:      Driver Date: 6-27-2017
[2018.01.03-17.34.21:618][  0]LogRHI: Texture pool is 1361 MB (70% of 1945 MB)
[2018.01.03-17.34.21:787][  0]LogD3D11RHI: Async texture creation enabled
[2018.01.03-17.34.22:123][  0]LogD3D11RHI: GPU Timing Frequency: 1000.000000 (Debug: 2 5)
[2018.01.03-17.34.22:231][  0]LogShaderCompilers: Guid format shader working directory is -48 characters bigger than the processId version (../../../../../../Documents/projetos/GAMENGINE/Unreal Engine 4/Unreal Projects/Caramuru2D-4.17/Intermediate/Shaders/WorkingDirectory/9168/).
[2018.01.03-17.34.22:232][  0]LogShaderCompilers: Cleaned the shader compiler working directory 'C:/Users/Junio/AppData/Local/Temp/UnrealShaderWorkingDir/055E903F4913C3085C7223A730E66502/'.
[2018.01.03-17.34.22:242][  0]LogShaderCompilers: Display: Using Local Shader Compiler.
[2018.01.03-17.34.29:929][  0]LogTemp: Display: Loaded TP AllDesktopTargetPlatform
[2018.01.03-17.34.30:060][  0]LogTemp: Display: Loaded TP MacClientTargetPlatform
[2018.01.03-17.34.30:129][  0]LogTemp: Display: Loaded TP MacNoEditorTargetPlatform
[2018.01.03-17.34.30:197][  0]LogTemp: Display: Loaded TP MacServerTargetPlatform
[2018.01.03-17.34.30:298][  0]LogTemp: Display: Loaded TP MacTargetPlatform
[2018.01.03-17.34.30:403][  0]LogTemp: Display: Loaded TP WindowsClientTargetPlatform
[2018.01.03-17.34.30:458][  0]LogTemp: Display: Loaded TP WindowsNoEditorTargetPlatform
[2018.01.03-17.34.30:512][  0]LogTemp: Display: Loaded TP WindowsServerTargetPlatform
[2018.01.03-17.34.30:559][  0]LogTemp: Display: Loaded TP WindowsTargetPlatform
[2018.01.03-17.34.30:622][  0]LogTemp: Display: Loaded TP AndroidTargetPlatform
[2018.01.03-17.34.30:674][  0]LogTemp: Display: Loaded TP Android_ASTCTargetPlatform
[2018.01.03-17.34.30:729][  0]LogTemp: Display: Loaded TP Android_ATCTargetPlatform
[2018.01.03-17.34.30:785][  0]LogTemp: Display: Loaded TP Android_DXTTargetPlatform
[2018.01.03-17.34.30:841][  0]LogTemp: Display: Loaded TP Android_ETC1TargetPlatform
[2018.01.03-17.34.30:897][  0]LogTemp: Display: Loaded TP Android_ETC2TargetPlatform
[2018.01.03-17.34.31:007][  0]LogTemp: Display: Loaded TP Android_MultiTargetPlatform
[2018.01.03-17.34.31:007][  0]LogTemp: Display: Loaded TP Android_PVRTCTargetPlatform
[2018.01.03-17.34.31:052][  0]LogTemp: Display: Loaded TP HTML5TargetPlatform
[2018.01.03-17.34.31:337][  0]LogTemp: Display: Loaded TP IOSTargetPlatform
[2018.01.03-17.34.31:399][  0]LogTemp: Display: Loaded TP TVOSTargetPlatform
[2018.01.03-17.34.31:469][  0]LogTemp: Display: Loaded TP LinuxClientTargetPlatform
[2018.01.03-17.34.31:528][  0]LogTemp: Display: Loaded TP LinuxNoEditorTargetPlatform
[2018.01.03-17.34.31:585][  0]LogTemp: Display: Loaded TP LinuxServerTargetPlatform
[2018.01.03-17.34.31:684][  0]LogTemp: Display: Loaded TP LinuxTargetPlatform
[2018.01.03-17.34.31:684][  0]LogTargetPlatformManager: Display: Building Assets For Windows
[2018.01.03-17.34.33:920][  0]LogDerivedDataCache: Display: Max Cache Size: 512 MB
[2018.01.03-17.34.34:882][  0]LogDerivedDataCache: Loaded boot cache 0.93s 93MB C:/Users/Junio/AppData/Local/UnrealEngine/4.17/DerivedDataCache/Boot.ddc.
[2018.01.03-17.34.34:882][  0]LogDerivedDataCache: Display: Loaded Boot cache: C:/Users/Junio/AppData/Local/UnrealEngine/4.17/DerivedDataCache/Boot.ddc
[2018.01.03-17.34.34:882][  0]LogDerivedDataCache: FDerivedDataBackendGraph:  Pak pak cache file ../../../../../../Documents/projetos/GAMENGINE/Unreal Engine 4/Unreal Projects/Caramuru2D-4.17/DerivedDataCache/DDC.ddp not found, will not use a pak cache.
[2018.01.03-17.34.34:882][  0]LogDerivedDataCache: Unable to find inner node Pak for hierarchical cache Hierarchy.
[2018.01.03-17.34.34:882][  0]LogDerivedDataCache: FDerivedDataBackendGraph:  CompressedPak pak cache file ../../../../../../Documents/projetos/GAMENGINE/Unreal Engine 4/Unreal Projects/Caramuru2D-4.17/DerivedDataCache/Compressed.ddp not found, will not use a pak cache.
[2018.01.03-17.34.34:882][  0]LogDerivedDataCache: Unable to find inner node CompressedPak for hierarchical cache Hierarchy.
[2018.01.03-17.34.35:007][  0]LogDerivedDataCache: Display: Pak cache opened for reading ../../../Engine/DerivedDataCache/Compressed.ddp.
[2018.01.03-17.34.35:039][  0]LogDerivedDataCache: Using Local data cache path C:/Users/Junio/AppData/Local/UnrealEngine/Common/DerivedDataCache: Writable
[2018.01.03-17.34.35:111][  0]LogMaterial: Verifying Global Shaders for PCD3D_SM5
[2018.01.03-17.34.36:999][  0]LogSlate: Using Freetype 2.6.0
[2018.01.03-17.34.37:309][  0]LogSlate: SlateFontCache - WITH_FREETYPE: 1, WITH_HARFBUZZ: 1
[2018.01.03-17.34.37:414][  0]LogSlate: SlateFontCache - WITH_FREETYPE: 1, WITH_HARFBUZZ: 1
[2018.01.03-17.34.50:988][  0]LogAssetRegistry: FAssetRegistry took 0.0621 seconds to start up
[2018.01.03-17.34.55:103][  0]LogInit: Selected Device Profile: [Windows]
[2018.01.03-17.35.09:971][  0]LogContentStreaming: Texture pool size is 0.00 MB
[2018.01.03-17.35.11:069][  0]LogMaterial: Missing cached shader map for material WorldGridMaterial, compiling. Is special engine material.
[2018.01.03-17.39.15:850][  0]LogMaterial: Missing cached shader map for material DefaultDeferredDecalMaterial, compiling. 
[2018.01.03-17.39.29:593][  0]LogMaterial: Missing cached shader map for material DefaultLightFunctionMaterial, compiling. 
[2018.01.03-17.39.31:293][  0]LogMaterial: Missing cached shader map for material DefaultPostProcessMaterial, compiling. 
[2018.01.03-17.39.32:466][  0]LogMaterial: Missing cached shader map for material TranslucentTransformGizmoMaterial, compiling. 
[2018.01.03-17.39.32:504][  0]LogMaterial: Missing cached shader map for material TransformGizmoMaterial, compiling. 
[2018.01.03-17.39.32:512][  0]LogMaterial: Missing cached shader map for material SnapGridMaterial, compiling. 
[2018.01.03-17.39.33:467][  0]LogSimplygon: Simplygon DLL not present - disabling.
[2018.01.03-17.39.33:562][  0]LogMeshReduction: Using SimplygonSwarm for distributed automatic mesh merging
[2018.01.03-17.39.33:563][  0]LogMeshReduction: Using QuadricMeshReduction for automatic static mesh reduction
[2018.01.03-17.39.33:563][  0]LogMeshReduction: No automatic skeletal mesh reduction module available
[2018.01.03-17.39.33:563][  0]LogMeshReduction: No automatic mesh merging module available
[2018.01.03-17.39.33:563][  0]LogMeshMerging: No automatic mesh merging module available
[2018.01.03-17.39.33:978][  0]LogMaterial: Missing cached shader map for material Main, compiling. 
[2018.01.03-17.39.33:990][  0]LogMaterial: Missing cached shader map for material Xray, compiling. 
[2018.01.03-17.39.34:161][  0]LogMaterial: Missing cached shader map for material CineMat, compiling. 
[2018.01.03-17.39.34:413][  0]LogMaterial: Missing cached shader map for material MatineeCam_mat, compiling. 
[2018.01.03-17.39.34:563][  0]LogMaterial: Missing cached shader map for material M_SimpleOpaque, compiling. 
[2018.01.03-17.39.34:669][  0]LogMaterial: Missing cached shader map for material M_SimpleTranslucent, compiling. 
[2018.01.03-17.39.36:851][  0]LogMaterial: Missing cached shader map for material Widget3DPassThrough, compiling. 
[2018.01.03-17.39.36:885][  0]LogMaterial: Missing cached shader map for material Widget3DPassThrough, compiling. 
[2018.01.03-17.39.36:975][  0]LogMaterial: Missing cached shader map for material Widget3DPassThrough, compiling. 
[2018.01.03-17.39.37:011][  0]LogMaterial: Missing cached shader map for material Widget3DPassThrough, compiling. 
[2018.01.03-17.39.37:046][  0]LogMaterial: Missing cached shader map for material Widget3DPassThrough, compiling. 
[2018.01.03-17.39.37:083][  0]LogMaterial: Missing cached shader map for material Widget3DPassThrough, compiling. 
[2018.01.03-17.39.37:856][  0]LogMaterial: Missing cached shader map for material SkySphereMaterial, compiling. 
[2018.01.03-17.39.37:947][  0]LogMaterial: Missing cached shader map for material FloorPlaneMaterial, compiling. 
[2018.01.03-17.39.38:340][  0]LogMaterial: Missing cached shader map for material LandscapeGizmo_Mat, compiling. 
[2018.01.03-17.39.38:390][  0]LogMaterial: Missing cached shader map for material LandscapeGizmoHeight_Mat, compiling. 
[2018.01.03-17.39.38:510][  0]LogMaterial: Missing cached shader map for material SplineEditorMeshMat, compiling. 
[2018.01.03-17.39.38:782][  0]LogNetVersion: Caramuru2D , NetCL: 3573198, EngineNetVer: 2, GameNetVer: 0 (Checksum: 1344554375)
[2018.01.03-17.39.39:098][  0]LogMaterial: Missing cached shader map for material HelpActorMaterial, compiling. 
[2018.01.03-17.39.40:007][  0]LogMaterial: Missing cached shader map for material DefaultTextMaterialOpaque, compiling. 
[2018.01.03-17.39.41:110][  0]LogMaterial: Missing cached shader map for material GearVRControllerMaterial, compiling. 
[2018.01.03-17.39.41:833][  0]LogPackageLocalizationCache: Processed 5 localized package path(s) for 2 prioritized culture(s) in 0.211879 seconds
[2018.01.03-17.39.41:880][  0]LogUObjectArray: 35825 objects as part of root set at end of initial load.
[2018.01.03-17.39.41:880][  0]LogUObjectAllocator: 7529104 out of 0 bytes used by permanent object pool.
[2018.01.03-17.39.41:886][  0]LogUObjectArray: CloseDisregardForGC: 0/0 objects in disregard for GC pool
[2018.01.03-17.39.42:136][  0]LogInit: WinSock: version 1.1 (2.2), MaxSocks=32767, MaxUdp=65467
[2018.01.03-17.40.12:398][  0]LogMaterial: Missing cached shader map for material GridPostProcess, compiling. 
[2018.01.03-17.40.12:406][  0]LogMaterial: Missing cached shader map for material LaserPointerMaterial, compiling. 
[2018.01.03-17.40.12:424][  0]LogMaterial: Missing cached shader map for material LaserPointerMaterial, compiling. 
[2018.01.03-17.40.12:451][  0]LogMaterial: Missing cached shader map for material OculusControllerMaterial, compiling. 
[2018.01.03-17.40.12:475][  0]LogMaterial: Missing cached shader map for material GridMaterial, compiling. 
[2018.01.03-17.40.12:486][  0]LogMaterial: Missing cached shader map for material VRTextMaterial, compiling. 
[2018.01.03-17.40.12:573][  0]LogMaterial: Missing cached shader map for material VivePreControllerMaterial, compiling. 
[2018.01.03-17.40.12:597][  0]LogMaterial: Missing cached shader map for material GenericHMDMaterial, compiling. 
[2018.01.03-17.40.12:637][  0]LogMaterial: Missing cached shader map for material TeleportDirectionMaterial, compiling. 
[2018.01.03-17.40.12:658][  0]LogMaterial: Missing cached shader map for material FlattenHeightMat, compiling. 
[2018.01.03-17.40.12:670][  0]LogMaterial: Missing cached shader map for material ArrowMaterial, compiling. 
[2018.01.03-17.40.12:690][  0]LogMaterial: Missing cached shader map for material KeyDiskMaterial, compiling. 
[2018.01.03-17.40.12:702][  0]LogMaterial: Missing cached shader map for material M_ContentWindow, compiling. 
[2018.01.03-17.40.12:789][  0]LogMaterial: Missing cached shader map for material LineMaterial, compiling. 
[2018.01.03-17.40.12:816][  0]LogMaterial: Missing cached shader map for material VRTextMaterial, compiling. 
[2018.01.03-17.40.16:420][  0]LogMaterial: Missing cached shader map for material DefaultSpriteMaterial, compiling. 
[2018.01.03-17.40.16:480][  0]LogMaterial: Missing cached shader map for material DefaultSpriteMaterial, compiling. 
[2018.01.03-17.40.17:327][  0]LogTcpMessaging: Initializing TcpMessaging bridge
[2018.01.03-17.40.17:421][  0]LogUdpMessaging: Initializing bridge on interface 0.0.0.0:0 to multicast group 230.0.0.1:6666.
[2018.01.03-17.40.18:125][  0]LogMaterial: Missing cached shader map for material DefaultMaterial, compiling. 
[2018.01.03-17.40.19:940][  0]LogMaterial: Missing cached shader map for material BaseColor, compiling. 
[2018.01.03-17.40.19:959][  0]LogMaterial: Warning: Failed to compile Material /Engine/BufferVisualization/BaseColor.BaseColor for platform PCD3D_SM5, Default Material will be used in game.
[2018.01.03-17.40.19:959][  0]LogMaterial: Warning: 	(Node SceneTexture) GBuffer scene textures not available with forward shading.
[2018.01.03-17.40.19:991][  0]LogMaterial: Missing cached shader map for material CustomDepth, compiling. 
[2018.01.03-17.40.20:202][  0]LogMaterial: Uniform references updated for custom material expression Custom.
[2018.01.03-17.40.20:207][  0]LogMaterial: Missing cached shader map for material CustomStencil, compiling. 
[2018.01.03-17.40.20:245][  0]LogMaterial: Missing cached shader map for material FinalImage, compiling. 
[2018.01.03-17.40.20:276][  0]LogMaterial: Missing cached shader map for material LightingModel, compiling. 
[2018.01.03-17.40.20:276][  0]LogMaterial: Warning: Failed to compile Material /Engine/BufferVisualization/LightingModel.LightingModel for platform PCD3D_SM5, Default Material will be used in game.
[2018.01.03-17.40.20:276][  0]LogMaterial: Warning: 	(Node SceneTexture) GBuffer scene textures not available with forward shading.
[2018.01.03-17.40.20:286][  0]LogMaterial: Missing cached shader map for material MaterialAO, compiling. 
[2018.01.03-17.40.20:287][  0]LogMaterial: Warning: Failed to compile Material /Engine/BufferVisualization/MaterialAO.MaterialAO for platform PCD3D_SM5, Default Material will be used in game.
[2018.01.03-17.40.20:287][  0]LogMaterial: Warning: 	(Node SceneTexture) GBuffer scene textures not available with forward shading.
[2018.01.03-17.40.20:298][  0]LogMaterial: Missing cached shader map for material Metallic, compiling. 
[2018.01.03-17.40.20:298][  0]LogMaterial: Warning: Failed to compile Material /Engine/BufferVisualization/Metallic.Metallic for platform PCD3D_SM5, Default Material will be used in game.
[2018.01.03-17.40.20:298][  0]LogMaterial: Warning: 	(Node SceneTexture) GBuffer scene textures not available with forward shading.
[2018.01.03-17.40.20:308][  0]LogMaterial: Missing cached shader map for material Opacity, compiling. 
[2018.01.03-17.40.20:309][  0]LogMaterial: Warning: Failed to compile Material /Engine/BufferVisualization/Opacity.Opacity for platform PCD3D_SM5, Default Material will be used in game.
[2018.01.03-17.40.20:309][  0]LogMaterial: Warning: 	(Node SceneTexture) GBuffer scene textures not available with forward shading.
[2018.01.03-17.40.20:324][  0]LogMaterial: Missing cached shader map for material Roughness, compiling. 
[2018.01.03-17.40.20:324][  0]LogMaterial: Warning: Failed to compile Material /Engine/BufferVisualization/Roughness.Roughness for platform PCD3D_SM5, Default Material will be used in game.
[2018.01.03-17.40.20:324][  0]LogMaterial: Warning: 	(Node SceneTexture) GBuffer scene textures not available with forward shading.
[2018.01.03-17.40.20:341][  0]LogMaterial: Missing cached shader map for material SceneColor, compiling. 
[2018.01.03-17.40.20:368][  0]LogMaterial: Missing cached shader map for material SceneDepth, compiling. 
[2018.01.03-17.40.20:381][  0]LogMaterial: Missing cached shader map for material SeparateTranslucencyRGB, compiling. 
[2018.01.03-17.40.20:397][  0]LogMaterial: Missing cached shader map for material SeparateTranslucencyA, compiling. 
[2018.01.03-17.40.20:440][  0]LogMaterial: Missing cached shader map for material Specular, compiling. 
[2018.01.03-17.40.20:440][  0]LogMaterial: Warning: Failed to compile Material /Engine/BufferVisualization/Specular.Specular for platform PCD3D_SM5, Default Material will be used in game.
[2018.01.03-17.40.20:440][  0]LogMaterial: Warning: 	(Node SceneTexture) GBuffer scene textures not available with forward shading.
[2018.01.03-17.40.20:462][  0]LogMaterial: Missing cached shader map for material SubsurfaceColor, compiling. 
[2018.01.03-17.40.20:462][  0]LogMaterial: Warning: Failed to compile Material /Engine/BufferVisualization/SubsurfaceColor.SubsurfaceColor for platform PCD3D_SM5, Default Material will be used in game.
[2018.01.03-17.40.20:462][  0]LogMaterial: Warning: 	(Node SceneTexture) GBuffer scene textures not available with forward shading.
[2018.01.03-17.40.20:476][  0]LogMaterial: Missing cached shader map for material WorldNormal, compiling. 
[2018.01.03-17.40.20:477][  0]LogMaterial: Warning: Failed to compile Material /Engine/BufferVisualization/WorldNormal.WorldNormal for platform PCD3D_SM5, Default Material will be used in game.
[2018.01.03-17.40.20:477][  0]LogMaterial: Warning: 	(Node SceneTexture) GBuffer scene textures not available with forward shading.
[2018.01.03-17.40.20:538][  0]LogMaterial: Missing cached shader map for material AmbientOcclusion, compiling. 
[2018.01.03-17.40.20:626][  0]LogMaterial: Missing cached shader map for material CustomDepthWorldUnits, compiling. 
[2018.01.03-17.40.20:652][  0]LogMaterial: Missing cached shader map for material SceneDepthWorldUnits, compiling. 
[2018.01.03-17.40.20:674][  0]LogMaterial: Missing cached shader map for material PreTonemapHDRColor, compiling. 
[2018.01.03-17.40.20:703][  0]LogMaterial: Missing cached shader map for material PostTonemapHDRColor, compiling. 
[2018.01.03-17.40.21:745][  0]SourceControl: Controle de origem desativado
[2018.01.03-17.40.25:492][  0]LogAndroidPermission: UAndroidPermissionCallbackProxy::GetInstance
[2018.01.03-17.40.26:095][  0]LogOcInput: OculusInput pre-init called
[2018.01.03-17.40.26:665][  0]LogMaterial: Missing cached shader map for material HighResScreenshot, compiling. 
[2018.01.03-17.40.26:691][  0]LogMaterial: Missing cached shader map for material HighResScreenshotMask, compiling. 
[2018.01.03-17.40.26:725][  0]LogMaterial: Missing cached shader map for material HighResScreenshotCaptureRegion, compiling. 
[2018.01.03-17.40.27:249][  0]LogEngine: Initializing Engine...
[2018.01.03-17.40.27:364][  0]LogHMD: Failed to initialize OpenVR with code 110
[2018.01.03-17.40.27:431][  0]LogMaterial: Missing cached shader map for material WireframeMaterial, compiling. Is special engine material.
[2018.01.03-17.40.27:676][  0]LogMaterial: Missing cached shader map for material LevelColorationLitMaterial, compiling. Is special engine material.
[2018.01.03-17.40.28:193][  0]LogMaterial: Missing cached shader map for material LevelColorationUnlitMaterial, compiling. Is special engine material.
[2018.01.03-17.40.28:459][  0]LogMaterial: Missing cached shader map for material MAT_LevelColorationLitLightmapUV, compiling. Is special engine material.
[2018.01.03-17.40.29:022][  0]LogMaterial: Missing cached shader map for material ShadedLevelColorationLitMaterial, compiling. Is special engine material.
[2018.01.03-17.40.29:689][  0]LogMaterial: Missing cached shader map for material ShadedLevelColorationUnlitMateri, compiling. Is special engine material.
[2018.01.03-17.40.29:868][  0]LogMaterial: Missing cached shader map for material VertexColorMaterial, compiling. 
[2018.01.03-17.40.29:983][  0]LogMaterial: Missing cached shader map for material VertexColorViewMode_ColorOnly, compiling. 
[2018.01.03-17.40.30:068][  0]LogMaterial: Missing cached shader map for material VertexColorViewMode_AlphaAsColor, compiling. 
[2018.01.03-17.40.30:242][  0]LogMaterial: Missing cached shader map for material VertexColorViewMode_RedOnly, compiling. 
[2018.01.03-17.40.30:289][  0]LogMaterial: Missing cached shader map for material VertexColorViewMode_GreenOnly, compiling. 
[2018.01.03-17.40.30:329][  0]LogMaterial: Missing cached shader map for material VertexColorViewMode_BlueOnly, compiling. 
[2018.01.03-17.40.30:727][  0]LogMaterial: Missing cached shader map for material RemoveSurfaceMaterial, compiling. 
[2018.01.03-17.40.30:784][  0]LogMaterial: Missing cached shader map for material DebugMeshMaterial, compiling. 
[2018.01.03-17.40.30:850][  0]LogMaterial: Missing cached shader map for material M_InvalidLightmapSettings, compiling. 
[2018.01.03-17.40.30:946][  0]LogMaterial: Missing cached shader map for material GizmoMaterial, compiling. 
[2018.01.03-17.40.31:000][  0]LogMaterial: Missing cached shader map for material PhAT_JointLimitMaterial, compiling. 
[2018.01.03-17.40.31:044][  0]LogMaterial: Missing cached shader map for material GeomMaterial, compiling. 
[2018.01.03-17.40.31:066][  0]LogMaterial: Missing cached shader map for material EditorBrushMaterial, compiling. 
[2018.01.03-17.40.31:152][  0]LogMaterial: Missing cached shader map for material BoneWeightMaterial, compiling. 
[2018.01.03-17.40.31:236][  0]LogMaterial: Missing cached shader map for material ClothMaterial, compiling. 
[2018.01.03-17.40.31:292][  0]LogMaterial: Missing cached shader map for material ClothMaterial_WF, compiling. 
[2018.01.03-17.40.31:377][  0]LogMaterial: Missing cached shader map for material DebugEditorMaterial, compiling. 
[2018.01.03-17.40.31:427][  0]LogMaterial: Missing cached shader map for material PreviewShadowIndicatorMaterial, compiling. 
[2018.01.03-17.40.32:229][  0]LogStats: UGameplayTagsManager::ConstructGameplayTagTree: Construct from data asset -  0.000 s
[2018.01.03-17.40.32:285][  0]LogStats: UGameplayTagsManager::ConstructGameplayTagTree: GameplayTagTreeChangedEvent.Broadcast -  0.041 s
[2018.01.03-17.40.33:754][  0]LogAIModule: Creating AISystem for world Untitled
[2018.01.03-17.40.34:202][  0]LogInit: XAudio2 using 'Alto-falantes (USB PnP Audio Device)' : 2 channels at 48 kHz using 16 bits per sample (channel mask 0x3)
[2018.01.03-17.40.34:421][  0]LogInit: FAudioDevice initialized.
[2018.01.03-17.40.36:704][  0]LogDerivedDataCache: Saved boot cache 2.22s 95MB C:/Users/Junio/AppData/Local/UnrealEngine/4.17/DerivedDataCache/Boot.ddc.
[2018.01.03-17.40.36:799][  0]LogInit: Texture streaming: Enabled
[2018.01.03-17.40.39:083][  0]LogEngineSessionManager: EngineSessionManager initialized
[2018.01.03-17.40.41:275][  0]LogInit: Transaction tracking system initialized
[2018.01.03-17.40.43:270][  0]BlueprintLog: New page: Carregar Editor
[2018.01.03-17.40.47:478][  0]LocalizationService: Localization service is disabled
[2018.01.03-17.40.50:972][  0]LogConsoleResponse: Display: 
[2018.01.03-17.40.52:010][  0]LogMaterial: Missing cached shader map for material Cross_Mat, compiling. 
[2018.01.03-17.40.52:071][  0]LogMaterial: Missing cached shader map for material PhAT_BoneSelectedMaterial, compiling. 
[2018.01.03-17.40.52:158][  0]LogMaterial: Missing cached shader map for material PhAT_ElemSelectedMaterial, compiling. 
[2018.01.03-17.40.52:224][  0]LogMaterial: Missing cached shader map for material PhAT_NoCollisionMaterial, compiling. 
[2018.01.03-17.40.52:256][  0]LogMaterial: Missing cached shader map for material PhAT_UnselectedMaterial, compiling. 
[2018.01.03-17.40.52:372][  0]LogMaterial: Missing cached shader map for material Tick_Mat, compiling. 
[2018.01.03-17.40.52:446][  0]LogMaterial: Missing cached shader map for material WidgetGridVertexColorMaterial_Ma, compiling. 
[2018.01.03-17.40.52:477][  0]LogMaterial: Missing cached shader map for material WidgetMaterial, compiling. 
[2018.01.03-17.40.52:528][  0]LogMaterial: Missing cached shader map for material WidgetMaterial_Current, compiling. 
[2018.01.03-17.40.52:561][  0]LogMaterial: Missing cached shader map for material WidgetMaterial_X, compiling. 
[2018.01.03-17.40.52:584][  0]LogMaterial: Missing cached shader map for material WidgetMaterial_Y, compiling. 
[2018.01.03-17.40.52:626][  0]LogMaterial: Missing cached shader map for material WidgetMaterial_Z, compiling. 
[2018.01.03-17.40.52:679][  0]LogMaterial: Missing cached shader map for material WidgetVertexColorMaterial, compiling. 
[2018.01.03-17.40.53:271][  0]LogMaterial: Missing cached shader map for material LevelGridMaterial, compiling. 
[2018.01.03-17.40.53:935][  0]LogMaterial: Missing cached shader map for material BlinkingCaret, compiling. 
[2018.01.03-17.40.55:066][  0]LogMaterial: Missing cached shader map for material M_StreamingPause, compiling. 
[2018.01.03-17.40.56:222][  0]LogCook: Display: Max memory allowance for cook 16384mb min free memory 0mb
[2018.01.03-17.40.56:250][  0]LogCook: Display: Mobile HDR setting 0
[2018.01.03-17.40.56:560][  0]LogGameplayTags: Display: UGameplayTagsManager::DoneAddingNativeTags. DelegateIsBound: 0
[2018.01.03-17.41.01:552][  0]LogFileCache: Scanning file cache for directory 'C:/Documents/projetos/GAMENGINE/Unreal Engine 4/Unreal Projects/Caramuru2D-4.17/Content/' took 2.51s
[2018.01.03-17.41.07:573][  0]Cmd: MAP LOAD FILE="../../../../../../Documents/projetos/GAMENGINE/Unreal Engine 4/Unreal Projects/Caramuru2D-4.17/Content/2DSideScrollerBP/Maps/Caramuru2D.umap" TEMPLATE=0 SHOWPROGRESS=1 FEATURELEVEL=3
[2018.01.03-17.41.07:683][  0]LightingResults: New page: Compilação de Iluminação
[2018.01.03-17.41.08:538][  0]MapCheck: New page: Verificação de Mapa
[2018.01.03-17.41.08:538][  0]LightingResults: New page: Compilação de Iluminação
[2018.01.03-17.41.17:747][  0]LogMaterial: Missing cached shader map for material DefaultSpriteMaterial, compiling. 
[2018.01.03-17.41.17:859][  0]LogMaterial: Missing cached shader map for material Kameha_Material, compiling. 
[2018.01.03-17.41.17:972][  0]LogMaterial: Missing cached shader map for material Sprite_Material, compiling. 
[2018.01.03-17.41.23:913][  0]LogAIModule: Creating AISystem for world Caramuru2D
[2018.01.03-17.41.26:041][  0]LogEditorServer: Finished looking for orphan Actors (0.000 secs)
[2018.01.03-17.41.26:228][  0]Cmd: MAP CHECKDEP NOCLEARLOG
[2018.01.03-17.41.26:313][  0]MapCheck: Map check complete: 0 Error(s), 0 Warning(s), took 84,75ms to complete.
[2018.01.03-17.41.26:313][  0]LogFileHelpers: Loading map 'Caramuru2D' took 18.837
[2018.01.03-17.41.32:250][  0]LogCollectionManager: Loaded 0 collections in 0.036577 seconds
[2018.01.03-17.41.34:198][  0]LogFileCache: Scanning file cache for directory 'C:/Documents/projetos/GAMENGINE/Unreal Engine 4/Unreal Projects/Caramuru2D-4.17/Saved/Collections/' took 0.01s
[2018.01.03-17.41.34:198][  0]LogFileCache: Scanning file cache for directory 'C:/Documents/projetos/GAMENGINE/Unreal Engine 4/Unreal Projects/Caramuru2D-4.17/Content/Developers/Junio/Collections/' took 0.01s
[2018.01.03-17.41.34:198][  0]LogFileCache: Scanning file cache for directory 'C:/Documents/projetos/GAMENGINE/Unreal Engine 4/Unreal Projects/Caramuru2D-4.17/Content/Collections/' took 0.01s
[2018.01.03-17.41.34:198][  0]LogCollectionManager: Rebuilt the GUID cache for 0 collections in 0.000001 seconds
[2018.01.03-17.41.34:397][  0]LogContentBrowser: Native class hierarchy populated in 0.0257 seconds. Added 2386 classes and 500 folders.
[2018.01.03-17.41.35:040][  0]LogContentBrowser: Native class hierarchy updated for 'WidgetCarousel' in 0.0007 seconds. Added 0 classes and 0 folders.
[2018.01.03-17.41.37:431][  0]LogContentBrowser: Native class hierarchy updated for 'AddContentDialog' in 0.0007 seconds. Added 0 classes and 0 folders.
[2018.01.03-17.41.38:107][  0]LogContentBrowser: Native class hierarchy updated for 'SceneOutliner' in 0.0009 seconds. Added 1 classes and 2 folders.
[2018.01.03-17.41.38:991][  0]LogContentBrowser: Native class hierarchy updated for 'HierarchicalLODOutliner' in 0.0007 seconds. Added 1 classes and 2 folders.
[2018.01.03-17.41.38:992][  0]LogLoad: (Engine Initialization) Total time: 470.55 seconds
[2018.01.03-17.41.38:992][  0]LogLoad: (Engine Initialization) Total Blueprint compile time: 0.00 seconds
[2018.01.03-17.41.39:023][  0]LogExternalProfiler: No external profilers were discovered.  External profiling features will not be available.
[2018.01.03-17.41.39:772][  0]SourceControl: On branch master
[2018.01.03-17.41.39:773][  0]SourceControl: Your branch is up to date with 'origin/master'.
[2018.01.03-17.41.39:773][  0]SourceControl: Changes not staged for commit:
[2018.01.03-17.41.39:773][  0]SourceControl:   (use "git add/rm <file>..." to update what will be committed)
[2018.01.03-17.41.39:773][  0]SourceControl:   (use "git checkout -- <file>..." to discard changes in working directory)
[2018.01.03-17.41.39:773][  0]SourceControl: 	modified:   Intermediate/CachedAssetRegistry.bin
[2018.01.03-17.41.39:773][  0]SourceControl: 	modified:   Intermediate/Config/CoalescedSourceConfigs/Engine.ini
[2018.01.03-17.41.39:773][  0]SourceControl: 	modified:   Saved/AutoScreenshot.png
[2018.01.03-17.41.39:773][  0]SourceControl: 	modified:   Saved/Autosaves/PackageRestoreData.json
[2018.01.03-17.41.39:773][  0]SourceControl: 	deleted:    Saved/Config/CrashReportClient/UE4CC-Windows-1BF3A9D1417C4C91623B3DBBB167B153/CrashReportClient.ini
[2018.01.03-17.41.39:773][  0]SourceControl: 	deleted:    Saved/Config/CrashReportClient/UE4CC-Windows-3779B5F34A8AC1838D8BD09960132860/CrashReportClient.ini
[2018.01.03-17.41.39:773][  0]SourceControl: 	deleted:    Saved/Config/CrashReportClient/UE4CC-Windows-3B3E7EB84DBD3EE291A3C291639576E3/CrashReportClient.ini
[2018.01.03-17.41.39:773][  0]SourceControl: 	deleted:    Saved/Config/CrashReportClient/UE4CC-Windows-5DC9E9FD45BC7A7860C687A468DFE7F8/CrashReportClient.ini
[2018.01.03-17.41.39:773][  0]SourceControl: 	deleted:    Saved/Config/CrashReportClient/UE4CC-Windows-705042E54A4FEBE59C6113918393E140/CrashReportClient.ini
[2018.01.03-17.41.39:773][  0]SourceControl: 	deleted:    Saved/Config/CrashReportClient/UE4CC-Windows-7A93264A4BA0DD6E3E1CA9BE10DBFFF0/CrashReportClient.ini
[2018.01.03-17.41.39:773][  0]SourceControl: 	deleted:    Saved/Config/CrashReportClient/UE4CC-Windows-80B2B74E446FD70418C448AD110E7EF1/CrashReportClient.ini
[2018.01.03-17.41.39:773][  0]SourceControl: 	deleted:    Saved/Config/CrashReportClient/UE4CC-Windows-AD9418984DD709BCE041B2AA64772D9B/CrashReportClient.ini
[2018.01.03-17.41.39:773][  0]SourceControl: 	deleted:    Saved/Config/CrashReportClient/UE4CC-Windows-C98D6C0043A091CF4194118007BCDDBB/CrashReportClient.ini
[2018.01.03-17.41.39:773][  0]SourceControl: 	modified:   Saved/Config/Windows/Editor.ini
[2018.01.03-17.41.39:773][  0]SourceControl: 	modified:   Saved/Config/Windows/EditorPerProjectUserSettings.ini
[2018.01.03-17.41.39:773][  0]SourceControl: 	modified:   Saved/Config/WorldState/150936410.json
[2018.01.03-17.41.39:773][  0]SourceControl: 	deleted:    Saved/Logs/Caramuru2D-backup-2017.12.05-03.05.46.log
[2018.01.03-17.41.39:773][  0]SourceControl: 	deleted:    Saved/Logs/Caramuru2D-backup-2017.12.05-11.55.35.log
[2018.01.03-17.41.39:773][  0]SourceControl: 	deleted:    Saved/Logs/Caramuru2D-backup-2017.12.05-12.26.19.log
[2018.01.03-17.41.39:773][  0]SourceControl: 	deleted:    Saved/Logs/Caramuru2D-backup-2017.12.06-01.59.37.log
[2018.01.03-17.41.39:773][  0]SourceControl: 	deleted:    Saved/Logs/Caramuru2D-backup-2017.12.06-02.10.36.log
[2018.01.03-17.41.39:773][  0]SourceControl: 	deleted:    Saved/Logs/Caramuru2D-backup-2017.12.06-02.21.14.log
[2018.01.03-17.41.39:773][  0]SourceControl: 	deleted:    Saved/Logs/Caramuru2D-backup-2017.12.27-11.08.13.log
[2018.01.03-17.41.39:773][  0]SourceControl: 	deleted:    Saved/Logs/Caramuru2D-backup-2017.12.28-11.59.05.log
[2018.01.03-17.41.39:773][  0]SourceControl: 	modified:   Saved/Logs/Caramuru2D.log
[2018.01.03-17.41.39:773][  0]SourceControl: 	deleted:    Saved/Logs/Caramuru2D_2-backup-2017.12.05-12.28.13.log
[2018.01.03-17.41.39:773][  0]SourceControl: Untracked files:
[2018.01.03-17.41.39:773][  0]SourceControl:   (use "git add <file>..." to include in what will be committed)
[2018.01.03-17.41.39:773][  0]SourceControl: 	Saved/Backup/Caramuru2D_2017-12-28-13-20-56.umap
[2018.01.03-17.41.39:773][  0]SourceControl: 	Saved/Backup/Caramuru_2017-12-28-13-20-48.uasset
[2018.01.03-17.41.39:773][  0]SourceControl: 	Saved/Config/CrashReportClient/UE4CC-Windows-CCF621554FD2333D34CEFCB71761A586/
[2018.01.03-17.41.39:773][  0]SourceControl: 	Saved/Logs/Caramuru2D-backup-2018.01.03-14.34.10.log
[2018.01.03-17.41.39:773][  0]SourceControl: no changes added to commit (use "git add" and/or "git commit -a")
[2018.01.03-17.41.39:786][  0]LogContentStreaming: Texture pool size now 1000 MB
[2018.01.03-17.41.39:896][  0]LogSlate: Took 0.013857 seconds to synchronously load lazily loaded font '../../../Engine/Content/Slate/Fonts/Roboto-Regular.ttf' (155K)
[2018.01.03-17.41.39:921][  0]LogSlate: Took 0.008923 seconds to synchronously load lazily loaded font '../../../Engine/Content/Slate/Fonts/Roboto-Bold.ttf' (160K)
[2018.01.03-17.41.39:999][  0]LogSlate: Took 0.030449 seconds to synchronously load lazily loaded font '../../../Engine/Content/Editor/Slate/Fonts/FontAwesome.ttf' (139K)
[2018.01.03-17.41.40:762][  0]LogRenderer: Reallocating scene render targets to support 804x360 Format 10 NumSamples 1 (Frame:1).
[2018.01.03-17.41.40:762][  0]LogSlate: Took 0.029035 seconds to synchronously load lazily loaded font '../../../Engine/Content/Slate/Fonts/Roboto-Light.ttf' (159K)
[2018.01.03-17.41.42:435][  2]LogSlate: Took 0.000202 seconds to synchronously load lazily loaded font '../../../Engine/Content/Slate/Fonts/Roboto-Light.ttf' (159K)
[2018.01.03-17.41.42:767][  3]LogAssetRegistry: Asset discovery search completed in 411.8009 seconds
[2018.01.03-17.41.42:770][  3]LogCollectionManager: Rebuilt the object cache for 0 collections in 0.000001 seconds (found 0 objects)
[2018.01.03-17.41.42:770][  3]LogCollectionManager: Fixed up redirectors for 0 collections in 0.000063 seconds (updated 0 objects)
[2018.01.03-18.24.08:672][685]Cmd: QUIT_EDITOR
[2018.01.03-18.24.11:436][685]LogWindowsTextInputMethodSystem: Display: IME system now deactivated.
[2018.01.03-18.24.11:986][685]LogExit: Preparing to exit.
[2018.01.03-18.24.13:938][685]LogDirectoryWatcher: A directory notification for 'C:/Documents/projetos/GAMENGINE/Unreal Engine 4/Unreal Projects/Caramuru2D-4.17/Content/' was aborted.
[2018.01.03-18.24.17:374][685]LogExit: Editor shut down
[2018.01.03-18.24.17:379][685]LogExit: Transaction tracking system shut down
[2018.01.03-18.24.19:505][685]LogDirectoryWatcher: A directory notification for '../../../Engine/Content/' was aborted.
[2018.01.03-18.24.19:505][685]LogDirectoryWatcher: A directory notification for '../../../../../../Documents/projetos/GAMENGINE/Unreal Engine 4/Unreal Projects/Caramuru2D-4.17/Content/' was aborted.
[2018.01.03-18.24.19:505][685]LogDirectoryWatcher: A directory notification for '../../../Engine/Plugins/2D/Paper2D/Content/' was aborted.
[2018.01.03-18.24.19:505][685]LogDirectoryWatcher: A directory notification for '../../../Engine/Plugins/Runtime/Oculus/OculusVR/Content/' was aborted.
[2018.01.03-18.24.19:505][685]LogDirectoryWatcher: A directory notification for '../../../Engine/Plugins/Runtime/Steam/SteamVR/Content/' was aborted.
[2018.01.03-18.24.31:233][685]LogExit: Object subsystem successfully closed.
[2018.01.03-18.24.33:489][685]LogD3D11RHI: Shutdown
[2018.01.03-18.24.33:537][685]LogD3D11RHI: CleanupD3DDevice
[2018.01.03-18.24.33:729][685]LogD3D11RHI: ~FD3D11DynamicRHI
