Log file open, 02/05/18 19:36:45
LogWindows: Failed to load 'aqProf.dll' (GetLastError=126)
LogWindows: File 'aqProf.dll' does not exist
LogWindows: Failed to load 'VSPerf140.dll' (GetLastError=126)
LogWindows: File 'VSPerf140.dll' does not exist
LogWindows: Failed to load 'VtuneApi.dll' (GetLastError=126)
LogWindows: File 'VtuneApi.dll' does not exist
LogWindows: Failed to load 'VtuneApi32e.dll' (GetLastError=126)
LogWindows: File 'VtuneApi32e.dll' does not exist
LogInit: Display: Running engine for game: Caramuru2D
LogPlatformFile: Not using cached read wrapper
LogInit: Display: RandInit(1711317702) SRandInit(1711317702).
LogTaskGraph: Started task graph with 5 named threads and 8 total threads with 3 sets of task threads.
LogStats: Stats thread started at 0.136857
LogD3D11RHI: Aftermath initialized
LogPluginManager: Mounting plugin Paper2D
LogPluginManager: Mounting plugin LightPropagationVolume
LogPluginManager: Mounting plugin CodeLiteSourceCodeAccess
LogPluginManager: Mounting plugin GitSourceControl
LogPluginManager: Mounting plugin KDevelopSourceCodeAccess
LogPluginManager: Mounting plugin NullSourceCodeAccess
LogPluginManager: Mounting plugin PerforceSourceControl
LogPluginManager: Mounting plugin SubversionSourceControl
LogPluginManager: Mounting plugin UObjectPlugin
LogPluginManager: Mounting plugin VisualStudioSourceCodeAccess
LogPluginManager: Mounting plugin XCodeSourceCodeAccess
LogPluginManager: Mounting plugin AssetManagerEditor
LogPluginManager: Mounting plugin AudioCapture
LogPluginManager: Mounting plugin FacialAnimation
LogPluginManager: Mounting plugin GameplayTagsEditor
LogPluginManager: Mounting plugin MobileLauncherProfileWizard
LogPluginManager: Mounting plugin PluginBrowser
LogPluginManager: Mounting plugin SpeedTreeImporter
LogPluginManager: Mounting plugin AlembicImporter
LogPluginManager: Mounting plugin CharacterAI
LogPluginManager: Mounting plugin HTML5Networking
LogPluginManager: Mounting plugin AndroidMedia
LogPluginManager: Mounting plugin AvfMedia
LogPluginManager: Mounting plugin MediaPlayerEditor
LogPluginManager: Mounting plugin WmfMedia
LogPluginManager: Mounting plugin TcpMessaging
LogPluginManager: Mounting plugin UdpMessaging
LogPluginManager: Mounting plugin LevelSequenceEditor
LogPluginManager: Mounting plugin MatineeToLevelSequence
LogPluginManager: Mounting plugin OnlineSubsystemGooglePlay
LogPluginManager: Mounting plugin OnlineSubsystemIOS
LogPluginManager: Mounting plugin OnlineSubsystem
LogPluginManager: Mounting plugin OnlineSubsystemNull
LogPluginManager: Mounting plugin OnlineSubsystemUtils
LogPluginManager: Mounting plugin AndroidDeviceProfileSelector
LogPluginManager: Mounting plugin AndroidMoviePlayer
LogPluginManager: Mounting plugin AndroidPermission
LogPluginManager: Mounting plugin AppleMoviePlayer
LogPluginManager: Mounting plugin ArchVisCharacter
LogPluginManager: Mounting plugin CableComponent
LogPluginManager: Mounting plugin CustomMeshComponent
LogPluginManager: Mounting plugin ExampleDeviceProfileSelector
LogPluginManager: Mounting plugin GoogleCloudMessaging
LogPluginManager: Mounting plugin ImmediatePhysics
LogPluginManager: Mounting plugin IOSDeviceProfileSelector
LogPluginManager: Mounting plugin LinuxDeviceProfileSelector
LogPluginManager: Mounting plugin LocationServicesBPLibrary
LogPluginManager: Mounting plugin MobilePatchingUtils
LogPluginManager: Mounting plugin OculusVR
LogPluginManager: Mounting plugin PhysXVehicles
LogPluginManager: Mounting plugin ProceduralMeshComponent
LogPluginManager: Mounting plugin RuntimePhysXCooking
LogPluginManager: Mounting plugin SteamVR
LogPluginManager: Mounting plugin WindowsMoviePlayer
LogInit: Using libcurl 7.47.1
LogInit:  - built for x86_64-pc-win32
LogInit:  - supports SSL with OpenSSL/1.0.2g
LogInit:  - supports HTTP deflate (compression) using libz 1.2.8
LogInit:  - other features:
LogInit:      CURL_VERSION_SSL
LogInit:      CURL_VERSION_LIBZ
LogInit:      CURL_VERSION_IPV6
LogInit:      CURL_VERSION_ASYNCHDNS
LogInit:      CURL_VERSION_LARGEFILE
LogInit:      CURL_VERSION_IDN
LogInit:  CurlRequestOptions (configurable via config and command line):
LogInit:  - bVerifyPeer = false  - Libcurl will NOT verify peer certificate
LogInit:  - bUseHttpProxy = false  - Libcurl will NOT use HTTP proxy
LogInit:  - bDontReuseConnections = false  - Libcurl will reuse connections
LogInit:  - CertBundlePath = nullptr  - Libcurl will use whatever was configured at build time.
LogInit: Build: ++UE4+Release-4.17-CL-3658906
LogInit: Engine Version: 4.17.2-3658906+++UE4+Release-4.17
LogInit: Compatible Engine Version: 4.17.0-3573198+++UE4+Release-4.17
LogInit: Net CL: 3573198
LogDevObjectVersion: Number of dev versions registered: 16
LogDevObjectVersion:   Dev-Blueprints (B0D832E4-1F89-4F0D-ACCF-7EB736FD4AA2): 10
LogDevObjectVersion:   Dev-Build (E1C64328-A22C-4D53-A36C-8E866417BD8C): 0
LogDevObjectVersion:   Dev-Core (375EC13C-06E4-48FB-B500-84F0262A717E): 2
LogDevObjectVersion:   Dev-Editor (E4B068ED-F494-42E9-A231-DA0B2E46BB41): 20
LogDevObjectVersion:   Dev-Framework (CFFC743F-43B0-4480-9391-14DF171D2073): 28
LogDevObjectVersion:   Dev-Mobile (B02B49B5-BB20-44E9-A304-32B752E40360): 0
LogDevObjectVersion:   Dev-Networking (A4E4105C-59A1-49B5-A7C5-40C4547EDFEE): 0
LogDevObjectVersion:   Dev-Online (39C831C9-5AE6-47DC-9A44-9C173E1C8E7C): 0
LogDevObjectVersion:   Dev-Physics (78F01B33-EBEA-4F98-B9B4-84EACCB95AA2): 0
LogDevObjectVersion:   Dev-Platform (6631380F-2D4D-43E0-8009-CF276956A95A): 0
LogDevObjectVersion:   Dev-Rendering (12F88B9F-8875-4AFC-A67C-D90C383ABD29): 19
LogDevObjectVersion:   Dev-Sequencer (7B5AE74C-D270-4C10-A958-57980B212A5A): 4
LogDevObjectVersion:   Dev-VR (D7296918-1DD6-4BDD-9DE2-64A83CC13884): 0
LogDevObjectVersion:   Dev-LoadTimes (C2A15278-BFE7-4AFE-6C17-90FF531DF755): 1
LogDevObjectVersion:   Private-Geometry (6EACA3D4-40EC-4CC1-B786-8BED09428FC5): 1
LogDevObjectVersion:   Dev-AnimPhys (29E575DD-E0A3-4627-9D10-D276232CDCEA): 7
LogInit: Compiled (64-bit): Sep 22 2017 13:47:16
LogInit: Compiled with Visual C++: 19.00.24215.01
LogInit: Build Configuration: Development
LogInit: Branch Name: ++UE4+Release-4.17
LogInit: Command line:  
LogInit: Base directory: C:/Program Files/Epic Games/UE_4.17/Engine/Binaries/Win64/
LogInit: Installed Engine Build: 1
LogInit: Presizing for max 8388607 objects, including 0 objects not considered by GC, pre-allocating 0 bytes for permanent pool.
LogInit: Object subsystem initialized
[2018.02.05-22.36.46:514][  0]LogInit: Selected Device Profile: [Windows]
[2018.02.05-22.36.46:514][  0]LogInit: Applying CVar settings loaded from the selected device profile: [Windows]
[2018.02.05-22.36.46:593][  0]LogInit: Computer: DESKTOP-63GE4Q3
[2018.02.05-22.36.46:593][  0]LogInit: User: diego
[2018.02.05-22.36.46:593][  0]LogInit: CPU Page size=4096, Cores=2
[2018.02.05-22.36.46:594][  0]LogInit: High frequency timer resolution =1.656322 MHz
[2018.02.05-22.36.46:594][  0]LogMemory: Memory total: Physical=7.9GB (8GB approx)
[2018.02.05-22.36.46:594][  0]LogMemory: Platform Memory Stats for Windows
[2018.02.05-22.36.46:594][  0]LogMemory: Process Physical Memory: 281.66 MB used, 281.66 MB peak
[2018.02.05-22.36.46:594][  0]LogMemory: Process Virtual Memory: 276.85 MB used, 276.85 MB peak
[2018.02.05-22.36.46:595][  0]LogMemory: Physical Memory: 3639.93 MB used,  4455.57 MB free, 8095.50 MB total
[2018.02.05-22.36.46:595][  0]LogMemory: Virtual Memory: 701.33 MB used,  4455.57 MB free, 134217728.00 MB total
[2018.02.05-22.36.46:849][  0]LogInit: Using OS detected language (pt-BR).
[2018.02.05-22.36.46:849][  0]LogInit: Using OS detected locale (pt-BR).
[2018.02.05-22.36.52:520][  0]LogD3D11RHI: D3D11 adapters:
[2018.02.05-22.36.52:579][  0]LogD3D11RHI:    0. 'NVIDIA GeForce 820M' (Feature Level 11_0)
[2018.02.05-22.36.52:579][  0]LogD3D11RHI:       2000/0/4047 MB DedicatedVideo/DedicatedSystem/SharedSystem, Outputs:1, VendorId:0x10de
[2018.02.05-22.36.52:586][  0]LogD3D11RHI:    1. 'Intel(R) HD Graphics Family' (Feature Level 11_0)
[2018.02.05-22.36.52:586][  0]LogD3D11RHI:       112/0/2048 MB DedicatedVideo/DedicatedSystem/SharedSystem, Outputs:0, VendorId:0x8086
[2018.02.05-22.36.52:589][  0]LogD3D11RHI:    2. 'Microsoft Basic Render Driver' (Feature Level 11_0)
[2018.02.05-22.36.52:589][  0]LogD3D11RHI:       0/0/4047 MB DedicatedVideo/DedicatedSystem/SharedSystem, Outputs:0, VendorId:0x1414
[2018.02.05-22.36.52:589][  0]LogD3D11RHI: Chosen D3D11 Adapter: 0
[2018.02.05-22.36.52:598][  0]LogD3D11RHI: Creating new Direct3DDevice
[2018.02.05-22.36.52:599][  0]LogD3D11RHI:     GPU DeviceId: 0x1140 (for the marketing name, search the web for "GPU Device Id")
[2018.02.05-22.36.52:599][  0]LogWindows: EnumDisplayDevices:
[2018.02.05-22.36.52:599][  0]LogWindows:    0. 'Intel(R) HD Graphics Family' (P:1 D:1)
[2018.02.05-22.36.52:599][  0]LogWindows:    1. 'Intel(R) HD Graphics Family' (P:0 D:0)
[2018.02.05-22.36.52:599][  0]LogWindows:    2. 'Intel(R) HD Graphics Family' (P:0 D:0)
[2018.02.05-22.36.52:599][  0]LogWindows: DebugString: GetVideoDriverDetailsInvalid PrimaryIsNotTheChoosenAdapter GetVideoDriverDetailsInvalid PrimaryIsNotTheChoosenAdapter GetVideoDriverDetailsInvalid PrimaryIsNotTheChoosenAdapter FoundDriverCount:0 
[2018.02.05-22.36.52:599][  0]LogD3D11RHI:     Adapter Name: NVIDIA GeForce 820M
[2018.02.05-22.36.52:599][  0]LogD3D11RHI:   Driver Version: Unknown (internal:Unknown, unified:Unknown)
[2018.02.05-22.36.52:599][  0]LogD3D11RHI:      Driver Date: Unknown
[2018.02.05-22.36.52:599][  0]LogRHI: Texture pool is 1361 MB (70% of 1945 MB)
[2018.02.05-22.36.52:630][  0]LogD3D11RHI: Display: Timestamp queries are currently disabled on this hardware due to instability. Realtime GPU stats will not be available. You can override this behaviour by setting r.NVIDIATimestampWorkaround to 0
[2018.02.05-22.36.52:630][  0]LogD3D11RHI: Async texture creation enabled
[2018.02.05-22.36.52:646][  0]LogD3D11RHI: GPU Timing Frequency: 1000.000000 (Debug: 2 1)
[2018.02.05-22.36.52:647][  0]LogShaderCompilers: Guid format shader working directory is -42 characters bigger than the processId version (../../../../../../Users/diego/OneDrive/Documentos/GitHub/Caramuru2D-4.17/Caramuru2D-4.17/Intermediate/Shaders/WorkingDirectory/8244/).
[2018.02.05-22.36.52:647][  0]LogShaderCompilers: Cleaned the shader compiler working directory 'C:/Users/diego/AppData/Local/Temp/UnrealShaderWorkingDir/0BDEE27342A947A35B89D2975BF20B37/'.
[2018.02.05-22.36.52:647][  0]LogShaderCompilers: Display: Using Local Shader Compiler.
[2018.02.05-22.36.56:808][  0]LogTemp: Display: Loaded TP AllDesktopTargetPlatform
[2018.02.05-22.36.56:878][  0]LogTemp: Display: Loaded TP MacClientTargetPlatform
[2018.02.05-22.36.56:948][  0]LogTemp: Display: Loaded TP MacNoEditorTargetPlatform
[2018.02.05-22.36.57:020][  0]LogTemp: Display: Loaded TP MacServerTargetPlatform
[2018.02.05-22.36.57:104][  0]LogTemp: Display: Loaded TP MacTargetPlatform
[2018.02.05-22.36.57:175][  0]LogTemp: Display: Loaded TP WindowsClientTargetPlatform
[2018.02.05-22.36.57:248][  0]LogTemp: Display: Loaded TP WindowsNoEditorTargetPlatform
[2018.02.05-22.36.57:327][  0]LogTemp: Display: Loaded TP WindowsServerTargetPlatform
[2018.02.05-22.36.57:389][  0]LogTemp: Display: Loaded TP WindowsTargetPlatform
[2018.02.05-22.36.57:519][  0]LogTemp: Display: Loaded TP AndroidTargetPlatform
[2018.02.05-22.36.57:588][  0]LogTemp: Display: Loaded TP Android_ASTCTargetPlatform
[2018.02.05-22.36.57:665][  0]LogTemp: Display: Loaded TP Android_ATCTargetPlatform
[2018.02.05-22.36.57:735][  0]LogTemp: Display: Loaded TP Android_DXTTargetPlatform
[2018.02.05-22.36.57:806][  0]LogTemp: Display: Loaded TP Android_ETC1TargetPlatform
[2018.02.05-22.36.57:876][  0]LogTemp: Display: Loaded TP Android_ETC2TargetPlatform
[2018.02.05-22.36.58:020][  0]LogTemp: Display: Loaded TP Android_MultiTargetPlatform
[2018.02.05-22.36.58:020][  0]LogTemp: Display: Loaded TP Android_PVRTCTargetPlatform
[2018.02.05-22.36.58:074][  0]LogTemp: Display: Loaded TP HTML5TargetPlatform
[2018.02.05-22.36.58:347][  0]LogTemp: Display: Loaded TP IOSTargetPlatform
[2018.02.05-22.36.58:388][  0]LogTemp: Display: Loaded TP TVOSTargetPlatform
[2018.02.05-22.36.58:459][  0]LogTemp: Display: Loaded TP LinuxClientTargetPlatform
[2018.02.05-22.36.58:528][  0]LogTemp: Display: Loaded TP LinuxNoEditorTargetPlatform
[2018.02.05-22.36.58:598][  0]LogTemp: Display: Loaded TP LinuxServerTargetPlatform
[2018.02.05-22.36.58:674][  0]LogTemp: Display: Loaded TP LinuxTargetPlatform
[2018.02.05-22.36.58:674][  0]LogTargetPlatformManager: Display: Building Assets For Windows
[2018.02.05-22.36.59:393][  0]LogDerivedDataCache: Display: Max Cache Size: 512 MB
[2018.02.05-22.36.59:860][  0]LogDerivedDataCache: Loaded boot cache 0.47s 93MB C:/Users/diego/AppData/Local/UnrealEngine/4.17/DerivedDataCache/Boot.ddc.
[2018.02.05-22.36.59:860][  0]LogDerivedDataCache: Display: Loaded Boot cache: C:/Users/diego/AppData/Local/UnrealEngine/4.17/DerivedDataCache/Boot.ddc
[2018.02.05-22.36.59:860][  0]LogDerivedDataCache: FDerivedDataBackendGraph:  Pak pak cache file ../../../../../../Users/diego/OneDrive/Documentos/GitHub/Caramuru2D-4.17/Caramuru2D-4.17/DerivedDataCache/DDC.ddp not found, will not use a pak cache.
[2018.02.05-22.36.59:860][  0]LogDerivedDataCache: Unable to find inner node Pak for hierarchical cache Hierarchy.
[2018.02.05-22.36.59:860][  0]LogDerivedDataCache: FDerivedDataBackendGraph:  CompressedPak pak cache file ../../../../../../Users/diego/OneDrive/Documentos/GitHub/Caramuru2D-4.17/Caramuru2D-4.17/DerivedDataCache/Compressed.ddp not found, will not use a pak cache.
[2018.02.05-22.36.59:860][  0]LogDerivedDataCache: Unable to find inner node CompressedPak for hierarchical cache Hierarchy.
[2018.02.05-22.36.59:884][  0]LogDerivedDataCache: Display: Pak cache opened for reading ../../../Engine/DerivedDataCache/Compressed.ddp.
[2018.02.05-22.36.59:897][  0]LogDerivedDataCache: Using Local data cache path C:/Users/diego/AppData/Local/UnrealEngine/Common/DerivedDataCache: Writable
[2018.02.05-22.36.59:912][  0]LogMaterial: Verifying Global Shaders for PCD3D_SM5
[2018.02.05-22.36.59:912][  0]LogSlate: Using Freetype 2.6.0
[2018.02.05-22.36.59:960][  0]LogSlate: SlateFontCache - WITH_FREETYPE: 1, WITH_HARFBUZZ: 1
[2018.02.05-22.36.59:961][  0]LogSlate: SlateFontCache - WITH_FREETYPE: 1, WITH_HARFBUZZ: 1
[2018.02.05-22.37.01:717][  0]LogAssetRegistry: FAssetRegistry took 0.0277 seconds to start up
[2018.02.05-22.37.01:959][  0]LogInit: Selected Device Profile: [Windows]
[2018.02.05-22.37.02:347][  0]LogContentStreaming: Texture pool size is 0.00 MB
[2018.02.05-22.37.02:867][  0]LogSimplygon: Simplygon DLL not present - disabling.
[2018.02.05-22.37.02:929][  0]LogMeshReduction: Using SimplygonSwarm for distributed automatic mesh merging
[2018.02.05-22.37.02:929][  0]LogMeshReduction: Using QuadricMeshReduction for automatic static mesh reduction
[2018.02.05-22.37.02:929][  0]LogMeshReduction: No automatic skeletal mesh reduction module available
[2018.02.05-22.37.02:929][  0]LogMeshReduction: No automatic mesh merging module available
[2018.02.05-22.37.02:929][  0]LogMeshMerging: No automatic mesh merging module available
[2018.02.05-22.37.04:153][  0]LogNetVersion: Caramuru2D , NetCL: 3573198, EngineNetVer: 2, GameNetVer: 0 (Checksum: 1344554375)
[2018.02.05-22.37.05:063][  0]LogPackageLocalizationCache: Processed 5 localized package path(s) for 2 prioritized culture(s) in 0.112189 seconds
[2018.02.05-22.37.05:071][  0]LogUObjectArray: 35825 objects as part of root set at end of initial load.
[2018.02.05-22.37.05:071][  0]LogUObjectAllocator: 7529112 out of 0 bytes used by permanent object pool.
[2018.02.05-22.37.05:071][  0]LogUObjectArray: CloseDisregardForGC: 0/0 objects in disregard for GC pool
[2018.02.05-22.37.05:183][  0]LogInit: WinSock: version 1.1 (2.2), MaxSocks=32767, MaxUdp=65467
[2018.02.05-22.37.25:890][  0]LogTcpMessaging: Initializing TcpMessaging bridge
[2018.02.05-22.37.25:940][  0]LogUdpMessaging: Initializing bridge on interface 0.0.0.0:0 to multicast group 230.0.0.1:6666.
[2018.02.05-22.37.27:233][  0]LogMaterial: Uniform references updated for custom material expression Custom.
[2018.02.05-22.37.28:016][  0]SourceControl: Controle de origem desativado
[2018.02.05-22.37.29:150][  0]LogAndroidPermission: UAndroidPermissionCallbackProxy::GetInstance
[2018.02.05-22.37.29:486][  0]LogOcInput: OculusInput pre-init called
[2018.02.05-22.37.29:986][  0]LogEngine: Initializing Engine...
[2018.02.05-22.37.29:988][  0]LogHMD: Failed to initialize OpenVR with code 110
[2018.02.05-22.37.30:629][  0]LogStats: UGameplayTagsManager::ConstructGameplayTagTree: Construct from data asset -  0.000 s
[2018.02.05-22.37.30:629][  0]LogStats: UGameplayTagsManager::ConstructGameplayTagTree: GameplayTagTreeChangedEvent.Broadcast -  0.000 s
[2018.02.05-22.37.30:812][  0]LogAIModule: Creating AISystem for world Untitled
[2018.02.05-22.37.30:819][  0]LogInit: XAudio2 using 'Fones de ouvido / Alto falantes (Realtek High Definition Audio)' : 2 channels at 48 kHz using 32 bits per sample (channel mask 0x3)
[2018.02.05-22.37.30:977][  0]LogInit: FAudioDevice initialized.
[2018.02.05-22.37.31:965][  0]LogDerivedDataCache: Saved boot cache 0.99s 93MB C:/Users/diego/AppData/Local/UnrealEngine/4.17/DerivedDataCache/Boot.ddc.
[2018.02.05-22.37.31:990][  0]LogInit: Texture streaming: Enabled
[2018.02.05-22.37.32:166][  0]LogEngineSessionManager: EngineSessionManager initialized
[2018.02.05-22.37.33:214][  0]LogInit: Transaction tracking system initialized
[2018.02.05-22.37.33:684][  0]BlueprintLog: New page: Carregar Editor
[2018.02.05-22.37.35:139][  0]LocalizationService: Localization service is disabled
[2018.02.05-22.37.36:269][  0]LogConsoleResponse: Display: 
[2018.02.05-22.37.36:931][  0]LogCook: Display: Max memory allowance for cook 16384mb min free memory 0mb
[2018.02.05-22.37.36:931][  0]LogCook: Display: Mobile HDR setting 0
[2018.02.05-22.37.36:931][  0]LogGameplayTags: Display: UGameplayTagsManager::DoneAddingNativeTags. DelegateIsBound: 0
[2018.02.05-22.37.37:140][  0]LogFileCache: Scanning file cache for directory 'C:/Users/diego/OneDrive/Documentos/GitHub/Caramuru2D-4.17/Caramuru2D-4.17/Content/' took 0.03s
[2018.02.05-22.37.38:650][  0]Cmd: MAP LOAD FILE="../../../../../../Users/diego/OneDrive/Documentos/GitHub/Caramuru2D-4.17/Caramuru2D-4.17/Content/2DSideScrollerBP/Maps/Caramuru2D.umap" TEMPLATE=0 SHOWPROGRESS=1 FEATURELEVEL=3
[2018.02.05-22.37.38:753][  0]LogSlate: Took 0.026334 seconds to synchronously load lazily loaded font '../../../Engine/Content/Slate/Fonts/Roboto-Regular.ttf' (155K)
[2018.02.05-22.38.21:511][  0]LogWindowsTextInputMethodSystem: Display: IME system now deactivated.
[2018.02.05-22.38.21:513][  0]LogWindowsTextInputMethodSystem: Display: IME system now deactivated.
[2018.02.05-22.38.21:696][  0]LightingResults: New page: Compilação de Iluminação
[2018.02.05-22.38.21:760][  0]MapCheck: New page: Verificação de Mapa
[2018.02.05-22.38.21:760][  0]LightingResults: New page: Compilação de Iluminação
[2018.02.05-22.38.21:801][  0]LogAIModule: Creating AISystem for world Untitled
[2018.02.05-22.38.21:804][  0]LoadErrors: New page: Novo Mapa
[2018.02.05-22.38.22:016][  0]LogCollectionManager: Loaded 0 collections in 0.001901 seconds
[2018.02.05-22.38.22:134][  0]LogFileCache: Scanning file cache for directory 'C:/Users/diego/OneDrive/Documentos/GitHub/Caramuru2D-4.17/Caramuru2D-4.17/Saved/Collections/' took 0.01s
[2018.02.05-22.38.22:134][  0]LogFileCache: Scanning file cache for directory 'C:/Users/diego/OneDrive/Documentos/GitHub/Caramuru2D-4.17/Caramuru2D-4.17/Content/Developers/diego/Collections/' took 0.01s
[2018.02.05-22.38.22:134][  0]LogFileCache: Scanning file cache for directory 'C:/Users/diego/OneDrive/Documentos/GitHub/Caramuru2D-4.17/Caramuru2D-4.17/Content/Collections/' took 0.01s
[2018.02.05-22.38.22:134][  0]LogCollectionManager: Rebuilt the GUID cache for 0 collections in 0.000001 seconds
[2018.02.05-22.38.22:147][  0]LogContentBrowser: Native class hierarchy populated in 0.0124 seconds. Added 2386 classes and 500 folders.
[2018.02.05-22.38.22:250][  0]LogContentBrowser: Native class hierarchy updated for 'WidgetCarousel' in 0.0008 seconds. Added 0 classes and 0 folders.
[2018.02.05-22.38.22:728][  0]LogContentBrowser: Native class hierarchy updated for 'AddContentDialog' in 0.0009 seconds. Added 0 classes and 0 folders.
[2018.02.05-22.38.22:792][  0]LogContentBrowser: Native class hierarchy updated for 'SceneOutliner' in 0.0008 seconds. Added 1 classes and 2 folders.
[2018.02.05-22.38.22:861][  0]LogSlate: Took 0.013936 seconds to synchronously load lazily loaded font '../../../Engine/Content/Slate/Fonts/Roboto-Bold.ttf' (160K)
[2018.02.05-22.38.22:881][  0]LogSlate: Took 0.016286 seconds to synchronously load lazily loaded font '../../../Engine/Content/Editor/Slate/Fonts/FontAwesome.ttf' (139K)
[2018.02.05-22.38.23:006][  0]LogRenderer: Reallocating scene render targets to support 700x612 Format 10 NumSamples 1 (Frame:1).
[2018.02.05-22.38.23:262][  0]LogContentBrowser: Native class hierarchy updated for 'HierarchicalLODOutliner' in 0.0008 seconds. Added 1 classes and 2 folders.
[2018.02.05-22.38.23:262][  0]LogLoad: (Engine Initialization) Total time: 101.40 seconds
[2018.02.05-22.38.23:262][  0]LogLoad: (Engine Initialization) Total Blueprint compile time: 0.00 seconds
[2018.02.05-22.38.23:263][  0]LogExternalProfiler: No external profilers were discovered.  External profiling features will not be available.
[2018.02.05-22.38.23:290][  0]LogContentStreaming: Texture pool size now 1000 MB
[2018.02.05-22.38.23:400][  0]LogSlate: Took 0.040827 seconds to synchronously load lazily loaded font '../../../Engine/Content/Slate/Fonts/Roboto-Light.ttf' (159K)
[2018.02.05-22.38.23:486][  2]LogAssetRegistry: Asset discovery search completed in 81.7921 seconds
[2018.02.05-22.38.23:494][  2]LogCollectionManager: Rebuilt the object cache for 0 collections in 0.000001 seconds (found 0 objects)
[2018.02.05-22.38.23:494][  2]LogCollectionManager: Fixed up redirectors for 0 collections in 0.000075 seconds (updated 0 objects)
[2018.02.05-22.38.24:357][ 93]LogSlate: Took 0.000274 seconds to synchronously load lazily loaded font '../../../Engine/Content/Slate/Fonts/Roboto-Light.ttf' (159K)
[2018.02.05-22.38.31:309][815]LogSlate: Took 0.000235 seconds to synchronously load lazily loaded font '../../../Engine/Content/Slate/Fonts/Roboto-Light.ttf' (159K)
[2018.02.05-22.38.32:346][815]LogSlate: Took 0.000303 seconds to synchronously load lazily loaded font '../../../Engine/Content/Slate/Fonts/Roboto-Regular.ttf' (155K)
[2018.02.05-22.38.34:364][815]LogTexture: Display: Building textures: bradador_mov (BGRA8, 600X800)
[2018.02.05-22.38.34:481][815]LogAIModule: Creating AISystem for world Caramuru2D
[2018.02.05-22.38.34:568][815]Cmd: MAP LOAD FILE="../../../../../../Users/diego/OneDrive/Documentos/GitHub/Caramuru2D-4.17/Caramuru2D-4.17/Content/Resources/Maps/Caramuru2D.umap" TEMPLATE=0 SHOWPROGRESS=1 FEATURELEVEL=3
[2018.02.05-22.38.34:569][815]LightingResults: New page: Compilação de Iluminação
[2018.02.05-22.38.34:570][815]LoadErrors: New page: Carregando mapa: Caramuru2D.umap
[2018.02.05-22.38.34:583][815]MapCheck: New page: Verificação de Mapa
[2018.02.05-22.38.34:583][815]LightingResults: New page: Compilação de Iluminação
[2018.02.05-22.38.34:645][815]LogEditorServer: Finished looking for orphan Actors (0.000 secs)
[2018.02.05-22.38.34:809][815]Cmd: MAP CHECKDEP NOCLEARLOG
[2018.02.05-22.38.34:931][815]MapCheck: Map check complete: 0 Error(s), 0 Warning(s), took 121,951ms to complete.
[2018.02.05-22.38.34:931][815]LogFileHelpers: Loading map 'Caramuru2D' took 0.363
[2018.02.05-22.38.37:863][ 63]LogEditorViewport: Clicking on Actor (context menu): PaperSpriteActor (tree__1__Sprite2)
[2018.02.05-22.38.38:726][116]LogEditorViewport: Clicking on Actor (LMB): PaperTileMapActor (FirstFloreGround)
[2018.02.05-22.38.41:474][319]LogTemp: Repeating last play command: Selected Viewport
[2018.02.05-22.38.48:269][319]LogBlueprintUserMessages: Early PlayInEditor Detection: Level '/Game/Resources/Maps/Caramuru2D.Caramuru2D:PersistentLevel' has LevelScriptBlueprint '/Game/Resources/Maps/Caramuru2D.Caramuru2D:PersistentLevel.Caramuru2D' with GeneratedClass '/Game/Resources/Maps/Caramuru2D.Caramuru2D_C' with ClassGeneratedBy '/Game/Resources/Maps/Caramuru2D.Caramuru2D:PersistentLevel.Caramuru2D'
[2018.02.05-22.38.48:269][319]LogPlayLevel: PlayLevel: No blueprints needed recompiling
[2018.02.05-22.38.48:269][319]PIE: New page: Sessão de PIE : Caramuru2D (05/02/2018 16:38:48)
[2018.02.05-22.38.48:269][319]LogPlayLevel: Creating play world package: /Game/Resources/Maps/UEDPIE_0_Caramuru2D
[2018.02.05-22.38.48:276][319]LogPlayLevel: PIE: StaticDuplicateObject took: (0.006613s)
[2018.02.05-22.38.48:277][319]LogAIModule: Creating AISystem for world Caramuru2D
[2018.02.05-22.38.48:277][319]LogPlayLevel: PIE: World Init took: (0.000957s)
[2018.02.05-22.38.48:277][319]LogPlayLevel: PIE: Created PIE world by copying editor world from /Game/Resources/Maps/Caramuru2D.Caramuru2D to /Game/Resources/Maps/UEDPIE_0_Caramuru2D.Caramuru2D (0.007988s)
[2018.02.05-22.38.48:297][319]LogInit: XAudio2 using 'Fones de ouvido / Alto falantes (Realtek High Definition Audio)' : 2 channels at 48 kHz using 32 bits per sample (channel mask 0x3)
[2018.02.05-22.38.48:319][319]LogInit: FAudioDevice initialized.
[2018.02.05-22.38.48:364][319]LogLoad: Game class is '2DSideScrollerGameMode_C'
[2018.02.05-22.38.48:371][319]LogWorld: Bringing World /Game/Resources/Maps/UEDPIE_0_Caramuru2D.Caramuru2D up for play (max tick rate 0) at 2018.02.05-19.38.48
[2018.02.05-22.38.48:373][319]LogWorld: Bringing up level for play took: 0.008499
[2018.02.05-22.38.48:430][319]LogContentBrowser: Native class hierarchy updated for 'MovieSceneCapture' in 0.0008 seconds. Added 11 classes and 0 folders.
[2018.02.05-22.38.48:431][319]LogBlueprintUserMessages: [Character] SpreaderGun
[2018.02.05-22.38.48:432][319]PIE: Momento de início de reprodução no editor para /Game/Resources/Maps/UEDPIE_0_Caramuru2D 0,102
[2018.02.05-22.38.48:433][319]LogBlueprintUserMessages: Late PlayInEditor Detection: Level '/Game/Resources/Maps/Caramuru2D.Caramuru2D:PersistentLevel' has LevelScriptBlueprint '/Game/Resources/Maps/Caramuru2D.Caramuru2D:PersistentLevel.Caramuru2D' with GeneratedClass '/Game/Resources/Maps/Caramuru2D.Caramuru2D_C' with ClassGeneratedBy '/Game/Resources/Maps/Caramuru2D.Caramuru2D:PersistentLevel.Caramuru2D'
[2018.02.05-22.39.20:465][ 47]LogBlueprintUserMessages: [Chest_284] You receive 1 Silver Key.
[2018.02.05-22.39.24:415][256]LogBlueprintUserMessages: [BP_Check_Point_832] X=-5059.104 Y=100.000 Z=4060.780
[2018.02.05-22.39.34:012][769]LogBlueprintUserMessages: [BP_Check_Point2] X=-3656.649 Y=100.000 Z=3915.697
[2018.02.05-22.39.34:643][799]LogBlueprintUserMessages: [EnemyCharacter_226] 90
[2018.02.05-22.39.35:560][850]LogBlueprintUserMessages: [EnemyCharacter_226] 80
[2018.02.05-22.39.42:554][227]LogBlueprintUserMessages: [EnemyCharacter_226] 70
[2018.02.05-22.39.58:952][105]LogBlueprintUserMessages: [EnemyCharacter_226] 60
[2018.02.05-22.40.00:555][193]LogBlueprintUserMessages: Early EndPlayMap Detection: Level '/Game/Resources/Maps/Caramuru2D.Caramuru2D:PersistentLevel' has LevelScriptBlueprint '/Game/Resources/Maps/Caramuru2D.Caramuru2D:PersistentLevel.Caramuru2D' with GeneratedClass '/Game/Resources/Maps/Caramuru2D.Caramuru2D_C' with ClassGeneratedBy '/Game/Resources/Maps/Caramuru2D.Caramuru2D:PersistentLevel.Caramuru2D'
[2018.02.05-22.40.00:620][193]LogBlueprintUserMessages: Late EndPlayMap Detection: Level '/Game/Resources/Maps/Caramuru2D.Caramuru2D:PersistentLevel' has LevelScriptBlueprint '/Game/Resources/Maps/Caramuru2D.Caramuru2D:PersistentLevel.Caramuru2D' with GeneratedClass '/Game/Resources/Maps/Caramuru2D.Caramuru2D_C' with ClassGeneratedBy '/Game/Resources/Maps/Caramuru2D.Caramuru2D:PersistentLevel.Caramuru2D'
[2018.02.05-22.40.03:702][483]LogEditorViewport: Clicking on Actor (LMB): EnemyCharacter_C (EnemyCharacter)
[2018.02.05-22.40.11:075][128]LogContentBrowser: Native class hierarchy updated for 'BlueprintGraph' in 0.0013 seconds. Added 113 classes and 0 folders.
[2018.02.05-22.40.12:304][128]LogSlate: Took 0.017142 seconds to synchronously load lazily loaded font '../../../Engine/Content/Editor/Slate/Fonts/Roboto-BoldCondensed.ttf' (158K)
[2018.02.05-22.40.15:454][224]LogSlate: Took 0.020783 seconds to synchronously load lazily loaded font '../../../Engine/Content/Editor/Slate/Fonts/Roboto-Italic.ttf' (157K)
[2018.02.05-22.41.14:443][147]LogEditorViewport: Clicking on Actor (LMB): Caramuru_C (Character)
[2018.02.05-22.45.16:308][351]LogRenderer: Reallocating scene render targets to support 808x612 Format 10 NumSamples 1 (Frame:1).
[2018.02.05-22.45.44:062][393]LogTemp: Repeating last play command: Selected Viewport
[2018.02.05-22.45.44:159][393]LogBlueprintUserMessages: Early PlayInEditor Detection: Level '/Game/Resources/Maps/Caramuru2D.Caramuru2D:PersistentLevel' has LevelScriptBlueprint '/Game/Resources/Maps/Caramuru2D.Caramuru2D:PersistentLevel.Caramuru2D' with GeneratedClass '/Game/Resources/Maps/Caramuru2D.Caramuru2D_C' with ClassGeneratedBy '/Game/Resources/Maps/Caramuru2D.Caramuru2D:PersistentLevel.Caramuru2D'
[2018.02.05-22.45.44:159][393]LogPlayLevel: PlayLevel: No blueprints needed recompiling
[2018.02.05-22.45.44:159][393]PIE: New page: Sessão de PIE : Caramuru2D (05/02/2018 16:45:44)
[2018.02.05-22.45.44:159][393]LogPlayLevel: Creating play world package: /Game/Resources/Maps/UEDPIE_0_Caramuru2D
[2018.02.05-22.45.44:167][393]LogPlayLevel: PIE: StaticDuplicateObject took: (0.007744s)
[2018.02.05-22.45.44:168][393]LogAIModule: Creating AISystem for world Caramuru2D
[2018.02.05-22.45.44:168][393]LogPlayLevel: PIE: World Init took: (0.001301s)
[2018.02.05-22.45.44:169][393]LogPlayLevel: PIE: Created PIE world by copying editor world from /Game/Resources/Maps/Caramuru2D.Caramuru2D to /Game/Resources/Maps/UEDPIE_0_Caramuru2D.Caramuru2D (0.009580s)
[2018.02.05-22.45.44:239][393]LogInit: XAudio2 using 'Fones de ouvido / Alto falantes (Realtek High Definition Audio)' : 2 channels at 48 kHz using 32 bits per sample (channel mask 0x3)
[2018.02.05-22.45.44:267][393]LogInit: FAudioDevice initialized.
[2018.02.05-22.45.44:306][393]LogLoad: Game class is '2DSideScrollerGameMode_C'
[2018.02.05-22.45.44:315][393]LogWorld: Bringing World /Game/Resources/Maps/UEDPIE_0_Caramuru2D.Caramuru2D up for play (max tick rate 0) at 2018.02.05-19.45.44
[2018.02.05-22.45.44:318][393]LogWorld: Bringing up level for play took: 0.010955
[2018.02.05-22.45.44:372][393]LogBlueprintUserMessages: [Character] SpreaderGun
[2018.02.05-22.45.44:373][393]PIE: Momento de início de reprodução no editor para /Game/Resources/Maps/UEDPIE_0_Caramuru2D 0,042
[2018.02.05-22.45.44:373][393]LogBlueprintUserMessages: Late PlayInEditor Detection: Level '/Game/Resources/Maps/Caramuru2D.Caramuru2D:PersistentLevel' has LevelScriptBlueprint '/Game/Resources/Maps/Caramuru2D.Caramuru2D:PersistentLevel.Caramuru2D' with GeneratedClass '/Game/Resources/Maps/Caramuru2D.Caramuru2D_C' with ClassGeneratedBy '/Game/Resources/Maps/Caramuru2D.Caramuru2D:PersistentLevel.Caramuru2D'
[2018.02.05-22.45.48:779][575]LogBlueprintUserMessages: Early EndPlayMap Detection: Level '/Game/Resources/Maps/Caramuru2D.Caramuru2D:PersistentLevel' has LevelScriptBlueprint '/Game/Resources/Maps/Caramuru2D.Caramuru2D:PersistentLevel.Caramuru2D' with GeneratedClass '/Game/Resources/Maps/Caramuru2D.Caramuru2D_C' with ClassGeneratedBy '/Game/Resources/Maps/Caramuru2D.Caramuru2D:PersistentLevel.Caramuru2D'
[2018.02.05-22.45.48:874][575]LogBlueprintUserMessages: Late EndPlayMap Detection: Level '/Game/Resources/Maps/Caramuru2D.Caramuru2D:PersistentLevel' has LevelScriptBlueprint '/Game/Resources/Maps/Caramuru2D.Caramuru2D:PersistentLevel.Caramuru2D' with GeneratedClass '/Game/Resources/Maps/Caramuru2D.Caramuru2D_C' with ClassGeneratedBy '/Game/Resources/Maps/Caramuru2D.Caramuru2D:PersistentLevel.Caramuru2D'
[2018.02.05-22.45.51:062][735]LogTemp: Repeating last play command: Selected Viewport
[2018.02.05-22.45.51:138][735]LogBlueprintUserMessages: Early PlayInEditor Detection: Level '/Game/Resources/Maps/Caramuru2D.Caramuru2D:PersistentLevel' has LevelScriptBlueprint '/Game/Resources/Maps/Caramuru2D.Caramuru2D:PersistentLevel.Caramuru2D' with GeneratedClass '/Game/Resources/Maps/Caramuru2D.Caramuru2D_C' with ClassGeneratedBy '/Game/Resources/Maps/Caramuru2D.Caramuru2D:PersistentLevel.Caramuru2D'
[2018.02.05-22.45.51:138][735]LogPlayLevel: PlayLevel: No blueprints needed recompiling
[2018.02.05-22.45.51:139][735]PIE: New page: Sessão de PIE : Caramuru2D (05/02/2018 16:45:51)
[2018.02.05-22.45.51:139][735]LogPlayLevel: Creating play world package: /Game/Resources/Maps/UEDPIE_0_Caramuru2D
[2018.02.05-22.45.51:147][735]LogPlayLevel: PIE: StaticDuplicateObject took: (0.008401s)
[2018.02.05-22.45.51:148][735]LogAIModule: Creating AISystem for world Caramuru2D
[2018.02.05-22.45.51:148][735]LogPlayLevel: PIE: World Init took: (0.001075s)
[2018.02.05-22.45.51:149][735]LogPlayLevel: PIE: Created PIE world by copying editor world from /Game/Resources/Maps/Caramuru2D.Caramuru2D to /Game/Resources/Maps/UEDPIE_0_Caramuru2D.Caramuru2D (0.010091s)
[2018.02.05-22.45.51:213][735]LogInit: XAudio2 using 'Fones de ouvido / Alto falantes (Realtek High Definition Audio)' : 2 channels at 48 kHz using 32 bits per sample (channel mask 0x3)
[2018.02.05-22.45.51:237][735]LogInit: FAudioDevice initialized.
[2018.02.05-22.45.51:269][735]LogLoad: Game class is '2DSideScrollerGameMode_C'
[2018.02.05-22.45.51:277][735]LogWorld: Bringing World /Game/Resources/Maps/UEDPIE_0_Caramuru2D.Caramuru2D up for play (max tick rate 0) at 2018.02.05-19.45.51
[2018.02.05-22.45.51:280][735]LogWorld: Bringing up level for play took: 0.010612
[2018.02.05-22.45.51:282][735]LogBlueprintUserMessages: [Character] SpreaderGun
[2018.02.05-22.45.51:283][735]PIE: Momento de início de reprodução no editor para /Game/Resources/Maps/UEDPIE_0_Caramuru2D 0,953
[2018.02.05-22.45.51:284][735]LogBlueprintUserMessages: Late PlayInEditor Detection: Level '/Game/Resources/Maps/Caramuru2D.Caramuru2D:PersistentLevel' has LevelScriptBlueprint '/Game/Resources/Maps/Caramuru2D.Caramuru2D:PersistentLevel.Caramuru2D' with GeneratedClass '/Game/Resources/Maps/Caramuru2D.Caramuru2D_C' with ClassGeneratedBy '/Game/Resources/Maps/Caramuru2D.Caramuru2D:PersistentLevel.Caramuru2D'
[2018.02.05-22.45.59:351][162]LogBlueprintUserMessages: Early EndPlayMap Detection: Level '/Game/Resources/Maps/Caramuru2D.Caramuru2D:PersistentLevel' has LevelScriptBlueprint '/Game/Resources/Maps/Caramuru2D.Caramuru2D:PersistentLevel.Caramuru2D' with GeneratedClass '/Game/Resources/Maps/Caramuru2D.Caramuru2D_C' with ClassGeneratedBy '/Game/Resources/Maps/Caramuru2D.Caramuru2D:PersistentLevel.Caramuru2D'
[2018.02.05-22.45.59:430][162]LogBlueprintUserMessages: Late EndPlayMap Detection: Level '/Game/Resources/Maps/Caramuru2D.Caramuru2D:PersistentLevel' has LevelScriptBlueprint '/Game/Resources/Maps/Caramuru2D.Caramuru2D:PersistentLevel.Caramuru2D' with GeneratedClass '/Game/Resources/Maps/Caramuru2D.Caramuru2D_C' with ClassGeneratedBy '/Game/Resources/Maps/Caramuru2D.Caramuru2D:PersistentLevel.Caramuru2D'
[2018.02.05-22.46.25:122][289]LogSlate: Warning: Prevented a slow task dialog from being summoned while a context menu was open
[2018.02.05-22.49.05:345][ 85]Cmd: QUIT_EDITOR
[2018.02.05-22.49.05:649][ 85]LogWindowsTextInputMethodSystem: Display: IME system now deactivated.
[2018.02.05-22.49.05:670][ 85]LogExit: Preparing to exit.
[2018.02.05-22.49.06:322][ 85]LogActorComponent: UnregisterComponent: (None.None) Not registered. Aborting.
[2018.02.05-22.49.06:332][ 85]LogDirectoryWatcher: A directory notification for 'C:/Users/diego/OneDrive/Documentos/GitHub/Caramuru2D-4.17/Caramuru2D-4.17/Content/' was aborted.
[2018.02.05-22.49.06:384][ 85]LogExit: Editor shut down
[2018.02.05-22.49.06:389][ 85]LogExit: Transaction tracking system shut down
[2018.02.05-22.49.06:634][ 85]LogDirectoryWatcher: A directory notification for '../../../Engine/Content/' was aborted.
[2018.02.05-22.49.06:634][ 85]LogDirectoryWatcher: A directory notification for '../../../../../../Users/diego/OneDrive/Documentos/GitHub/Caramuru2D-4.17/Caramuru2D-4.17/Content/' was aborted.
[2018.02.05-22.49.06:634][ 85]LogDirectoryWatcher: A directory notification for '../../../Engine/Plugins/2D/Paper2D/Content/' was aborted.
[2018.02.05-22.49.06:634][ 85]LogDirectoryWatcher: A directory notification for '../../../Engine/Plugins/Runtime/Oculus/OculusVR/Content/' was aborted.
[2018.02.05-22.49.06:634][ 85]LogDirectoryWatcher: A directory notification for '../../../Engine/Plugins/Runtime/Steam/SteamVR/Content/' was aborted.
[2018.02.05-22.49.06:858][ 85]LogExit: Object subsystem successfully closed.
[2018.02.05-22.49.06:881][ 85]LogD3D11RHI: Shutdown
[2018.02.05-22.49.06:881][ 85]LogD3D11RHI: CleanupD3DDevice
[2018.02.05-22.49.07:045][ 85]LogD3D11RHI: ~FD3D11DynamicRHI
[2018.02.05-22.49.07:064][ 85]LogModuleManager: Shutting down and abandoning module BlueprintGraph (536)
[2018.02.05-22.49.07:064][ 85]LogModuleManager: Shutting down and abandoning module BlueprintProfiler (534)
[2018.02.05-22.49.07:064][ 85]LogModuleManager: Shutting down and abandoning module MovieSceneCapture (532)
[2018.02.05-22.49.07:065][ 85]LogModuleManager: Shutting down and abandoning module HierarchicalLODOutliner (530)
[2018.02.05-22.49.07:065][ 85]LogModuleManager: Shutting down and abandoning module SceneOutliner (528)
[2018.02.05-22.49.07:065][ 85]LogModuleManager: Shutting down and abandoning module AddContentDialog (526)
[2018.02.05-22.49.07:065][ 85]LogDirectoryWatcher: A directory notification for 'C:/Program Files/Epic Games/UE_4.17/FeaturePacks/' was aborted.
[2018.02.05-22.49.07:066][ 85]LogModuleManager: Shutting down and abandoning module WidgetCarousel (525)
[2018.02.05-22.49.07:066][ 85]LogModuleManager: Shutting down and abandoning module EditorWidgets (522)
[2018.02.05-22.49.07:066][ 85]LogModuleManager: Shutting down and abandoning module CollectionManager (520)
[2018.02.05-22.49.07:066][ 85]LogDirectoryWatcher: A directory notification for 'C:/Users/diego/OneDrive/Documentos/GitHub/Caramuru2D-4.17/Caramuru2D-4.17/Content/Collections/' was aborted.
[2018.02.05-22.49.07:066][ 85]LogDirectoryWatcher: A directory notification for 'C:/Users/diego/OneDrive/Documentos/GitHub/Caramuru2D-4.17/Caramuru2D-4.17/Content/Developers/diego/Collections/' was aborted.
[2018.02.05-22.49.07:066][ 85]LogDirectoryWatcher: A directory notification for 'C:/Users/diego/OneDrive/Documentos/GitHub/Caramuru2D-4.17/Caramuru2D-4.17/Saved/Collections/' was aborted.
[2018.02.05-22.49.07:066][ 85]LogModuleManager: Shutting down and abandoning module StatsViewer (518)
[2018.02.05-22.49.07:066][ 85]LogModuleManager: Shutting down and abandoning module FoliageEdit (516)
[2018.02.05-22.49.07:066][ 85]LogModuleManager: Shutting down and abandoning module LandscapeEditor (514)
[2018.02.05-22.49.07:066][ 85]LogModuleManager: Shutting down and abandoning module MeshPaintMode (512)
[2018.02.05-22.49.07:066][ 85]LogModuleManager: Shutting down and abandoning module SceneDepthPickerMode (510)
[2018.02.05-22.49.07:066][ 85]LogModuleManager: Shutting down and abandoning module ActorPickerMode (508)
[2018.02.05-22.49.07:066][ 85]LogModuleManager: Shutting down and abandoning module GeometryMode (506)
[2018.02.05-22.49.07:066][ 85]LogModuleManager: Shutting down and abandoning module TextureAlignMode (504)
[2018.02.05-22.49.07:066][ 85]LogModuleManager: Shutting down and abandoning module BspMode (502)
[2018.02.05-22.49.07:067][ 85]LogModuleManager: Shutting down and abandoning module PIEPreviewDeviceProfileSelector (500)
[2018.02.05-22.49.07:067][ 85]LogModuleManager: Shutting down and abandoning module HardwareSurvey (498)
[2018.02.05-22.49.07:067][ 85]LogModuleManager: Shutting down and abandoning module SequenceRecorderSections (496)
[2018.02.05-22.49.07:067][ 85]LogModuleManager: Shutting down and abandoning module AutomationWorker (494)
[2018.02.05-22.49.07:067][ 85]LogModuleManager: Shutting down and abandoning module MatineeToLevelSequence (492)
[2018.02.05-22.49.07:067][ 85]LogModuleManager: Shutting down and abandoning module LevelSequenceEditor (490)
[2018.02.05-22.49.07:067][ 85]LogModuleManager: Shutting down and abandoning module PlacementMode (489)
[2018.02.05-22.49.07:067][ 85]LogModuleManager: Shutting down and abandoning module WmfMediaFactory (486)
[2018.02.05-22.49.07:067][ 85]LogModuleManager: Shutting down and abandoning module WmfMediaEditor (484)
[2018.02.05-22.49.07:067][ 85]LogModuleManager: Shutting down and abandoning module AvfMediaFactory (482)
[2018.02.05-22.49.07:067][ 85]LogModuleManager: Shutting down and abandoning module AvfMediaEditor (480)
[2018.02.05-22.49.07:067][ 85]LogModuleManager: Shutting down and abandoning module AndroidMediaFactory (478)
[2018.02.05-22.49.07:067][ 85]LogModuleManager: Shutting down and abandoning module Media (477)
[2018.02.05-22.49.07:067][ 85]LogModuleManager: Shutting down and abandoning module AndroidMediaEditor (474)
[2018.02.05-22.49.07:067][ 85]LogModuleManager: Shutting down and abandoning module CharacterAI (472)
[2018.02.05-22.49.07:067][ 85]LogModuleManager: Shutting down and abandoning module AudioCapture (470)
[2018.02.05-22.49.07:067][ 85]LogModuleManager: Shutting down and abandoning module SequenceRecorder (469)
[2018.02.05-22.49.07:067][ 85]LogModuleManager: Shutting down and abandoning module SmartSnapping (466)
[2018.02.05-22.49.07:067][ 85]LogModuleManager: Shutting down and abandoning module SessionServices (464)
[2018.02.05-22.49.07:067][ 85]LogModuleManager: Shutting down and abandoning module ViewportSnapping (462)
[2018.02.05-22.49.07:067][ 85]LogModuleManager: Shutting down and abandoning module ViewportInteraction (460)
[2018.02.05-22.49.07:067][ 85]LogModuleManager: Shutting down and abandoning module ClothPainter (458)
[2018.02.05-22.49.07:067][ 85]LogModuleManager: Shutting down and abandoning module LogVisualizer (456)
[2018.02.05-22.49.07:067][ 85]LogModuleManager: Shutting down and abandoning module IntroTutorials (454)
[2018.02.05-22.49.07:067][ 85]LogModuleManager: Shutting down and abandoning module GameProjectGeneration (453)
[2018.02.05-22.49.07:068][ 85]LogModuleManager: Shutting down and abandoning module IOSPlatformEditor (450)
[2018.02.05-22.49.07:068][ 85]LogModuleManager: Shutting down and abandoning module HTML5PlatformEditor (448)
[2018.02.05-22.49.07:068][ 85]LogModuleManager: Shutting down and abandoning module AndroidPlatformEditor (446)
[2018.02.05-22.49.07:068][ 85]LogModuleManager: Shutting down and abandoning module AndroidDeviceDetection (445)
[2018.02.05-22.49.07:986][ 85]LogModuleManager: Shutting down and abandoning module WindowsPlatformEditor (442)
[2018.02.05-22.49.07:986][ 85]LogModuleManager: Shutting down and abandoning module IOSRuntimeSettings (440)
[2018.02.05-22.49.07:986][ 85]LogModuleManager: Shutting down and abandoning module AndroidRuntimeSettings (438)
[2018.02.05-22.49.07:986][ 85]LogModuleManager: Shutting down and abandoning module InputBindingEditor (436)
[2018.02.05-22.49.07:986][ 85]LogModuleManager: Shutting down and abandoning module MergeActors (434)
[2018.02.05-22.49.07:986][ 85]LogModuleManager: Shutting down and abandoning module SizeMap (432)
[2018.02.05-22.49.07:986][ 85]LogModuleManager: Shutting down and abandoning module TreeMap (430)
[2018.02.05-22.49.07:986][ 85]LogModuleManager: Shutting down and abandoning module ReferenceViewer (428)
[2018.02.05-22.49.07:986][ 85]LogModuleManager: Shutting down and abandoning module LocalizationDashboard (426)
[2018.02.05-22.49.07:987][ 85]LogModuleManager: Shutting down and abandoning module LocalizationService (425)
[2018.02.05-22.49.07:987][ 85]LogModuleManager: Shutting down and abandoning module HardwareTargeting (422)
[2018.02.05-22.49.07:987][ 85]LogModuleManager: Shutting down and abandoning module DeviceProfileEditor (420)
[2018.02.05-22.49.07:987][ 85]LogModuleManager: Shutting down and abandoning module UndoHistory (418)
[2018.02.05-22.49.07:987][ 85]LogModuleManager: Shutting down and abandoning module XmlParser (416)
[2018.02.05-22.49.07:987][ 85]LogModuleManager: Shutting down and abandoning module Blutility (414)
[2018.02.05-22.49.07:987][ 85]LogModuleManager: Shutting down and abandoning module ProjectSettingsViewer (412)
[2018.02.05-22.49.07:987][ 85]LogModuleManager: Shutting down and abandoning module ProjectTargetPlatformEditor (411)
[2018.02.05-22.49.07:987][ 85]LogModuleManager: Shutting down and abandoning module EditorSettingsViewer (408)
[2018.02.05-22.49.07:987][ 85]LogModuleManager: Shutting down and abandoning module SettingsEditor (406)
[2018.02.05-22.49.07:987][ 85]LogModuleManager: Shutting down and abandoning module ProjectLauncher (404)
[2018.02.05-22.49.07:987][ 85]LogModuleManager: Shutting down and abandoning module SessionFrontend (402)
[2018.02.05-22.49.07:987][ 85]LogModuleManager: Shutting down and abandoning module ProfilerClient (400)
[2018.02.05-22.49.07:987][ 85]LogModuleManager: Shutting down and abandoning module DeviceManager (398)
[2018.02.05-22.49.07:987][ 85]LogModuleManager: Shutting down and abandoning module TargetDeviceServices (397)
[2018.02.05-22.49.08:031][ 85]LogModuleManager: Shutting down and abandoning module AutomationController (394)
[2018.02.05-22.49.08:031][ 85]LogModuleManager: Shutting down and abandoning module AutomationWindow (392)
[2018.02.05-22.49.08:031][ 85]LogModuleManager: Shutting down and abandoning module Layers (390)
[2018.02.05-22.49.08:032][ 85]LogModuleManager: Shutting down and abandoning module ComponentVisualizers (388)
[2018.02.05-22.49.08:032][ 85]LogModuleManager: Shutting down and abandoning module DetailCustomizations (386)
[2018.02.05-22.49.08:032][ 85]LogModuleManager: Shutting down and abandoning module PackagesDialog (384)
[2018.02.05-22.49.08:032][ 85]LogModuleManager: Shutting down and abandoning module Persona (382)
[2018.02.05-22.49.08:032][ 85]LogModuleManager: Shutting down and abandoning module AdvancedPreviewScene (381)
[2018.02.05-22.49.08:032][ 85]LogModuleManager: Shutting down and abandoning module AnimGraph (379)
[2018.02.05-22.49.08:032][ 85]LogModuleManager: Shutting down and abandoning module Kismet (376)
[2018.02.05-22.49.08:042][ 85]LogModuleManager: Shutting down and abandoning module ClassViewer (374)
[2018.02.05-22.49.08:045][ 85]LogModuleManager: Shutting down and abandoning module Toolbox (372)
[2018.02.05-22.49.08:045][ 85]LogModuleManager: Shutting down and abandoning module ModuleUI (370)
[2018.02.05-22.49.08:045][ 85]LogModuleManager: Shutting down and abandoning module MovieSceneTools (368)
[2018.02.05-22.49.08:046][ 85]LogModuleManager: Shutting down and abandoning module OutputLog (366)
[2018.02.05-22.49.08:046][ 85]LogModuleManager: Shutting down and abandoning module GammaUI (364)
[2018.02.05-22.49.08:046][ 85]LogModuleManager: Shutting down and abandoning module Documentation (362)
[2018.02.05-22.49.08:046][ 85]LogModuleManager: Shutting down and abandoning module MovieSceneTracks (360)
[2018.02.05-22.49.08:046][ 85]LogModuleManager: Shutting down and abandoning module MovieScene (358)
[2018.02.05-22.49.08:046][ 85]LogModuleManager: Shutting down and abandoning module Niagara (356)
[2018.02.05-22.49.08:046][ 85]LogModuleManager: Shutting down and abandoning module NiagaraEditor (355)
[2018.02.05-22.49.08:046][ 85]LogModuleManager: Shutting down and abandoning module StreamingPauseRendering (352)
[2018.02.05-22.49.08:046][ 85]LogModuleManager: Shutting down and abandoning module LauncherPlatform (350)
[2018.02.05-22.49.08:046][ 85]LogModuleManager: Shutting down and abandoning module AnalyticsET (348)
[2018.02.05-22.49.08:046][ 85]LogModuleManager: Shutting down and abandoning module PortalServices (346)
[2018.02.05-22.49.08:046][ 85]LogModuleManager: Shutting down and abandoning module PortalRpc (344)
[2018.02.05-22.49.08:046][ 85]LogModuleManager: Shutting down and abandoning module MessagingRpc (342)
[2018.02.05-22.49.08:046][ 85]LogModuleManager: Shutting down and abandoning module AIModule (340)
[2018.02.05-22.49.08:046][ 85]LogModuleManager: Shutting down and abandoning module GameplayDebugger (339)
[2018.02.05-22.49.08:046][ 85]LogModuleManager: Shutting down and abandoning module AITestSuite (337)
[2018.02.05-22.49.08:046][ 85]LogModuleManager: Shutting down and abandoning module ProfilerService (334)
[2018.02.05-22.49.08:271][ 85]LogModuleManager: Shutting down and abandoning module TaskGraph (332)
[2018.02.05-22.49.08:271][ 85]LogModuleManager: Shutting down and abandoning module SteamVRController (330)
[2018.02.05-22.49.08:271][ 85]LogModuleManager: Shutting down and abandoning module ProceduralMeshComponentEditor (328)
[2018.02.05-22.49.08:271][ 85]LogModuleManager: Shutting down and abandoning module ProceduralMeshComponent (326)
[2018.02.05-22.49.08:271][ 85]LogModuleManager: Shutting down and abandoning module OculusInput (324)
[2018.02.05-22.49.08:271][ 85]LogModuleManager: Shutting down and abandoning module MobilePatchingUtils (322)
[2018.02.05-22.49.08:271][ 85]LogModuleManager: Shutting down and abandoning module CustomMeshComponent (320)
[2018.02.05-22.49.08:271][ 85]LogModuleManager: Shutting down and abandoning module CableComponent (318)
[2018.02.05-22.49.08:271][ 85]LogModuleManager: Shutting down and abandoning module ArchVisCharacter (316)
[2018.02.05-22.49.08:271][ 85]LogModuleManager: Shutting down and abandoning module AndroidPermission (314)
[2018.02.05-22.49.08:271][ 85]LogModuleManager: Shutting down and abandoning module MediaPlayerEditor (310)
[2018.02.05-22.49.08:272][ 85]LogModuleManager: Shutting down and abandoning module HTML5Networking (308)
[2018.02.05-22.49.08:272][ 85]LogModuleManager: Shutting down and abandoning module AlembicImporter (306)
[2018.02.05-22.49.08:272][ 85]LogModuleManager: Shutting down and abandoning module AlembicLibrary (305)
[2018.02.05-22.49.08:272][ 85]LogModuleManager: Shutting down and abandoning module GeometryCache (304)
[2018.02.05-22.49.08:272][ 85]LogModuleManager: Shutting down and abandoning module GeometryCacheEd (303)
[2018.02.05-22.49.08:272][ 85]LogModuleManager: Shutting down and abandoning module SpeedTreeImporter (298)
[2018.02.05-22.49.08:272][ 85]LogModuleManager: Shutting down and abandoning module PluginBrowser (296)
[2018.02.05-22.49.08:272][ 85]LogModuleManager: Shutting down and abandoning module MobileLauncherProfileWizard (294)
[2018.02.05-22.49.08:272][ 85]LogModuleManager: Shutting down and abandoning module VisualStudioSourceCodeAccess (292)
[2018.02.05-22.49.08:272][ 85]LogModuleManager: Shutting down and abandoning module DesktopPlatform (291)
[2018.02.05-22.49.08:272][ 85]LogModuleManager: Shutting down and abandoning module UObjectPlugin (288)
[2018.02.05-22.49.08:272][ 85]LogModuleManager: Shutting down and abandoning module SubversionSourceControl (286)
[2018.02.05-22.49.08:272][ 85]LogModuleManager: Shutting down and abandoning module PerforceSourceControl (284)
[2018.02.05-22.49.08:272][ 85]LogModuleManager: Shutting down and abandoning module GitSourceControl (282)
[2018.02.05-22.49.08:272][ 85]LogModuleManager: Shutting down and abandoning module SourceControl (281)
[2018.02.05-22.49.08:272][ 85]LogModuleManager: Shutting down and abandoning module LightPropagationVolumeEditor (278)
[2018.02.05-22.49.08:272][ 85]LogModuleManager: Shutting down and abandoning module PaperTiledImporter (276)
[2018.02.05-22.49.08:272][ 85]LogModuleManager: Shutting down and abandoning module PaperSpriteSheetImporter (274)
[2018.02.05-22.49.08:272][ 85]LogModuleManager: Shutting down and abandoning module Paper2DEditor (272)
[2018.02.05-22.49.08:272][ 85]LogModuleManager: Shutting down and abandoning module MeshPaint (271)
[2018.02.05-22.49.08:272][ 85]LogModuleManager: Shutting down and abandoning module LevelEditor (269)
[2018.02.05-22.49.08:274][ 85]LogModuleManager: Shutting down and abandoning module PixelInspectorModule (268)
[2018.02.05-22.49.08:274][ 85]LogModuleManager: Shutting down and abandoning module MainFrame (266)
[2018.02.05-22.49.08:274][ 85]LogModuleManager: Shutting down and abandoning module HotReload (265)
[2018.02.05-22.49.08:275][ 85]LogModuleManager: Shutting down and abandoning module RuntimePhysXCooking (260)
[2018.02.05-22.49.08:275][ 85]LogModuleManager: Shutting down and abandoning module PhysXVehiclesEditor (258)
[2018.02.05-22.49.08:275][ 85]LogModuleManager: Shutting down and abandoning module PhysXVehicles (256)
[2018.02.05-22.49.08:275][ 85]LogModuleManager: Shutting down and abandoning module OculusEditor (254)
[2018.02.05-22.49.08:275][ 85]LogModuleManager: Shutting down and abandoning module LocationServicesBPLibrary (252)
[2018.02.05-22.49.08:275][ 85]LogModuleManager: Shutting down and abandoning module ImmediatePhysicsEditor (250)
[2018.02.05-22.49.08:275][ 85]LogModuleManager: Shutting down and abandoning module ImmediatePhysics (248)
[2018.02.05-22.49.08:275][ 85]LogModuleManager: Shutting down and abandoning module UdpMessaging (246)
[2018.02.05-22.49.08:376][ 85]LogModuleManager: Shutting down and abandoning module TcpMessaging (244)
[2018.02.05-22.49.08:476][ 85]LogModuleManager: Shutting down and abandoning module GameplayTagsEditor (242)
[2018.02.05-22.49.08:476][ 85]LogModuleManager: Shutting down and abandoning module FacialAnimationEditor (240)
[2018.02.05-22.49.08:476][ 85]LogModuleManager: Shutting down and abandoning module FacialAnimation (238)
[2018.02.05-22.49.08:476][ 85]LogModuleManager: Shutting down and abandoning module AssetManagerEditor (236)
[2018.02.05-22.49.08:476][ 85]LogModuleManager: Shutting down and abandoning module GraphEditor (235)
[2018.02.05-22.49.08:476][ 85]LogModuleManager: Shutting down and abandoning module ContentBrowser (233)
[2018.02.05-22.49.08:477][ 85]LogModuleManager: Shutting down and abandoning module LightPropagationVolumeRuntime (230)
[2018.02.05-22.49.08:477][ 85]LogModuleManager: Shutting down and abandoning module Paper2D (228)
[2018.02.05-22.49.08:477][ 85]LogModuleManager: Shutting down and abandoning module WindowsMoviePlayer (226)
[2018.02.05-22.49.08:477][ 85]LogModuleManager: Shutting down and abandoning module WmfMedia (224)
[2018.02.05-22.49.08:480][ 85]LogModuleManager: Shutting down and abandoning module PacketHandler (222)
[2018.02.05-22.49.08:480][ 85]LogModuleManager: Shutting down and abandoning module ClothingSystemEditor (220)
[2018.02.05-22.49.08:480][ 85]LogModuleManager: Shutting down and abandoning module ClothingSystemRuntime (218)
[2018.02.05-22.49.08:480][ 85]LogModuleManager: Shutting down and abandoning module Overlay (216)
[2018.02.05-22.49.08:480][ 85]LogModuleManager: Shutting down and abandoning module OverlayEditor (215)
[2018.02.05-22.49.08:480][ 85]LogModuleManager: Shutting down and abandoning module MediaAssets (212)
[2018.02.05-22.49.08:480][ 85]LogModuleManager: Shutting down and abandoning module VREditor (210)
[2018.02.05-22.49.08:480][ 85]LogModuleManager: Shutting down and abandoning module StringTableEditor (208)
[2018.02.05-22.49.08:480][ 85]LogModuleManager: Shutting down and abandoning module GameplayTasksEditor (206)
[2018.02.05-22.49.08:480][ 85]LogModuleManager: Shutting down and abandoning module BehaviorTreeEditor (204)
[2018.02.05-22.49.08:480][ 85]LogModuleManager: Shutting down and abandoning module FunctionalTesting (202)
[2018.02.05-22.49.08:480][ 85]LogModuleManager: Shutting down and abandoning module CollisionAnalyzer (200)
[2018.02.05-22.49.08:480][ 85]LogModuleManager: Shutting down and abandoning module WorkspaceMenuStructure (199)
[2018.02.05-22.49.08:480][ 85]LogModuleManager: Shutting down and abandoning module UMG (196)
[2018.02.05-22.49.08:480][ 85]LogModuleManager: Shutting down and abandoning module UMGEditor (195)
[2018.02.05-22.49.08:480][ 85]LogModuleManager: Shutting down and abandoning module Sequencer (194)
[2018.02.05-22.49.08:481][ 85]LogModuleManager: Shutting down and abandoning module MessageLog (191)
[2018.02.05-22.49.08:481][ 85]LogModuleManager: Shutting down and abandoning module SlateReflector (186)
[2018.02.05-22.49.08:481][ 85]LogModuleManager: Shutting down and abandoning module Slate (184)
[2018.02.05-22.49.08:481][ 85]LogModuleManager: Shutting down and abandoning module EditorStyle (182)
[2018.02.05-22.49.08:483][ 85]LogModuleManager: Shutting down and abandoning module MRMesh (180)
[2018.02.05-22.49.08:483][ 85]LogModuleManager: Shutting down and abandoning module SourceCodeAccess (178)
[2018.02.05-22.49.08:483][ 85]LogModuleManager: Shutting down and abandoning module HeadMountedDisplay (176)
[2018.02.05-22.49.08:483][ 85]LogModuleManager: Shutting down and abandoning module XAudio2 (174)
[2018.02.05-22.49.08:483][ 85]LogModuleManager: Shutting down and abandoning module Networking (172)
[2018.02.05-22.49.08:483][ 85]LogModuleManager: Shutting down and abandoning module Core (168)
[2018.02.05-22.49.08:483][ 85]LogModuleManager: Shutting down and abandoning module KismetCompiler (164)
[2018.02.05-22.49.08:483][ 85]LogModuleManager: Shutting down and abandoning module LevelSequence (162)
[2018.02.05-22.49.08:483][ 85]LogModuleManager: Shutting down and abandoning module MeshUtilities (160)
[2018.02.05-22.49.08:483][ 85]LogModuleManager: Shutting down and abandoning module MeshMergeUtilities (159)
[2018.02.05-22.49.08:484][ 85]LogModuleManager: Shutting down and abandoning module MeshReductionInterface (158)
[2018.02.05-22.49.08:484][ 85]LogModuleManager: Shutting down and abandoning module SimplygonSwarm (157)
[2018.02.05-22.49.08:484][ 85]LogModuleManager: Shutting down and abandoning module SimplygonMeshReduction (155)
[2018.02.05-22.49.08:484][ 85]LogModuleManager: Shutting down and abandoning module QuadricMeshReduction (153)
[2018.02.05-22.49.08:484][ 85]LogModuleManager: Shutting down and abandoning module MaterialBaking (149)
[2018.02.05-22.49.08:484][ 85]LogModuleManager: Shutting down and abandoning module DirectoryWatcher (146)
[2018.02.05-22.49.08:485][ 85]LogModuleManager: Shutting down and abandoning module DerivedDataCache (144)
[2018.02.05-22.49.08:574][ 85]LogDerivedDataCache: Shutdown
[2018.02.05-22.49.08:574][ 85]LogModuleManager: Shutting down and abandoning module TargetPlatform (142)
[2018.02.05-22.49.08:574][ 85]LogModuleManager: Shutting down and abandoning module VulkanShaderFormat (141)
[2018.02.05-22.49.08:575][ 85]LogModuleManager: Shutting down and abandoning module ShaderFormatVectorVM (139)
[2018.02.05-22.49.08:575][ 85]LogModuleManager: Shutting down and abandoning module ShaderFormatOpenGL (137)
[2018.02.05-22.49.08:575][ 85]LogModuleManager: Shutting down and abandoning module ShaderFormatD3D (135)
[2018.02.05-22.49.08:575][ 85]LogModuleManager: Shutting down and abandoning module MetalShaderFormat (133)
[2018.02.05-22.49.08:575][ 85]LogModuleManager: Shutting down and abandoning module TextureFormatUncompressed (131)
[2018.02.05-22.49.08:575][ 85]LogModuleManager: Shutting down and abandoning module TextureFormatPVR (129)
[2018.02.05-22.49.08:575][ 85]LogModuleManager: Shutting down and abandoning module TextureFormatDXT (127)
[2018.02.05-22.49.08:575][ 85]LogModuleManager: Shutting down and abandoning module TextureFormatIntelISPCTexComp (125)
[2018.02.05-22.49.08:575][ 85]LogModuleManager: Shutting down and abandoning module TextureFormatASTC (123)
[2018.02.05-22.49.08:575][ 85]LogModuleManager: Shutting down and abandoning module ImageWrapper (122)
[2018.02.05-22.49.08:575][ 85]LogModuleManager: Shutting down and abandoning module TextureFormatAndroid (119)
[2018.02.05-22.49.08:575][ 85]LogModuleManager: Shutting down and abandoning module AudioFormatOpus (117)
[2018.02.05-22.49.08:575][ 85]LogModuleManager: Shutting down and abandoning module AudioFormatOgg (115)
[2018.02.05-22.49.08:575][ 85]LogModuleManager: Shutting down and abandoning module AudioFormatADPCM (113)
[2018.02.05-22.49.08:575][ 85]LogModuleManager: Shutting down and abandoning module LinuxTargetPlatform (111)
[2018.02.05-22.49.08:575][ 85]LogModuleManager: Shutting down and abandoning module LinuxServerTargetPlatform (109)
[2018.02.05-22.49.08:575][ 85]LogModuleManager: Shutting down and abandoning module LinuxNoEditorTargetPlatform (107)
[2018.02.05-22.49.08:575][ 85]LogModuleManager: Shutting down and abandoning module LinuxClientTargetPlatform (105)
[2018.02.05-22.49.08:575][ 85]LogModuleManager: Shutting down and abandoning module TVOSTargetPlatform (103)
[2018.02.05-22.49.08:575][ 85]LogModuleManager: Shutting down and abandoning module Messaging (101)
[2018.02.05-22.49.08:575][ 85]LogModuleManager: Shutting down and abandoning module IOSTargetPlatform (99)
[2018.02.05-22.49.08:575][ 85]LogModuleManager: Shutting down and abandoning module HTML5TargetPlatform (97)
[2018.02.05-22.49.08:575][ 85]LogModuleManager: Shutting down and abandoning module Android_PVRTCTargetPlatform (95)
[2018.02.05-22.49.08:575][ 85]LogModuleManager: Shutting down and abandoning module Android_MultiTargetPlatform (93)
[2018.02.05-22.49.08:575][ 85]LogModuleManager: Shutting down and abandoning module Android_ETC2TargetPlatform (91)
[2018.02.05-22.49.08:575][ 85]LogModuleManager: Shutting down and abandoning module Android_ETC1TargetPlatform (89)
[2018.02.05-22.49.08:575][ 85]LogModuleManager: Shutting down and abandoning module Android_DXTTargetPlatform (87)
[2018.02.05-22.49.08:575][ 85]LogModuleManager: Shutting down and abandoning module Android_ATCTargetPlatform (85)
[2018.02.05-22.49.08:575][ 85]LogModuleManager: Shutting down and abandoning module Android_ASTCTargetPlatform (83)
[2018.02.05-22.49.08:575][ 85]LogModuleManager: Shutting down and abandoning module AndroidTargetPlatform (81)
[2018.02.05-22.49.08:575][ 85]LogModuleManager: Shutting down and abandoning module WindowsTargetPlatform (79)
[2018.02.05-22.49.08:575][ 85]LogModuleManager: Shutting down and abandoning module WindowsServerTargetPlatform (77)
[2018.02.05-22.49.08:575][ 85]LogModuleManager: Shutting down and abandoning module WindowsNoEditorTargetPlatform (75)
[2018.02.05-22.49.08:575][ 85]LogModuleManager: Shutting down and abandoning module WindowsClientTargetPlatform (73)
[2018.02.05-22.49.08:575][ 85]LogModuleManager: Shutting down and abandoning module MacTargetPlatform (71)
[2018.02.05-22.49.08:575][ 85]LogModuleManager: Shutting down and abandoning module MacServerTargetPlatform (69)
[2018.02.05-22.49.08:575][ 85]LogModuleManager: Shutting down and abandoning module MacNoEditorTargetPlatform (67)
[2018.02.05-22.49.08:575][ 85]LogModuleManager: Shutting down and abandoning module MacClientTargetPlatform (65)
[2018.02.05-22.49.08:575][ 85]LogModuleManager: Shutting down and abandoning module AllDesktopTargetPlatform (63)
[2018.02.05-22.49.08:576][ 85]LogModuleManager: Shutting down and abandoning module InputCore (60)
[2018.02.05-22.49.08:576][ 85]LogModuleManager: Shutting down and abandoning module Settings (58)
[2018.02.05-22.49.08:576][ 85]LogModuleManager: Shutting down and abandoning module PhysXCooking (56)
[2018.02.05-22.49.08:576][ 85]LogModuleManager: Shutting down and abandoning module SteamVR (54)
[2018.02.05-22.49.08:576][ 85]LogModuleManager: Shutting down and abandoning module OculusHMD (52)
[2018.02.05-22.49.08:576][ 85]LogModuleManager: Shutting down and abandoning module ExampleDeviceProfileSelector (50)
[2018.02.05-22.49.08:576][ 85]LogModuleManager: Shutting down and abandoning module OnlineBlueprintSupport (48)
[2018.02.05-22.49.08:576][ 85]LogModuleManager: Shutting down and abandoning module OnlineSubsystem (44)
[2018.02.05-22.49.08:576][ 85]LogOnline: Display: Unloading online subsystem: NULL
[2018.02.05-22.49.08:576][ 85]LogModuleManager: Shutting down and abandoning module XMPP (43)
[2018.02.05-22.49.08:576][ 85]LogModuleManager: Shutting down and abandoning module HTTP (41)
[2018.02.05-22.49.08:576][ 85]LogHttp: Display: Http module shutting down, but needs to wait on 1 outstanding Http requests:
[2018.02.05-22.49.08:576][ 85]LogHttp: Display: 	verb=[POST] url=[https://datarouter.ol.epicgames.com/datarouter/api/v1/public/data?SessionID=%7B1959DCC4-4C8C-46CB-BC17-00BA2239AD14%7D&AppID=UEEditor.Rocket.Release&AppVersion=4.17.2-3658906%2B%2B%2BUE4%2BRelease-4.17&UserID=1e2a29f74444b18ca3e923abe13dc594%7C832bdc86503a47c68d117857f6f350dc%7C3b863762-c65f-4ea1-a91d-5fdb8332fdbb&AppEnvironment=datacollector-binary&UploadType=eteventstream] status=Processing
[2018.02.05-22.49.08:592][ 85]LogModuleManager: Shutting down and abandoning module SSL (40)
[2018.02.05-22.49.08:594][ 85]LogModuleManager: Shutting down and abandoning module AnimationModifiers (36)
[2018.02.05-22.49.08:594][ 85]LogModuleManager: Shutting down and abandoning module PropertyEditor (35)
[2018.02.05-22.49.08:594][ 85]LogModuleManager: Shutting down and abandoning module AudioEditor (32)
[2018.02.05-22.49.08:594][ 85]LogModuleManager: Shutting down and abandoning module TextureCompressor (30)
[2018.02.05-22.49.08:594][ 85]LogModuleManager: Shutting down and abandoning module ShaderCore (28)
[2018.02.05-22.49.08:595][ 85]LogModuleManager: Shutting down and abandoning module Landscape (26)
[2018.02.05-22.49.08:595][ 85]LogModuleManager: Shutting down and abandoning module SlateRHIRenderer (24)
[2018.02.05-22.49.08:597][ 85]LogModuleManager: Shutting down and abandoning module OpenGLDrv (22)
[2018.02.05-22.49.08:597][ 85]LogModuleManager: Shutting down and abandoning module D3D11RHI (20)
[2018.02.05-22.49.08:597][ 85]LogModuleManager: Shutting down and abandoning module AnimGraphRuntime (18)
[2018.02.05-22.49.08:597][ 85]LogModuleManager: Shutting down and abandoning module Renderer (16)
[2018.02.05-22.49.08:597][ 85]LogModuleManager: Shutting down and abandoning module Engine (14)
[2018.02.05-22.49.08:597][ 85]LogModuleManager: Shutting down and abandoning module CoreUObject (12)
[2018.02.05-22.49.08:597][ 85]LogModuleManager: Shutting down and abandoning module NetworkFile (10)
[2018.02.05-22.49.08:597][ 85]LogModuleManager: Shutting down and abandoning module CookedIterativeFile (8)
[2018.02.05-22.49.08:597][ 85]LogModuleManager: Shutting down and abandoning module StreamingFile (6)
[2018.02.05-22.49.08:597][ 85]LogModuleManager: Shutting down and abandoning module SandboxFile (4)
[2018.02.05-22.49.08:597][ 85]LogModuleManager: Shutting down and abandoning module PakFile (2)
[2018.02.05-22.49.08:598][ 85]LogExit: Exiting.
[2018.02.05-22.49.08:662][ 85]Log file closed, 02/05/18 19:49:08
