Log file open, 12/05/17 11:55:35
LogWindows: Failed to load 'aqProf.dll' (GetLastError=126)
LogWindows: File 'aqProf.dll' does not exist
LogWindows: Failed to load 'VSPerf140.dll' (GetLastError=126)
LogWindows: File 'VSPerf140.dll' does not exist
LogWindows: Failed to load 'VtuneApi.dll' (GetLastError=126)
LogWindows: File 'VtuneApi.dll' does not exist
LogWindows: Failed to load 'VtuneApi32e.dll' (GetLastError=126)
LogWindows: File 'VtuneApi32e.dll' does not exist
LogInit: Display: Running engine for game: Caramuru2D
LogPlatformFile: Not using cached read wrapper
LogInit: Display: RandInit(1782373949) SRandInit(1782373949).
LogTaskGraph: Started task graph with 5 named threads and 14 total threads with 3 sets of task threads.
LogStats: Stats thread started at 0.171976
LogD3D11RHI: Aftermath initialized
LogPluginManager: Mounting plugin Paper2D
LogPluginManager: Mounting plugin LightPropagationVolume
LogPluginManager: Mounting plugin CodeLiteSourceCodeAccess
LogPluginManager: Mounting plugin GitSourceControl
LogPluginManager: Mounting plugin KDevelopSourceCodeAccess
LogPluginManager: Mounting plugin NullSourceCodeAccess
LogPluginManager: Mounting plugin PerforceSourceControl
LogPluginManager: Mounting plugin SubversionSourceControl
LogPluginManager: Mounting plugin UObjectPlugin
LogPluginManager: Mounting plugin VisualStudioSourceCodeAccess
LogPluginManager: Mounting plugin XCodeSourceCodeAccess
LogPluginManager: Mounting plugin AssetManagerEditor
LogPluginManager: Mounting plugin AudioCapture
LogPluginManager: Mounting plugin FacialAnimation
LogPluginManager: Mounting plugin GameplayTagsEditor
LogPluginManager: Mounting plugin MobileLauncherProfileWizard
LogPluginManager: Mounting plugin PluginBrowser
LogPluginManager: Mounting plugin SpeedTreeImporter
LogPluginManager: Mounting plugin AlembicImporter
LogPluginManager: Mounting plugin CharacterAI
LogPluginManager: Mounting plugin HTML5Networking
LogPluginManager: Mounting plugin AndroidMedia
LogPluginManager: Mounting plugin AvfMedia
LogPluginManager: Mounting plugin MediaPlayerEditor
LogPluginManager: Mounting plugin WmfMedia
LogPluginManager: Mounting plugin TcpMessaging
LogPluginManager: Mounting plugin UdpMessaging
LogPluginManager: Mounting plugin LevelSequenceEditor
LogPluginManager: Mounting plugin MatineeToLevelSequence
LogPluginManager: Mounting plugin OnlineSubsystemGooglePlay
LogPluginManager: Mounting plugin OnlineSubsystemIOS
LogPluginManager: Mounting plugin OnlineSubsystem
LogPluginManager: Mounting plugin OnlineSubsystemNull
LogPluginManager: Mounting plugin OnlineSubsystemUtils
LogPluginManager: Mounting plugin AndroidDeviceProfileSelector
LogPluginManager: Mounting plugin AndroidMoviePlayer
LogPluginManager: Mounting plugin AndroidPermission
LogPluginManager: Mounting plugin AppleMoviePlayer
LogPluginManager: Mounting plugin ArchVisCharacter
LogPluginManager: Mounting plugin CableComponent
LogPluginManager: Mounting plugin CustomMeshComponent
LogPluginManager: Mounting plugin ExampleDeviceProfileSelector
LogPluginManager: Mounting plugin GoogleCloudMessaging
LogPluginManager: Mounting plugin ImmediatePhysics
LogPluginManager: Mounting plugin IOSDeviceProfileSelector
LogPluginManager: Mounting plugin LinuxDeviceProfileSelector
LogPluginManager: Mounting plugin LocationServicesBPLibrary
LogPluginManager: Mounting plugin MobilePatchingUtils
LogPluginManager: Mounting plugin OculusVR
LogPluginManager: Mounting plugin PhysXVehicles
LogPluginManager: Mounting plugin ProceduralMeshComponent
LogPluginManager: Mounting plugin RuntimePhysXCooking
LogPluginManager: Mounting plugin SteamVR
LogPluginManager: Mounting plugin WindowsMoviePlayer
LogInit: Using libcurl 7.47.1
LogInit:  - built for x86_64-pc-win32
LogInit:  - supports SSL with OpenSSL/1.0.2g
LogInit:  - supports HTTP deflate (compression) using libz 1.2.8
LogInit:  - other features:
LogInit:      CURL_VERSION_SSL
LogInit:      CURL_VERSION_LIBZ
LogInit:      CURL_VERSION_IPV6
LogInit:      CURL_VERSION_ASYNCHDNS
LogInit:      CURL_VERSION_LARGEFILE
LogInit:      CURL_VERSION_IDN
LogInit:  CurlRequestOptions (configurable via config and command line):
LogInit:  - bVerifyPeer = false  - Libcurl will NOT verify peer certificate
LogInit:  - bUseHttpProxy = false  - Libcurl will NOT use HTTP proxy
LogInit:  - bDontReuseConnections = false  - Libcurl will reuse connections
LogInit:  - CertBundlePath = nullptr  - Libcurl will use whatever was configured at build time.
LogInit: Build: ++UE4+Release-4.17-CL-3658906
LogInit: Engine Version: 4.17.2-3658906+++UE4+Release-4.17
LogInit: Compatible Engine Version: 4.17.0-3573198+++UE4+Release-4.17
LogInit: Net CL: 3573198
LogDevObjectVersion: Number of dev versions registered: 16
LogDevObjectVersion:   Dev-Blueprints (B0D832E4-1F89-4F0D-ACCF-7EB736FD4AA2): 10
LogDevObjectVersion:   Dev-Build (E1C64328-A22C-4D53-A36C-8E866417BD8C): 0
LogDevObjectVersion:   Dev-Core (375EC13C-06E4-48FB-B500-84F0262A717E): 2
LogDevObjectVersion:   Dev-Editor (E4B068ED-F494-42E9-A231-DA0B2E46BB41): 20
LogDevObjectVersion:   Dev-Framework (CFFC743F-43B0-4480-9391-14DF171D2073): 28
LogDevObjectVersion:   Dev-Mobile (B02B49B5-BB20-44E9-A304-32B752E40360): 0
LogDevObjectVersion:   Dev-Networking (A4E4105C-59A1-49B5-A7C5-40C4547EDFEE): 0
LogDevObjectVersion:   Dev-Online (39C831C9-5AE6-47DC-9A44-9C173E1C8E7C): 0
LogDevObjectVersion:   Dev-Physics (78F01B33-EBEA-4F98-B9B4-84EACCB95AA2): 0
LogDevObjectVersion:   Dev-Platform (6631380F-2D4D-43E0-8009-CF276956A95A): 0
LogDevObjectVersion:   Dev-Rendering (12F88B9F-8875-4AFC-A67C-D90C383ABD29): 19
LogDevObjectVersion:   Dev-Sequencer (7B5AE74C-D270-4C10-A958-57980B212A5A): 4
LogDevObjectVersion:   Dev-VR (D7296918-1DD6-4BDD-9DE2-64A83CC13884): 0
LogDevObjectVersion:   Dev-LoadTimes (C2A15278-BFE7-4AFE-6C17-90FF531DF755): 1
LogDevObjectVersion:   Private-Geometry (6EACA3D4-40EC-4CC1-B786-8BED09428FC5): 1
LogDevObjectVersion:   Dev-AnimPhys (29E575DD-E0A3-4627-9D10-D276232CDCEA): 7
LogInit: Compiled (64-bit): Sep 22 2017 13:47:16
LogInit: Compiled with Visual C++: 19.00.24215.01
LogInit: Build Configuration: Development
LogInit: Branch Name: ++UE4+Release-4.17
LogInit: Command line:  
LogInit: Base directory: C:/Program Files/Epic Games/UE_4.17/Engine/Binaries/Win64/
LogInit: Installed Engine Build: 1
LogInit: Presizing for max 8388607 objects, including 0 objects not considered by GC, pre-allocating 0 bytes for permanent pool.
LogInit: Object subsystem initialized
[2017.12.05-14.55.38:157][  0]LogInit: Selected Device Profile: [Windows]
[2017.12.05-14.55.38:157][  0]LogInit: Applying CVar settings loaded from the selected device profile: [Windows]
[2017.12.05-14.55.38:750][  0]LogInit: Computer: MARCELOM
[2017.12.05-14.55.38:750][  0]LogInit: User: Marcelo
[2017.12.05-14.55.38:750][  0]LogInit: CPU Page size=4096, Cores=4
[2017.12.05-14.55.38:750][  0]LogInit: High frequency timer resolution =3.020351 MHz
[2017.12.05-14.55.38:750][  0]LogMemory: Memory total: Physical=7.9GB (8GB approx)
[2017.12.05-14.55.38:750][  0]LogMemory: Platform Memory Stats for Windows
[2017.12.05-14.55.38:750][  0]LogMemory: Process Physical Memory: 282.57 MB used, 282.57 MB peak
[2017.12.05-14.55.38:750][  0]LogMemory: Process Virtual Memory: 290.18 MB used, 290.18 MB peak
[2017.12.05-14.55.38:750][  0]LogMemory: Physical Memory: 3167.79 MB used,  4962.06 MB free, 8129.85 MB total
[2017.12.05-14.55.38:751][  0]LogMemory: Virtual Memory: 717.86 MB used,  4962.06 MB free, 134217728.00 MB total
[2017.12.05-14.55.44:824][  0]LogInit: Overriding language with editor language configuration option (en).
[2017.12.05-14.55.44:824][  0]LogInit: Overriding locale with editor locale configuration option (en).
[2017.12.05-14.56.09:503][  0]LogD3D11RHI: D3D11 adapters:
[2017.12.05-14.56.09:555][  0]LogD3D11RHI:    0. 'NVIDIA GeForce GTX 1050 Ti' (Feature Level 11_0)
[2017.12.05-14.56.09:555][  0]LogD3D11RHI:       4029/0/4064 MB DedicatedVideo/DedicatedSystem/SharedSystem, Outputs:1, VendorId:0x10de
[2017.12.05-14.56.09:557][  0]LogD3D11RHI:    1. 'Microsoft Basic Render Driver' (Feature Level 11_0)
[2017.12.05-14.56.09:557][  0]LogD3D11RHI:       0/0/4064 MB DedicatedVideo/DedicatedSystem/SharedSystem, Outputs:0, VendorId:0x1414
[2017.12.05-14.56.09:557][  0]LogD3D11RHI: Chosen D3D11 Adapter: 0
[2017.12.05-14.56.09:586][  0]LogD3D11RHI: Creating new Direct3DDevice
[2017.12.05-14.56.09:595][  0]LogD3D11RHI:     GPU DeviceId: 0x1c82 (for the marketing name, search the web for "GPU Device Id")
[2017.12.05-14.56.09:595][  0]LogWindows: EnumDisplayDevices:
[2017.12.05-14.56.09:595][  0]LogWindows:    0. 'NVIDIA GeForce GTX 1050 Ti' (P:1 D:1)
[2017.12.05-14.56.09:595][  0]LogWindows:    1. 'NVIDIA GeForce GTX 1050 Ti' (P:0 D:0)
[2017.12.05-14.56.09:595][  0]LogWindows:    2. 'NVIDIA GeForce GTX 1050 Ti' (P:0 D:0)
[2017.12.05-14.56.09:595][  0]LogWindows:    3. 'NVIDIA GeForce GTX 1050 Ti' (P:0 D:0)
[2017.12.05-14.56.09:595][  0]LogWindows: DebugString: GetVideoDriverDetailsInvalid PrimaryIsNotTheChoosenAdapter GetVideoDriverDetailsInvalid PrimaryIsNotTheChoosenAdapter GetVideoDriverDetailsInvalid PrimaryIsNotTheChoosenAdapter GetVideoDriverDetailsInvalid PrimaryIsNotTheChoosenAdapter FoundDriverCount:0 
[2017.12.05-14.56.09:595][  0]LogD3D11RHI:     Adapter Name: NVIDIA GeForce GTX 1050 Ti
[2017.12.05-14.56.09:595][  0]LogD3D11RHI:   Driver Version: Unknown (internal:Unknown, unified:Unknown)
[2017.12.05-14.56.09:595][  0]LogD3D11RHI:      Driver Date: Unknown
[2017.12.05-14.56.09:595][  0]LogRHI: Texture pool is 1361 MB (70% of 1945 MB)
[2017.12.05-14.56.09:681][  0]LogD3D11RHI: Async texture creation enabled
[2017.12.05-14.56.10:186][  0]LogD3D11RHI: GPU Timing Frequency: 1000.000000 (Debug: 2 1)
[2017.12.05-14.56.10:404][  0]LogShaderCompilers: Guid format shader working directory is -25 characters bigger than the processId version (../../../../../../Users/Marcelo/Documents/Unreal Projects/Caramuru2D 4.17/Intermediate/Shaders/WorkingDirectory/6852/).
[2017.12.05-14.56.10:404][  0]LogShaderCompilers: Cleaned the shader compiler working directory 'C:/Users/Marcelo/AppData/Local/Temp/UnrealShaderWorkingDir/4368715B44042220C8E16699F336C2D8/'.
[2017.12.05-14.56.10:404][  0]LogShaderCompilers: Display: Using Local Shader Compiler.
[2017.12.05-14.56.15:680][  0]LogTemp: Display: Loaded TP AllDesktopTargetPlatform
[2017.12.05-14.56.15:755][  0]LogTemp: Display: Loaded TP MacClientTargetPlatform
[2017.12.05-14.56.15:817][  0]LogTemp: Display: Loaded TP MacNoEditorTargetPlatform
[2017.12.05-14.56.15:875][  0]LogTemp: Display: Loaded TP MacServerTargetPlatform
[2017.12.05-14.56.16:009][  0]LogTemp: Display: Loaded TP MacTargetPlatform
[2017.12.05-14.56.16:090][  0]LogTemp: Display: Loaded TP WindowsClientTargetPlatform
[2017.12.05-14.56.16:177][  0]LogTemp: Display: Loaded TP WindowsNoEditorTargetPlatform
[2017.12.05-14.56.16:251][  0]LogTemp: Display: Loaded TP WindowsServerTargetPlatform
[2017.12.05-14.56.16:348][  0]LogTemp: Display: Loaded TP WindowsTargetPlatform
[2017.12.05-14.56.16:450][  0]LogTemp: Display: Loaded TP AndroidTargetPlatform
[2017.12.05-14.56.16:538][  0]LogTemp: Display: Loaded TP Android_ASTCTargetPlatform
[2017.12.05-14.56.16:598][  0]LogTemp: Display: Loaded TP Android_ATCTargetPlatform
[2017.12.05-14.56.16:728][  0]LogTemp: Display: Loaded TP Android_DXTTargetPlatform
[2017.12.05-14.56.16:800][  0]LogTemp: Display: Loaded TP Android_ETC1TargetPlatform
[2017.12.05-14.56.16:877][  0]LogTemp: Display: Loaded TP Android_ETC2TargetPlatform
[2017.12.05-14.56.17:019][  0]LogTemp: Display: Loaded TP Android_MultiTargetPlatform
[2017.12.05-14.56.17:019][  0]LogTemp: Display: Loaded TP Android_PVRTCTargetPlatform
[2017.12.05-14.56.17:082][  0]LogTemp: Display: Loaded TP HTML5TargetPlatform
[2017.12.05-14.56.17:386][  0]LogTemp: Display: Loaded TP IOSTargetPlatform
[2017.12.05-14.56.17:519][  0]LogTemp: Display: Loaded TP TVOSTargetPlatform
[2017.12.05-14.56.17:609][  0]LogTemp: Display: Loaded TP LinuxClientTargetPlatform
[2017.12.05-14.56.17:666][  0]LogTemp: Display: Loaded TP LinuxNoEditorTargetPlatform
[2017.12.05-14.56.17:735][  0]LogTemp: Display: Loaded TP LinuxServerTargetPlatform
[2017.12.05-14.56.17:807][  0]LogTemp: Display: Loaded TP LinuxTargetPlatform
[2017.12.05-14.56.17:807][  0]LogTargetPlatformManager: Display: Building Assets For Windows
[2017.12.05-14.56.18:823][  0]LogDerivedDataCache: Display: Max Cache Size: 512 MB
[2017.12.05-14.56.19:517][  0]LogDerivedDataCache: Loaded boot cache 0.69s 95MB C:/Users/Marcelo/AppData/Local/UnrealEngine/4.17/DerivedDataCache/Boot.ddc.
[2017.12.05-14.56.19:517][  0]LogDerivedDataCache: Display: Loaded Boot cache: C:/Users/Marcelo/AppData/Local/UnrealEngine/4.17/DerivedDataCache/Boot.ddc
[2017.12.05-14.56.19:518][  0]LogDerivedDataCache: FDerivedDataBackendGraph:  Pak pak cache file ../../../../../../Users/Marcelo/Documents/Unreal Projects/Caramuru2D 4.17/DerivedDataCache/DDC.ddp not found, will not use a pak cache.
[2017.12.05-14.56.19:518][  0]LogDerivedDataCache: Unable to find inner node Pak for hierarchical cache Hierarchy.
[2017.12.05-14.56.19:518][  0]LogDerivedDataCache: FDerivedDataBackendGraph:  CompressedPak pak cache file ../../../../../../Users/Marcelo/Documents/Unreal Projects/Caramuru2D 4.17/DerivedDataCache/Compressed.ddp not found, will not use a pak cache.
[2017.12.05-14.56.19:518][  0]LogDerivedDataCache: Unable to find inner node CompressedPak for hierarchical cache Hierarchy.
[2017.12.05-14.56.19:614][  0]LogDerivedDataCache: Display: Pak cache opened for reading ../../../Engine/DerivedDataCache/Compressed.ddp.
[2017.12.05-14.56.19:626][  0]LogDerivedDataCache: Using Local data cache path C:/Users/Marcelo/AppData/Local/UnrealEngine/Common/DerivedDataCache: Writable
[2017.12.05-14.56.19:669][  0]LogMaterial: Verifying Global Shaders for PCD3D_SM5
[2017.12.05-14.56.19:690][  0]LogSlate: Using Freetype 2.6.0
[2017.12.05-14.56.19:746][  0]LogSlate: SlateFontCache - WITH_FREETYPE: 1, WITH_HARFBUZZ: 1
[2017.12.05-14.56.19:747][  0]LogSlate: SlateFontCache - WITH_FREETYPE: 1, WITH_HARFBUZZ: 1
[2017.12.05-14.56.31:568][  0]LogAssetRegistry: FAssetRegistry took 0.0375 seconds to start up
[2017.12.05-14.56.32:609][  0]LogInit: Selected Device Profile: [Windows]
[2017.12.05-14.56.36:047][  0]LogContentStreaming: Texture pool size is 0.00 MB
[2017.12.05-14.56.36:918][  0]LogSimplygon: Simplygon DLL not present - disabling.
[2017.12.05-14.56.38:683][  0]LogMeshReduction: Using SimplygonSwarm for distributed automatic mesh merging
[2017.12.05-14.56.39:126][  0]LogMeshReduction: Using QuadricMeshReduction for automatic static mesh reduction
[2017.12.05-14.56.39:126][  0]LogMeshReduction: No automatic skeletal mesh reduction module available
[2017.12.05-14.56.39:126][  0]LogMeshReduction: No automatic mesh merging module available
[2017.12.05-14.56.39:126][  0]LogMeshMerging: No automatic mesh merging module available
[2017.12.05-14.56.44:943][  0]LogNetVersion: Caramuru2D , NetCL: 3573198, EngineNetVer: 2, GameNetVer: 0 (Checksum: 1344554375)
[2017.12.05-14.56.47:760][  0]LogPackageLocalizationCache: Processed 5 localized package path(s) for 1 prioritized culture(s) in 0.089361 seconds
[2017.12.05-14.56.47:768][  0]LogUObjectArray: 35825 objects as part of root set at end of initial load.
[2017.12.05-14.56.47:768][  0]LogUObjectAllocator: 7529112 out of 0 bytes used by permanent object pool.
[2017.12.05-14.56.47:768][  0]LogUObjectArray: CloseDisregardForGC: 0/0 objects in disregard for GC pool
[2017.12.05-14.56.47:936][  0]LogInit: WinSock: version 1.1 (2.2), MaxSocks=32767, MaxUdp=65467
[2017.12.05-14.57.19:845][  0]LogTcpMessaging: Initializing TcpMessaging bridge
[2017.12.05-14.57.19:963][  0]LogUdpMessaging: Initializing bridge on interface 0.0.0.0:0 to multicast group 230.0.0.1:6666.
[2017.12.05-14.57.21:705][  0]LogMaterial: Uniform references updated for custom material expression Custom.
[2017.12.05-14.57.22:909][  0]SourceControl: Source control is disabled
[2017.12.05-14.57.27:255][  0]LogAndroidPermission: UAndroidPermissionCallbackProxy::GetInstance
[2017.12.05-14.57.27:640][  0]LogOcInput: OculusInput pre-init called
[2017.12.05-14.57.28:751][  0]LogEngine: Initializing Engine...
[2017.12.05-14.57.28:780][  0]LogHMD: Failed to initialize OpenVR with code 110
[2017.12.05-14.57.29:886][  0]LogStats: UGameplayTagsManager::ConstructGameplayTagTree: Construct from data asset -  0.000 s
[2017.12.05-14.57.29:891][  0]LogStats: UGameplayTagsManager::ConstructGameplayTagTree: GameplayTagTreeChangedEvent.Broadcast -  0.005 s
[2017.12.05-14.57.30:229][  0]LogAIModule: Creating AISystem for world Untitled
[2017.12.05-14.57.30:239][  0]LogInit: XAudio2 using 'Alto-falantes (Realtek High Definition Audio)' : 2 channels at 48 kHz using 32 bits per sample (channel mask 0x3)
[2017.12.05-14.57.30:256][  0]LogInit: FAudioDevice initialized.
[2017.12.05-14.57.30:414][  0]LogDerivedDataCache: Saved boot cache 0.16s 95MB C:/Users/Marcelo/AppData/Local/UnrealEngine/4.17/DerivedDataCache/Boot.ddc.
[2017.12.05-14.57.30:677][  0]LogInit: Texture streaming: Enabled
[2017.12.05-14.57.31:221][  0]LogEngineSessionManager: EngineSessionManager initialized
[2017.12.05-14.57.31:235][  0]LogEngineSessionManager: EngineSessionManager sent abnormal shutdown report. Type=AbnormalShutdown, SessionId={0A31F1DA-47AB-6180-4CD1-0C89C819A5DA}
[2017.12.05-14.57.31:795][  0]LogInit: Transaction tracking system initialized
[2017.12.05-14.57.32:462][  0]BlueprintLog: New page: Editor Load
[2017.12.05-14.57.34:335][  0]LocalizationService: Localization service is disabled
[2017.12.05-14.57.36:328][  0]LogConsoleResponse: Display: 
[2017.12.05-14.57.38:690][  0]LogFileCache: Scanning file cache for directory 'C:/Users/Marcelo/Documents/Unreal Projects/Caramuru2D 4.17/Content/' took 0.02s
[2017.12.05-14.57.38:690][  0]LogCook: Display: Max memory allowance for cook 16384mb min free memory 0mb
[2017.12.05-14.57.38:690][  0]LogCook: Display: Mobile HDR setting 0
[2017.12.05-14.57.38:700][  0]LogGameplayTags: Display: UGameplayTagsManager::DoneAddingNativeTags. DelegateIsBound: 0
[2017.12.05-14.57.41:371][  0]Cmd: MAP LOAD FILE="../../../../../../Users/Marcelo/Documents/Unreal Projects/Caramuru2D 4.17/Content/2DSideScrollerBP/Maps/Caramuru2D.umap" TEMPLATE=0 SHOWPROGRESS=1 FEATURELEVEL=3
[2017.12.05-14.57.41:378][  0]LightingResults: New page: Lighting Build
[2017.12.05-14.57.41:502][  0]MapCheck: New page: Map Check
[2017.12.05-14.57.41:502][  0]LightingResults: New page: Lighting Build
[2017.12.05-14.57.51:050][  0]LogMaterial: Missing cached shader map for material DefaultSpriteMaterial, compiling. 
[2017.12.05-14.57.51:581][  0]LogAIModule: Creating AISystem for world Caramuru2D
[2017.12.05-14.57.52:124][  0]LogEditorServer: Finished looking for orphan Actors (0.000 secs)
[2017.12.05-14.57.52:226][  0]Cmd: MAP CHECKDEP NOCLEARLOG
[2017.12.05-14.57.52:376][  0]MapCheck: Map check complete: 0 Error(s), 0 Warning(s), took 150.416ms to complete.
[2017.12.05-14.57.52:377][  0]LogFileHelpers: Loading map 'Caramuru2D' took 11.006
[2017.12.05-14.57.52:951][  0]LogCollectionManager: Loaded 0 collections in 0.002266 seconds
[2017.12.05-14.57.53:180][  0]LogFileCache: Scanning file cache for directory 'C:/Users/Marcelo/Documents/Unreal Projects/Caramuru2D 4.17/Saved/Collections/' took 0.01s
[2017.12.05-14.57.53:180][  0]LogFileCache: Scanning file cache for directory 'C:/Users/Marcelo/Documents/Unreal Projects/Caramuru2D 4.17/Content/Developers/Marcelo/Collections/' took 0.01s
[2017.12.05-14.57.53:180][  0]LogFileCache: Scanning file cache for directory 'C:/Users/Marcelo/Documents/Unreal Projects/Caramuru2D 4.17/Content/Collections/' took 0.01s
[2017.12.05-14.57.53:180][  0]LogCollectionManager: Rebuilt the GUID cache for 0 collections in 0.000001 seconds
[2017.12.05-14.57.53:192][  0]LogContentBrowser: Native class hierarchy populated in 0.0122 seconds. Added 2386 classes and 500 folders.
[2017.12.05-14.57.53:310][  0]LogContentBrowser: Native class hierarchy updated for 'WidgetCarousel' in 0.0007 seconds. Added 0 classes and 0 folders.
[2017.12.05-14.57.54:620][  0]LogContentBrowser: Native class hierarchy updated for 'AddContentDialog' in 0.0012 seconds. Added 0 classes and 0 folders.
[2017.12.05-14.57.54:722][  0]LogContentBrowser: Native class hierarchy updated for 'SceneOutliner' in 0.0007 seconds. Added 1 classes and 2 folders.
[2017.12.05-14.57.58:339][  0]LogTemp: Executing iPhonePackager certificates Engine -bundlename com.YourCompany.Caramuru2D
[2017.12.05-14.57.58:339][  0]LogTemp: CWD: C:\Program Files\Epic Games\UE_4.17\Engine\Binaries\DotNET\IOS
[2017.12.05-14.57.58:339][  0]LogTemp: Initial Dir: C:\Program Files\Epic Games\UE_4.17
[2017.12.05-14.57.58:339][  0]LogTemp: Env CWD: C:\Program Files\Epic Games\UE_4.17\Engine\Binaries\DotNET\IOS
[2017.12.05-14.57.58:339][  0]LogTemp: BranchPath = MARCELOM/C/Program Files/Epic Games/UE_4.17/Engine/Binaries --- GameBranchPath = MARCELOM/C/Program Files/Epic Games/UE_4.17/Engine/Binaries
[2017.12.05-14.57.58:339][  0]LogTemp: IPP ERROR: Could not find provision directory 'C:\Users\Marcelo\AppData\Local/Apple Computer/MobileDevice/Provisioning Profiles/'.
[2017.12.05-14.57.58:339][  0]LogSlate: Took 0.027490 seconds to synchronously load lazily loaded font '../../../Engine/Content/Slate/Fonts/Roboto-Regular.ttf' (155K)
[2017.12.05-14.57.58:377][  0]LogSlate: Took 0.035771 seconds to synchronously load lazily loaded font '../../../Engine/Content/Slate/Fonts/Roboto-Bold.ttf' (160K)
[2017.12.05-14.57.58:396][  0]LogSlate: Took 0.014171 seconds to synchronously load lazily loaded font '../../../Engine/Content/Editor/Slate/Fonts/FontAwesome.ttf' (139K)
[2017.12.05-14.57.58:539][  0]LogRenderer: Reallocating scene render targets to support 860x264 Format 10 NumSamples 1 (Frame:1).
[2017.12.05-14.57.58:693][  0]LogSlate: Took 0.045994 seconds to synchronously load lazily loaded font '../../../Engine/Content/Slate/Fonts/Roboto-Light.ttf' (159K)
[2017.12.05-14.57.58:869][  0]LogContentBrowser: Native class hierarchy updated for 'HierarchicalLODOutliner' in 0.0008 seconds. Added 1 classes and 2 folders.
[2017.12.05-14.57.58:870][  0]LogLoad: (Engine Initialization) Total time: 151.66 seconds
[2017.12.05-14.57.58:870][  0]LogLoad: (Engine Initialization) Total Blueprint compile time: 0.00 seconds
[2017.12.05-14.57.58:883][  0]LogExternalProfiler: No external profilers were discovered.  External profiling features will not be available.
[2017.12.05-14.57.59:645][  0]SourceControl: On branch master
[2017.12.05-14.57.59:645][  0]SourceControl: Your branch is up to date with 'origin/master'.
[2017.12.05-14.57.59:645][  0]SourceControl: Changes not staged for commit:
[2017.12.05-14.57.59:645][  0]SourceControl:   (use "git add/rm <file>..." to update what will be committed)
[2017.12.05-14.57.59:645][  0]SourceControl:   (use "git checkout -- <file>..." to discard changes in working directory)
[2017.12.05-14.57.59:645][  0]SourceControl: 	modified:   Content/2DSideScrollerBP/Maps/Caramuru2D.umap
[2017.12.05-14.57.59:645][  0]SourceControl: 	modified:   Intermediate/AssetRegistryCache/c90e3f55.bin
[2017.12.05-14.57.59:645][  0]SourceControl: 	modified:   Intermediate/CachedAssetRegistry.bin
[2017.12.05-14.57.59:645][  0]SourceControl: 	modified:   Intermediate/Config/CoalescedSourceConfigs/Engine.ini
[2017.12.05-14.57.59:645][  0]SourceControl: 	modified:   Saved/AutoScreenshot.png
[2017.12.05-14.57.59:645][  0]SourceControl: 	deleted:    Saved/Config/CrashReportClient/UE4CC-Windows-055FD31844EDEEA92A27DABF37A93DDC/CrashReportClient.ini
[2017.12.05-14.57.59:645][  0]SourceControl: 	deleted:    Saved/Config/CrashReportClient/UE4CC-Windows-682928E34D2733D0293AE4B73244AB76/CrashReportClient.ini
[2017.12.05-14.57.59:645][  0]SourceControl: 	deleted:    Saved/Config/CrashReportClient/UE4CC-Windows-85A2C117430BFD7856DC7897C6334318/CrashReportClient.ini
[2017.12.05-14.57.59:645][  0]SourceControl: 	deleted:    Saved/Config/CrashReportClient/UE4CC-Windows-AF2825F249D75AE503159A9D213CF822/CrashReportClient.ini
[2017.12.05-14.57.59:645][  0]SourceControl: 	deleted:    Saved/Config/CrashReportClient/UE4CC-Windows-C6EC230C40A77C2E7A78EE997D0F2B57/CrashReportClient.ini
[2017.12.05-14.57.59:645][  0]SourceControl: 	deleted:    Saved/Config/CrashReportClient/UE4CC-Windows-C8B41CE64C4D2FAED5AD40BE62D2A725/CrashReportClient.ini
[2017.12.05-14.57.59:645][  0]SourceControl: 	deleted:    Saved/Config/CrashReportClient/UE4CC-Windows-D64A04944A6544444CB152B320C421ED/CrashReportClient.ini
[2017.12.05-14.57.59:645][  0]SourceControl: 	deleted:    Saved/Config/CrashReportClient/UE4CC-Windows-EC63EDC4475730326646BEAF6C78263B/CrashReportClient.ini
[2017.12.05-14.57.59:645][  0]SourceControl: 	modified:   Saved/Config/Windows/Editor.ini
[2017.12.05-14.57.59:645][  0]SourceControl: 	modified:   Saved/Config/Windows/EditorPerProjectUserSettings.ini
[2017.12.05-14.57.59:645][  0]SourceControl: 	modified:   Saved/Config/Windows/Engine.ini
[2017.12.05-14.57.59:645][  0]SourceControl: 	modified:   Saved/Config/WorldState/150936410.json
[2017.12.05-14.57.59:645][  0]SourceControl: 	deleted:    Saved/Logs/Caramuru2D-backup-2017.11.28-14.26.33.log
[2017.12.05-14.57.59:645][  0]SourceControl: 	deleted:    Saved/Logs/Caramuru2D-backup-2017.11.29-03.23.03.log
[2017.12.05-14.57.59:645][  0]SourceControl: 	modified:   Saved/Logs/Caramuru2D.log
[2017.12.05-14.57.59:645][  0]SourceControl: 	modified:   Saved/SaveGames/Loc.sav
[2017.12.05-14.57.59:645][  0]SourceControl: Untracked files:
[2017.12.05-14.57.59:645][  0]SourceControl:   (use "git add <file>..." to include in what will be committed)
[2017.12.05-14.57.59:645][  0]SourceControl: 	Saved/Backup/Caramuru2D_2017-12-05-03-16-32.umap
[2017.12.05-14.57.59:645][  0]SourceControl: 	Saved/Config/CrashReportClient/UE4CC-Windows-80B2B74E446FD70418C448AD110E7EF1/
[2017.12.05-14.57.59:645][  0]SourceControl: 	Saved/Config/CrashReportClient/UE4CC-Windows-AD9418984DD709BCE041B2AA64772D9B/
[2017.12.05-14.57.59:645][  0]SourceControl: 	Saved/Logs/Caramuru2D-backup-2017.12.05-03.05.46.log
[2017.12.05-14.57.59:645][  0]SourceControl: 	Saved/Logs/Caramuru2D-backup-2017.12.05-11.55.35.log
[2017.12.05-14.57.59:645][  0]SourceControl: no changes added to commit (use "git add" and/or "git commit -a")
[2017.12.05-14.57.59:646][  0]LogContentStreaming: Texture pool size now 3000 MB
[2017.12.05-14.57.59:848][  1]LogAssetRegistry: Asset discovery search completed in 88.3023 seconds
[2017.12.05-14.57.59:850][  1]LogCollectionManager: Rebuilt the object cache for 0 collections in 0.000000 seconds (found 0 objects)
[2017.12.05-14.57.59:850][  1]LogCollectionManager: Fixed up redirectors for 0 collections in 0.000035 seconds (updated 0 objects)
[2017.12.05-15.03.49:244][353]Cmd: DELETE
[2017.12.05-15.03.49:244][353]Cmd: ACTOR DELETE
[2017.12.05-15.03.49:244][353]LogEditorActor: Deleted Actor: PointLight
[2017.12.05-15.03.49:256][353]LogEditorActor: Deleted 1 Actors (0.012 secs)
[2017.12.05-15.03.54:967][ 29]Cmd: DELETE
[2017.12.05-15.03.54:967][ 29]Cmd: ACTOR DELETE
[2017.12.05-15.03.54:968][ 29]LogEditorActor: Deleted Actor: SpotLight
[2017.12.05-15.03.54:979][ 29]LogEditorActor: Deleted 1 Actors (0.012 secs)
[2017.12.05-15.03.58:259][417]Cmd: DELETE
[2017.12.05-15.03.58:259][417]Cmd: ACTOR DELETE
[2017.12.05-15.03.58:259][417]LogEditorActor: Deleted Actor: DirectionalLight
[2017.12.05-15.03.58:271][417]LogEditorActor: Deleted 1 Actors (0.012 secs)
[2017.12.05-15.04.17:014][600]LogEditorViewport: Clicking on Actor (LMB): PaperSpriteActor (mountains_Sprite2)
[2017.12.05-15.04.18:187][727]LogEditorViewport: Clicking on Actor (LMB): PaperSpriteActor (tree__1__Sprite2)
[2017.12.05-15.04.19:799][913]LogEditorViewport: Clicking on Actor (LMB): PaperSpriteActor (tree_3_Sprite8)
[2017.12.05-15.04.20:483][989]LogEditorViewport: Clicking on Actor (LMB): PointLight (PointLight)
[2017.12.05-15.04.30:215][126]LogTemp: Repeating last play command: Selected Viewport
[2017.12.05-15.04.30:402][126]LogBlueprintUserMessages: Early PlayInEditor Detection: Level '/Game/2DSideScrollerBP/Maps/Caramuru2D.Caramuru2D:PersistentLevel' has LevelScriptBlueprint '/Game/2DSideScrollerBP/Maps/Caramuru2D.Caramuru2D:PersistentLevel.Caramuru2D' with GeneratedClass '/Game/2DSideScrollerBP/Maps/Caramuru2D.Caramuru2D_C' with ClassGeneratedBy '/Game/2DSideScrollerBP/Maps/Caramuru2D.Caramuru2D:PersistentLevel.Caramuru2D'
[2017.12.05-15.04.30:403][126]LogPlayLevel: PlayLevel: No blueprints needed recompiling
[2017.12.05-15.04.30:445][126]PIE: New page: PIE session: Caramuru2D (Dec 5, 2017, 9:04:30 AM)
[2017.12.05-15.04.30:445][126]LogPlayLevel: Creating play world package: /Game/2DSideScrollerBP/Maps/UEDPIE_0_Caramuru2D
[2017.12.05-15.04.30:451][126]LogPlayLevel: PIE: StaticDuplicateObject took: (0.005652s)
[2017.12.05-15.04.30:451][126]LogAIModule: Creating AISystem for world Caramuru2D
[2017.12.05-15.04.30:451][126]LogPlayLevel: PIE: World Init took: (0.000694s)
[2017.12.05-15.04.30:452][126]LogPlayLevel: PIE: Created PIE world by copying editor world from /Game/2DSideScrollerBP/Maps/Caramuru2D.Caramuru2D to /Game/2DSideScrollerBP/Maps/UEDPIE_0_Caramuru2D.Caramuru2D (0.006798s)
[2017.12.05-15.04.30:468][126]LogInit: XAudio2 using 'Alto-falantes (Realtek High Definition Audio)' : 2 channels at 48 kHz using 32 bits per sample (channel mask 0x3)
[2017.12.05-15.04.30:479][126]LogInit: FAudioDevice initialized.
[2017.12.05-15.04.30:523][126]LogLoad: Game class is '2DSideScrollerGameMode_C'
[2017.12.05-15.04.30:529][126]LogWorld: Bringing World /Game/2DSideScrollerBP/Maps/UEDPIE_0_Caramuru2D.Caramuru2D up for play (max tick rate 0) at 2017.12.05-12.04.30
[2017.12.05-15.04.30:532][126]LogWorld: Bringing up level for play took: 0.007094
[2017.12.05-15.04.30:590][126]LogContentBrowser: Native class hierarchy updated for 'MovieSceneCapture' in 0.0008 seconds. Added 11 classes and 0 folders.
[2017.12.05-15.04.30:591][126]LogBlueprintUserMessages: [Character] SpreaderGun
[2017.12.05-15.04.30:592][126]PIE: Play in editor start time for /Game/2DSideScrollerBP/Maps/UEDPIE_0_Caramuru2D -0.56
[2017.12.05-15.04.30:592][126]LogBlueprintUserMessages: Late PlayInEditor Detection: Level '/Game/2DSideScrollerBP/Maps/Caramuru2D.Caramuru2D:PersistentLevel' has LevelScriptBlueprint '/Game/2DSideScrollerBP/Maps/Caramuru2D.Caramuru2D:PersistentLevel.Caramuru2D' with GeneratedClass '/Game/2DSideScrollerBP/Maps/Caramuru2D.Caramuru2D_C' with ClassGeneratedBy '/Game/2DSideScrollerBP/Maps/Caramuru2D.Caramuru2D:PersistentLevel.Caramuru2D'
[2017.12.05-15.04.33:707][481]Cmd: LevelEditor.ToggleImmersive
[2017.12.05-15.04.33:847][482]LogRenderer: Reallocating scene render targets to support 976x372 Format 10 NumSamples 1 (Frame:357).
[2017.12.05-15.04.33:894][483]LogRenderer: Reallocating scene render targets to support 1360x728 Format 10 NumSamples 1 (Frame:359).
[2017.12.05-15.04.36:684][813]LogCharacterMovement: WerewolfEnemy_520 is stuck and failed to move! Velocity: X=-200.00 Y=0.00 Z=0.00 Location: X=-4644.79 Y=72.66 Z=3942.41 Normal: X=0.87 Y=-0.48 Z=0.08 PenetrationDepth:0.768 Actor:BP_Shoot_C_0 Component:Sphere BoneName:None (0 other events since notify)
[2017.12.05-15.04.37:451][905]LogCharacterMovement: BradadorEnemy_398 is stuck and failed to move! Velocity: X=-17.07 Y=0.00 Z=0.00 Location: X=-4195.22 Y=72.66 Z=3942.59 Normal: X=0.82 Y=-0.57 Z=0.10 PenetrationDepth:9.604 Actor:BP_Shoot_C_0 Component:Sphere BoneName:None (0 other events since notify)
[2017.12.05-15.04.38:042][976]LogCharacterMovement: MulaEnemy_666 is stuck and failed to move! Velocity: X=-17.07 Y=0.00 Z=0.00 Location: X=-3844.20 Y=72.66 Z=3942.65 Normal: X=0.79 Y=-0.61 Z=0.11 PenetrationDepth:12.818 Actor:BP_Shoot_C_0 Component:Sphere BoneName:None (0 other events since notify)
[2017.12.05-15.04.38:451][ 25]LogCharacterMovement: EnemyCharacter_226 is stuck and failed to move! Velocity: X=-34.16 Y=0.00 Z=0.00 Location: X=-3578.99 Y=100.00 Z=3942.32 Normal: X=1.00 Y=0.00 Z=0.08 PenetrationDepth:2.010 Actor:BP_Shoot_C_0 Component:Sphere BoneName:None (0 other events since notify)
[2017.12.05-15.04.38:451][ 25]LogBlueprintUserMessages: [EnemyCharacter_226] 90
[2017.12.05-15.04.41:836][431]LogBlueprintUserMessages: Early EndPlayMap Detection: Level '/Game/2DSideScrollerBP/Maps/Caramuru2D.Caramuru2D:PersistentLevel' has LevelScriptBlueprint '/Game/2DSideScrollerBP/Maps/Caramuru2D.Caramuru2D:PersistentLevel.Caramuru2D' with GeneratedClass '/Game/2DSideScrollerBP/Maps/Caramuru2D.Caramuru2D_C' with ClassGeneratedBy '/Game/2DSideScrollerBP/Maps/Caramuru2D.Caramuru2D:PersistentLevel.Caramuru2D'
[2017.12.05-15.04.41:907][431]LogBlueprintUserMessages: Late EndPlayMap Detection: Level '/Game/2DSideScrollerBP/Maps/Caramuru2D.Caramuru2D:PersistentLevel' has LevelScriptBlueprint '/Game/2DSideScrollerBP/Maps/Caramuru2D.Caramuru2D:PersistentLevel.Caramuru2D' with GeneratedClass '/Game/2DSideScrollerBP/Maps/Caramuru2D.Caramuru2D_C' with ClassGeneratedBy '/Game/2DSideScrollerBP/Maps/Caramuru2D.Caramuru2D:PersistentLevel.Caramuru2D'
[2017.12.05-15.04.48:200][152]LogEditorViewport: Clicking on Actor (LMB): PointLight (PointLight)
[2017.12.05-15.04.53:633][796]LogEditorViewport: Clicking on Actor (LMB): Chest_C (Chest)
[2017.12.05-15.04.55:839][ 55]LogEditorViewport: Clicking on Actor (LMB): PointLight (PointLight)
[2017.12.05-15.05.03:740][987]LogEditorViewport: Clicking on Actor (LMB): PaperSpriteActor (tree_3_Sprite8)
[2017.12.05-15.05.04:547][ 74]LogEditorViewport: Clicking on Actor (LMB): PointLight (PointLight)
[2017.12.05-15.05.05:693][207]LogEditorViewport: Clicking on Actor (LMB): PaperTileMapActor (FirstFloreGround)
[2017.12.05-15.05.06:157][239]LogEditorViewport: Clicking on Actor (LMB): PaperTileMapActor (FirstFloreGround)
[2017.12.05-15.05.07:395][386]LogEditorViewport: Clicking on Actor (LMB): PaperSpriteActor (tree_3_Sprite8)
[2017.12.05-15.05.10:288][727]LogEditorViewport: Clicking on Actor (LMB): PointLight (PointLight)
[2017.12.05-15.06.26:681][682]LogEditorViewport: Clicking on Actor (LMB): PaperSpriteActor (mountains_Sprite2)
[2017.12.05-15.06.27:524][770]LogEditorViewport: Clicking on Actor (LMB): Caramuru_C (Character)
[2017.12.05-15.06.34:583][565]Cmd: TRANSACTION UNDO
[2017.12.05-15.06.34:583][565]LogEditorTransaction: Undo Move Actors
[2017.12.05-15.06.34:644][565]LogSlate: Took 0.000230 seconds to synchronously load lazily loaded font '../../../Engine/Content/Slate/Fonts/Roboto-Light.ttf' (159K)
[2017.12.05-15.06.36:487][770]LogTemp: Repeating last play command: Selected Viewport
[2017.12.05-15.06.36:523][770]LogBlueprintUserMessages: Early PlayInEditor Detection: Level '/Game/2DSideScrollerBP/Maps/Caramuru2D.Caramuru2D:PersistentLevel' has LevelScriptBlueprint '/Game/2DSideScrollerBP/Maps/Caramuru2D.Caramuru2D:PersistentLevel.Caramuru2D' with GeneratedClass '/Game/2DSideScrollerBP/Maps/Caramuru2D.Caramuru2D_C' with ClassGeneratedBy '/Game/2DSideScrollerBP/Maps/Caramuru2D.Caramuru2D:PersistentLevel.Caramuru2D'
[2017.12.05-15.06.36:523][770]LogPlayLevel: PlayLevel: No blueprints needed recompiling
[2017.12.05-15.06.36:524][770]PIE: New page: PIE session: Caramuru2D (Dec 5, 2017, 9:06:36 AM)
[2017.12.05-15.06.36:524][770]LogPlayLevel: Creating play world package: /Game/2DSideScrollerBP/Maps/UEDPIE_0_Caramuru2D
[2017.12.05-15.06.36:530][770]LogPlayLevel: PIE: StaticDuplicateObject took: (0.005921s)
[2017.12.05-15.06.36:531][770]LogAIModule: Creating AISystem for world Caramuru2D
[2017.12.05-15.06.36:531][770]LogPlayLevel: PIE: World Init took: (0.000853s)
[2017.12.05-15.06.36:531][770]LogPlayLevel: PIE: Created PIE world by copying editor world from /Game/2DSideScrollerBP/Maps/Caramuru2D.Caramuru2D to /Game/2DSideScrollerBP/Maps/UEDPIE_0_Caramuru2D.Caramuru2D (0.007057s)
[2017.12.05-15.06.36:573][770]LogInit: XAudio2 using 'Alto-falantes (Realtek High Definition Audio)' : 2 channels at 48 kHz using 32 bits per sample (channel mask 0x3)
[2017.12.05-15.06.36:586][770]LogInit: FAudioDevice initialized.
[2017.12.05-15.06.36:616][770]LogLoad: Game class is '2DSideScrollerGameMode_C'
[2017.12.05-15.06.36:622][770]LogWorld: Bringing World /Game/2DSideScrollerBP/Maps/UEDPIE_0_Caramuru2D.Caramuru2D up for play (max tick rate 0) at 2017.12.05-12.06.36
[2017.12.05-15.06.36:624][770]LogWorld: Bringing up level for play took: 0.007263
[2017.12.05-15.06.36:625][770]LogBlueprintUserMessages: [Character] SpreaderGun
[2017.12.05-15.06.36:626][770]PIE: Play in editor start time for /Game/2DSideScrollerBP/Maps/UEDPIE_0_Caramuru2D -0.526
[2017.12.05-15.06.36:627][770]LogBlueprintUserMessages: Late PlayInEditor Detection: Level '/Game/2DSideScrollerBP/Maps/Caramuru2D.Caramuru2D:PersistentLevel' has LevelScriptBlueprint '/Game/2DSideScrollerBP/Maps/Caramuru2D.Caramuru2D:PersistentLevel.Caramuru2D' with GeneratedClass '/Game/2DSideScrollerBP/Maps/Caramuru2D.Caramuru2D_C' with ClassGeneratedBy '/Game/2DSideScrollerBP/Maps/Caramuru2D.Caramuru2D:PersistentLevel.Caramuru2D'
[2017.12.05-15.06.40:822][272]Cmd: LevelEditor.ToggleImmersive
[2017.12.05-15.06.42:291][429]LogBlueprintUserMessages: Early EndPlayMap Detection: Level '/Game/2DSideScrollerBP/Maps/Caramuru2D.Caramuru2D:PersistentLevel' has LevelScriptBlueprint '/Game/2DSideScrollerBP/Maps/Caramuru2D.Caramuru2D:PersistentLevel.Caramuru2D' with GeneratedClass '/Game/2DSideScrollerBP/Maps/Caramuru2D.Caramuru2D_C' with ClassGeneratedBy '/Game/2DSideScrollerBP/Maps/Caramuru2D.Caramuru2D:PersistentLevel.Caramuru2D'
[2017.12.05-15.06.42:385][429]LogBlueprintUserMessages: Late EndPlayMap Detection: Level '/Game/2DSideScrollerBP/Maps/Caramuru2D.Caramuru2D:PersistentLevel' has LevelScriptBlueprint '/Game/2DSideScrollerBP/Maps/Caramuru2D.Caramuru2D:PersistentLevel.Caramuru2D' with GeneratedClass '/Game/2DSideScrollerBP/Maps/Caramuru2D.Caramuru2D_C' with ClassGeneratedBy '/Game/2DSideScrollerBP/Maps/Caramuru2D.Caramuru2D:PersistentLevel.Caramuru2D'
[2017.12.05-15.06.48:796][183]LogEditorViewport: Clicking on Actor (LMB): PointLight (PointLight)
[2017.12.05-15.06.50:544][384]LogEditorViewport: Clicking on Actor (LMB): PointLight (PointLight)
[2017.12.05-15.06.52:463][608]LogEditorViewport: Clicking on Actor (LMB): PaperSpriteActor (tree_2_Sprite5)
[2017.12.05-15.06.53:631][742]LogEditorViewport: Clicking on Actor (LMB): Caramuru_C (Character)
[2017.12.05-15.06.55:511][957]LogEditorViewport: Clicking on Actor (LMB): PaperSpriteActor (mountains_Sprite2)
[2017.12.05-15.06.56:265][ 38]LogEditorViewport: Clicking on Actor (LMB): PointLight (PointLight)
[2017.12.05-15.07.04:363][998]LogEditorViewport: Clicking on Actor (LMB): PaperSpriteActor (mountains_Sprite2)
[2017.12.05-15.07.05:263][100]LogEditorViewport: Clicking on Actor (LMB): PaperSpriteActor (mountains_Sprite2)
[2017.12.05-15.07.05:806][162]LogEditorViewport: Clicking on Actor (LMB): PaperSpriteActor (mountains_Sprite2)
[2017.12.05-15.07.06:256][213]LogEditorViewport: Clicking on Actor (LMB): PaperSpriteActor (mountains_Sprite2)
[2017.12.05-15.07.06:772][272]LogEditorViewport: Clicking on Actor (LMB): Caramuru_C (Character)
[2017.12.05-15.07.10:253][671]Cmd: SELECT NONE
[2017.12.05-15.07.11:076][766]Cmd: SELECT NONE
[2017.12.05-15.07.26:624][596]LogEditorViewport: Clicking on Actor (LMB): PaperSpriteActor (mountains_Sprite2)
[2017.12.05-15.07.27:866][734]LogEditorViewport: Clicking on Actor (LMB): Caramuru_C (Character)
[2017.12.05-15.07.28:681][819]LogEditorViewport: Clicking on Actor (LMB): Caramuru_C (Character)
[2017.12.05-15.07.34:579][472]LogEditorViewport: Clicking on Actor (LMB): PaperSpriteActor (mountains_Sprite2)
[2017.12.05-15.07.35:381][560]LogEditorViewport: Clicking on Actor (LMB): Caramuru_C (Character)
[2017.12.05-15.07.36:503][681]LogEditorViewport: Clicking on Actor (LMB): Caramuru_C (Character)
[2017.12.05-15.07.36:614][690]LogEditorViewport: Clicking on Component (LMB): CameraComponent (SideViewCameraComponent)
[2017.12.05-15.07.46:379][837]LogEditorViewport: Clicking on Actor (LMB): PointLight (PointLight)
[2017.12.05-15.07.50:420][309]LogTemp: Repeating last play command: Selected Viewport
[2017.12.05-15.07.50:456][309]LogBlueprintUserMessages: Early PlayInEditor Detection: Level '/Game/2DSideScrollerBP/Maps/Caramuru2D.Caramuru2D:PersistentLevel' has LevelScriptBlueprint '/Game/2DSideScrollerBP/Maps/Caramuru2D.Caramuru2D:PersistentLevel.Caramuru2D' with GeneratedClass '/Game/2DSideScrollerBP/Maps/Caramuru2D.Caramuru2D_C' with ClassGeneratedBy '/Game/2DSideScrollerBP/Maps/Caramuru2D.Caramuru2D:PersistentLevel.Caramuru2D'
[2017.12.05-15.07.50:456][309]LogPlayLevel: PlayLevel: No blueprints needed recompiling
[2017.12.05-15.07.50:457][309]PIE: New page: PIE session: Caramuru2D (Dec 5, 2017, 9:07:50 AM)
[2017.12.05-15.07.50:457][309]LogPlayLevel: Creating play world package: /Game/2DSideScrollerBP/Maps/UEDPIE_0_Caramuru2D
[2017.12.05-15.07.50:464][309]LogPlayLevel: PIE: StaticDuplicateObject took: (0.006689s)
[2017.12.05-15.07.50:464][309]LogAIModule: Creating AISystem for world Caramuru2D
[2017.12.05-15.07.50:464][309]LogPlayLevel: PIE: World Init took: (0.000765s)
[2017.12.05-15.07.50:465][309]LogPlayLevel: PIE: Created PIE world by copying editor world from /Game/2DSideScrollerBP/Maps/Caramuru2D.Caramuru2D to /Game/2DSideScrollerBP/Maps/UEDPIE_0_Caramuru2D.Caramuru2D (0.007829s)
[2017.12.05-15.07.50:484][309]LogInit: XAudio2 using 'Alto-falantes (Realtek High Definition Audio)' : 2 channels at 48 kHz using 32 bits per sample (channel mask 0x3)
[2017.12.05-15.07.50:495][309]LogInit: FAudioDevice initialized.
[2017.12.05-15.07.50:528][309]LogLoad: Game class is '2DSideScrollerGameMode_C'
[2017.12.05-15.07.50:535][309]LogWorld: Bringing World /Game/2DSideScrollerBP/Maps/UEDPIE_0_Caramuru2D.Caramuru2D up for play (max tick rate 0) at 2017.12.05-12.07.50
[2017.12.05-15.07.50:537][309]LogWorld: Bringing up level for play took: 0.007435
[2017.12.05-15.07.50:538][309]LogBlueprintUserMessages: [Character] SpreaderGun
[2017.12.05-15.07.50:539][309]PIE: Play in editor start time for /Game/2DSideScrollerBP/Maps/UEDPIE_0_Caramuru2D -0.613
[2017.12.05-15.07.50:540][309]LogBlueprintUserMessages: Late PlayInEditor Detection: Level '/Game/2DSideScrollerBP/Maps/Caramuru2D.Caramuru2D:PersistentLevel' has LevelScriptBlueprint '/Game/2DSideScrollerBP/Maps/Caramuru2D.Caramuru2D:PersistentLevel.Caramuru2D' with GeneratedClass '/Game/2DSideScrollerBP/Maps/Caramuru2D.Caramuru2D_C' with ClassGeneratedBy '/Game/2DSideScrollerBP/Maps/Caramuru2D.Caramuru2D:PersistentLevel.Caramuru2D'
[2017.12.05-15.07.55:334][883]LogCharacterMovement: WerewolfEnemy_520 is stuck and failed to move! Velocity: X=-200.00 Y=0.00 Z=0.00 Location: X=-4642.15 Y=72.66 Z=3942.35 Normal: X=0.88 Y=-0.48 Z=0.08 PenetrationDepth:0.578 Actor:BP_Shoot_C_0 Component:Sphere BoneName:None (0 other events since notify)
[2017.12.05-15.07.56:085][973]LogCharacterMovement: BradadorEnemy_398 is stuck and failed to move! Velocity: X=200.00 Y=0.00 Z=0.00 Location: X=-4195.43 Y=72.66 Z=3942.31 Normal: X=0.86 Y=-0.51 Z=0.08 PenetrationDepth:3.757 Actor:BP_Shoot_C_0 Component:Sphere BoneName:None (0 other events since notify)
[2017.12.05-15.07.56:685][ 45]LogCharacterMovement: MulaEnemy_666 is stuck and failed to move! Velocity: X=-17.07 Y=0.00 Z=0.00 Location: X=-3844.27 Y=72.66 Z=3942.41 Normal: X=0.80 Y=-0.59 Z=0.10 PenetrationDepth:11.158 Actor:BP_Shoot_C_0 Component:Sphere BoneName:None (0 other events since notify)
[2017.12.05-15.07.57:102][ 95]LogCharacterMovement: EnemyCharacter_226 is stuck and failed to move! Velocity: X=172.93 Y=0.00 Z=0.00 Location: X=-3578.94 Y=100.00 Z=3942.55 Normal: X=1.00 Y=0.00 Z=0.09 PenetrationDepth:4.774 Actor:BP_Shoot_C_0 Component:Sphere BoneName:None (0 other events since notify)
[2017.12.05-15.07.57:169][103]LogCharacterMovement: ENEMY_CuracangaMov_477 is stuck and failed to move! Velocity: X=17.07 Y=0.00 Z=0.00 Location: X=-4959.33 Y=68.66 Z=4050.67 Normal: X=0.71 Y=-0.69 Z=0.11 PenetrationDepth:12.713 Actor:BP_Shoot_C_3 Component:Sphere BoneName:None (0 other events since notify)
[2017.12.05-15.07.57:211][108]LogBlueprintUserMessages: Early EndPlayMap Detection: Level '/Game/2DSideScrollerBP/Maps/Caramuru2D.Caramuru2D:PersistentLevel' has LevelScriptBlueprint '/Game/2DSideScrollerBP/Maps/Caramuru2D.Caramuru2D:PersistentLevel.Caramuru2D' with GeneratedClass '/Game/2DSideScrollerBP/Maps/Caramuru2D.Caramuru2D_C' with ClassGeneratedBy '/Game/2DSideScrollerBP/Maps/Caramuru2D.Caramuru2D:PersistentLevel.Caramuru2D'
[2017.12.05-15.07.57:253][108]LogBlueprintUserMessages: Late EndPlayMap Detection: Level '/Game/2DSideScrollerBP/Maps/Caramuru2D.Caramuru2D:PersistentLevel' has LevelScriptBlueprint '/Game/2DSideScrollerBP/Maps/Caramuru2D.Caramuru2D:PersistentLevel.Caramuru2D' with GeneratedClass '/Game/2DSideScrollerBP/Maps/Caramuru2D.Caramuru2D_C' with ClassGeneratedBy '/Game/2DSideScrollerBP/Maps/Caramuru2D.Caramuru2D:PersistentLevel.Caramuru2D'
[2017.12.05-15.08.09:511][381]Cmd: QUIT_EDITOR
[2017.12.05-15.08.09:920][381]LogWindowsTextInputMethodSystem: Display: IME system now deactivated.
[2017.12.05-15.08.09:934][381]LogExit: Preparing to exit.
[2017.12.05-15.08.10:346][381]LogDirectoryWatcher: A directory notification for 'C:/Users/Marcelo/Documents/Unreal Projects/Caramuru2D 4.17/Content/' was aborted.
[2017.12.05-15.08.10:378][381]LogExit: Editor shut down
[2017.12.05-15.08.10:382][381]LogExit: Transaction tracking system shut down
[2017.12.05-15.08.10:559][381]LogDirectoryWatcher: A directory notification for '../../../Engine/Content/' was aborted.
[2017.12.05-15.08.10:559][381]LogDirectoryWatcher: A directory notification for '../../../../../../Users/Marcelo/Documents/Unreal Projects/Caramuru2D 4.17/Content/' was aborted.
[2017.12.05-15.08.10:559][381]LogDirectoryWatcher: A directory notification for '../../../Engine/Plugins/2D/Paper2D/Content/' was aborted.
[2017.12.05-15.08.10:559][381]LogDirectoryWatcher: A directory notification for '../../../Engine/Plugins/Runtime/Oculus/OculusVR/Content/' was aborted.
[2017.12.05-15.08.10:560][381]LogDirectoryWatcher: A directory notification for '../../../Engine/Plugins/Runtime/Steam/SteamVR/Content/' was aborted.
[2017.12.05-15.08.10:619][381]LogExit: Object subsystem successfully closed.
[2017.12.05-15.08.10:661][381]LogD3D11RHI: Shutdown
[2017.12.05-15.08.10:661][381]LogD3D11RHI: CleanupD3DDevice
[2017.12.05-15.08.10:753][381]LogD3D11RHI: ~FD3D11DynamicRHI
[2017.12.05-15.08.10:771][381]LogModuleManager: Shutting down and abandoning module MovieSceneCapture (534)
[2017.12.05-15.08.10:771][381]LogModuleManager: Shutting down and abandoning module HierarchicalLODOutliner (532)
[2017.12.05-15.08.10:771][381]LogModuleManager: Shutting down and abandoning module ExternalImagePicker (530)
[2017.12.05-15.08.10:771][381]LogModuleManager: Shutting down and abandoning module SceneOutliner (528)
[2017.12.05-15.08.10:786][381]LogModuleManager: Shutting down and abandoning module AddContentDialog (526)
[2017.12.05-15.08.10:786][381]LogDirectoryWatcher: A directory notification for 'C:/Program Files/Epic Games/UE_4.17/FeaturePacks/' was aborted.
[2017.12.05-15.08.10:787][381]LogModuleManager: Shutting down and abandoning module WidgetCarousel (525)
[2017.12.05-15.08.10:788][381]LogModuleManager: Shutting down and abandoning module EditorWidgets (522)
[2017.12.05-15.08.10:788][381]LogModuleManager: Shutting down and abandoning module CollectionManager (520)
[2017.12.05-15.08.10:788][381]LogDirectoryWatcher: A directory notification for 'C:/Users/Marcelo/Documents/Unreal Projects/Caramuru2D 4.17/Content/Collections/' was aborted.
[2017.12.05-15.08.10:788][381]LogDirectoryWatcher: A directory notification for 'C:/Users/Marcelo/Documents/Unreal Projects/Caramuru2D 4.17/Content/Developers/Marcelo/Collections/' was aborted.
[2017.12.05-15.08.10:788][381]LogDirectoryWatcher: A directory notification for 'C:/Users/Marcelo/Documents/Unreal Projects/Caramuru2D 4.17/Saved/Collections/' was aborted.
[2017.12.05-15.08.10:788][381]LogModuleManager: Shutting down and abandoning module StatsViewer (518)
[2017.12.05-15.08.10:788][381]LogModuleManager: Shutting down and abandoning module FoliageEdit (516)
[2017.12.05-15.08.10:788][381]LogModuleManager: Shutting down and abandoning module LandscapeEditor (514)
[2017.12.05-15.08.10:788][381]LogModuleManager: Shutting down and abandoning module MeshPaintMode (512)
[2017.12.05-15.08.10:788][381]LogModuleManager: Shutting down and abandoning module SceneDepthPickerMode (510)
[2017.12.05-15.08.10:788][381]LogModuleManager: Shutting down and abandoning module ActorPickerMode (508)
[2017.12.05-15.08.10:788][381]LogModuleManager: Shutting down and abandoning module GeometryMode (506)
[2017.12.05-15.08.10:788][381]LogModuleManager: Shutting down and abandoning module TextureAlignMode (504)
[2017.12.05-15.08.10:788][381]LogModuleManager: Shutting down and abandoning module BspMode (502)
[2017.12.05-15.08.10:788][381]LogModuleManager: Shutting down and abandoning module PIEPreviewDeviceProfileSelector (500)
[2017.12.05-15.08.10:788][381]LogModuleManager: Shutting down and abandoning module HardwareSurvey (498)
[2017.12.05-15.08.10:788][381]LogModuleManager: Shutting down and abandoning module SequenceRecorderSections (496)
[2017.12.05-15.08.10:788][381]LogModuleManager: Shutting down and abandoning module AutomationWorker (494)
[2017.12.05-15.08.10:788][381]LogModuleManager: Shutting down and abandoning module MatineeToLevelSequence (492)
[2017.12.05-15.08.10:788][381]LogModuleManager: Shutting down and abandoning module LevelSequenceEditor (490)
[2017.12.05-15.08.10:788][381]LogModuleManager: Shutting down and abandoning module PlacementMode (489)
[2017.12.05-15.08.10:788][381]LogModuleManager: Shutting down and abandoning module WmfMediaFactory (486)
[2017.12.05-15.08.10:788][381]LogModuleManager: Shutting down and abandoning module WmfMediaEditor (484)
[2017.12.05-15.08.10:788][381]LogModuleManager: Shutting down and abandoning module AvfMediaFactory (482)
[2017.12.05-15.08.10:788][381]LogModuleManager: Shutting down and abandoning module AvfMediaEditor (480)
[2017.12.05-15.08.10:788][381]LogModuleManager: Shutting down and abandoning module AndroidMediaFactory (478)
[2017.12.05-15.08.10:788][381]LogModuleManager: Shutting down and abandoning module Media (477)
[2017.12.05-15.08.10:788][381]LogModuleManager: Shutting down and abandoning module AndroidMediaEditor (474)
[2017.12.05-15.08.10:788][381]LogModuleManager: Shutting down and abandoning module CharacterAI (472)
[2017.12.05-15.08.10:788][381]LogModuleManager: Shutting down and abandoning module AudioCapture (470)
[2017.12.05-15.08.10:788][381]LogModuleManager: Shutting down and abandoning module SequenceRecorder (469)
[2017.12.05-15.08.10:788][381]LogModuleManager: Shutting down and abandoning module SmartSnapping (466)
[2017.12.05-15.08.10:788][381]LogModuleManager: Shutting down and abandoning module SessionServices (464)
[2017.12.05-15.08.10:788][381]LogModuleManager: Shutting down and abandoning module ViewportSnapping (462)
[2017.12.05-15.08.10:788][381]LogModuleManager: Shutting down and abandoning module ViewportInteraction (460)
[2017.12.05-15.08.10:789][381]LogModuleManager: Shutting down and abandoning module ClothPainter (458)
[2017.12.05-15.08.10:789][381]LogModuleManager: Shutting down and abandoning module LogVisualizer (456)
[2017.12.05-15.08.10:789][381]LogModuleManager: Shutting down and abandoning module IntroTutorials (454)
[2017.12.05-15.08.10:789][381]LogModuleManager: Shutting down and abandoning module GameProjectGeneration (453)
[2017.12.05-15.08.10:789][381]LogModuleManager: Shutting down and abandoning module IOSPlatformEditor (450)
[2017.12.05-15.08.10:789][381]LogModuleManager: Shutting down and abandoning module HTML5PlatformEditor (448)
[2017.12.05-15.08.10:789][381]LogModuleManager: Shutting down and abandoning module AndroidPlatformEditor (446)
[2017.12.05-15.08.10:789][381]LogModuleManager: Shutting down and abandoning module AndroidDeviceDetection (445)
[2017.12.05-15.08.11:347][381]LogModuleManager: Shutting down and abandoning module WindowsPlatformEditor (442)
[2017.12.05-15.08.11:347][381]LogModuleManager: Shutting down and abandoning module IOSRuntimeSettings (440)
[2017.12.05-15.08.11:347][381]LogModuleManager: Shutting down and abandoning module AndroidRuntimeSettings (438)
[2017.12.05-15.08.11:347][381]LogModuleManager: Shutting down and abandoning module InputBindingEditor (436)
[2017.12.05-15.08.11:347][381]LogModuleManager: Shutting down and abandoning module MergeActors (434)
[2017.12.05-15.08.11:347][381]LogModuleManager: Shutting down and abandoning module SizeMap (432)
[2017.12.05-15.08.11:347][381]LogModuleManager: Shutting down and abandoning module TreeMap (430)
[2017.12.05-15.08.11:347][381]LogModuleManager: Shutting down and abandoning module ReferenceViewer (428)
[2017.12.05-15.08.11:347][381]LogModuleManager: Shutting down and abandoning module LocalizationDashboard (426)
[2017.12.05-15.08.11:347][381]LogModuleManager: Shutting down and abandoning module LocalizationService (425)
[2017.12.05-15.08.11:348][381]LogModuleManager: Shutting down and abandoning module HardwareTargeting (422)
[2017.12.05-15.08.11:348][381]LogModuleManager: Shutting down and abandoning module DeviceProfileEditor (420)
[2017.12.05-15.08.11:348][381]LogModuleManager: Shutting down and abandoning module UndoHistory (418)
[2017.12.05-15.08.11:348][381]LogModuleManager: Shutting down and abandoning module XmlParser (416)
[2017.12.05-15.08.11:348][381]LogModuleManager: Shutting down and abandoning module Blutility (414)
[2017.12.05-15.08.11:348][381]LogModuleManager: Shutting down and abandoning module ProjectSettingsViewer (412)
[2017.12.05-15.08.11:348][381]LogModuleManager: Shutting down and abandoning module ProjectTargetPlatformEditor (411)
[2017.12.05-15.08.11:348][381]LogModuleManager: Shutting down and abandoning module EditorSettingsViewer (408)
[2017.12.05-15.08.11:348][381]LogModuleManager: Shutting down and abandoning module SettingsEditor (406)
[2017.12.05-15.08.11:348][381]LogModuleManager: Shutting down and abandoning module ProjectLauncher (404)
[2017.12.05-15.08.11:348][381]LogModuleManager: Shutting down and abandoning module SessionFrontend (402)
[2017.12.05-15.08.11:348][381]LogModuleManager: Shutting down and abandoning module ProfilerClient (400)
[2017.12.05-15.08.11:369][381]LogModuleManager: Shutting down and abandoning module DeviceManager (398)
[2017.12.05-15.08.11:369][381]LogModuleManager: Shutting down and abandoning module TargetDeviceServices (397)
[2017.12.05-15.08.11:421][381]LogModuleManager: Shutting down and abandoning module AutomationController (394)
[2017.12.05-15.08.11:421][381]LogModuleManager: Shutting down and abandoning module AutomationWindow (392)
[2017.12.05-15.08.11:421][381]LogModuleManager: Shutting down and abandoning module Layers (390)
[2017.12.05-15.08.11:421][381]LogModuleManager: Shutting down and abandoning module ComponentVisualizers (388)
[2017.12.05-15.08.11:421][381]LogModuleManager: Shutting down and abandoning module DetailCustomizations (386)
[2017.12.05-15.08.11:421][381]LogModuleManager: Shutting down and abandoning module PackagesDialog (384)
[2017.12.05-15.08.11:421][381]LogModuleManager: Shutting down and abandoning module Persona (382)
[2017.12.05-15.08.11:421][381]LogModuleManager: Shutting down and abandoning module AdvancedPreviewScene (381)
[2017.12.05-15.08.11:421][381]LogModuleManager: Shutting down and abandoning module AnimGraph (379)
[2017.12.05-15.08.11:421][381]LogModuleManager: Shutting down and abandoning module Kismet (376)
[2017.12.05-15.08.11:423][381]LogModuleManager: Shutting down and abandoning module ClassViewer (374)
[2017.12.05-15.08.11:423][381]LogModuleManager: Shutting down and abandoning module Toolbox (372)
[2017.12.05-15.08.11:423][381]LogModuleManager: Shutting down and abandoning module ModuleUI (370)
[2017.12.05-15.08.11:423][381]LogModuleManager: Shutting down and abandoning module MovieSceneTools (368)
[2017.12.05-15.08.11:423][381]LogModuleManager: Shutting down and abandoning module OutputLog (366)
[2017.12.05-15.08.11:423][381]LogModuleManager: Shutting down and abandoning module GammaUI (364)
[2017.12.05-15.08.11:423][381]LogModuleManager: Shutting down and abandoning module Documentation (362)
[2017.12.05-15.08.11:423][381]LogModuleManager: Shutting down and abandoning module MovieSceneTracks (360)
[2017.12.05-15.08.11:423][381]LogModuleManager: Shutting down and abandoning module MovieScene (358)
[2017.12.05-15.08.11:423][381]LogModuleManager: Shutting down and abandoning module Niagara (356)
[2017.12.05-15.08.11:423][381]LogModuleManager: Shutting down and abandoning module NiagaraEditor (355)
[2017.12.05-15.08.11:423][381]LogModuleManager: Shutting down and abandoning module StreamingPauseRendering (352)
[2017.12.05-15.08.11:423][381]LogModuleManager: Shutting down and abandoning module LauncherPlatform (350)
[2017.12.05-15.08.11:423][381]LogModuleManager: Shutting down and abandoning module AnalyticsET (348)
[2017.12.05-15.08.11:423][381]LogModuleManager: Shutting down and abandoning module PortalServices (346)
[2017.12.05-15.08.11:423][381]LogModuleManager: Shutting down and abandoning module PortalRpc (344)
[2017.12.05-15.08.11:423][381]LogModuleManager: Shutting down and abandoning module MessagingRpc (342)
[2017.12.05-15.08.11:423][381]LogModuleManager: Shutting down and abandoning module AIModule (340)
[2017.12.05-15.08.11:423][381]LogModuleManager: Shutting down and abandoning module GameplayDebugger (339)
[2017.12.05-15.08.11:423][381]LogModuleManager: Shutting down and abandoning module AITestSuite (337)
[2017.12.05-15.08.11:423][381]LogModuleManager: Shutting down and abandoning module ProfilerService (334)
[2017.12.05-15.08.11:664][381]LogModuleManager: Shutting down and abandoning module TaskGraph (332)
[2017.12.05-15.08.11:664][381]LogModuleManager: Shutting down and abandoning module SteamVRController (330)
[2017.12.05-15.08.11:664][381]LogModuleManager: Shutting down and abandoning module ProceduralMeshComponentEditor (328)
[2017.12.05-15.08.11:664][381]LogModuleManager: Shutting down and abandoning module ProceduralMeshComponent (326)
[2017.12.05-15.08.11:664][381]LogModuleManager: Shutting down and abandoning module OculusInput (324)
[2017.12.05-15.08.11:664][381]LogModuleManager: Shutting down and abandoning module MobilePatchingUtils (322)
[2017.12.05-15.08.11:664][381]LogModuleManager: Shutting down and abandoning module CustomMeshComponent (320)
[2017.12.05-15.08.11:664][381]LogModuleManager: Shutting down and abandoning module CableComponent (318)
[2017.12.05-15.08.11:664][381]LogModuleManager: Shutting down and abandoning module ArchVisCharacter (316)
[2017.12.05-15.08.11:664][381]LogModuleManager: Shutting down and abandoning module AndroidPermission (314)
[2017.12.05-15.08.11:664][381]LogModuleManager: Shutting down and abandoning module MediaPlayerEditor (310)
[2017.12.05-15.08.11:664][381]LogModuleManager: Shutting down and abandoning module HTML5Networking (308)
[2017.12.05-15.08.11:664][381]LogModuleManager: Shutting down and abandoning module AlembicImporter (306)
[2017.12.05-15.08.11:664][381]LogModuleManager: Shutting down and abandoning module AlembicLibrary (305)
[2017.12.05-15.08.11:665][381]LogModuleManager: Shutting down and abandoning module GeometryCache (304)
[2017.12.05-15.08.11:665][381]LogModuleManager: Shutting down and abandoning module GeometryCacheEd (303)
[2017.12.05-15.08.11:665][381]LogModuleManager: Shutting down and abandoning module SpeedTreeImporter (298)
[2017.12.05-15.08.11:665][381]LogModuleManager: Shutting down and abandoning module PluginBrowser (296)
[2017.12.05-15.08.11:665][381]LogModuleManager: Shutting down and abandoning module MobileLauncherProfileWizard (294)
[2017.12.05-15.08.11:665][381]LogModuleManager: Shutting down and abandoning module VisualStudioSourceCodeAccess (292)
[2017.12.05-15.08.11:665][381]LogModuleManager: Shutting down and abandoning module DesktopPlatform (291)
[2017.12.05-15.08.11:665][381]LogModuleManager: Shutting down and abandoning module UObjectPlugin (288)
[2017.12.05-15.08.11:665][381]LogModuleManager: Shutting down and abandoning module SubversionSourceControl (286)
[2017.12.05-15.08.11:665][381]LogModuleManager: Shutting down and abandoning module PerforceSourceControl (284)
[2017.12.05-15.08.11:665][381]LogModuleManager: Shutting down and abandoning module GitSourceControl (282)
[2017.12.05-15.08.11:714][381]LogModuleManager: Shutting down and abandoning module SourceControl (281)
[2017.12.05-15.08.11:714][381]LogModuleManager: Shutting down and abandoning module LightPropagationVolumeEditor (278)
[2017.12.05-15.08.11:714][381]LogModuleManager: Shutting down and abandoning module PaperTiledImporter (276)
[2017.12.05-15.08.11:714][381]LogModuleManager: Shutting down and abandoning module PaperSpriteSheetImporter (274)
[2017.12.05-15.08.11:714][381]LogModuleManager: Shutting down and abandoning module Paper2DEditor (272)
[2017.12.05-15.08.11:714][381]LogModuleManager: Shutting down and abandoning module MeshPaint (271)
[2017.12.05-15.08.11:714][381]LogModuleManager: Shutting down and abandoning module LevelEditor (269)
[2017.12.05-15.08.11:715][381]LogModuleManager: Shutting down and abandoning module PixelInspectorModule (268)
[2017.12.05-15.08.11:715][381]LogModuleManager: Shutting down and abandoning module MainFrame (266)
[2017.12.05-15.08.11:715][381]LogModuleManager: Shutting down and abandoning module HotReload (265)
[2017.12.05-15.08.11:715][381]LogModuleManager: Shutting down and abandoning module RuntimePhysXCooking (260)
[2017.12.05-15.08.11:715][381]LogModuleManager: Shutting down and abandoning module PhysXVehiclesEditor (258)
[2017.12.05-15.08.11:715][381]LogModuleManager: Shutting down and abandoning module PhysXVehicles (256)
[2017.12.05-15.08.11:715][381]LogModuleManager: Shutting down and abandoning module OculusEditor (254)
[2017.12.05-15.08.11:715][381]LogModuleManager: Shutting down and abandoning module LocationServicesBPLibrary (252)
[2017.12.05-15.08.11:715][381]LogModuleManager: Shutting down and abandoning module ImmediatePhysicsEditor (250)
[2017.12.05-15.08.11:715][381]LogModuleManager: Shutting down and abandoning module ImmediatePhysics (248)
[2017.12.05-15.08.11:715][381]LogModuleManager: Shutting down and abandoning module UdpMessaging (246)
[2017.12.05-15.08.11:815][381]LogModuleManager: Shutting down and abandoning module TcpMessaging (244)
[2017.12.05-15.08.11:915][381]LogModuleManager: Shutting down and abandoning module GameplayTagsEditor (242)
[2017.12.05-15.08.11:915][381]LogModuleManager: Shutting down and abandoning module FacialAnimationEditor (240)
[2017.12.05-15.08.11:915][381]LogModuleManager: Shutting down and abandoning module FacialAnimation (238)
[2017.12.05-15.08.11:915][381]LogModuleManager: Shutting down and abandoning module AssetManagerEditor (236)
[2017.12.05-15.08.11:915][381]LogModuleManager: Shutting down and abandoning module GraphEditor (235)
[2017.12.05-15.08.11:915][381]LogModuleManager: Shutting down and abandoning module ContentBrowser (233)
[2017.12.05-15.08.11:916][381]LogModuleManager: Shutting down and abandoning module LightPropagationVolumeRuntime (230)
[2017.12.05-15.08.11:916][381]LogModuleManager: Shutting down and abandoning module Paper2D (228)
[2017.12.05-15.08.11:916][381]LogModuleManager: Shutting down and abandoning module WindowsMoviePlayer (226)
[2017.12.05-15.08.11:916][381]LogModuleManager: Shutting down and abandoning module WmfMedia (224)
[2017.12.05-15.08.11:919][381]LogModuleManager: Shutting down and abandoning module PacketHandler (222)
[2017.12.05-15.08.11:919][381]LogModuleManager: Shutting down and abandoning module ClothingSystemEditor (220)
[2017.12.05-15.08.11:919][381]LogModuleManager: Shutting down and abandoning module ClothingSystemRuntime (218)
[2017.12.05-15.08.11:925][381]LogModuleManager: Shutting down and abandoning module Overlay (216)
[2017.12.05-15.08.11:925][381]LogModuleManager: Shutting down and abandoning module OverlayEditor (215)
[2017.12.05-15.08.11:925][381]LogModuleManager: Shutting down and abandoning module MediaAssets (212)
[2017.12.05-15.08.11:925][381]LogModuleManager: Shutting down and abandoning module VREditor (210)
[2017.12.05-15.08.11:925][381]LogModuleManager: Shutting down and abandoning module StringTableEditor (208)
[2017.12.05-15.08.11:925][381]LogModuleManager: Shutting down and abandoning module GameplayTasksEditor (206)
[2017.12.05-15.08.11:925][381]LogModuleManager: Shutting down and abandoning module BehaviorTreeEditor (204)
[2017.12.05-15.08.11:925][381]LogModuleManager: Shutting down and abandoning module FunctionalTesting (202)
[2017.12.05-15.08.11:925][381]LogModuleManager: Shutting down and abandoning module CollisionAnalyzer (200)
[2017.12.05-15.08.11:925][381]LogModuleManager: Shutting down and abandoning module WorkspaceMenuStructure (199)
[2017.12.05-15.08.11:925][381]LogModuleManager: Shutting down and abandoning module UMG (196)
[2017.12.05-15.08.11:925][381]LogModuleManager: Shutting down and abandoning module UMGEditor (195)
[2017.12.05-15.08.11:925][381]LogModuleManager: Shutting down and abandoning module Sequencer (194)
[2017.12.05-15.08.11:925][381]LogModuleManager: Shutting down and abandoning module MessageLog (191)
[2017.12.05-15.08.11:925][381]LogModuleManager: Shutting down and abandoning module SlateReflector (186)
[2017.12.05-15.08.11:925][381]LogModuleManager: Shutting down and abandoning module Slate (184)
[2017.12.05-15.08.11:925][381]LogModuleManager: Shutting down and abandoning module EditorStyle (182)
[2017.12.05-15.08.11:928][381]LogModuleManager: Shutting down and abandoning module MRMesh (180)
[2017.12.05-15.08.11:928][381]LogModuleManager: Shutting down and abandoning module SourceCodeAccess (178)
[2017.12.05-15.08.11:928][381]LogModuleManager: Shutting down and abandoning module HeadMountedDisplay (176)
[2017.12.05-15.08.11:928][381]LogModuleManager: Shutting down and abandoning module XAudio2 (174)
[2017.12.05-15.08.11:928][381]LogModuleManager: Shutting down and abandoning module Networking (172)
[2017.12.05-15.08.11:928][381]LogModuleManager: Shutting down and abandoning module Core (168)
[2017.12.05-15.08.11:928][381]LogModuleManager: Shutting down and abandoning module KismetCompiler (164)
[2017.12.05-15.08.11:928][381]LogModuleManager: Shutting down and abandoning module LevelSequence (162)
[2017.12.05-15.08.11:928][381]LogModuleManager: Shutting down and abandoning module MeshUtilities (160)
[2017.12.05-15.08.11:928][381]LogModuleManager: Shutting down and abandoning module MeshMergeUtilities (159)
[2017.12.05-15.08.11:928][381]LogModuleManager: Shutting down and abandoning module MeshReductionInterface (158)
[2017.12.05-15.08.11:928][381]LogModuleManager: Shutting down and abandoning module SimplygonSwarm (157)
[2017.12.05-15.08.11:928][381]LogModuleManager: Shutting down and abandoning module SimplygonMeshReduction (155)
[2017.12.05-15.08.11:928][381]LogModuleManager: Shutting down and abandoning module QuadricMeshReduction (153)
[2017.12.05-15.08.11:928][381]LogModuleManager: Shutting down and abandoning module MaterialBaking (149)
[2017.12.05-15.08.11:928][381]LogModuleManager: Shutting down and abandoning module DirectoryWatcher (146)
[2017.12.05-15.08.11:929][381]LogModuleManager: Shutting down and abandoning module DerivedDataCache (144)
[2017.12.05-15.08.11:993][381]LogDerivedDataCache: Shutdown
[2017.12.05-15.08.11:993][381]LogModuleManager: Shutting down and abandoning module TargetPlatform (142)
[2017.12.05-15.08.11:993][381]LogModuleManager: Shutting down and abandoning module VulkanShaderFormat (141)
[2017.12.05-15.08.11:993][381]LogModuleManager: Shutting down and abandoning module ShaderFormatVectorVM (139)
[2017.12.05-15.08.12:003][381]LogModuleManager: Shutting down and abandoning module ShaderFormatOpenGL (137)
[2017.12.05-15.08.12:003][381]LogModuleManager: Shutting down and abandoning module ShaderFormatD3D (135)
[2017.12.05-15.08.12:003][381]LogModuleManager: Shutting down and abandoning module MetalShaderFormat (133)
[2017.12.05-15.08.12:003][381]LogModuleManager: Shutting down and abandoning module TextureFormatUncompressed (131)
[2017.12.05-15.08.12:003][381]LogModuleManager: Shutting down and abandoning module TextureFormatPVR (129)
[2017.12.05-15.08.12:003][381]LogModuleManager: Shutting down and abandoning module TextureFormatDXT (127)
[2017.12.05-15.08.12:003][381]LogModuleManager: Shutting down and abandoning module TextureFormatIntelISPCTexComp (125)
[2017.12.05-15.08.12:003][381]LogModuleManager: Shutting down and abandoning module TextureFormatASTC (123)
[2017.12.05-15.08.12:003][381]LogModuleManager: Shutting down and abandoning module ImageWrapper (122)
[2017.12.05-15.08.12:003][381]LogModuleManager: Shutting down and abandoning module TextureFormatAndroid (119)
[2017.12.05-15.08.12:003][381]LogModuleManager: Shutting down and abandoning module AudioFormatOpus (117)
[2017.12.05-15.08.12:003][381]LogModuleManager: Shutting down and abandoning module AudioFormatOgg (115)
[2017.12.05-15.08.12:003][381]LogModuleManager: Shutting down and abandoning module AudioFormatADPCM (113)
[2017.12.05-15.08.12:003][381]LogModuleManager: Shutting down and abandoning module LinuxTargetPlatform (111)
[2017.12.05-15.08.12:003][381]LogModuleManager: Shutting down and abandoning module LinuxServerTargetPlatform (109)
[2017.12.05-15.08.12:003][381]LogModuleManager: Shutting down and abandoning module LinuxNoEditorTargetPlatform (107)
[2017.12.05-15.08.12:003][381]LogModuleManager: Shutting down and abandoning module LinuxClientTargetPlatform (105)
[2017.12.05-15.08.12:003][381]LogModuleManager: Shutting down and abandoning module TVOSTargetPlatform (103)
[2017.12.05-15.08.12:003][381]LogModuleManager: Shutting down and abandoning module Messaging (101)
[2017.12.05-15.08.12:003][381]LogModuleManager: Shutting down and abandoning module IOSTargetPlatform (99)
[2017.12.05-15.08.12:003][381]LogModuleManager: Shutting down and abandoning module HTML5TargetPlatform (97)
[2017.12.05-15.08.12:003][381]LogModuleManager: Shutting down and abandoning module Android_PVRTCTargetPlatform (95)
[2017.12.05-15.08.12:003][381]LogModuleManager: Shutting down and abandoning module Android_MultiTargetPlatform (93)
[2017.12.05-15.08.12:003][381]LogModuleManager: Shutting down and abandoning module Android_ETC2TargetPlatform (91)
[2017.12.05-15.08.12:003][381]LogModuleManager: Shutting down and abandoning module Android_ETC1TargetPlatform (89)
[2017.12.05-15.08.12:003][381]LogModuleManager: Shutting down and abandoning module Android_DXTTargetPlatform (87)
[2017.12.05-15.08.12:003][381]LogModuleManager: Shutting down and abandoning module Android_ATCTargetPlatform (85)
[2017.12.05-15.08.12:003][381]LogModuleManager: Shutting down and abandoning module Android_ASTCTargetPlatform (83)
[2017.12.05-15.08.12:003][381]LogModuleManager: Shutting down and abandoning module AndroidTargetPlatform (81)
[2017.12.05-15.08.12:003][381]LogModuleManager: Shutting down and abandoning module WindowsTargetPlatform (79)
[2017.12.05-15.08.12:003][381]LogModuleManager: Shutting down and abandoning module WindowsServerTargetPlatform (77)
[2017.12.05-15.08.12:003][381]LogModuleManager: Shutting down and abandoning module WindowsNoEditorTargetPlatform (75)
[2017.12.05-15.08.12:003][381]LogModuleManager: Shutting down and abandoning module WindowsClientTargetPlatform (73)
[2017.12.05-15.08.12:003][381]LogModuleManager: Shutting down and abandoning module MacTargetPlatform (71)
[2017.12.05-15.08.12:003][381]LogModuleManager: Shutting down and abandoning module MacServerTargetPlatform (69)
[2017.12.05-15.08.12:003][381]LogModuleManager: Shutting down and abandoning module MacNoEditorTargetPlatform (67)
[2017.12.05-15.08.12:003][381]LogModuleManager: Shutting down and abandoning module MacClientTargetPlatform (65)
[2017.12.05-15.08.12:003][381]LogModuleManager: Shutting down and abandoning module AllDesktopTargetPlatform (63)
[2017.12.05-15.08.12:003][381]LogModuleManager: Shutting down and abandoning module InputCore (60)
[2017.12.05-15.08.12:003][381]LogModuleManager: Shutting down and abandoning module Settings (58)
[2017.12.05-15.08.12:003][381]LogModuleManager: Shutting down and abandoning module PhysXCooking (56)
[2017.12.05-15.08.12:003][381]LogModuleManager: Shutting down and abandoning module SteamVR (54)
[2017.12.05-15.08.12:003][381]LogModuleManager: Shutting down and abandoning module OculusHMD (52)
[2017.12.05-15.08.12:003][381]LogModuleManager: Shutting down and abandoning module ExampleDeviceProfileSelector (50)
[2017.12.05-15.08.12:003][381]LogModuleManager: Shutting down and abandoning module OnlineBlueprintSupport (48)
[2017.12.05-15.08.12:003][381]LogModuleManager: Shutting down and abandoning module OnlineSubsystem (44)
[2017.12.05-15.08.12:003][381]LogOnline: Display: Unloading online subsystem: NULL
[2017.12.05-15.08.12:022][381]LogModuleManager: Shutting down and abandoning module XMPP (43)
[2017.12.05-15.08.12:022][381]LogModuleManager: Shutting down and abandoning module HTTP (41)
[2017.12.05-15.08.12:022][381]LogHttp: Display: Http module shutting down, but needs to wait on 1 outstanding Http requests:
[2017.12.05-15.08.12:022][381]LogHttp: Display: 	verb=[POST] url=[https://datarouter.ol.epicgames.com/datarouter/api/v1/public/data?SessionID=%7B9508D3C3-4DA0-FFF7-2C89-7CA27188FBE2%7D&AppID=UEEditor.Rocket.Release&AppVersion=4.17.2-3658906%2B%2B%2BUE4%2BRelease-4.17&UserID=0cdc46354752a0eab9852f856d7117e8%7C15cca6e6937c4713820d7aa9ac75edf7%7C47e4ea8b-fce0-40e0-83d0-fc5cc9b7dace&AppEnvironment=datacollector-binary&UploadType=eteventstream] status=Processing
[2017.12.05-15.08.12:056][381]LogModuleManager: Shutting down and abandoning module SSL (40)
[2017.12.05-15.08.12:058][381]LogModuleManager: Shutting down and abandoning module AnimationModifiers (36)
[2017.12.05-15.08.12:058][381]LogModuleManager: Shutting down and abandoning module PropertyEditor (35)
[2017.12.05-15.08.12:058][381]LogModuleManager: Shutting down and abandoning module AudioEditor (32)
[2017.12.05-15.08.12:058][381]LogModuleManager: Shutting down and abandoning module TextureCompressor (30)
[2017.12.05-15.08.12:058][381]LogModuleManager: Shutting down and abandoning module ShaderCore (28)
[2017.12.05-15.08.12:058][381]LogModuleManager: Shutting down and abandoning module Landscape (26)
[2017.12.05-15.08.12:058][381]LogModuleManager: Shutting down and abandoning module SlateRHIRenderer (24)
[2017.12.05-15.08.12:059][381]LogModuleManager: Shutting down and abandoning module OpenGLDrv (22)
[2017.12.05-15.08.12:059][381]LogModuleManager: Shutting down and abandoning module D3D11RHI (20)
[2017.12.05-15.08.12:059][381]LogModuleManager: Shutting down and abandoning module AnimGraphRuntime (18)
[2017.12.05-15.08.12:059][381]LogModuleManager: Shutting down and abandoning module Renderer (16)
[2017.12.05-15.08.12:059][381]LogModuleManager: Shutting down and abandoning module Engine (14)
[2017.12.05-15.08.12:059][381]LogModuleManager: Shutting down and abandoning module CoreUObject (12)
[2017.12.05-15.08.12:059][381]LogModuleManager: Shutting down and abandoning module NetworkFile (10)
[2017.12.05-15.08.12:059][381]LogModuleManager: Shutting down and abandoning module CookedIterativeFile (8)
[2017.12.05-15.08.12:059][381]LogModuleManager: Shutting down and abandoning module StreamingFile (6)
[2017.12.05-15.08.12:059][381]LogModuleManager: Shutting down and abandoning module SandboxFile (4)
[2017.12.05-15.08.12:059][381]LogModuleManager: Shutting down and abandoning module PakFile (2)
[2017.12.05-15.08.12:063][381]LogExit: Exiting.
[2017.12.05-15.08.12:097][381]Log file closed, 12/05/17 12:08:12
