Log file open, 01/04/18 11:49:13
LogWindows: Failed to load 'aqProf.dll' (GetLastError=126)
LogWindows: File 'aqProf.dll' does not exist
LogWindows: Failed to load 'VtuneApi.dll' (GetLastError=126)
LogWindows: File 'VtuneApi.dll' does not exist
LogWindows: Failed to load 'VtuneApi32e.dll' (GetLastError=126)
LogWindows: File 'VtuneApi32e.dll' does not exist
LogInit: Display: Running engine for game: Caramuru2D
LogPlatformFile: Not using cached read wrapper
LogInit: Display: RandInit(1684912353) SRandInit(1684912353).
LogTaskGraph: Started task graph with 5 named threads and 8 total threads with 3 sets of task threads.
LogStats: Stats thread started at 64.649463
LogD3D11RHI: Aftermath initialized
LogConfig: Warning: Failed to saved backup for config[Input]
LogConfig: Warning: Failed to saved backup for config[EditorSettings]
LogConfig: Warning: Failed to saved backup for config[EditorKeyBindings]
LogConfig: Warning: Failed to saved backup for config[Compat]
LogConfig: Warning: Failed to saved backup for config[Lightmass]
LogConfig: Warning: Failed to saved backup for config[Scalability]
LogConfig: Warning: Failed to saved backup for config[GameUserSettings]
LogPluginManager: Mounting plugin Paper2D
LogConfig: Warning: Failed to saved backup for config[Paper2D]
LogPluginManager: Mounting plugin LightPropagationVolume
LogPluginManager: Mounting plugin CodeLiteSourceCodeAccess
LogPluginManager: Mounting plugin GitSourceControl
LogPluginManager: Mounting plugin KDevelopSourceCodeAccess
LogPluginManager: Mounting plugin NullSourceCodeAccess
LogPluginManager: Mounting plugin PerforceSourceControl
LogPluginManager: Mounting plugin SubversionSourceControl
LogPluginManager: Mounting plugin UObjectPlugin
LogPluginManager: Mounting plugin VisualStudioSourceCodeAccess
LogPluginManager: Mounting plugin XCodeSourceCodeAccess
LogPluginManager: Mounting plugin AssetManagerEditor
LogPluginManager: Mounting plugin AudioCapture
LogPluginManager: Mounting plugin FacialAnimation
LogPluginManager: Mounting plugin GameplayTagsEditor
LogPluginManager: Mounting plugin MobileLauncherProfileWizard
LogPluginManager: Mounting plugin PluginBrowser
LogPluginManager: Mounting plugin SpeedTreeImporter
LogPluginManager: Mounting plugin AlembicImporter
LogPluginManager: Mounting plugin CharacterAI
LogPluginManager: Mounting plugin HTML5Networking
LogPluginManager: Mounting plugin AndroidMedia
LogPluginManager: Mounting plugin AvfMedia
LogPluginManager: Mounting plugin MediaPlayerEditor
LogPluginManager: Mounting plugin WmfMedia
LogPluginManager: Mounting plugin TcpMessaging
LogPluginManager: Mounting plugin UdpMessaging
LogPluginManager: Mounting plugin LevelSequenceEditor
LogPluginManager: Mounting plugin MatineeToLevelSequence
LogPluginManager: Mounting plugin OnlineSubsystemGooglePlay
LogPluginManager: Mounting plugin OnlineSubsystemIOS
LogPluginManager: Mounting plugin OnlineSubsystem
LogPluginManager: Mounting plugin OnlineSubsystemNull
LogPluginManager: Mounting plugin OnlineSubsystemUtils
LogPluginManager: Mounting plugin AndroidDeviceProfileSelector
LogPluginManager: Mounting plugin AndroidMoviePlayer
LogPluginManager: Mounting plugin AndroidPermission
LogPluginManager: Mounting plugin AppleMoviePlayer
LogPluginManager: Mounting plugin ArchVisCharacter
LogPluginManager: Mounting plugin CableComponent
LogPluginManager: Mounting plugin CustomMeshComponent
LogPluginManager: Mounting plugin ExampleDeviceProfileSelector
LogPluginManager: Mounting plugin GoogleCloudMessaging
LogPluginManager: Mounting plugin ImmediatePhysics
LogPluginManager: Mounting plugin IOSDeviceProfileSelector
LogPluginManager: Mounting plugin LinuxDeviceProfileSelector
LogPluginManager: Mounting plugin LocationServicesBPLibrary
LogPluginManager: Mounting plugin MobilePatchingUtils
LogPluginManager: Mounting plugin OculusVR
LogPluginManager: Mounting plugin PhysXVehicles
LogPluginManager: Mounting plugin ProceduralMeshComponent
LogPluginManager: Mounting plugin RuntimePhysXCooking
LogPluginManager: Mounting plugin SteamVR
LogPluginManager: Mounting plugin WindowsMoviePlayer
LogInit: Using libcurl 7.47.1
LogInit:  - built for x86_64-pc-win32
LogInit:  - supports SSL with OpenSSL/1.0.2g
LogInit:  - supports HTTP deflate (compression) using libz 1.2.8
LogInit:  - other features:
LogInit:      CURL_VERSION_SSL
LogInit:      CURL_VERSION_LIBZ
LogInit:      CURL_VERSION_IPV6
LogInit:      CURL_VERSION_ASYNCHDNS
LogInit:      CURL_VERSION_LARGEFILE
LogInit:      CURL_VERSION_IDN
LogInit:  CurlRequestOptions (configurable via config and command line):
LogInit:  - bVerifyPeer = false  - Libcurl will NOT verify peer certificate
LogInit:  - bUseHttpProxy = false  - Libcurl will NOT use HTTP proxy
LogInit:  - bDontReuseConnections = false  - Libcurl will reuse connections
LogInit:  - CertBundlePath = nullptr  - Libcurl will use whatever was configured at build time.
LogInit: Build: ++UE4+Release-4.17-CL-3658906
LogInit: Engine Version: 4.17.2-3658906+++UE4+Release-4.17
LogInit: Compatible Engine Version: 4.17.0-3573198+++UE4+Release-4.17
LogInit: Net CL: 3573198
LogDevObjectVersion: Number of dev versions registered: 16
LogDevObjectVersion:   Dev-Blueprints (B0D832E4-1F89-4F0D-ACCF-7EB736FD4AA2): 10
LogDevObjectVersion:   Dev-Build (E1C64328-A22C-4D53-A36C-8E866417BD8C): 0
LogDevObjectVersion:   Dev-Core (375EC13C-06E4-48FB-B500-84F0262A717E): 2
LogDevObjectVersion:   Dev-Editor (E4B068ED-F494-42E9-A231-DA0B2E46BB41): 20
LogDevObjectVersion:   Dev-Framework (CFFC743F-43B0-4480-9391-14DF171D2073): 28
LogDevObjectVersion:   Dev-Mobile (B02B49B5-BB20-44E9-A304-32B752E40360): 0
LogDevObjectVersion:   Dev-Networking (A4E4105C-59A1-49B5-A7C5-40C4547EDFEE): 0
LogDevObjectVersion:   Dev-Online (39C831C9-5AE6-47DC-9A44-9C173E1C8E7C): 0
LogDevObjectVersion:   Dev-Physics (78F01B33-EBEA-4F98-B9B4-84EACCB95AA2): 0
LogDevObjectVersion:   Dev-Platform (6631380F-2D4D-43E0-8009-CF276956A95A): 0
LogDevObjectVersion:   Dev-Rendering (12F88B9F-8875-4AFC-A67C-D90C383ABD29): 19
LogDevObjectVersion:   Dev-Sequencer (7B5AE74C-D270-4C10-A958-57980B212A5A): 4
LogDevObjectVersion:   Dev-VR (D7296918-1DD6-4BDD-9DE2-64A83CC13884): 0
LogDevObjectVersion:   Dev-LoadTimes (C2A15278-BFE7-4AFE-6C17-90FF531DF755): 1
LogDevObjectVersion:   Private-Geometry (6EACA3D4-40EC-4CC1-B786-8BED09428FC5): 1
LogDevObjectVersion:   Dev-AnimPhys (29E575DD-E0A3-4627-9D10-D276232CDCEA): 7
LogInit: Compiled (64-bit): Sep 22 2017 13:47:16
LogInit: Compiled with Visual C++: 19.00.24215.01
LogInit: Build Configuration: Development
LogInit: Branch Name: ++UE4+Release-4.17
LogInit: Command line:  
LogInit: Base directory: C:/Program Files/Epic Games/UE_4.17/Engine/Binaries/Win64/
LogInit: Installed Engine Build: 1
LogInit: Presizing for max 8388607 objects, including 0 objects not considered by GC, pre-allocating 0 bytes for permanent pool.
LogInit: Object subsystem initialized
[2018.01.04-14.49.41:237][  0]LogInit: Selected Device Profile: [Windows]
[2018.01.04-14.49.41:237][  0]LogInit: Applying CVar settings loaded from the selected device profile: [Windows]
[2018.01.04-14.49.41:563][  0]LogConfig: Warning: Failed to saved backup for config[DeviceProfiles]
[2018.01.04-14.49.41:747][  0]LogInit: Computer: DESKTOP-2FCU6I7
[2018.01.04-14.49.41:747][  0]LogInit: User: diego
[2018.01.04-14.49.41:747][  0]LogInit: CPU Page size=4096, Cores=2
[2018.01.04-14.49.41:747][  0]LogInit: High frequency timer resolution =1.656323 MHz
[2018.01.04-14.49.41:748][  0]LogMemory: Memory total: Physical=7.9GB (8GB approx)
[2018.01.04-14.49.41:748][  0]LogMemory: Platform Memory Stats for Windows
[2018.01.04-14.49.41:748][  0]LogMemory: Process Physical Memory: 283.08 MB used, 283.08 MB peak
[2018.01.04-14.49.41:748][  0]LogMemory: Process Virtual Memory: 277.06 MB used, 277.06 MB peak
[2018.01.04-14.49.41:748][  0]LogMemory: Physical Memory: 3849.55 MB used,  4245.95 MB free, 8095.50 MB total
[2018.01.04-14.49.41:748][  0]LogMemory: Virtual Memory: 702.13 MB used,  4245.95 MB free, 134217728.00 MB total
[2018.01.04-14.49.50:483][  0]LogInit: Using OS detected language (pt-BR).
[2018.01.04-14.49.50:483][  0]LogInit: Using OS detected locale (pt-BR).
[2018.01.04-14.50.29:361][  0]LogD3D11RHI: D3D11 adapters:
[2018.01.04-14.50.29:794][  0]LogD3D11RHI:    0. 'NVIDIA GeForce 820M' (Feature Level 11_0)
[2018.01.04-14.50.29:795][  0]LogD3D11RHI:       2000/0/4047 MB DedicatedVideo/DedicatedSystem/SharedSystem, Outputs:1, VendorId:0x10de
[2018.01.04-14.50.29:918][  0]LogD3D11RHI:    1. 'Intel(R) HD Graphics Family' (Feature Level 11_0)
[2018.01.04-14.50.29:918][  0]LogD3D11RHI:       112/0/2048 MB DedicatedVideo/DedicatedSystem/SharedSystem, Outputs:0, VendorId:0x8086
[2018.01.04-14.50.29:923][  0]LogD3D11RHI:    2. 'Microsoft Basic Render Driver' (Feature Level 11_0)
[2018.01.04-14.50.29:923][  0]LogD3D11RHI:       0/0/4047 MB DedicatedVideo/DedicatedSystem/SharedSystem, Outputs:0, VendorId:0x1414
[2018.01.04-14.50.29:923][  0]LogD3D11RHI: Chosen D3D11 Adapter: 0
[2018.01.04-14.50.29:984][  0]LogD3D11RHI: Creating new Direct3DDevice
[2018.01.04-14.50.29:984][  0]LogD3D11RHI:     GPU DeviceId: 0x1140 (for the marketing name, search the web for "GPU Device Id")
[2018.01.04-14.50.29:984][  0]LogWindows: EnumDisplayDevices:
[2018.01.04-14.50.29:984][  0]LogWindows:    0. 'Intel(R) HD Graphics Family' (P:1 D:1)
[2018.01.04-14.50.29:984][  0]LogWindows:    1. 'Intel(R) HD Graphics Family' (P:0 D:0)
[2018.01.04-14.50.29:984][  0]LogWindows:    2. 'Intel(R) HD Graphics Family' (P:0 D:0)
[2018.01.04-14.50.29:985][  0]LogWindows: DebugString: GetVideoDriverDetailsInvalid PrimaryIsNotTheChoosenAdapter GetVideoDriverDetailsInvalid PrimaryIsNotTheChoosenAdapter GetVideoDriverDetailsInvalid PrimaryIsNotTheChoosenAdapter FoundDriverCount:0 
[2018.01.04-14.50.29:985][  0]LogD3D11RHI:     Adapter Name: NVIDIA GeForce 820M
[2018.01.04-14.50.29:985][  0]LogD3D11RHI:   Driver Version: Unknown (internal:Unknown, unified:Unknown)
[2018.01.04-14.50.29:985][  0]LogD3D11RHI:      Driver Date: Unknown
[2018.01.04-14.50.29:985][  0]LogRHI: Texture pool is 1361 MB (70% of 1945 MB)
[2018.01.04-14.50.30:219][  0]LogD3D11RHI: Display: Timestamp queries are currently disabled on this hardware due to instability. Realtime GPU stats will not be available. You can override this behaviour by setting r.NVIDIATimestampWorkaround to 0
[2018.01.04-14.50.30:257][  0]LogD3D11RHI: Async texture creation enabled
[2018.01.04-14.50.31:276][  0]LogD3D11RHI: GPU Timing Frequency: 1000.000000 (Debug: 2 1)
[2018.01.04-14.50.31:590][  0]LogShaderCompilers: Guid format shader working directory is -25 characters bigger than the processId version (../../../../../../Users/diego/Documents/Unreal Projects/Caramuru2D-4.17/Intermediate/Shaders/WorkingDirectory/3140/).
[2018.01.04-14.50.31:591][  0]LogShaderCompilers: Cleaned the shader compiler working directory 'C:/Users/diego/AppData/Local/Temp/UnrealShaderWorkingDir/ECAE7E5F41B65D06D00E7986A96FAE19/'.
[2018.01.04-14.50.31:686][  0]LogShaderCompilers: Display: Using Local Shader Compiler.
[2018.01.04-14.50.55:613][  0]LogTemp: Display: Loaded TP AllDesktopTargetPlatform
[2018.01.04-14.50.56:297][  0]LogTemp: Display: Loaded TP MacClientTargetPlatform
[2018.01.04-14.50.56:561][  0]LogTemp: Display: Loaded TP MacNoEditorTargetPlatform
[2018.01.04-14.50.56:774][  0]LogTemp: Display: Loaded TP MacServerTargetPlatform
[2018.01.04-14.50.57:206][  0]LogTemp: Display: Loaded TP MacTargetPlatform
[2018.01.04-14.50.57:428][  0]LogTemp: Display: Loaded TP WindowsClientTargetPlatform
[2018.01.04-14.50.57:610][  0]LogTemp: Display: Loaded TP WindowsNoEditorTargetPlatform
[2018.01.04-14.50.57:746][  0]LogTemp: Display: Loaded TP WindowsServerTargetPlatform
[2018.01.04-14.50.58:171][  0]LogTemp: Display: Loaded TP WindowsTargetPlatform
[2018.01.04-14.50.58:613][  0]LogTemp: Display: Loaded TP AndroidTargetPlatform
[2018.01.04-14.50.58:891][  0]LogTemp: Display: Loaded TP Android_ASTCTargetPlatform
[2018.01.04-14.50.59:096][  0]LogTemp: Display: Loaded TP Android_ATCTargetPlatform
[2018.01.04-14.50.59:367][  0]LogTemp: Display: Loaded TP Android_DXTTargetPlatform
[2018.01.04-14.50.59:777][  0]LogTemp: Display: Loaded TP Android_ETC1TargetPlatform
[2018.01.04-14.51.00:009][  0]LogTemp: Display: Loaded TP Android_ETC2TargetPlatform
[2018.01.04-14.51.00:509][  0]LogTemp: Display: Loaded TP Android_MultiTargetPlatform
[2018.01.04-14.51.00:509][  0]LogTemp: Display: Loaded TP Android_PVRTCTargetPlatform
[2018.01.04-14.51.00:688][  0]LogTemp: Display: Loaded TP HTML5TargetPlatform
[2018.01.04-14.51.02:233][  0]LogTemp: Display: Loaded TP IOSTargetPlatform
[2018.01.04-14.51.02:321][  0]LogTemp: Display: Loaded TP TVOSTargetPlatform
[2018.01.04-14.51.02:534][  0]LogTemp: Display: Loaded TP LinuxClientTargetPlatform
[2018.01.04-14.51.02:797][  0]LogTemp: Display: Loaded TP LinuxNoEditorTargetPlatform
[2018.01.04-14.51.03:018][  0]LogTemp: Display: Loaded TP LinuxServerTargetPlatform
[2018.01.04-14.51.03:339][  0]LogTemp: Display: Loaded TP LinuxTargetPlatform
[2018.01.04-14.51.03:339][  0]LogTargetPlatformManager: Display: Building Assets For Windows
[2018.01.04-14.51.17:318][  0]LogDerivedDataCache: Display: Max Cache Size: 512 MB
[2018.01.04-14.51.18:444][  0]LogDerivedDataCache: Loaded boot cache 1.12s 93MB C:/Users/diego/AppData/Local/UnrealEngine/4.17/DerivedDataCache/Boot.ddc.
[2018.01.04-14.51.18:444][  0]LogDerivedDataCache: Display: Loaded Boot cache: C:/Users/diego/AppData/Local/UnrealEngine/4.17/DerivedDataCache/Boot.ddc
[2018.01.04-14.51.18:444][  0]LogDerivedDataCache: FDerivedDataBackendGraph:  Pak pak cache file ../../../../../../Users/diego/Documents/Unreal Projects/Caramuru2D-4.17/DerivedDataCache/DDC.ddp not found, will not use a pak cache.
[2018.01.04-14.51.18:444][  0]LogDerivedDataCache: Unable to find inner node Pak for hierarchical cache Hierarchy.
[2018.01.04-14.51.18:444][  0]LogDerivedDataCache: FDerivedDataBackendGraph:  CompressedPak pak cache file ../../../../../../Users/diego/Documents/Unreal Projects/Caramuru2D-4.17/DerivedDataCache/Compressed.ddp not found, will not use a pak cache.
[2018.01.04-14.51.18:444][  0]LogDerivedDataCache: Unable to find inner node CompressedPak for hierarchical cache Hierarchy.
[2018.01.04-14.51.18:539][  0]LogDerivedDataCache: Display: Pak cache opened for reading ../../../Engine/DerivedDataCache/Compressed.ddp.
[2018.01.04-14.51.18:585][  0]LogDerivedDataCache: Using Local data cache path C:/Users/diego/AppData/Local/UnrealEngine/Common/DerivedDataCache: Writable
[2018.01.04-14.51.18:668][  0]LogMaterial: Verifying Global Shaders for PCD3D_SM5
[2018.01.04-14.51.18:787][  0]LogSlate: Using Freetype 2.6.0
[2018.01.04-14.51.18:974][  0]LogSlate: SlateFontCache - WITH_FREETYPE: 1, WITH_HARFBUZZ: 1
[2018.01.04-14.51.18:980][  0]LogSlate: SlateFontCache - WITH_FREETYPE: 1, WITH_HARFBUZZ: 1
[2018.01.04-14.51.47:406][  0]LogAssetRegistry: FAssetRegistry took 0.0904 seconds to start up
[2018.01.04-14.51.49:903][  0]LogInit: Selected Device Profile: [Windows]
[2018.01.04-14.51.58:534][  0]LogContentStreaming: Texture pool size is 0.00 MB
[2018.01.04-14.52.01:506][  0]LogSimplygon: Simplygon DLL not present - disabling.
[2018.01.04-14.52.01:708][  0]LogMeshReduction: Using SimplygonSwarm for distributed automatic mesh merging
[2018.01.04-14.52.01:720][  0]LogMeshReduction: Using QuadricMeshReduction for automatic static mesh reduction
[2018.01.04-14.52.01:720][  0]LogMeshReduction: No automatic skeletal mesh reduction module available
[2018.01.04-14.52.01:720][  0]LogMeshReduction: No automatic mesh merging module available
[2018.01.04-14.52.01:720][  0]LogMeshMerging: No automatic mesh merging module available
[2018.01.04-14.52.08:978][  0]LogConfig: Warning: Failed to saved backup for config[TemplateDefs]
[2018.01.04-14.52.24:731][  0]LogNetVersion: Caramuru2D , NetCL: 3573198, EngineNetVer: 2, GameNetVer: 0 (Checksum: 1344554375)
[2018.01.04-14.52.35:837][  0]LogPackageLocalizationCache: Processed 5 localized package path(s) for 2 prioritized culture(s) in 0.618013 seconds
[2018.01.04-14.52.35:872][  0]LogUObjectArray: 35825 objects as part of root set at end of initial load.
[2018.01.04-14.52.35:872][  0]LogUObjectAllocator: 7529112 out of 0 bytes used by permanent object pool.
[2018.01.04-14.52.35:872][  0]LogUObjectArray: CloseDisregardForGC: 0/0 objects in disregard for GC pool
[2018.01.04-14.52.36:411][  0]LogInit: WinSock: version 1.1 (2.2), MaxSocks=32767, MaxUdp=65467
[2018.01.04-14.54.38:067][  0]LogTcpMessaging: Initializing TcpMessaging bridge
[2018.01.04-14.54.38:474][  0]LogUdpMessaging: Initializing bridge on interface 0.0.0.0:0 to multicast group 230.0.0.1:6666.
[2018.01.04-14.54.54:368][  0]LogMaterial: Uniform references updated for custom material expression Custom.
[2018.01.04-14.55.00:827][  0]SourceControl: Controle de origem desativado
[2018.01.04-14.55.13:835][  0]LogAndroidPermission: UAndroidPermissionCallbackProxy::GetInstance
[2018.01.04-14.55.16:261][  0]LogOcInput: OculusInput pre-init called
[2018.01.04-14.55.23:389][  0]LogAutomationTest: Warning: Smoke tests took > 2s to run: 2.58s
[2018.01.04-14.55.24:509][  0]LogEngine: Initializing Engine...
[2018.01.04-14.55.24:853][  0]LogHMD: Failed to initialize OpenVR with code 110
[2018.01.04-14.55.30:022][  0]LogStats: UGameplayTagsManager::ConstructGameplayTagTree: Construct from data asset -  0.000 s
[2018.01.04-14.55.30:041][  0]LogStats: UGameplayTagsManager::ConstructGameplayTagTree: GameplayTagTreeChangedEvent.Broadcast -  0.019 s
[2018.01.04-14.55.37:338][  0]LogAIModule: Creating AISystem for world Untitled
[2018.01.04-14.55.39:878][  0]LogInit: XAudio2 using 'Fones de ouvido / Alto falantes (Realtek High Definition Audio)' : 2 channels at 48 kHz using 32 bits per sample (channel mask 0x3)
[2018.01.04-14.55.40:193][  0]LogInit: FAudioDevice initialized.
[2018.01.04-14.55.40:307][  0]LogDerivedDataCache: Error: Could not save memory cache C:/Users/diego/AppData/Local/UnrealEngine/4.17/DerivedDataCache/Boot.ddc.
[2018.01.04-14.55.40:615][  0]LogInit: Texture streaming: Enabled
[2018.01.04-14.55.45:255][  0]LogEngineSessionManager: EngineSessionManager initialized
[2018.01.04-14.55.50:241][  0]LogInit: Transaction tracking system initialized
[2018.01.04-14.55.56:037][  0]BlueprintLog: New page: Carregar Editor
[2018.01.04-14.56.13:808][  0]LocalizationService: Localization service is disabled
[2018.01.04-14.56.26:215][  0]LogConsoleResponse: Display: 
[2018.01.04-14.56.46:183][  0]LogFileCache: Scanning file cache for directory 'C:/Users/diego/Documents/Unreal Projects/Caramuru2D-4.17/Content/' took 4.85s
[2018.01.04-14.56.46:184][  0]LogCook: Display: Max memory allowance for cook 16384mb min free memory 0mb
[2018.01.04-14.56.46:228][  0]LogCook: Display: Mobile HDR setting 0
[2018.01.04-14.56.46:513][  0]LogGameplayTags: Display: UGameplayTagsManager::DoneAddingNativeTags. DelegateIsBound: 0
[2018.01.04-14.57.01:288][  0]Cmd: MAP LOAD FILE="../../../../../../Users/diego/Documents/Unreal Projects/Caramuru2D-4.17/Content/2DSideScrollerBP/Maps/Caramuru2D.umap" TEMPLATE=0 SHOWPROGRESS=1 FEATURELEVEL=3
[2018.01.04-14.57.01:798][  0]LightingResults: New page: Compilação de Iluminação
[2018.01.04-14.57.03:631][  0]MapCheck: New page: Verificação de Mapa
[2018.01.04-14.57.03:631][  0]LightingResults: New page: Compilação de Iluminação
[2018.01.04-14.57.22:911][  0]LogBlueprint: Warning: [Compiler Caramuru] Evento de Eixo de Entrada referencia Eixo desconhecido 'MoveUp' para  InputAxis MoveUp
[2018.01.04-14.57.23:397][  0]LogBlueprint: Warning: [Compiler Caramuru] [0589,90] Compile of Caramuru successful, but with 1 Warning(s) [in 4.730 ms] (/Game/2DSideScrollerBP/Blueprints/Caramuru.Caramuru)
[2018.01.04-14.57.38:587][  0]LogAIModule: Creating AISystem for world Caramuru2D
[2018.01.04-14.57.44:751][  0]LogEditorServer: Finished looking for orphan Actors (0.000 secs)
[2018.01.04-14.57.47:156][  0]Cmd: MAP CHECKDEP NOCLEARLOG
[2018.01.04-14.57.47:444][  0]MapCheck: Map check complete: 0 Error(s), 0 Warning(s), took 288,017ms to complete.
[2018.01.04-14.57.47:499][  0]LogFileHelpers: Loading map 'Caramuru2D' took 46.282
[2018.01.04-14.58.19:773][  0]LogCollectionManager: Loaded 0 collections in 0.003640 seconds
[2018.01.04-14.58.23:634][  0]LogFileCache: Scanning file cache for directory 'C:/Users/diego/Documents/Unreal Projects/Caramuru2D-4.17/Saved/Collections/' took 0.01s
[2018.01.04-14.58.23:634][  0]LogFileCache: Scanning file cache for directory 'C:/Users/diego/Documents/Unreal Projects/Caramuru2D-4.17/Content/Developers/diego/Collections/' took 0.01s
[2018.01.04-14.58.23:634][  0]LogFileCache: Scanning file cache for directory 'C:/Users/diego/Documents/Unreal Projects/Caramuru2D-4.17/Content/Collections/' took 0.01s
[2018.01.04-14.58.23:634][  0]LogCollectionManager: Rebuilt the GUID cache for 0 collections in 0.000001 seconds
[2018.01.04-14.58.24:019][  0]LogContentBrowser: Native class hierarchy populated in 0.1114 seconds. Added 2386 classes and 500 folders.
[2018.01.04-14.58.25:029][  0]LogContentBrowser: Native class hierarchy updated for 'WidgetCarousel' in 0.0013 seconds. Added 0 classes and 0 folders.
[2018.01.04-14.58.38:032][  0]LogContentBrowser: Native class hierarchy updated for 'AddContentDialog' in 0.0013 seconds. Added 0 classes and 0 folders.
[2018.01.04-14.58.40:620][  0]LogContentBrowser: Native class hierarchy updated for 'SceneOutliner' in 0.0013 seconds. Added 1 classes and 2 folders.
[2018.01.04-14.59.08:125][  0]LogSlate: Took 0.908841 seconds to synchronously load lazily loaded font '../../../Engine/Content/Slate/Fonts/Roboto-Regular.ttf' (155K)
[2018.01.04-14.59.09:603][  0]LogSlate: Took 0.099323 seconds to synchronously load lazily loaded font '../../../Engine/Content/Slate/Fonts/Roboto-Bold.ttf' (160K)
[2018.01.04-14.59.10:154][  0]LogSlate: Took 0.032056 seconds to synchronously load lazily loaded font '../../../Engine/Content/Editor/Slate/Fonts/FontAwesome.ttf' (139K)
[2018.01.04-14.59.14:916][  0]LogRenderer: Reallocating scene render targets to support 760x652 Format 10 NumSamples 1 (Frame:1).
[2018.01.04-14.59.43:798][  0]LogContentBrowser: Native class hierarchy updated for 'HierarchicalLODOutliner' in 0.0013 seconds. Added 1 classes and 2 folders.
[2018.01.04-14.59.43:798][  0]LogLoad: (Engine Initialization) Total time: 730.30 seconds
[2018.01.04-14.59.43:798][  0]LogLoad: (Engine Initialization) Total Blueprint compile time: 0.00 seconds
[2018.01.04-14.59.43:842][  0]LogExternalProfiler: Found external profiler: VSPerf
[2018.01.04-14.59.43:842][  0]LogExternalProfiler: Using external profiler: VSPerf
[2018.01.04-14.59.44:543][  0]LogCollectionManager: Rebuilt the object cache for 0 collections in 0.000001 seconds (found 0 objects)
[2018.01.04-14.59.46:953][  0]SourceControl: On branch master
[2018.01.04-14.59.46:953][  0]SourceControl: Your branch is up to date with 'origin/master'.
[2018.01.04-14.59.46:953][  0]SourceControl: Changes not staged for commit:
[2018.01.04-14.59.46:953][  0]SourceControl:   (use "git add <file>..." to update what will be committed)
[2018.01.04-14.59.46:953][  0]SourceControl:   (use "git checkout -- <file>..." to discard changes in working directory)
[2018.01.04-14.59.46:953][  0]SourceControl: 	modified:   Saved/Config/Windows/Editor.ini
[2018.01.04-14.59.46:953][  0]SourceControl: 	modified:   Saved/Config/Windows/EditorPerProjectUserSettings.ini
[2018.01.04-14.59.46:953][  0]SourceControl: no changes added to commit (use "git add" and/or "git commit -a")
[2018.01.04-14.59.47:010][  0]LogContentStreaming: Texture pool size now 1000 MB
[2018.01.04-14.59.50:423][  4]LogAssetRegistry: Asset discovery search completed in 483.0399 seconds
[2018.01.04-14.59.50:488][  4]LogCollectionManager: Fixed up redirectors for 0 collections in 0.000005 seconds (updated 0 objects)
[2018.01.04-15.03.19:326][652]LogTemp: Repeating last play command: New Editor Window (PIE)
[2018.01.04-15.04.26:263][652]LogBlueprintUserMessages: Early PlayInEditor Detection: Level '/Game/2DSideScrollerBP/Maps/Caramuru2D.Caramuru2D:PersistentLevel' has LevelScriptBlueprint '/Game/2DSideScrollerBP/Maps/Caramuru2D.Caramuru2D:PersistentLevel.Caramuru2D' with GeneratedClass '/Game/2DSideScrollerBP/Maps/Caramuru2D.Caramuru2D_C' with ClassGeneratedBy '/Game/2DSideScrollerBP/Maps/Caramuru2D.Caramuru2D:PersistentLevel.Caramuru2D'
[2018.01.04-15.04.26:468][652]LogPlayLevel: PlayLevel: No blueprints needed recompiling
[2018.01.04-15.04.28:098][652]PIE: New page: Sessão de PIE : Caramuru2D (04/01/2018 09:04:26)
[2018.01.04-15.04.28:139][652]LogPlayLevel: Creating play world package: /Game/2DSideScrollerBP/Maps/UEDPIE_0_Caramuru2D
[2018.01.04-15.04.28:262][652]LogPlayLevel: PIE: StaticDuplicateObject took: (0.122896s)
[2018.01.04-15.04.28:288][652]LogAIModule: Creating AISystem for world Caramuru2D
[2018.01.04-15.04.28:288][652]LogPlayLevel: PIE: World Init took: (0.026171s)
[2018.01.04-15.04.28:362][652]LogPlayLevel: PIE: Created PIE world by copying editor world from /Game/2DSideScrollerBP/Maps/Caramuru2D.Caramuru2D to /Game/2DSideScrollerBP/Maps/UEDPIE_0_Caramuru2D.Caramuru2D (0.242339s)
[2018.01.04-15.04.28:477][652]LogInit: XAudio2 using 'Fones de ouvido / Alto falantes (Realtek High Definition Audio)' : 2 channels at 48 kHz using 32 bits per sample (channel mask 0x3)
[2018.01.04-15.04.28:498][652]LogInit: FAudioDevice initialized.
[2018.01.04-15.04.29:396][652]LogLoad: Game class is '2DSideScrollerGameMode_C'
[2018.01.04-15.04.30:013][652]LogWorld: Bringing World /Game/2DSideScrollerBP/Maps/UEDPIE_0_Caramuru2D.Caramuru2D up for play (max tick rate 0) at 2018.01.04-12.04.30
[2018.01.04-15.04.30:561][652]LogWorld: Bringing up level for play took: 0.597506
[2018.01.04-15.04.31:068][652]LogContentBrowser: Native class hierarchy updated for 'MovieSceneCapture' in 0.0009 seconds. Added 11 classes and 0 folders.
[2018.01.04-15.04.31:391][652]LogBlueprintUserMessages: [Character] SpreaderGun
[2018.01.04-15.04.31:496][652]PIE: Momento de início de reprodução no editor para /Game/2DSideScrollerBP/Maps/UEDPIE_0_Caramuru2D 5,039
[2018.01.04-15.04.31:562][652]LogBlueprintUserMessages: Late PlayInEditor Detection: Level '/Game/2DSideScrollerBP/Maps/Caramuru2D.Caramuru2D:PersistentLevel' has LevelScriptBlueprint '/Game/2DSideScrollerBP/Maps/Caramuru2D.Caramuru2D:PersistentLevel.Caramuru2D' with GeneratedClass '/Game/2DSideScrollerBP/Maps/Caramuru2D.Caramuru2D_C' with ClassGeneratedBy '/Game/2DSideScrollerBP/Maps/Caramuru2D.Caramuru2D:PersistentLevel.Caramuru2D'
[2018.01.04-15.04.47:438][609]LogRenderer: Reallocating scene render targets to support 1368x744 Format 10 NumSamples 1 (Frame:950).
[2018.01.04-15.04.49:798][657]LogCharacterMovement: Warning: GetSimulationTimeStep() - Max iterations 8 hit while remaining time 0.083989 > MaxSimulationTimeStep (0.050) for 'EnemyCharacter_226', movement 'Walking'
[2018.01.04-15.05.04:609][151]LogBlueprintUserMessages: [Chest_284] You receive 1 Silver Key.
[2018.01.04-15.05.08:180][244]LogBlueprintUserMessages: [BP_Check_Point_832] X=-5054.902 Y=100.000 Z=4023.697
[2018.01.04-15.05.11:827][366]LogBlueprintUserMessages: [BP_Check_Point2] X=-3721.428 Y=100.000 Z=3930.880
[2018.01.04-15.05.35:386][167]LogBlueprintUserMessages: Early EndPlayMap Detection: Level '/Game/2DSideScrollerBP/Maps/Caramuru2D.Caramuru2D:PersistentLevel' has LevelScriptBlueprint '/Game/2DSideScrollerBP/Maps/Caramuru2D.Caramuru2D:PersistentLevel.Caramuru2D' with GeneratedClass '/Game/2DSideScrollerBP/Maps/Caramuru2D.Caramuru2D_C' with ClassGeneratedBy '/Game/2DSideScrollerBP/Maps/Caramuru2D.Caramuru2D:PersistentLevel.Caramuru2D'
[2018.01.04-15.05.35:681][167]LogBlueprintUserMessages: Late EndPlayMap Detection: Level '/Game/2DSideScrollerBP/Maps/Caramuru2D.Caramuru2D:PersistentLevel' has LevelScriptBlueprint '/Game/2DSideScrollerBP/Maps/Caramuru2D.Caramuru2D:PersistentLevel.Caramuru2D' with GeneratedClass '/Game/2DSideScrollerBP/Maps/Caramuru2D.Caramuru2D_C' with ClassGeneratedBy '/Game/2DSideScrollerBP/Maps/Caramuru2D.Caramuru2D:PersistentLevel.Caramuru2D'
[2018.01.04-16.24.39:888][848]LogD3D11RHI: Timed out while waiting for GPU to catch up. (500 ms)
[2018.01.04-19.36.08:210][695]LogD3D11RHI: Timed out while waiting for GPU to catch up. (500 ms)
