Log file open, 11/29/17 01:22:49
LogWindows: Failed to load 'aqProf.dll' (GetLastError=126)
LogWindows: File 'aqProf.dll' does not exist
LogWindows: Failed to load 'VSPerf140.dll' (GetLastError=126)
LogWindows: File 'VSPerf140.dll' does not exist
LogWindows: Failed to load 'VtuneApi.dll' (GetLastError=126)
LogWindows: File 'VtuneApi.dll' does not exist
LogWindows: Failed to load 'VtuneApi32e.dll' (GetLastError=126)
LogWindows: File 'VtuneApi32e.dll' does not exist
LogInit: Display: Running engine for game: Caramuru2D
LogPlatformFile: Not using cached read wrapper
LogInit: Display: RandInit(-1288409122) SRandInit(-1288409122).
LogTaskGraph: Started task graph with 5 named threads and 14 total threads with 3 sets of task threads.
LogStats: Stats thread started at 3.166571
LogD3D11RHI: Aftermath initialized
LogPluginManager: Mounting plugin Paper2D
LogPluginManager: Mounting plugin LightPropagationVolume
LogPluginManager: Mounting plugin CodeLiteSourceCodeAccess
LogPluginManager: Mounting plugin GitSourceControl
LogPluginManager: Mounting plugin KDevelopSourceCodeAccess
LogPluginManager: Mounting plugin NullSourceCodeAccess
LogPluginManager: Mounting plugin PerforceSourceControl
LogPluginManager: Mounting plugin SubversionSourceControl
LogPluginManager: Mounting plugin UObjectPlugin
LogPluginManager: Mounting plugin VisualStudioSourceCodeAccess
LogPluginManager: Mounting plugin XCodeSourceCodeAccess
LogPluginManager: Mounting plugin AssetManagerEditor
LogPluginManager: Mounting plugin AudioCapture
LogPluginManager: Mounting plugin FacialAnimation
LogPluginManager: Mounting plugin GameplayTagsEditor
LogPluginManager: Mounting plugin MobileLauncherProfileWizard
LogPluginManager: Mounting plugin PluginBrowser
LogPluginManager: Mounting plugin SpeedTreeImporter
LogPluginManager: Mounting plugin AlembicImporter
LogPluginManager: Mounting plugin CharacterAI
LogPluginManager: Mounting plugin HTML5Networking
LogPluginManager: Mounting plugin AndroidMedia
LogPluginManager: Mounting plugin AvfMedia
LogPluginManager: Mounting plugin MediaPlayerEditor
LogPluginManager: Mounting plugin WmfMedia
LogPluginManager: Mounting plugin TcpMessaging
LogPluginManager: Mounting plugin UdpMessaging
LogPluginManager: Mounting plugin LevelSequenceEditor
LogPluginManager: Mounting plugin MatineeToLevelSequence
LogPluginManager: Mounting plugin OnlineSubsystemGooglePlay
LogPluginManager: Mounting plugin OnlineSubsystemIOS
LogPluginManager: Mounting plugin OnlineSubsystem
LogPluginManager: Mounting plugin OnlineSubsystemNull
LogPluginManager: Mounting plugin OnlineSubsystemUtils
LogPluginManager: Mounting plugin AndroidDeviceProfileSelector
LogPluginManager: Mounting plugin AndroidMoviePlayer
LogPluginManager: Mounting plugin AndroidPermission
LogPluginManager: Mounting plugin AppleMoviePlayer
LogPluginManager: Mounting plugin ArchVisCharacter
LogPluginManager: Mounting plugin CableComponent
LogPluginManager: Mounting plugin CustomMeshComponent
LogPluginManager: Mounting plugin ExampleDeviceProfileSelector
LogPluginManager: Mounting plugin GoogleCloudMessaging
LogPluginManager: Mounting plugin ImmediatePhysics
LogPluginManager: Mounting plugin IOSDeviceProfileSelector
LogPluginManager: Mounting plugin LinuxDeviceProfileSelector
LogPluginManager: Mounting plugin LocationServicesBPLibrary
LogPluginManager: Mounting plugin MobilePatchingUtils
LogPluginManager: Mounting plugin OculusVR
LogPluginManager: Mounting plugin PhysXVehicles
LogPluginManager: Mounting plugin ProceduralMeshComponent
LogPluginManager: Mounting plugin RuntimePhysXCooking
LogPluginManager: Mounting plugin SteamVR
LogPluginManager: Mounting plugin WindowsMoviePlayer
LogInit: Using libcurl 7.47.1
LogInit:  - built for x86_64-pc-win32
LogInit:  - supports SSL with OpenSSL/1.0.2g
LogInit:  - supports HTTP deflate (compression) using libz 1.2.8
LogInit:  - other features:
LogInit:      CURL_VERSION_SSL
LogInit:      CURL_VERSION_LIBZ
LogInit:      CURL_VERSION_IPV6
LogInit:      CURL_VERSION_ASYNCHDNS
LogInit:      CURL_VERSION_LARGEFILE
LogInit:      CURL_VERSION_IDN
LogInit:  CurlRequestOptions (configurable via config and command line):
LogInit:  - bVerifyPeer = false  - Libcurl will NOT verify peer certificate
LogInit:  - bUseHttpProxy = false  - Libcurl will NOT use HTTP proxy
LogInit:  - bDontReuseConnections = false  - Libcurl will reuse connections
LogInit:  - CertBundlePath = nullptr  - Libcurl will use whatever was configured at build time.
LogInit: Build: ++UE4+Release-4.17-CL-3658906
LogInit: Engine Version: 4.17.2-3658906+++UE4+Release-4.17
LogInit: Compatible Engine Version: 4.17.0-3573198+++UE4+Release-4.17
LogInit: Net CL: 3573198
LogDevObjectVersion: Number of dev versions registered: 16
LogDevObjectVersion:   Dev-Blueprints (B0D832E4-1F89-4F0D-ACCF-7EB736FD4AA2): 10
LogDevObjectVersion:   Dev-Build (E1C64328-A22C-4D53-A36C-8E866417BD8C): 0
LogDevObjectVersion:   Dev-Core (375EC13C-06E4-48FB-B500-84F0262A717E): 2
LogDevObjectVersion:   Dev-Editor (E4B068ED-F494-42E9-A231-DA0B2E46BB41): 20
LogDevObjectVersion:   Dev-Framework (CFFC743F-43B0-4480-9391-14DF171D2073): 28
LogDevObjectVersion:   Dev-Mobile (B02B49B5-BB20-44E9-A304-32B752E40360): 0
LogDevObjectVersion:   Dev-Networking (A4E4105C-59A1-49B5-A7C5-40C4547EDFEE): 0
LogDevObjectVersion:   Dev-Online (39C831C9-5AE6-47DC-9A44-9C173E1C8E7C): 0
LogDevObjectVersion:   Dev-Physics (78F01B33-EBEA-4F98-B9B4-84EACCB95AA2): 0
LogDevObjectVersion:   Dev-Platform (6631380F-2D4D-43E0-8009-CF276956A95A): 0
LogDevObjectVersion:   Dev-Rendering (12F88B9F-8875-4AFC-A67C-D90C383ABD29): 19
LogDevObjectVersion:   Dev-Sequencer (7B5AE74C-D270-4C10-A958-57980B212A5A): 4
LogDevObjectVersion:   Dev-VR (D7296918-1DD6-4BDD-9DE2-64A83CC13884): 0
LogDevObjectVersion:   Dev-LoadTimes (C2A15278-BFE7-4AFE-6C17-90FF531DF755): 1
LogDevObjectVersion:   Private-Geometry (6EACA3D4-40EC-4CC1-B786-8BED09428FC5): 1
LogDevObjectVersion:   Dev-AnimPhys (29E575DD-E0A3-4627-9D10-D276232CDCEA): 7
LogInit: Compiled (64-bit): Sep 22 2017 13:47:16
LogInit: Compiled with Visual C++: 19.00.24215.01
LogInit: Build Configuration: Development
LogInit: Branch Name: ++UE4+Release-4.17
LogInit: Command line:  
LogInit: Base directory: C:/Program Files/Epic Games/UE_4.17/Engine/Binaries/Win64/
LogInit: Installed Engine Build: 1
LogInit: Presizing for max 8388607 objects, including 0 objects not considered by GC, pre-allocating 0 bytes for permanent pool.
LogInit: Object subsystem initialized
[2017.11.29-04.22.51:652][  0]LogInit: Selected Device Profile: [Windows]
[2017.11.29-04.22.51:652][  0]LogInit: Applying CVar settings loaded from the selected device profile: [Windows]
[2017.11.29-04.22.51:776][  0]LogInit: Computer: MARCELOM
[2017.11.29-04.22.51:776][  0]LogInit: User: Marcelo
[2017.11.29-04.22.51:776][  0]LogInit: CPU Page size=4096, Cores=4
[2017.11.29-04.22.51:776][  0]LogInit: High frequency timer resolution =3.020347 MHz
[2017.11.29-04.22.51:777][  0]LogMemory: Memory total: Physical=7.9GB (8GB approx)
[2017.11.29-04.22.51:777][  0]LogMemory: Platform Memory Stats for Windows
[2017.11.29-04.22.51:777][  0]LogMemory: Process Physical Memory: 276.80 MB used, 276.80 MB peak
[2017.11.29-04.22.51:777][  0]LogMemory: Process Virtual Memory: 289.88 MB used, 289.88 MB peak
[2017.11.29-04.22.51:777][  0]LogMemory: Physical Memory: 4183.11 MB used,  3946.73 MB free, 8129.85 MB total
[2017.11.29-04.22.51:777][  0]LogMemory: Virtual Memory: 663.34 MB used,  3946.73 MB free, 134217728.00 MB total
[2017.11.29-04.22.52:803][  0]LogInit: Overriding language with editor language configuration option (en).
[2017.11.29-04.22.52:803][  0]LogInit: Overriding locale with editor locale configuration option (en).
[2017.11.29-04.23.00:128][  0]LogD3D11RHI: D3D11 adapters:
[2017.11.29-04.23.00:156][  0]LogD3D11RHI:    0. 'NVIDIA GeForce GTX 1050 Ti' (Feature Level 11_0)
[2017.11.29-04.23.00:156][  0]LogD3D11RHI:       3992/0/4064 MB DedicatedVideo/DedicatedSystem/SharedSystem, Outputs:1, VendorId:0x10de
[2017.11.29-04.23.00:157][  0]LogD3D11RHI:    1. 'Microsoft Basic Render Driver' (Feature Level 11_0)
[2017.11.29-04.23.00:157][  0]LogD3D11RHI:       0/0/256 MB DedicatedVideo/DedicatedSystem/SharedSystem, Outputs:0, VendorId:0x1414
[2017.11.29-04.23.00:157][  0]LogD3D11RHI: Chosen D3D11 Adapter: 0
[2017.11.29-04.23.00:162][  0]LogD3D11RHI: Creating new Direct3DDevice
[2017.11.29-04.23.00:169][  0]LogD3D11RHI:     GPU DeviceId: 0x1c82 (for the marketing name, search the web for "GPU Device Id")
[2017.11.29-04.23.00:169][  0]LogWindows: EnumDisplayDevices:
[2017.11.29-04.23.00:169][  0]LogWindows:    0. 'NVIDIA GeForce GTX 1050 Ti' (P:1 D:1)
[2017.11.29-04.23.00:169][  0]LogWindows:    1. 'NVIDIA GeForce GTX 1050 Ti' (P:0 D:0)
[2017.11.29-04.23.00:169][  0]LogWindows:    2. 'NVIDIA GeForce GTX 1050 Ti' (P:0 D:0)
[2017.11.29-04.23.00:170][  0]LogWindows:    3. 'NVIDIA GeForce GTX 1050 Ti' (P:0 D:0)
[2017.11.29-04.23.00:170][  0]LogWindows: DebugString: FoundDriverCount:4 
[2017.11.29-04.23.00:170][  0]LogD3D11RHI:     Adapter Name: NVIDIA GeForce GTX 1050 Ti
[2017.11.29-04.23.00:170][  0]LogD3D11RHI:   Driver Version: 387.92 (internal:23.21.13.8792, unified:387.92)
[2017.11.29-04.23.00:170][  0]LogD3D11RHI:      Driver Date: 10-6-2017
[2017.11.29-04.23.00:170][  0]LogRHI: Texture pool is 1361 MB (70% of 1945 MB)
[2017.11.29-04.23.00:186][  0]LogD3D11RHI: Async texture creation enabled
[2017.11.29-04.23.00:336][  0]LogD3D11RHI: GPU Timing Frequency: 1000.000000 (Debug: 2 2)
[2017.11.29-04.23.00:504][  0]LogShaderCompilers: Guid format shader working directory is -25 characters bigger than the processId version (../../../../../../Users/Marcelo/Documents/Unreal Projects/Caramuru2D 4.17/Intermediate/Shaders/WorkingDirectory/6224/).
[2017.11.29-04.23.00:504][  0]LogShaderCompilers: Cleaned the shader compiler working directory 'C:/Users/Marcelo/AppData/Local/Temp/UnrealShaderWorkingDir/CA3195094B7D8B7EAE1A4C84CC038D06/'.
[2017.11.29-04.23.00:504][  0]LogShaderCompilers: Display: Using Local Shader Compiler.
[2017.11.29-04.23.06:746][  0]LogTemp: Display: Loaded TP AllDesktopTargetPlatform
[2017.11.29-04.23.06:824][  0]LogTemp: Display: Loaded TP MacClientTargetPlatform
[2017.11.29-04.23.06:909][  0]LogTemp: Display: Loaded TP MacNoEditorTargetPlatform
[2017.11.29-04.23.07:008][  0]LogTemp: Display: Loaded TP MacServerTargetPlatform
[2017.11.29-04.23.07:151][  0]LogTemp: Display: Loaded TP MacTargetPlatform
[2017.11.29-04.23.07:261][  0]LogTemp: Display: Loaded TP WindowsClientTargetPlatform
[2017.11.29-04.23.07:365][  0]LogTemp: Display: Loaded TP WindowsNoEditorTargetPlatform
[2017.11.29-04.23.07:430][  0]LogTemp: Display: Loaded TP WindowsServerTargetPlatform
[2017.11.29-04.23.07:499][  0]LogTemp: Display: Loaded TP WindowsTargetPlatform
[2017.11.29-04.23.07:626][  0]LogTemp: Display: Loaded TP AndroidTargetPlatform
[2017.11.29-04.23.07:713][  0]LogTemp: Display: Loaded TP Android_ASTCTargetPlatform
[2017.11.29-04.23.07:763][  0]LogTemp: Display: Loaded TP Android_ATCTargetPlatform
[2017.11.29-04.23.07:840][  0]LogTemp: Display: Loaded TP Android_DXTTargetPlatform
[2017.11.29-04.23.07:902][  0]LogTemp: Display: Loaded TP Android_ETC1TargetPlatform
[2017.11.29-04.23.08:005][  0]LogTemp: Display: Loaded TP Android_ETC2TargetPlatform
[2017.11.29-04.23.08:261][  0]LogTemp: Display: Loaded TP Android_MultiTargetPlatform
[2017.11.29-04.23.08:261][  0]LogTemp: Display: Loaded TP Android_PVRTCTargetPlatform
[2017.11.29-04.23.08:352][  0]LogTemp: Display: Loaded TP HTML5TargetPlatform
[2017.11.29-04.23.08:525][  0]LogTemp: Display: Loaded TP IOSTargetPlatform
[2017.11.29-04.23.08:569][  0]LogTemp: Display: Loaded TP TVOSTargetPlatform
[2017.11.29-04.23.08:641][  0]LogTemp: Display: Loaded TP LinuxClientTargetPlatform
[2017.11.29-04.23.08:698][  0]LogTemp: Display: Loaded TP LinuxNoEditorTargetPlatform
[2017.11.29-04.23.08:769][  0]LogTemp: Display: Loaded TP LinuxServerTargetPlatform
[2017.11.29-04.23.08:826][  0]LogTemp: Display: Loaded TP LinuxTargetPlatform
[2017.11.29-04.23.08:826][  0]LogTargetPlatformManager: Display: Building Assets For Windows
[2017.11.29-04.23.10:385][  0]LogDerivedDataCache: Display: Max Cache Size: 512 MB
[2017.11.29-04.23.11:331][  0]LogDerivedDataCache: Loaded boot cache 0.93s 93MB C:/Users/Marcelo/AppData/Local/UnrealEngine/4.17/DerivedDataCache/Boot.ddc.
[2017.11.29-04.23.11:331][  0]LogDerivedDataCache: Display: Loaded Boot cache: C:/Users/Marcelo/AppData/Local/UnrealEngine/4.17/DerivedDataCache/Boot.ddc
[2017.11.29-04.23.11:332][  0]LogDerivedDataCache: FDerivedDataBackendGraph:  Pak pak cache file ../../../../../../Users/Marcelo/Documents/Unreal Projects/Caramuru2D 4.17/DerivedDataCache/DDC.ddp not found, will not use a pak cache.
[2017.11.29-04.23.11:332][  0]LogDerivedDataCache: Unable to find inner node Pak for hierarchical cache Hierarchy.
[2017.11.29-04.23.11:332][  0]LogDerivedDataCache: FDerivedDataBackendGraph:  CompressedPak pak cache file ../../../../../../Users/Marcelo/Documents/Unreal Projects/Caramuru2D 4.17/DerivedDataCache/Compressed.ddp not found, will not use a pak cache.
[2017.11.29-04.23.11:332][  0]LogDerivedDataCache: Unable to find inner node CompressedPak for hierarchical cache Hierarchy.
[2017.11.29-04.23.11:406][  0]LogDerivedDataCache: Display: Pak cache opened for reading ../../../Engine/DerivedDataCache/Compressed.ddp.
[2017.11.29-04.23.11:474][  0]LogDerivedDataCache: Using Local data cache path C:/Users/Marcelo/AppData/Local/UnrealEngine/Common/DerivedDataCache: Writable
[2017.11.29-04.23.11:563][  0]LogMaterial: Verifying Global Shaders for PCD3D_SM5
[2017.11.29-04.23.11:647][  0]LogSlate: Using Freetype 2.6.0
[2017.11.29-04.23.11:790][  0]LogSlate: SlateFontCache - WITH_FREETYPE: 1, WITH_HARFBUZZ: 1
[2017.11.29-04.23.11:796][  0]LogSlate: SlateFontCache - WITH_FREETYPE: 1, WITH_HARFBUZZ: 1
[2017.11.29-04.23.20:988][  0]LogAssetRegistry: FAssetRegistry took 0.0295 seconds to start up
[2017.11.29-04.23.22:099][  0]LogInit: Selected Device Profile: [Windows]
[2017.11.29-04.23.25:849][  0]LogContentStreaming: Texture pool size is 0.00 MB
[2017.11.29-04.23.26:950][  0]LogSimplygon: Simplygon DLL not present - disabling.
[2017.11.29-04.23.27:018][  0]LogMeshReduction: Using SimplygonSwarm for distributed automatic mesh merging
[2017.11.29-04.23.27:031][  0]LogMeshReduction: Using QuadricMeshReduction for automatic static mesh reduction
[2017.11.29-04.23.27:031][  0]LogMeshReduction: No automatic skeletal mesh reduction module available
[2017.11.29-04.23.27:031][  0]LogMeshReduction: No automatic mesh merging module available
[2017.11.29-04.23.27:031][  0]LogMeshMerging: No automatic mesh merging module available
[2017.11.29-04.23.31:302][  0]LogNetVersion: Caramuru2D , NetCL: 3573198, EngineNetVer: 2, GameNetVer: 0 (Checksum: 1344554375)
[2017.11.29-04.23.33:963][  0]LogPackageLocalizationCache: Processed 5 localized package path(s) for 1 prioritized culture(s) in 0.101865 seconds
[2017.11.29-04.23.34:004][  0]LogUObjectArray: 35825 objects as part of root set at end of initial load.
[2017.11.29-04.23.34:004][  0]LogUObjectAllocator: 7529104 out of 0 bytes used by permanent object pool.
[2017.11.29-04.23.34:004][  0]LogUObjectArray: CloseDisregardForGC: 0/0 objects in disregard for GC pool
[2017.11.29-04.23.34:121][  0]LogInit: WinSock: version 1.1 (2.2), MaxSocks=32767, MaxUdp=65467
[2017.11.29-04.24.02:263][  0]LogTcpMessaging: Initializing TcpMessaging bridge
[2017.11.29-04.24.02:323][  0]LogUdpMessaging: Initializing bridge on interface 0.0.0.0:0 to multicast group 230.0.0.1:6666.
[2017.11.29-04.24.04:203][  0]LogMaterial: Uniform references updated for custom material expression Custom.
[2017.11.29-04.24.05:466][  0]SourceControl: Source control is disabled
[2017.11.29-04.24.08:046][  0]LogAndroidPermission: UAndroidPermissionCallbackProxy::GetInstance
[2017.11.29-04.24.08:367][  0]LogOcInput: OculusInput pre-init called
[2017.11.29-04.24.09:217][  0]LogEngine: Initializing Engine...
[2017.11.29-04.24.09:252][  0]LogHMD: Failed to initialize OpenVR with code 110
[2017.11.29-04.24.10:473][  0]LogStats: UGameplayTagsManager::ConstructGameplayTagTree: Construct from data asset -  0.000 s
[2017.11.29-04.24.10:473][  0]LogStats: UGameplayTagsManager::ConstructGameplayTagTree: GameplayTagTreeChangedEvent.Broadcast -  0.000 s
[2017.11.29-04.24.11:240][  0]LogAIModule: Creating AISystem for world Untitled
[2017.11.29-04.24.11:437][  0]LogInit: XAudio2 using 'Alto-falantes (2- Realtek High Definition Audio)' : 2 channels at 48 kHz using 32 bits per sample (channel mask 0x3)
[2017.11.29-04.24.11:464][  0]LogInit: FAudioDevice initialized.
[2017.11.29-04.24.11:752][  0]LogDerivedDataCache: Saved boot cache 0.29s 93MB C:/Users/Marcelo/AppData/Local/UnrealEngine/4.17/DerivedDataCache/Boot.ddc.
[2017.11.29-04.24.11:774][  0]LogInit: Texture streaming: Enabled
[2017.11.29-04.24.12:544][  0]LogEngineSessionManager: EngineSessionManager initialized
[2017.11.29-04.24.13:784][  0]LogInit: Transaction tracking system initialized
[2017.11.29-04.24.14:423][  0]BlueprintLog: New page: Editor Load
[2017.11.29-04.24.16:576][  0]LocalizationService: Localization service is disabled
[2017.11.29-04.24.18:264][  0]LogConsoleResponse: Display: 
[2017.11.29-04.24.21:620][  0]LogFileCache: Scanning file cache for directory 'C:/Users/Marcelo/Documents/Unreal Projects/Caramuru2D 4.17/Content/' took 0.02s
[2017.11.29-04.24.21:620][  0]LogCook: Display: Max memory allowance for cook 16384mb min free memory 0mb
[2017.11.29-04.24.21:620][  0]LogCook: Display: Mobile HDR setting 1
[2017.11.29-04.24.21:696][  0]LogGameplayTags: Display: UGameplayTagsManager::DoneAddingNativeTags. DelegateIsBound: 0
[2017.11.29-04.24.24:840][  0]Cmd: MAP LOAD FILE="../../../../../../Users/Marcelo/Documents/Unreal Projects/Caramuru2D 4.17/Content/Menu/Levels/Level_Game_Main_Menu.umap" TEMPLATE=0 SHOWPROGRESS=1 FEATURELEVEL=3
[2017.11.29-04.24.24:867][  0]LightingResults: New page: Lighting Build
[2017.11.29-04.24.25:128][  0]MapCheck: New page: Map Check
[2017.11.29-04.24.25:128][  0]LightingResults: New page: Lighting Build
[2017.11.29-04.24.26:998][  0]LogAudioDerivedData: Display: Building compressed audio format OGG wave floresta_jogo...
[2017.11.29-04.24.29:321][  0]LogAudioDerivedData: Display: Building compressed audio format OGG wave Pop_Sound_Effect...
[2017.11.29-04.24.29:382][  0]LogAIModule: Creating AISystem for world Level_Game_Main_Menu
[2017.11.29-04.24.29:768][  0]LogEditorServer: Finished looking for orphan Actors (0.000 secs)
[2017.11.29-04.24.29:936][  0]Cmd: MAP CHECKDEP NOCLEARLOG
[2017.11.29-04.24.29:983][  0]MapCheck: Map check complete: 0 Error(s), 0 Warning(s), took 47.145ms to complete.
[2017.11.29-04.24.29:983][  0]LogFileHelpers: Loading map 'Level_Game_Main_Menu' took 5.159
[2017.11.29-04.24.32:203][  0]LogCollectionManager: Loaded 0 collections in 0.001312 seconds
[2017.11.29-04.24.32:373][  0]LogFileCache: Scanning file cache for directory 'C:/Users/Marcelo/Documents/Unreal Projects/Caramuru2D 4.17/Saved/Collections/' took 0.01s
[2017.11.29-04.24.32:373][  0]LogFileCache: Scanning file cache for directory 'C:/Users/Marcelo/Documents/Unreal Projects/Caramuru2D 4.17/Content/Developers/Marcelo/Collections/' took 0.01s
[2017.11.29-04.24.32:373][  0]LogFileCache: Scanning file cache for directory 'C:/Users/Marcelo/Documents/Unreal Projects/Caramuru2D 4.17/Content/Collections/' took 0.01s
[2017.11.29-04.24.32:373][  0]LogCollectionManager: Rebuilt the GUID cache for 0 collections in 0.000000 seconds
[2017.11.29-04.24.32:392][  0]LogContentBrowser: Native class hierarchy populated in 0.0180 seconds. Added 2386 classes and 500 folders.
[2017.11.29-04.24.32:491][  0]LogContentBrowser: Native class hierarchy updated for 'WidgetCarousel' in 0.0008 seconds. Added 0 classes and 0 folders.
[2017.11.29-04.24.33:660][  0]LogContentBrowser: Native class hierarchy updated for 'AddContentDialog' in 0.0007 seconds. Added 0 classes and 0 folders.
[2017.11.29-04.24.33:780][  0]LogContentBrowser: Native class hierarchy updated for 'SceneOutliner' in 0.0006 seconds. Added 1 classes and 2 folders.
[2017.11.29-04.24.35:039][  0]LogSlate: Took 0.020303 seconds to synchronously load lazily loaded font '../../../Engine/Content/Slate/Fonts/Roboto-Regular.ttf' (155K)
[2017.11.29-04.24.35:084][  0]LogSlate: Took 0.026607 seconds to synchronously load lazily loaded font '../../../Engine/Content/Slate/Fonts/Roboto-Bold.ttf' (160K)
[2017.11.29-04.24.35:204][  0]LogSlate: Took 0.020533 seconds to synchronously load lazily loaded font '../../../Engine/Content/Editor/Slate/Fonts/FontAwesome.ttf' (139K)
[2017.11.29-04.24.36:115][  0]LogRenderer: Reallocating scene render targets to support 808x336 Format 10 NumSamples 1 (Frame:1).
[2017.11.29-04.24.38:335][  0]LogContentBrowser: Native class hierarchy updated for 'HierarchicalLODOutliner' in 0.0007 seconds. Added 1 classes and 2 folders.
[2017.11.29-04.24.38:335][  0]LogLoad: (Engine Initialization) Total time: 121.74 seconds
[2017.11.29-04.24.38:335][  0]LogLoad: (Engine Initialization) Total Blueprint compile time: 0.00 seconds
[2017.11.29-04.24.38:354][  0]LogExternalProfiler: No external profilers were discovered.  External profiling features will not be available.
[2017.11.29-04.24.38:970][  0]SourceControl: On branch master
[2017.11.29-04.24.38:970][  0]SourceControl: Your branch is up to date with 'origin/master'.
[2017.11.29-04.24.38:970][  0]SourceControl: Changes not staged for commit:
[2017.11.29-04.24.38:970][  0]SourceControl:   (use "git add <file>..." to update what will be committed)
[2017.11.29-04.24.38:970][  0]SourceControl:   (use "git checkout -- <file>..." to discard changes in working directory)
[2017.11.29-04.24.38:970][  0]SourceControl: 	modified:   Intermediate/CachedAssetRegistry.bin
[2017.11.29-04.24.38:970][  0]SourceControl: 	modified:   Saved/Config/Windows/Editor.ini
[2017.11.29-04.24.38:970][  0]SourceControl: 	modified:   Saved/Logs/Caramuru2D.log
[2017.11.29-04.24.38:970][  0]SourceControl: Untracked files:
[2017.11.29-04.24.38:970][  0]SourceControl:   (use "git add <file>..." to include in what will be committed)
[2017.11.29-04.24.38:970][  0]SourceControl: 	Saved/Config/CrashReportClient/UE4CC-Windows-EC63EDC4475730326646BEAF6C78263B/
[2017.11.29-04.24.38:970][  0]SourceControl: 	Saved/Logs/Caramuru2D-backup-2017.11.29-01.22.49.log
[2017.11.29-04.24.38:971][  0]SourceControl: no changes added to commit (use "git add" and/or "git commit -a")
[2017.11.29-04.24.38:971][  0]LogContentStreaming: Texture pool size now 1000 MB
[2017.11.29-04.24.39:613][  0]LogSlate: Took 0.213135 seconds to synchronously load lazily loaded font '../../../Engine/Content/Slate/Fonts/Roboto-Light.ttf' (159K)
[2017.11.29-04.24.40:403][  3]LogAssetRegistry: Asset discovery search completed in 79.4373 seconds
[2017.11.29-04.24.40:406][  3]LogCollectionManager: Rebuilt the object cache for 0 collections in 0.000001 seconds (found 0 objects)
[2017.11.29-04.24.40:406][  3]LogCollectionManager: Fixed up redirectors for 0 collections in 0.000059 seconds (updated 0 objects)
[2017.11.29-04.26.54:979][506]LogTemp: Repeating last play command: Selected Viewport
[2017.11.29-04.26.55:654][506]LogBlueprintUserMessages: Early PlayInEditor Detection: Level '/Game/Menu/Levels/Level_Game_Main_Menu.Level_Game_Main_Menu:PersistentLevel' has LevelScriptBlueprint '/Game/Menu/Levels/Level_Game_Main_Menu.Level_Game_Main_Menu:PersistentLevel.Level_Game_Main_Menu' with GeneratedClass '/Game/Menu/Levels/Level_Game_Main_Menu.Level_Game_Main_Menu_C' with ClassGeneratedBy '/Game/Menu/Levels/Level_Game_Main_Menu.Level_Game_Main_Menu:PersistentLevel.Level_Game_Main_Menu'
[2017.11.29-04.26.55:654][506]LogPlayLevel: PlayLevel: No blueprints needed recompiling
[2017.11.29-04.26.55:785][506]PIE: New page: PIE session: Level_Game_Main_Menu (Nov 28, 2017, 10:26:55 PM)
[2017.11.29-04.26.55:785][506]LogPlayLevel: Creating play world package: /Game/Menu/Levels/UEDPIE_0_Level_Game_Main_Menu
[2017.11.29-04.26.55:847][506]LogPlayLevel: PIE: StaticDuplicateObject took: (0.062317s)
[2017.11.29-04.26.55:883][506]LogAIModule: Creating AISystem for world Level_Game_Main_Menu
[2017.11.29-04.26.55:883][506]LogPlayLevel: PIE: World Init took: (0.036399s)
[2017.11.29-04.26.55:884][506]LogPlayLevel: PIE: Created PIE world by copying editor world from /Game/Menu/Levels/Level_Game_Main_Menu.Level_Game_Main_Menu to /Game/Menu/Levels/UEDPIE_0_Level_Game_Main_Menu.Level_Game_Main_Menu (0.099012s)
[2017.11.29-04.26.55:910][506]LogInit: XAudio2 using 'Alto-falantes (2- Realtek High Definition Audio)' : 2 channels at 48 kHz using 32 bits per sample (channel mask 0x3)
[2017.11.29-04.26.55:918][506]LogInit: FAudioDevice initialized.
[2017.11.29-04.26.56:040][506]LogLoad: Game class is 'GameModeBase'
[2017.11.29-04.26.56:368][506]LogWorld: Bringing World /Game/Menu/Levels/UEDPIE_0_Level_Game_Main_Menu.Level_Game_Main_Menu up for play (max tick rate 0) at 2017.11.29-01.26.56
[2017.11.29-04.26.56:402][506]LogWorld: Bringing up level for play took: 0.040985
[2017.11.29-04.26.56:804][506]LogContentBrowser: Native class hierarchy updated for 'MovieSceneCapture' in 0.0007 seconds. Added 11 classes and 0 folders.
[2017.11.29-04.26.57:060][506]PIE: Play in editor start time for /Game/Menu/Levels/UEDPIE_0_Level_Game_Main_Menu 0.924
[2017.11.29-04.26.57:061][506]LogBlueprintUserMessages: Late PlayInEditor Detection: Level '/Game/Menu/Levels/Level_Game_Main_Menu.Level_Game_Main_Menu:PersistentLevel' has LevelScriptBlueprint '/Game/Menu/Levels/Level_Game_Main_Menu.Level_Game_Main_Menu:PersistentLevel.Level_Game_Main_Menu' with GeneratedClass '/Game/Menu/Levels/Level_Game_Main_Menu.Level_Game_Main_Menu_C' with ClassGeneratedBy '/Game/Menu/Levels/Level_Game_Main_Menu.Level_Game_Main_Menu:PersistentLevel.Level_Game_Main_Menu'
[2017.11.29-04.26.59:251][709]Cmd: LevelEditor.ToggleImmersive
[2017.11.29-04.26.59:481][710]LogRenderer: Reallocating scene render targets to support 1312x692 Format 10 NumSamples 1 (Frame:205).
[2017.11.29-04.26.59:546][711]LogRenderer: Reallocating scene render targets to support 1360x728 Format 10 NumSamples 1 (Frame:207).
[2017.11.29-04.27.10:568][ 29]LogNet: Browse: /Game/2DSideScrollerBP/Maps/Caramuru2D
[2017.11.29-04.27.10:568][ 29]LogLoad: LoadMap: /Game/2DSideScrollerBP/Maps/Caramuru2D
[2017.11.29-04.27.10:611][ 29]Cmd: MEM
[2017.11.29-04.27.10:633][ 29]LogMemory: Platform Memory Stats for Windows
[2017.11.29-04.27.10:633][ 29]LogMemory: Process Physical Memory: 999.07 MB used, 1110.33 MB peak
[2017.11.29-04.27.10:633][ 29]LogMemory: Process Virtual Memory: 1375.54 MB used, 1544.95 MB peak
[2017.11.29-04.27.10:633][ 29]LogMemory: Physical Memory: 4857.34 MB used,  3272.50 MB free, 8129.85 MB total
[2017.11.29-04.27.10:633][ 29]LogMemory: Virtual Memory: 2078.78 MB used,  3272.50 MB free, 134217728.00 MB total
[2017.11.29-04.27.10:633][ 29]LogMemory: 
[2017.11.29-04.27.10:633][ 29]Allocator Stats for TBB: (not implemented)
[2017.11.29-04.27.17:736][ 29]LogTexture: Display: Building textures: pausa_Background (BGRA8, 400X400)
[2017.11.29-04.27.20:578][ 29]LogAIModule: Creating AISystem for world Caramuru2D
[2017.11.29-04.27.20:579][ 29]LogLoad: Game class is '2DSideScrollerGameMode_C'
[2017.11.29-04.27.20:628][ 29]LogWorld: Bringing World /Game/2DSideScrollerBP/Maps/UEDPIE_0_Caramuru2D.Caramuru2D up for play (max tick rate 0) at 2017.11.29-01.27.20
[2017.11.29-04.27.20:667][ 29]LogWorld: Bringing up level for play took: 0.085911
[2017.11.29-04.27.20:693][ 29]LogBlueprintUserMessages: [Character] SpreaderGun
[2017.11.29-04.27.20:693][ 29]LogLoad: Took 10.124331 seconds to LoadMap(/Game/2DSideScrollerBP/Maps/Caramuru2D)
[2017.11.29-04.27.20:850][ 30]LogCharacterMovement: Warning: GetSimulationTimeStep() - Max iterations 8 hit while remaining time 0.055718 > MaxSimulationTimeStep (0.050) for 'EnemyCharacter_226', movement 'Walking'
[2017.11.29-04.27.23:876][378]LogBlueprintUserMessages: [EnemyCharacter_226] 90
[2017.11.29-04.27.31:129][246]LogBlueprintUserMessages: [BP_Check_Point_832] X=-5055.161 Y=100.000 Z=4013.677
[2017.11.29-04.27.32:609][423]LogBlueprintUserMessages: [EnemyCharacter_226] 80
[2017.11.29-04.27.33:636][546]LogBlueprintUserMessages: [EnemyCharacter_226] 70
[2017.11.29-04.27.33:878][575]LogCharacterMovement: EnemyCharacter_226 is stuck and failed to move! Velocity: X=68.16 Y=0.00 Z=0.00 Location: X=-4827.01 Y=100.00 Z=3942.10 Normal: X=-0.99 Y=0.00 Z=-0.12 PenetrationDepth:2.061 Actor:BP_Shoot_C_6 Component:Sphere BoneName:None (0 other events since notify)
[2017.11.29-04.27.33:878][575]LogBlueprintUserMessages: [EnemyCharacter_226] 60
[2017.11.29-04.27.34:036][594]LogBlueprintUserMessages: [EnemyCharacter_226] 50
[2017.11.29-04.27.34:303][626]LogBlueprintUserMessages: [EnemyCharacter_226] 40
[2017.11.29-04.27.34:386][636]LogBlueprintUserMessages: [EnemyCharacter_226] 30
[2017.11.29-04.27.34:569][658]LogBlueprintUserMessages: [EnemyCharacter_226] 20
[2017.11.29-04.27.34:720][676]LogBlueprintUserMessages: [EnemyCharacter_226] 10
[2017.11.29-04.27.36:595][901]LogBlueprintUserMessages: Early EndPlayMap Detection: Level '/Game/Menu/Levels/Level_Game_Main_Menu.Level_Game_Main_Menu:PersistentLevel' has LevelScriptBlueprint '/Game/Menu/Levels/Level_Game_Main_Menu.Level_Game_Main_Menu:PersistentLevel.Level_Game_Main_Menu' with GeneratedClass '/Game/Menu/Levels/Level_Game_Main_Menu.Level_Game_Main_Menu_C' with ClassGeneratedBy '/Game/Menu/Levels/Level_Game_Main_Menu.Level_Game_Main_Menu:PersistentLevel.Level_Game_Main_Menu'
[2017.11.29-04.27.36:693][901]LogBlueprintUserMessages: Late EndPlayMap Detection: Level '/Game/Menu/Levels/Level_Game_Main_Menu.Level_Game_Main_Menu:PersistentLevel' has LevelScriptBlueprint '/Game/Menu/Levels/Level_Game_Main_Menu.Level_Game_Main_Menu:PersistentLevel.Level_Game_Main_Menu' with GeneratedClass '/Game/Menu/Levels/Level_Game_Main_Menu.Level_Game_Main_Menu_C' with ClassGeneratedBy '/Game/Menu/Levels/Level_Game_Main_Menu.Level_Game_Main_Menu:PersistentLevel.Level_Game_Main_Menu'
[2017.11.29-04.27.40:816][316]LogAudioDerivedData: Display: Building compressed audio format OGG wave hastad_nha...
[2017.11.29-04.27.48:679][209]LogSlate: Took 0.000129 seconds to synchronously load lazily loaded font '../../../Engine/Content/Slate/Fonts/Roboto-Light.ttf' (159K)
[2017.11.29-04.27.48:967][209]LogAIModule: Creating AISystem for world Caramuru2D
[2017.11.29-04.27.49:001][209]Cmd: MAP LOAD FILE="../../../../../../Users/Marcelo/Documents/Unreal Projects/Caramuru2D 4.17/Content/2DSideScrollerBP/Maps/Caramuru2D.umap" TEMPLATE=0 SHOWPROGRESS=1 FEATURELEVEL=3
[2017.11.29-04.27.49:001][209]LightingResults: New page: Lighting Build
[2017.11.29-04.27.49:002][209]LoadErrors: New page: Loading map: Caramuru2D.umap
[2017.11.29-04.27.49:002][209]MapCheck: New page: Map Check
[2017.11.29-04.27.49:002][209]LightingResults: New page: Lighting Build
[2017.11.29-04.27.49:123][209]LogEditorServer: Finished looking for orphan Actors (0.000 secs)
[2017.11.29-04.27.49:204][209]Cmd: MAP CHECKDEP NOCLEARLOG
[2017.11.29-04.27.49:272][209]MapCheck: Map check complete: 0 Error(s), 0 Warning(s), took 67.631ms to complete.
[2017.11.29-04.27.49:272][209]LogFileHelpers: Loading map 'Caramuru2D' took 0.272
[2017.11.29-04.28.52:774][370]LogRenderer: Reallocating scene render targets to support 1360x728 Format 10 NumSamples 1 (Frame:3059).
[2017.11.29-04.28.53:134][413]LogContentStreaming: Texture pool size now 400 MB
[2017.11.29-04.28.54:165][496]LogRenderer: Reallocating scene render targets to support 1360x728 Format 9 NumSamples 1 (Frame:3184).
[2017.11.29-04.28.57:911][945]LogTemp: Repeating last play command: Selected Viewport
[2017.11.29-04.28.57:953][945]LogBlueprintUserMessages: Early PlayInEditor Detection: Level '/Game/2DSideScrollerBP/Maps/Caramuru2D.Caramuru2D:PersistentLevel' has LevelScriptBlueprint '/Game/2DSideScrollerBP/Maps/Caramuru2D.Caramuru2D:PersistentLevel.Caramuru2D' with GeneratedClass '/Game/2DSideScrollerBP/Maps/Caramuru2D.Caramuru2D_C' with ClassGeneratedBy '/Game/2DSideScrollerBP/Maps/Caramuru2D.Caramuru2D:PersistentLevel.Caramuru2D'
[2017.11.29-04.28.57:953][945]LogPlayLevel: PlayLevel: No blueprints needed recompiling
[2017.11.29-04.28.57:953][945]PIE: New page: PIE session: Caramuru2D (Nov 28, 2017, 10:28:57 PM)
[2017.11.29-04.28.57:953][945]LogPlayLevel: Creating play world package: /Game/2DSideScrollerBP/Maps/UEDPIE_0_Caramuru2D
[2017.11.29-04.28.57:959][945]LogPlayLevel: PIE: StaticDuplicateObject took: (0.005912s)
[2017.11.29-04.28.57:960][945]LogAIModule: Creating AISystem for world Caramuru2D
[2017.11.29-04.28.57:960][945]LogPlayLevel: PIE: World Init took: (0.000962s)
[2017.11.29-04.28.57:961][945]LogPlayLevel: PIE: Created PIE world by copying editor world from /Game/2DSideScrollerBP/Maps/Caramuru2D.Caramuru2D to /Game/2DSideScrollerBP/Maps/UEDPIE_0_Caramuru2D.Caramuru2D (0.007155s)
[2017.11.29-04.28.57:977][945]LogInit: XAudio2 using 'Alto-falantes (2- Realtek High Definition Audio)' : 2 channels at 48 kHz using 32 bits per sample (channel mask 0x3)
[2017.11.29-04.28.57:983][945]LogInit: FAudioDevice initialized.
[2017.11.29-04.28.58:017][945]LogLoad: Game class is '2DSideScrollerGameMode_C'
[2017.11.29-04.28.58:022][945]LogWorld: Bringing World /Game/2DSideScrollerBP/Maps/UEDPIE_0_Caramuru2D.Caramuru2D up for play (max tick rate 0) at 2017.11.29-01.28.58
[2017.11.29-04.28.58:024][945]LogWorld: Bringing up level for play took: 0.005748
[2017.11.29-04.28.58:025][945]LogBlueprintUserMessages: [Character] SpreaderGun
[2017.11.29-04.28.58:025][945]PIE: Play in editor start time for /Game/2DSideScrollerBP/Maps/UEDPIE_0_Caramuru2D -0.112
[2017.11.29-04.28.58:025][945]LogBlueprintUserMessages: Late PlayInEditor Detection: Level '/Game/2DSideScrollerBP/Maps/Caramuru2D.Caramuru2D:PersistentLevel' has LevelScriptBlueprint '/Game/2DSideScrollerBP/Maps/Caramuru2D.Caramuru2D:PersistentLevel.Caramuru2D' with GeneratedClass '/Game/2DSideScrollerBP/Maps/Caramuru2D.Caramuru2D_C' with ClassGeneratedBy '/Game/2DSideScrollerBP/Maps/Caramuru2D.Caramuru2D:PersistentLevel.Caramuru2D'
[2017.11.29-04.28.59:651][139]Cmd: LevelEditor.ToggleImmersive
[2017.11.29-04.29.02:051][407]LogBlueprintUserMessages: [BP_Check_Point_832] X=-5035.135 Y=100.000 Z=4100.149
[2017.11.29-04.29.05:522][824]LogCharacterMovement: EnemyCharacter_226 is stuck and failed to move! Velocity: X=172.93 Y=0.00 Z=0.00 Location: X=-3888.94 Y=100.00 Z=3942.31 Normal: X=0.99 Y=0.00 Z=-0.13 PenetrationDepth:4.129 Actor:BP_Shoot_C_3 Component:Sphere BoneName:None (0 other events since notify)
[2017.11.29-04.29.05:623][836]LogBlueprintUserMessages: [EnemyCharacter_226] 90
[2017.11.29-04.29.10:390][406]LogBlueprintUserMessages: Early EndPlayMap Detection: Level '/Game/2DSideScrollerBP/Maps/Caramuru2D.Caramuru2D:PersistentLevel' has LevelScriptBlueprint '/Game/2DSideScrollerBP/Maps/Caramuru2D.Caramuru2D:PersistentLevel.Caramuru2D' with GeneratedClass '/Game/2DSideScrollerBP/Maps/Caramuru2D.Caramuru2D_C' with ClassGeneratedBy '/Game/2DSideScrollerBP/Maps/Caramuru2D.Caramuru2D:PersistentLevel.Caramuru2D'
[2017.11.29-04.29.10:453][406]LogBlueprintUserMessages: Late EndPlayMap Detection: Level '/Game/2DSideScrollerBP/Maps/Caramuru2D.Caramuru2D:PersistentLevel' has LevelScriptBlueprint '/Game/2DSideScrollerBP/Maps/Caramuru2D.Caramuru2D:PersistentLevel.Caramuru2D' with GeneratedClass '/Game/2DSideScrollerBP/Maps/Caramuru2D.Caramuru2D_C' with ClassGeneratedBy '/Game/2DSideScrollerBP/Maps/Caramuru2D.Caramuru2D:PersistentLevel.Caramuru2D'
[2017.11.29-04.29.46:021][936]LogTemp: Repeating last play command: Selected Viewport
[2017.11.29-04.29.46:062][936]LogBlueprintUserMessages: Early PlayInEditor Detection: Level '/Game/2DSideScrollerBP/Maps/Caramuru2D.Caramuru2D:PersistentLevel' has LevelScriptBlueprint '/Game/2DSideScrollerBP/Maps/Caramuru2D.Caramuru2D:PersistentLevel.Caramuru2D' with GeneratedClass '/Game/2DSideScrollerBP/Maps/Caramuru2D.Caramuru2D_C' with ClassGeneratedBy '/Game/2DSideScrollerBP/Maps/Caramuru2D.Caramuru2D:PersistentLevel.Caramuru2D'
[2017.11.29-04.29.46:063][936]LogPlayLevel: PlayLevel: No blueprints needed recompiling
[2017.11.29-04.29.46:063][936]PIE: New page: PIE session: Caramuru2D (Nov 28, 2017, 10:29:46 PM)
[2017.11.29-04.29.46:063][936]LogPlayLevel: Creating play world package: /Game/2DSideScrollerBP/Maps/UEDPIE_0_Caramuru2D
[2017.11.29-04.29.46:068][936]LogPlayLevel: PIE: StaticDuplicateObject took: (0.005306s)
[2017.11.29-04.29.46:069][936]LogAIModule: Creating AISystem for world Caramuru2D
[2017.11.29-04.29.46:069][936]LogPlayLevel: PIE: World Init took: (0.000867s)
[2017.11.29-04.29.46:069][936]LogPlayLevel: PIE: Created PIE world by copying editor world from /Game/2DSideScrollerBP/Maps/Caramuru2D.Caramuru2D to /Game/2DSideScrollerBP/Maps/UEDPIE_0_Caramuru2D.Caramuru2D (0.006478s)
[2017.11.29-04.29.46:084][936]LogInit: XAudio2 using 'Alto-falantes (2- Realtek High Definition Audio)' : 2 channels at 48 kHz using 32 bits per sample (channel mask 0x3)
[2017.11.29-04.29.46:091][936]LogInit: FAudioDevice initialized.
[2017.11.29-04.29.46:124][936]LogLoad: Game class is '2DSideScrollerGameMode_C'
[2017.11.29-04.29.46:129][936]LogWorld: Bringing World /Game/2DSideScrollerBP/Maps/UEDPIE_0_Caramuru2D.Caramuru2D up for play (max tick rate 0) at 2017.11.29-01.29.46
[2017.11.29-04.29.46:131][936]LogWorld: Bringing up level for play took: 0.005853
[2017.11.29-04.29.46:132][936]LogBlueprintUserMessages: [Character] SpreaderGun
[2017.11.29-04.29.46:132][936]PIE: Play in editor start time for /Game/2DSideScrollerBP/Maps/UEDPIE_0_Caramuru2D -0.004
[2017.11.29-04.29.46:133][936]LogBlueprintUserMessages: Late PlayInEditor Detection: Level '/Game/2DSideScrollerBP/Maps/Caramuru2D.Caramuru2D:PersistentLevel' has LevelScriptBlueprint '/Game/2DSideScrollerBP/Maps/Caramuru2D.Caramuru2D:PersistentLevel.Caramuru2D' with GeneratedClass '/Game/2DSideScrollerBP/Maps/Caramuru2D.Caramuru2D_C' with ClassGeneratedBy '/Game/2DSideScrollerBP/Maps/Caramuru2D.Caramuru2D:PersistentLevel.Caramuru2D'
[2017.11.29-04.29.47:327][ 77]Cmd: LevelEditor.ToggleImmersive
[2017.11.29-04.29.50:964][495]LogBlueprintUserMessages: [BP_Check_Point_832] X=-5053.011 Y=100.000 Z=4024.923
[2017.11.29-04.29.54:302][896]LogCharacterMovement: EnemyCharacter_226 is stuck and failed to move! Velocity: X=172.93 Y=0.00 Z=0.00 Location: X=-3888.94 Y=100.00 Z=3942.31 Normal: X=0.99 Y=0.00 Z=-0.13 PenetrationDepth:4.028 Actor:BP_Shoot_C_1 Component:Sphere BoneName:None (0 other events since notify)
[2017.11.29-04.29.54:402][908]LogBlueprintUserMessages: [EnemyCharacter_226] 90
[2017.11.29-04.29.57:653][298]LogBlueprintUserMessages: Early EndPlayMap Detection: Level '/Game/2DSideScrollerBP/Maps/Caramuru2D.Caramuru2D:PersistentLevel' has LevelScriptBlueprint '/Game/2DSideScrollerBP/Maps/Caramuru2D.Caramuru2D:PersistentLevel.Caramuru2D' with GeneratedClass '/Game/2DSideScrollerBP/Maps/Caramuru2D.Caramuru2D_C' with ClassGeneratedBy '/Game/2DSideScrollerBP/Maps/Caramuru2D.Caramuru2D:PersistentLevel.Caramuru2D'
[2017.11.29-04.29.57:714][298]LogBlueprintUserMessages: Late EndPlayMap Detection: Level '/Game/2DSideScrollerBP/Maps/Caramuru2D.Caramuru2D:PersistentLevel' has LevelScriptBlueprint '/Game/2DSideScrollerBP/Maps/Caramuru2D.Caramuru2D:PersistentLevel.Caramuru2D' with GeneratedClass '/Game/2DSideScrollerBP/Maps/Caramuru2D.Caramuru2D_C' with ClassGeneratedBy '/Game/2DSideScrollerBP/Maps/Caramuru2D.Caramuru2D:PersistentLevel.Caramuru2D'
[2017.11.29-04.30.04:288][ 50]LogTemp: Repeating last play command: Selected Viewport
[2017.11.29-04.30.04:325][ 50]LogBlueprintUserMessages: Early PlayInEditor Detection: Level '/Game/2DSideScrollerBP/Maps/Caramuru2D.Caramuru2D:PersistentLevel' has LevelScriptBlueprint '/Game/2DSideScrollerBP/Maps/Caramuru2D.Caramuru2D:PersistentLevel.Caramuru2D' with GeneratedClass '/Game/2DSideScrollerBP/Maps/Caramuru2D.Caramuru2D_C' with ClassGeneratedBy '/Game/2DSideScrollerBP/Maps/Caramuru2D.Caramuru2D:PersistentLevel.Caramuru2D'
[2017.11.29-04.30.04:326][ 50]LogPlayLevel: PlayLevel: No blueprints needed recompiling
[2017.11.29-04.30.04:326][ 50]PIE: New page: PIE session: Caramuru2D (Nov 28, 2017, 10:30:04 PM)
[2017.11.29-04.30.04:326][ 50]LogPlayLevel: Creating play world package: /Game/2DSideScrollerBP/Maps/UEDPIE_0_Caramuru2D
[2017.11.29-04.30.04:331][ 50]LogPlayLevel: PIE: StaticDuplicateObject took: (0.005260s)
[2017.11.29-04.30.04:332][ 50]LogAIModule: Creating AISystem for world Caramuru2D
[2017.11.29-04.30.04:332][ 50]LogPlayLevel: PIE: World Init took: (0.000712s)
[2017.11.29-04.30.04:332][ 50]LogPlayLevel: PIE: Created PIE world by copying editor world from /Game/2DSideScrollerBP/Maps/Caramuru2D.Caramuru2D to /Game/2DSideScrollerBP/Maps/UEDPIE_0_Caramuru2D.Caramuru2D (0.006213s)
[2017.11.29-04.30.04:346][ 50]LogInit: XAudio2 using 'Alto-falantes (2- Realtek High Definition Audio)' : 2 channels at 48 kHz using 32 bits per sample (channel mask 0x3)
[2017.11.29-04.30.04:352][ 50]LogInit: FAudioDevice initialized.
[2017.11.29-04.30.04:384][ 50]LogLoad: Game class is '2DSideScrollerGameMode_C'
[2017.11.29-04.30.04:389][ 50]LogWorld: Bringing World /Game/2DSideScrollerBP/Maps/UEDPIE_0_Caramuru2D.Caramuru2D up for play (max tick rate 0) at 2017.11.29-01.30.04
[2017.11.29-04.30.04:391][ 50]LogWorld: Bringing up level for play took: 0.005873
[2017.11.29-04.30.04:392][ 50]LogBlueprintUserMessages: [Character] SpreaderGun
[2017.11.29-04.30.04:392][ 50]PIE: Play in editor start time for /Game/2DSideScrollerBP/Maps/UEDPIE_0_Caramuru2D 0.255
[2017.11.29-04.30.04:392][ 50]LogBlueprintUserMessages: Late PlayInEditor Detection: Level '/Game/2DSideScrollerBP/Maps/Caramuru2D.Caramuru2D:PersistentLevel' has LevelScriptBlueprint '/Game/2DSideScrollerBP/Maps/Caramuru2D.Caramuru2D:PersistentLevel.Caramuru2D' with GeneratedClass '/Game/2DSideScrollerBP/Maps/Caramuru2D.Caramuru2D_C' with ClassGeneratedBy '/Game/2DSideScrollerBP/Maps/Caramuru2D.Caramuru2D:PersistentLevel.Caramuru2D'
[2017.11.29-04.30.06:117][256]Cmd: LevelEditor.ToggleImmersive
[2017.11.29-04.30.07:562][410]LogBlueprintUserMessages: [BP_Check_Point_832] X=-5053.856 Y=100.000 Z=4013.677
[2017.11.29-04.30.10:715][789]LogCharacterMovement: EnemyCharacter_226 is stuck and failed to move! Velocity: X=172.93 Y=0.00 Z=0.00 Location: X=-3888.94 Y=100.00 Z=3942.31 Normal: X=0.99 Y=0.00 Z=-0.13 PenetrationDepth:4.313 Actor:BP_Shoot_C_0 Component:Sphere BoneName:None (0 other events since notify)
[2017.11.29-04.30.10:817][801]LogBlueprintUserMessages: [EnemyCharacter_226] 90
[2017.11.29-04.30.11:231][850]LogBlueprintUserMessages: [EnemyCharacter_226] 80
[2017.11.29-04.30.12:173][963]LogBlueprintUserMessages: [EnemyCharacter_226] 70
[2017.11.29-04.30.16:564][490]Cmd: LevelEditor.ToggleImmersive
[2017.11.29-04.30.18:809][738]LogBlueprintUserMessages: Early EndPlayMap Detection: Level '/Game/2DSideScrollerBP/Maps/Caramuru2D.Caramuru2D:PersistentLevel' has LevelScriptBlueprint '/Game/2DSideScrollerBP/Maps/Caramuru2D.Caramuru2D:PersistentLevel.Caramuru2D' with GeneratedClass '/Game/2DSideScrollerBP/Maps/Caramuru2D.Caramuru2D_C' with ClassGeneratedBy '/Game/2DSideScrollerBP/Maps/Caramuru2D.Caramuru2D:PersistentLevel.Caramuru2D'
[2017.11.29-04.30.18:841][738]LogBlueprintUserMessages: Late EndPlayMap Detection: Level '/Game/2DSideScrollerBP/Maps/Caramuru2D.Caramuru2D:PersistentLevel' has LevelScriptBlueprint '/Game/2DSideScrollerBP/Maps/Caramuru2D.Caramuru2D:PersistentLevel.Caramuru2D' with GeneratedClass '/Game/2DSideScrollerBP/Maps/Caramuru2D.Caramuru2D_C' with ClassGeneratedBy '/Game/2DSideScrollerBP/Maps/Caramuru2D.Caramuru2D:PersistentLevel.Caramuru2D'
[2017.11.29-04.30.55:219][462]LogTemp: Repeating last play command: Selected Viewport
[2017.11.29-04.30.55:256][462]LogBlueprintUserMessages: Early PlayInEditor Detection: Level '/Game/2DSideScrollerBP/Maps/Caramuru2D.Caramuru2D:PersistentLevel' has LevelScriptBlueprint '/Game/2DSideScrollerBP/Maps/Caramuru2D.Caramuru2D:PersistentLevel.Caramuru2D' with GeneratedClass '/Game/2DSideScrollerBP/Maps/Caramuru2D.Caramuru2D_C' with ClassGeneratedBy '/Game/2DSideScrollerBP/Maps/Caramuru2D.Caramuru2D:PersistentLevel.Caramuru2D'
[2017.11.29-04.30.55:256][462]LogPlayLevel: PlayLevel: No blueprints needed recompiling
[2017.11.29-04.30.55:256][462]PIE: New page: PIE session: Caramuru2D (Nov 28, 2017, 10:30:55 PM)
[2017.11.29-04.30.55:256][462]LogPlayLevel: Creating play world package: /Game/2DSideScrollerBP/Maps/UEDPIE_0_Caramuru2D
[2017.11.29-04.30.55:262][462]LogPlayLevel: PIE: StaticDuplicateObject took: (0.005499s)
[2017.11.29-04.30.55:263][462]LogAIModule: Creating AISystem for world Caramuru2D
[2017.11.29-04.30.55:263][462]LogPlayLevel: PIE: World Init took: (0.000702s)
[2017.11.29-04.30.55:263][462]LogPlayLevel: PIE: Created PIE world by copying editor world from /Game/2DSideScrollerBP/Maps/Caramuru2D.Caramuru2D to /Game/2DSideScrollerBP/Maps/UEDPIE_0_Caramuru2D.Caramuru2D (0.006529s)
[2017.11.29-04.30.55:277][462]LogInit: XAudio2 using 'Alto-falantes (2- Realtek High Definition Audio)' : 2 channels at 48 kHz using 32 bits per sample (channel mask 0x3)
[2017.11.29-04.30.55:284][462]LogInit: FAudioDevice initialized.
[2017.11.29-04.30.55:318][462]LogLoad: Game class is '2DSideScrollerGameMode_C'
[2017.11.29-04.30.55:322][462]LogWorld: Bringing World /Game/2DSideScrollerBP/Maps/UEDPIE_0_Caramuru2D.Caramuru2D up for play (max tick rate 0) at 2017.11.29-01.30.55
[2017.11.29-04.30.55:324][462]LogWorld: Bringing up level for play took: 0.005530
[2017.11.29-04.30.55:325][462]LogBlueprintUserMessages: [Character] SpreaderGun
[2017.11.29-04.30.55:325][462]PIE: Play in editor start time for /Game/2DSideScrollerBP/Maps/UEDPIE_0_Caramuru2D -0.811
[2017.11.29-04.30.55:326][462]LogBlueprintUserMessages: Late PlayInEditor Detection: Level '/Game/2DSideScrollerBP/Maps/Caramuru2D.Caramuru2D:PersistentLevel' has LevelScriptBlueprint '/Game/2DSideScrollerBP/Maps/Caramuru2D.Caramuru2D:PersistentLevel.Caramuru2D' with GeneratedClass '/Game/2DSideScrollerBP/Maps/Caramuru2D.Caramuru2D_C' with ClassGeneratedBy '/Game/2DSideScrollerBP/Maps/Caramuru2D.Caramuru2D:PersistentLevel.Caramuru2D'
[2017.11.29-04.30.56:251][572]Cmd: LevelEditor.ToggleImmersive
[2017.11.29-04.30.58:807][859]LogBlueprintUserMessages: [BP_Check_Point_832] X=-5052.753 Y=100.000 Z=4064.255
[2017.11.29-04.31.04:952][597]LogCharacterMovement: EnemyCharacter_226 is stuck and failed to move! Velocity: X=172.93 Y=0.00 Z=0.00 Location: X=-3888.94 Y=100.00 Z=3942.31 Normal: X=0.99 Y=0.00 Z=-0.12 PenetrationDepth:3.421 Actor:BP_Shoot_C_1 Component:Sphere BoneName:None (0 other events since notify)
[2017.11.29-04.31.05:052][609]LogBlueprintUserMessages: [EnemyCharacter_226] 90
[2017.11.29-04.31.14:328][722]LogCharacterMovement: EnemyCharacter_226 is stuck and failed to move! Velocity: X=172.93 Y=0.00 Z=0.00 Location: X=-3888.94 Y=100.00 Z=3942.31 Normal: X=0.99 Y=0.00 Z=-0.12 PenetrationDepth:3.667 Actor:BP_Shoot_C_2 Component:Sphere BoneName:None (10 other events since notify)
[2017.11.29-04.31.14:428][734]LogBlueprintUserMessages: [EnemyCharacter_226] 80
[2017.11.29-04.31.18:496][222]LogBlueprintUserMessages: Early EndPlayMap Detection: Level '/Game/2DSideScrollerBP/Maps/Caramuru2D.Caramuru2D:PersistentLevel' has LevelScriptBlueprint '/Game/2DSideScrollerBP/Maps/Caramuru2D.Caramuru2D:PersistentLevel.Caramuru2D' with GeneratedClass '/Game/2DSideScrollerBP/Maps/Caramuru2D.Caramuru2D_C' with ClassGeneratedBy '/Game/2DSideScrollerBP/Maps/Caramuru2D.Caramuru2D:PersistentLevel.Caramuru2D'
[2017.11.29-04.31.18:556][222]LogBlueprintUserMessages: Late EndPlayMap Detection: Level '/Game/2DSideScrollerBP/Maps/Caramuru2D.Caramuru2D:PersistentLevel' has LevelScriptBlueprint '/Game/2DSideScrollerBP/Maps/Caramuru2D.Caramuru2D:PersistentLevel.Caramuru2D' with GeneratedClass '/Game/2DSideScrollerBP/Maps/Caramuru2D.Caramuru2D_C' with ClassGeneratedBy '/Game/2DSideScrollerBP/Maps/Caramuru2D.Caramuru2D:PersistentLevel.Caramuru2D'
[2017.11.29-04.31.41:438][103]LogEditorViewport: Clicking on Actor (LMB): Caramuru_C (Character)
[2017.11.29-04.31.41:877][103]LogEditorViewport: Clicking on Component (LMB): CameraComponent (SideViewCameraComponent)
[2017.11.29-04.31.42:019][103]LogEditorViewport: Clicking on Component (LMB): CameraComponent (SideViewCameraComponent)
[2017.11.29-04.33.44:120][636]LogEditorViewport: Clicking on Actor (LMB): PaperSpriteActor (SkyAlissonOriginalSprite)
[2017.11.29-04.33.55:735][812]LogEditorViewport: Clicking on Actor (LMB): PaperSpriteActor (SkyAlissonOriginalSprite)
[2017.11.29-04.33.57:584][ 27]Cmd: STAT FPS
[2017.11.29-04.33.58:823][175]LogEditorViewport: Clicking on Actor (LMB): PaperSpriteActor (SkyAlissonOriginalSprite)
[2017.11.29-04.33.59:644][271]LogTemp: Repeating last play command: Selected Viewport
[2017.11.29-04.33.59:682][271]LogBlueprintUserMessages: Early PlayInEditor Detection: Level '/Game/2DSideScrollerBP/Maps/Caramuru2D.Caramuru2D:PersistentLevel' has LevelScriptBlueprint '/Game/2DSideScrollerBP/Maps/Caramuru2D.Caramuru2D:PersistentLevel.Caramuru2D' with GeneratedClass '/Game/2DSideScrollerBP/Maps/Caramuru2D.Caramuru2D_C' with ClassGeneratedBy '/Game/2DSideScrollerBP/Maps/Caramuru2D.Caramuru2D:PersistentLevel.Caramuru2D'
[2017.11.29-04.33.59:682][271]LogPlayLevel: PlayLevel: No blueprints needed recompiling
[2017.11.29-04.33.59:682][271]PIE: New page: PIE session: Caramuru2D (Nov 28, 2017, 10:33:59 PM)
[2017.11.29-04.33.59:682][271]LogPlayLevel: Creating play world package: /Game/2DSideScrollerBP/Maps/UEDPIE_0_Caramuru2D
[2017.11.29-04.33.59:687][271]LogPlayLevel: PIE: StaticDuplicateObject took: (0.005485s)
[2017.11.29-04.33.59:688][271]LogAIModule: Creating AISystem for world Caramuru2D
[2017.11.29-04.33.59:688][271]LogPlayLevel: PIE: World Init took: (0.000818s)
[2017.11.29-04.33.59:689][271]LogPlayLevel: PIE: Created PIE world by copying editor world from /Game/2DSideScrollerBP/Maps/Caramuru2D.Caramuru2D to /Game/2DSideScrollerBP/Maps/UEDPIE_0_Caramuru2D.Caramuru2D (0.006628s)
[2017.11.29-04.33.59:706][271]LogInit: XAudio2 using 'Alto-falantes (2- Realtek High Definition Audio)' : 2 channels at 48 kHz using 32 bits per sample (channel mask 0x3)
[2017.11.29-04.33.59:712][271]LogInit: FAudioDevice initialized.
[2017.11.29-04.33.59:742][271]LogLoad: Game class is '2DSideScrollerGameMode_C'
[2017.11.29-04.33.59:748][271]LogWorld: Bringing World /Game/2DSideScrollerBP/Maps/UEDPIE_0_Caramuru2D.Caramuru2D up for play (max tick rate 0) at 2017.11.29-01.33.59
[2017.11.29-04.33.59:750][271]LogWorld: Bringing up level for play took: 0.006318
[2017.11.29-04.33.59:751][271]LogBlueprintUserMessages: [Character] SpreaderGun
[2017.11.29-04.33.59:752][271]PIE: Play in editor start time for /Game/2DSideScrollerBP/Maps/UEDPIE_0_Caramuru2D -0.385
[2017.11.29-04.33.59:752][271]LogBlueprintUserMessages: Late PlayInEditor Detection: Level '/Game/2DSideScrollerBP/Maps/Caramuru2D.Caramuru2D:PersistentLevel' has LevelScriptBlueprint '/Game/2DSideScrollerBP/Maps/Caramuru2D.Caramuru2D:PersistentLevel.Caramuru2D' with GeneratedClass '/Game/2DSideScrollerBP/Maps/Caramuru2D.Caramuru2D_C' with ClassGeneratedBy '/Game/2DSideScrollerBP/Maps/Caramuru2D.Caramuru2D:PersistentLevel.Caramuru2D'
[2017.11.29-04.34.02:920][650]LogBlueprintUserMessages: [EnemyCharacter_226] 90
[2017.11.29-04.34.04:412][829]LogCharacterMovement: EnemyCharacter_226 is stuck and failed to move! Velocity: X=172.93 Y=0.00 Z=0.00 Location: X=-3888.94 Y=100.00 Z=3942.31 Normal: X=0.99 Y=0.00 Z=-0.12 PenetrationDepth:3.770 Actor:BP_Shoot_C_1 Component:Sphere BoneName:None (0 other events since notify)
[2017.11.29-04.34.04:512][841]LogBlueprintUserMessages: [EnemyCharacter_226] 80
[2017.11.29-04.34.04:604][852]LogBlueprintUserMessages: [EnemyCharacter_226] 70
[2017.11.29-04.34.04:771][872]LogBlueprintUserMessages: [EnemyCharacter_226] 60
[2017.11.29-04.34.04:937][892]LogBlueprintUserMessages: [EnemyCharacter_226] 50
[2017.11.29-04.34.05:121][914]LogBlueprintUserMessages: [EnemyCharacter_226] 40
[2017.11.29-04.34.05:287][934]LogBlueprintUserMessages: [EnemyCharacter_226] 30
[2017.11.29-04.34.05:462][955]LogBlueprintUserMessages: [EnemyCharacter_226] 20
[2017.11.29-04.34.05:646][977]LogBlueprintUserMessages: [EnemyCharacter_226] 10
[2017.11.29-04.34.05:770][992]Cmd: LevelEditor.ToggleImmersive
[2017.11.29-04.34.07:019][122]Cmd: LevelEditor.ToggleImmersive
[2017.11.29-04.34.07:743][187]LogBlueprintUserMessages: Early EndPlayMap Detection: Level '/Game/2DSideScrollerBP/Maps/Caramuru2D.Caramuru2D:PersistentLevel' has LevelScriptBlueprint '/Game/2DSideScrollerBP/Maps/Caramuru2D.Caramuru2D:PersistentLevel.Caramuru2D' with GeneratedClass '/Game/2DSideScrollerBP/Maps/Caramuru2D.Caramuru2D_C' with ClassGeneratedBy '/Game/2DSideScrollerBP/Maps/Caramuru2D.Caramuru2D:PersistentLevel.Caramuru2D'
[2017.11.29-04.34.07:790][187]LogBlueprintUserMessages: Late EndPlayMap Detection: Level '/Game/2DSideScrollerBP/Maps/Caramuru2D.Caramuru2D:PersistentLevel' has LevelScriptBlueprint '/Game/2DSideScrollerBP/Maps/Caramuru2D.Caramuru2D:PersistentLevel.Caramuru2D' with GeneratedClass '/Game/2DSideScrollerBP/Maps/Caramuru2D.Caramuru2D_C' with ClassGeneratedBy '/Game/2DSideScrollerBP/Maps/Caramuru2D.Caramuru2D:PersistentLevel.Caramuru2D'
[2017.11.29-04.34.10:437][497]Cmd: STAT FPS
[2017.11.29-04.34.16:394][148]Cmd: STAT GPU
[2017.11.29-04.34.18:040][344]LogEditorViewport: Clicking on Actor (LMB): PaperTileMapActor (FirstFloreGround)
[2017.11.29-04.34.21:421][732]LogTemp: Repeating last play command: Selected Viewport
[2017.11.29-04.34.21:458][732]LogBlueprintUserMessages: Early PlayInEditor Detection: Level '/Game/2DSideScrollerBP/Maps/Caramuru2D.Caramuru2D:PersistentLevel' has LevelScriptBlueprint '/Game/2DSideScrollerBP/Maps/Caramuru2D.Caramuru2D:PersistentLevel.Caramuru2D' with GeneratedClass '/Game/2DSideScrollerBP/Maps/Caramuru2D.Caramuru2D_C' with ClassGeneratedBy '/Game/2DSideScrollerBP/Maps/Caramuru2D.Caramuru2D:PersistentLevel.Caramuru2D'
[2017.11.29-04.34.21:458][732]LogPlayLevel: PlayLevel: No blueprints needed recompiling
[2017.11.29-04.34.21:459][732]PIE: New page: PIE session: Caramuru2D (Nov 28, 2017, 10:34:21 PM)
[2017.11.29-04.34.21:459][732]LogPlayLevel: Creating play world package: /Game/2DSideScrollerBP/Maps/UEDPIE_0_Caramuru2D
[2017.11.29-04.34.21:465][732]LogPlayLevel: PIE: StaticDuplicateObject took: (0.005789s)
[2017.11.29-04.34.21:465][732]LogAIModule: Creating AISystem for world Caramuru2D
[2017.11.29-04.34.21:465][732]LogPlayLevel: PIE: World Init took: (0.000788s)
[2017.11.29-04.34.21:466][732]LogPlayLevel: PIE: Created PIE world by copying editor world from /Game/2DSideScrollerBP/Maps/Caramuru2D.Caramuru2D to /Game/2DSideScrollerBP/Maps/UEDPIE_0_Caramuru2D.Caramuru2D (0.006839s)
[2017.11.29-04.34.21:480][732]LogInit: XAudio2 using 'Alto-falantes (2- Realtek High Definition Audio)' : 2 channels at 48 kHz using 32 bits per sample (channel mask 0x3)
[2017.11.29-04.34.21:487][732]LogInit: FAudioDevice initialized.
[2017.11.29-04.34.21:520][732]LogLoad: Game class is '2DSideScrollerGameMode_C'
[2017.11.29-04.34.21:527][732]LogWorld: Bringing World /Game/2DSideScrollerBP/Maps/UEDPIE_0_Caramuru2D.Caramuru2D up for play (max tick rate 0) at 2017.11.29-01.34.21
[2017.11.29-04.34.21:529][732]LogWorld: Bringing up level for play took: 0.008431
[2017.11.29-04.34.21:531][732]LogBlueprintUserMessages: [Character] SpreaderGun
[2017.11.29-04.34.21:532][732]PIE: Play in editor start time for /Game/2DSideScrollerBP/Maps/UEDPIE_0_Caramuru2D -0.605
[2017.11.29-04.34.21:532][732]LogBlueprintUserMessages: Late PlayInEditor Detection: Level '/Game/2DSideScrollerBP/Maps/Caramuru2D.Caramuru2D:PersistentLevel' has LevelScriptBlueprint '/Game/2DSideScrollerBP/Maps/Caramuru2D.Caramuru2D:PersistentLevel.Caramuru2D' with GeneratedClass '/Game/2DSideScrollerBP/Maps/Caramuru2D.Caramuru2D_C' with ClassGeneratedBy '/Game/2DSideScrollerBP/Maps/Caramuru2D.Caramuru2D:PersistentLevel.Caramuru2D'
[2017.11.29-04.34.21:944][780]LogStats: Warning: There is no thread with id: 3740. Please add thread metadata for this thread.
[2017.11.29-04.34.24:734][114]LogBlueprintUserMessages: [EnemyCharacter_226] 90
[2017.11.29-04.34.26:313][303]LogCharacterMovement: EnemyCharacter_226 is stuck and failed to move! Velocity: X=200.00 Y=0.00 Z=0.00 Location: X=-3888.94 Y=100.00 Z=3942.23 Normal: X=0.99 Y=0.00 Z=-0.14 PenetrationDepth:7.350 Actor:BP_Shoot_C_1 Component:Sphere BoneName:None (0 other events since notify)
[2017.11.29-04.34.26:405][314]LogBlueprintUserMessages: [EnemyCharacter_226] 80
[2017.11.29-04.34.26:480][323]LogBlueprintUserMessages: [EnemyCharacter_226] 70
[2017.11.29-04.34.26:498][325]LogBlueprintUserMessages: Early EndPlayMap Detection: Level '/Game/2DSideScrollerBP/Maps/Caramuru2D.Caramuru2D:PersistentLevel' has LevelScriptBlueprint '/Game/2DSideScrollerBP/Maps/Caramuru2D.Caramuru2D:PersistentLevel.Caramuru2D' with GeneratedClass '/Game/2DSideScrollerBP/Maps/Caramuru2D.Caramuru2D_C' with ClassGeneratedBy '/Game/2DSideScrollerBP/Maps/Caramuru2D.Caramuru2D:PersistentLevel.Caramuru2D'
[2017.11.29-04.34.26:635][325]LogBlueprintUserMessages: Late EndPlayMap Detection: Level '/Game/2DSideScrollerBP/Maps/Caramuru2D.Caramuru2D:PersistentLevel' has LevelScriptBlueprint '/Game/2DSideScrollerBP/Maps/Caramuru2D.Caramuru2D:PersistentLevel.Caramuru2D' with GeneratedClass '/Game/2DSideScrollerBP/Maps/Caramuru2D.Caramuru2D_C' with ClassGeneratedBy '/Game/2DSideScrollerBP/Maps/Caramuru2D.Caramuru2D:PersistentLevel.Caramuru2D'
[2017.11.29-04.34.33:698][ 82]Cmd: STAT GPU
[2017.11.29-04.34.46:386][513]Cmd: STAT GPUParticles
[2017.11.29-04.34.48:824][805]LogEditorViewport: Clicking on Actor (LMB): PaperTileMapActor (FirstFloreGround)
[2017.11.29-04.34.49:243][854]LogEditorViewport: Clicking on Actor (LMB): PaperSpriteActor (mountains_Sprite2)
[2017.11.29-04.34.50:705][ 24]LogEditorViewport: Clicking on Actor (LMB): Caramuru_C (Character)
[2017.11.29-04.34.58:675][794]Cmd: STAT GPUParticles
[2017.11.29-04.35.27:447][443]LogTemp: Executing iPhonePackager certificates Engine -bundlename com.YourCompany.Caramuru2D
[2017.11.29-04.35.27:447][443]LogTemp: CWD: C:\Program Files\Epic Games\UE_4.17\Engine\Binaries\DotNET\IOS
[2017.11.29-04.35.27:447][443]LogTemp: Initial Dir: C:\Program Files\Epic Games\UE_4.17
[2017.11.29-04.35.27:447][443]LogTemp: Env CWD: C:\Program Files\Epic Games\UE_4.17\Engine\Binaries\DotNET\IOS
[2017.11.29-04.35.27:458][444]LogTemp: BranchPath = MARCELOM/C/Program Files/Epic Games/UE_4.17/Engine/Binaries --- GameBranchPath = MARCELOM/C/Program Files/Epic Games/UE_4.17/Engine/Binaries
[2017.11.29-04.35.27:787][477]LogTemp: IPP ERROR: Could not find provision directory 'C:\Users\Marcelo\AppData\Local/Apple Computer/MobileDevice/Provisioning Profiles/'.
[2017.11.29-04.36.07:991][ 62]LogInit: Warning: CVar named 'r.MobileHDR' marked up in RendererSettings was not found or is set to read-only
[2017.11.29-04.36.08:071][ 62]LogSlate: Took 0.000189 seconds to synchronously load lazily loaded font '../../../Engine/Content/Slate/Fonts/Roboto-Light.ttf' (159K)
[2017.11.29-04.36.10:044][233]Cmd: CLOSE_SLATE_MAINFRAME
[2017.11.29-04.36.12:389][233]LogSavePackage: Save=161.12ms
[2017.11.29-04.36.12:389][233]LogSavePackage: Moving '../../../../../../Users/Marcelo/Documents/Unreal Projects/Caramuru2D 4.17/Saved/Caramuru2D136F5295413E8C0203DF679BA5EF76A2.tmp' to '../../../../../../Users/Marcelo/Documents/Unreal Projects/Caramuru2D 4.17/Content/2DSideScrollerBP/Maps/Caramuru2D.umap'
[2017.11.29-04.36.12:395][233]LogSavePackage: Display: Finished SavePackage ../../../../../../Users/Marcelo/Documents/Unreal Projects/Caramuru2D 4.17/Content/2DSideScrollerBP/Maps/Caramuru2D.umap
[2017.11.29-04.36.12:593][233]LogFileHelpers: Saving map 'Caramuru2D' took 0.529
[2017.11.29-04.36.12:808][233]LogWindowsTextInputMethodSystem: Display: IME system now deactivated.
[2017.11.29-04.36.13:067][234]Cmd: QUIT_EDITOR
[2017.11.29-04.36.14:083][234]LogExit: Preparing to exit.
[2017.11.29-04.36.14:814][234]LogDirectoryWatcher: A directory notification for 'C:/Users/Marcelo/Documents/Unreal Projects/Caramuru2D 4.17/Content/' was aborted.
[2017.11.29-04.36.14:837][234]LogExit: Editor shut down
[2017.11.29-04.36.14:842][234]LogExit: Transaction tracking system shut down
[2017.11.29-04.36.15:025][234]LogDirectoryWatcher: A directory notification for '../../../Engine/Content/' was aborted.
[2017.11.29-04.36.15:026][234]LogDirectoryWatcher: A directory notification for '../../../../../../Users/Marcelo/Documents/Unreal Projects/Caramuru2D 4.17/Content/' was aborted.
[2017.11.29-04.36.15:026][234]LogDirectoryWatcher: A directory notification for '../../../Engine/Plugins/2D/Paper2D/Content/' was aborted.
[2017.11.29-04.36.15:026][234]LogDirectoryWatcher: A directory notification for '../../../Engine/Plugins/Runtime/Oculus/OculusVR/Content/' was aborted.
[2017.11.29-04.36.15:026][234]LogDirectoryWatcher: A directory notification for '../../../Engine/Plugins/Runtime/Steam/SteamVR/Content/' was aborted.
[2017.11.29-04.36.15:117][234]LogExit: Object subsystem successfully closed.
[2017.11.29-04.36.15:143][234]LogD3D11RHI: Shutdown
[2017.11.29-04.36.15:143][234]LogD3D11RHI: CleanupD3DDevice
[2017.11.29-04.36.15:230][234]LogD3D11RHI: ~FD3D11DynamicRHI
[2017.11.29-04.36.15:244][234]LogModuleManager: Shutting down and abandoning module ExternalImagePicker (534)
[2017.11.29-04.36.15:244][234]LogModuleManager: Shutting down and abandoning module MovieSceneCapture (532)
[2017.11.29-04.36.15:244][234]LogModuleManager: Shutting down and abandoning module HierarchicalLODOutliner (530)
[2017.11.29-04.36.15:244][234]LogModuleManager: Shutting down and abandoning module SceneOutliner (528)
[2017.11.29-04.36.15:244][234]LogModuleManager: Shutting down and abandoning module AddContentDialog (526)
[2017.11.29-04.36.15:244][234]LogDirectoryWatcher: A directory notification for 'C:/Program Files/Epic Games/UE_4.17/FeaturePacks/' was aborted.
[2017.11.29-04.36.15:245][234]LogModuleManager: Shutting down and abandoning module WidgetCarousel (525)
[2017.11.29-04.36.15:245][234]LogModuleManager: Shutting down and abandoning module EditorWidgets (522)
[2017.11.29-04.36.15:245][234]LogModuleManager: Shutting down and abandoning module CollectionManager (520)
[2017.11.29-04.36.15:245][234]LogDirectoryWatcher: A directory notification for 'C:/Users/Marcelo/Documents/Unreal Projects/Caramuru2D 4.17/Content/Collections/' was aborted.
[2017.11.29-04.36.15:245][234]LogDirectoryWatcher: A directory notification for 'C:/Users/Marcelo/Documents/Unreal Projects/Caramuru2D 4.17/Content/Developers/Marcelo/Collections/' was aborted.
[2017.11.29-04.36.15:245][234]LogDirectoryWatcher: A directory notification for 'C:/Users/Marcelo/Documents/Unreal Projects/Caramuru2D 4.17/Saved/Collections/' was aborted.
[2017.11.29-04.36.15:245][234]LogModuleManager: Shutting down and abandoning module StatsViewer (518)
[2017.11.29-04.36.15:245][234]LogModuleManager: Shutting down and abandoning module FoliageEdit (516)
[2017.11.29-04.36.15:245][234]LogModuleManager: Shutting down and abandoning module LandscapeEditor (514)
[2017.11.29-04.36.15:245][234]LogModuleManager: Shutting down and abandoning module MeshPaintMode (512)
[2017.11.29-04.36.15:245][234]LogModuleManager: Shutting down and abandoning module SceneDepthPickerMode (510)
[2017.11.29-04.36.15:245][234]LogModuleManager: Shutting down and abandoning module ActorPickerMode (508)
[2017.11.29-04.36.15:245][234]LogModuleManager: Shutting down and abandoning module GeometryMode (506)
[2017.11.29-04.36.15:245][234]LogModuleManager: Shutting down and abandoning module TextureAlignMode (504)
[2017.11.29-04.36.15:245][234]LogModuleManager: Shutting down and abandoning module BspMode (502)
[2017.11.29-04.36.15:245][234]LogModuleManager: Shutting down and abandoning module PIEPreviewDeviceProfileSelector (500)
[2017.11.29-04.36.15:245][234]LogModuleManager: Shutting down and abandoning module HardwareSurvey (498)
[2017.11.29-04.36.15:245][234]LogModuleManager: Shutting down and abandoning module SequenceRecorderSections (496)
[2017.11.29-04.36.15:245][234]LogModuleManager: Shutting down and abandoning module AutomationWorker (494)
[2017.11.29-04.36.15:245][234]LogModuleManager: Shutting down and abandoning module MatineeToLevelSequence (492)
[2017.11.29-04.36.15:245][234]LogModuleManager: Shutting down and abandoning module LevelSequenceEditor (490)
[2017.11.29-04.36.15:245][234]LogModuleManager: Shutting down and abandoning module PlacementMode (489)
[2017.11.29-04.36.15:245][234]LogModuleManager: Shutting down and abandoning module WmfMediaFactory (486)
[2017.11.29-04.36.15:245][234]LogModuleManager: Shutting down and abandoning module WmfMediaEditor (484)
[2017.11.29-04.36.15:245][234]LogModuleManager: Shutting down and abandoning module AvfMediaFactory (482)
[2017.11.29-04.36.15:245][234]LogModuleManager: Shutting down and abandoning module AvfMediaEditor (480)
[2017.11.29-04.36.15:245][234]LogModuleManager: Shutting down and abandoning module AndroidMediaFactory (478)
[2017.11.29-04.36.15:245][234]LogModuleManager: Shutting down and abandoning module Media (477)
[2017.11.29-04.36.15:245][234]LogModuleManager: Shutting down and abandoning module AndroidMediaEditor (474)
[2017.11.29-04.36.15:245][234]LogModuleManager: Shutting down and abandoning module CharacterAI (472)
[2017.11.29-04.36.15:245][234]LogModuleManager: Shutting down and abandoning module AudioCapture (470)
[2017.11.29-04.36.15:246][234]LogModuleManager: Shutting down and abandoning module SequenceRecorder (469)
[2017.11.29-04.36.15:246][234]LogModuleManager: Shutting down and abandoning module SmartSnapping (466)
[2017.11.29-04.36.15:246][234]LogModuleManager: Shutting down and abandoning module SessionServices (464)
[2017.11.29-04.36.15:246][234]LogModuleManager: Shutting down and abandoning module ViewportSnapping (462)
[2017.11.29-04.36.15:246][234]LogModuleManager: Shutting down and abandoning module ViewportInteraction (460)
[2017.11.29-04.36.15:246][234]LogModuleManager: Shutting down and abandoning module ClothPainter (458)
[2017.11.29-04.36.15:246][234]LogModuleManager: Shutting down and abandoning module LogVisualizer (456)
[2017.11.29-04.36.15:246][234]LogModuleManager: Shutting down and abandoning module IntroTutorials (454)
[2017.11.29-04.36.15:246][234]LogModuleManager: Shutting down and abandoning module GameProjectGeneration (453)
[2017.11.29-04.36.15:246][234]LogModuleManager: Shutting down and abandoning module IOSPlatformEditor (450)
[2017.11.29-04.36.15:246][234]LogModuleManager: Shutting down and abandoning module HTML5PlatformEditor (448)
[2017.11.29-04.36.15:246][234]LogModuleManager: Shutting down and abandoning module AndroidPlatformEditor (446)
[2017.11.29-04.36.15:246][234]LogModuleManager: Shutting down and abandoning module AndroidDeviceDetection (445)
[2017.11.29-04.36.15:616][234]LogModuleManager: Shutting down and abandoning module WindowsPlatformEditor (442)
[2017.11.29-04.36.15:616][234]LogModuleManager: Shutting down and abandoning module IOSRuntimeSettings (440)
[2017.11.29-04.36.15:616][234]LogModuleManager: Shutting down and abandoning module AndroidRuntimeSettings (438)
[2017.11.29-04.36.15:616][234]LogModuleManager: Shutting down and abandoning module InputBindingEditor (436)
[2017.11.29-04.36.15:616][234]LogModuleManager: Shutting down and abandoning module MergeActors (434)
[2017.11.29-04.36.15:616][234]LogModuleManager: Shutting down and abandoning module SizeMap (432)
[2017.11.29-04.36.15:616][234]LogModuleManager: Shutting down and abandoning module TreeMap (430)
[2017.11.29-04.36.15:616][234]LogModuleManager: Shutting down and abandoning module ReferenceViewer (428)
[2017.11.29-04.36.15:616][234]LogModuleManager: Shutting down and abandoning module LocalizationDashboard (426)
[2017.11.29-04.36.15:616][234]LogModuleManager: Shutting down and abandoning module LocalizationService (425)
[2017.11.29-04.36.15:616][234]LogModuleManager: Shutting down and abandoning module HardwareTargeting (422)
[2017.11.29-04.36.15:616][234]LogModuleManager: Shutting down and abandoning module DeviceProfileEditor (420)
[2017.11.29-04.36.15:616][234]LogModuleManager: Shutting down and abandoning module UndoHistory (418)
[2017.11.29-04.36.15:616][234]LogModuleManager: Shutting down and abandoning module XmlParser (416)
[2017.11.29-04.36.15:616][234]LogModuleManager: Shutting down and abandoning module Blutility (414)
[2017.11.29-04.36.15:616][234]LogModuleManager: Shutting down and abandoning module ProjectSettingsViewer (412)
[2017.11.29-04.36.15:616][234]LogModuleManager: Shutting down and abandoning module ProjectTargetPlatformEditor (411)
[2017.11.29-04.36.15:617][234]LogModuleManager: Shutting down and abandoning module EditorSettingsViewer (408)
[2017.11.29-04.36.15:617][234]LogModuleManager: Shutting down and abandoning module SettingsEditor (406)
[2017.11.29-04.36.15:617][234]LogModuleManager: Shutting down and abandoning module ProjectLauncher (404)
[2017.11.29-04.36.15:617][234]LogModuleManager: Shutting down and abandoning module SessionFrontend (402)
[2017.11.29-04.36.15:617][234]LogModuleManager: Shutting down and abandoning module ProfilerClient (400)
[2017.11.29-04.36.15:617][234]LogModuleManager: Shutting down and abandoning module DeviceManager (398)
[2017.11.29-04.36.15:617][234]LogModuleManager: Shutting down and abandoning module TargetDeviceServices (397)
[2017.11.29-04.36.15:661][234]LogModuleManager: Shutting down and abandoning module AutomationController (394)
[2017.11.29-04.36.15:661][234]LogModuleManager: Shutting down and abandoning module AutomationWindow (392)
[2017.11.29-04.36.15:661][234]LogModuleManager: Shutting down and abandoning module Layers (390)
[2017.11.29-04.36.15:661][234]LogModuleManager: Shutting down and abandoning module ComponentVisualizers (388)
[2017.11.29-04.36.15:661][234]LogModuleManager: Shutting down and abandoning module DetailCustomizations (386)
[2017.11.29-04.36.15:661][234]LogModuleManager: Shutting down and abandoning module PackagesDialog (384)
[2017.11.29-04.36.15:661][234]LogModuleManager: Shutting down and abandoning module Persona (382)
[2017.11.29-04.36.15:661][234]LogModuleManager: Shutting down and abandoning module AdvancedPreviewScene (381)
[2017.11.29-04.36.15:661][234]LogModuleManager: Shutting down and abandoning module AnimGraph (379)
[2017.11.29-04.36.15:661][234]LogModuleManager: Shutting down and abandoning module Kismet (376)
[2017.11.29-04.36.15:662][234]LogModuleManager: Shutting down and abandoning module ClassViewer (374)
[2017.11.29-04.36.15:662][234]LogModuleManager: Shutting down and abandoning module Toolbox (372)
[2017.11.29-04.36.15:662][234]LogModuleManager: Shutting down and abandoning module ModuleUI (370)
[2017.11.29-04.36.15:662][234]LogModuleManager: Shutting down and abandoning module MovieSceneTools (368)
[2017.11.29-04.36.15:662][234]LogModuleManager: Shutting down and abandoning module OutputLog (366)
[2017.11.29-04.36.15:662][234]LogModuleManager: Shutting down and abandoning module GammaUI (364)
[2017.11.29-04.36.15:662][234]LogModuleManager: Shutting down and abandoning module Documentation (362)
[2017.11.29-04.36.15:662][234]LogModuleManager: Shutting down and abandoning module MovieSceneTracks (360)
[2017.11.29-04.36.15:662][234]LogModuleManager: Shutting down and abandoning module MovieScene (358)
[2017.11.29-04.36.15:662][234]LogModuleManager: Shutting down and abandoning module Niagara (356)
[2017.11.29-04.36.15:662][234]LogModuleManager: Shutting down and abandoning module NiagaraEditor (355)
[2017.11.29-04.36.15:662][234]LogModuleManager: Shutting down and abandoning module StreamingPauseRendering (352)
[2017.11.29-04.36.15:662][234]LogModuleManager: Shutting down and abandoning module LauncherPlatform (350)
[2017.11.29-04.36.15:662][234]LogModuleManager: Shutting down and abandoning module AnalyticsET (348)
[2017.11.29-04.36.15:662][234]LogModuleManager: Shutting down and abandoning module PortalServices (346)
[2017.11.29-04.36.15:662][234]LogModuleManager: Shutting down and abandoning module PortalRpc (344)
[2017.11.29-04.36.15:662][234]LogModuleManager: Shutting down and abandoning module MessagingRpc (342)
[2017.11.29-04.36.15:662][234]LogModuleManager: Shutting down and abandoning module AIModule (340)
[2017.11.29-04.36.15:662][234]LogModuleManager: Shutting down and abandoning module GameplayDebugger (339)
[2017.11.29-04.36.15:662][234]LogModuleManager: Shutting down and abandoning module AITestSuite (337)
[2017.11.29-04.36.15:662][234]LogModuleManager: Shutting down and abandoning module ProfilerService (334)
[2017.11.29-04.36.15:670][234]LogModuleManager: Shutting down and abandoning module TaskGraph (332)
[2017.11.29-04.36.15:670][234]LogModuleManager: Shutting down and abandoning module SteamVRController (330)
[2017.11.29-04.36.15:670][234]LogModuleManager: Shutting down and abandoning module ProceduralMeshComponentEditor (328)
[2017.11.29-04.36.15:670][234]LogModuleManager: Shutting down and abandoning module ProceduralMeshComponent (326)
[2017.11.29-04.36.15:670][234]LogModuleManager: Shutting down and abandoning module OculusInput (324)
[2017.11.29-04.36.15:670][234]LogModuleManager: Shutting down and abandoning module MobilePatchingUtils (322)
[2017.11.29-04.36.15:670][234]LogModuleManager: Shutting down and abandoning module CustomMeshComponent (320)
[2017.11.29-04.36.15:670][234]LogModuleManager: Shutting down and abandoning module CableComponent (318)
[2017.11.29-04.36.15:670][234]LogModuleManager: Shutting down and abandoning module ArchVisCharacter (316)
[2017.11.29-04.36.15:670][234]LogModuleManager: Shutting down and abandoning module AndroidPermission (314)
[2017.11.29-04.36.15:670][234]LogModuleManager: Shutting down and abandoning module MediaPlayerEditor (310)
[2017.11.29-04.36.15:670][234]LogModuleManager: Shutting down and abandoning module HTML5Networking (308)
[2017.11.29-04.36.15:670][234]LogModuleManager: Shutting down and abandoning module AlembicImporter (306)
[2017.11.29-04.36.15:670][234]LogModuleManager: Shutting down and abandoning module AlembicLibrary (305)
[2017.11.29-04.36.15:670][234]LogModuleManager: Shutting down and abandoning module GeometryCache (304)
[2017.11.29-04.36.15:670][234]LogModuleManager: Shutting down and abandoning module GeometryCacheEd (303)
[2017.11.29-04.36.15:670][234]LogModuleManager: Shutting down and abandoning module SpeedTreeImporter (298)
[2017.11.29-04.36.15:670][234]LogModuleManager: Shutting down and abandoning module PluginBrowser (296)
[2017.11.29-04.36.15:671][234]LogModuleManager: Shutting down and abandoning module MobileLauncherProfileWizard (294)
[2017.11.29-04.36.15:671][234]LogModuleManager: Shutting down and abandoning module VisualStudioSourceCodeAccess (292)
[2017.11.29-04.36.15:671][234]LogModuleManager: Shutting down and abandoning module DesktopPlatform (291)
[2017.11.29-04.36.15:671][234]LogModuleManager: Shutting down and abandoning module UObjectPlugin (288)
[2017.11.29-04.36.15:671][234]LogModuleManager: Shutting down and abandoning module SubversionSourceControl (286)
[2017.11.29-04.36.15:671][234]LogModuleManager: Shutting down and abandoning module PerforceSourceControl (284)
[2017.11.29-04.36.15:671][234]LogModuleManager: Shutting down and abandoning module GitSourceControl (282)
[2017.11.29-04.36.15:671][234]LogModuleManager: Shutting down and abandoning module SourceControl (281)
[2017.11.29-04.36.15:671][234]LogModuleManager: Shutting down and abandoning module LightPropagationVolumeEditor (278)
[2017.11.29-04.36.15:671][234]LogModuleManager: Shutting down and abandoning module PaperTiledImporter (276)
[2017.11.29-04.36.15:671][234]LogModuleManager: Shutting down and abandoning module PaperSpriteSheetImporter (274)
[2017.11.29-04.36.15:671][234]LogModuleManager: Shutting down and abandoning module Paper2DEditor (272)
[2017.11.29-04.36.15:671][234]LogModuleManager: Shutting down and abandoning module MeshPaint (271)
[2017.11.29-04.36.15:671][234]LogModuleManager: Shutting down and abandoning module LevelEditor (269)
[2017.11.29-04.36.15:672][234]LogModuleManager: Shutting down and abandoning module PixelInspectorModule (268)
[2017.11.29-04.36.15:672][234]LogModuleManager: Shutting down and abandoning module MainFrame (266)
[2017.11.29-04.36.15:672][234]LogModuleManager: Shutting down and abandoning module HotReload (265)
[2017.11.29-04.36.15:672][234]LogModuleManager: Shutting down and abandoning module RuntimePhysXCooking (260)
[2017.11.29-04.36.15:672][234]LogModuleManager: Shutting down and abandoning module PhysXVehiclesEditor (258)
[2017.11.29-04.36.15:672][234]LogModuleManager: Shutting down and abandoning module PhysXVehicles (256)
[2017.11.29-04.36.15:672][234]LogModuleManager: Shutting down and abandoning module OculusEditor (254)
[2017.11.29-04.36.15:672][234]LogModuleManager: Shutting down and abandoning module LocationServicesBPLibrary (252)
[2017.11.29-04.36.15:672][234]LogModuleManager: Shutting down and abandoning module ImmediatePhysicsEditor (250)
[2017.11.29-04.36.15:672][234]LogModuleManager: Shutting down and abandoning module ImmediatePhysics (248)
[2017.11.29-04.36.15:672][234]LogModuleManager: Shutting down and abandoning module UdpMessaging (246)
[2017.11.29-04.36.15:773][234]LogModuleManager: Shutting down and abandoning module TcpMessaging (244)
[2017.11.29-04.36.15:874][234]LogModuleManager: Shutting down and abandoning module GameplayTagsEditor (242)
[2017.11.29-04.36.15:874][234]LogModuleManager: Shutting down and abandoning module FacialAnimationEditor (240)
[2017.11.29-04.36.15:874][234]LogModuleManager: Shutting down and abandoning module FacialAnimation (238)
[2017.11.29-04.36.15:874][234]LogModuleManager: Shutting down and abandoning module AssetManagerEditor (236)
[2017.11.29-04.36.15:874][234]LogModuleManager: Shutting down and abandoning module GraphEditor (235)
[2017.11.29-04.36.15:874][234]LogModuleManager: Shutting down and abandoning module ContentBrowser (233)
[2017.11.29-04.36.15:875][234]LogModuleManager: Shutting down and abandoning module LightPropagationVolumeRuntime (230)
[2017.11.29-04.36.15:875][234]LogModuleManager: Shutting down and abandoning module Paper2D (228)
[2017.11.29-04.36.15:875][234]LogModuleManager: Shutting down and abandoning module WindowsMoviePlayer (226)
[2017.11.29-04.36.15:875][234]LogModuleManager: Shutting down and abandoning module WmfMedia (224)
[2017.11.29-04.36.15:875][234]LogModuleManager: Shutting down and abandoning module PacketHandler (222)
[2017.11.29-04.36.15:875][234]LogModuleManager: Shutting down and abandoning module ClothingSystemEditor (220)
[2017.11.29-04.36.15:875][234]LogModuleManager: Shutting down and abandoning module ClothingSystemRuntime (218)
[2017.11.29-04.36.15:875][234]LogModuleManager: Shutting down and abandoning module Overlay (216)
[2017.11.29-04.36.15:875][234]LogModuleManager: Shutting down and abandoning module OverlayEditor (215)
[2017.11.29-04.36.15:875][234]LogModuleManager: Shutting down and abandoning module MediaAssets (212)
[2017.11.29-04.36.15:875][234]LogModuleManager: Shutting down and abandoning module VREditor (210)
[2017.11.29-04.36.15:875][234]LogModuleManager: Shutting down and abandoning module StringTableEditor (208)
[2017.11.29-04.36.15:875][234]LogModuleManager: Shutting down and abandoning module GameplayTasksEditor (206)
[2017.11.29-04.36.15:875][234]LogModuleManager: Shutting down and abandoning module BehaviorTreeEditor (204)
[2017.11.29-04.36.15:875][234]LogModuleManager: Shutting down and abandoning module FunctionalTesting (202)
[2017.11.29-04.36.15:875][234]LogModuleManager: Shutting down and abandoning module CollisionAnalyzer (200)
[2017.11.29-04.36.15:875][234]LogModuleManager: Shutting down and abandoning module WorkspaceMenuStructure (199)
[2017.11.29-04.36.15:875][234]LogModuleManager: Shutting down and abandoning module UMG (196)
[2017.11.29-04.36.15:875][234]LogModuleManager: Shutting down and abandoning module UMGEditor (195)
[2017.11.29-04.36.15:875][234]LogModuleManager: Shutting down and abandoning module Sequencer (194)
[2017.11.29-04.36.15:875][234]LogModuleManager: Shutting down and abandoning module MessageLog (191)
[2017.11.29-04.36.15:876][234]LogModuleManager: Shutting down and abandoning module SlateReflector (186)
[2017.11.29-04.36.15:876][234]LogModuleManager: Shutting down and abandoning module Slate (184)
[2017.11.29-04.36.15:876][234]LogModuleManager: Shutting down and abandoning module EditorStyle (182)
[2017.11.29-04.36.15:878][234]LogModuleManager: Shutting down and abandoning module MRMesh (180)
[2017.11.29-04.36.15:878][234]LogModuleManager: Shutting down and abandoning module SourceCodeAccess (178)
[2017.11.29-04.36.15:878][234]LogModuleManager: Shutting down and abandoning module HeadMountedDisplay (176)
[2017.11.29-04.36.15:878][234]LogModuleManager: Shutting down and abandoning module XAudio2 (174)
[2017.11.29-04.36.15:878][234]LogModuleManager: Shutting down and abandoning module Networking (172)
[2017.11.29-04.36.15:878][234]LogModuleManager: Shutting down and abandoning module Core (168)
[2017.11.29-04.36.15:878][234]LogModuleManager: Shutting down and abandoning module KismetCompiler (164)
[2017.11.29-04.36.15:878][234]LogModuleManager: Shutting down and abandoning module LevelSequence (162)
[2017.11.29-04.36.15:878][234]LogModuleManager: Shutting down and abandoning module MeshUtilities (160)
[2017.11.29-04.36.15:878][234]LogModuleManager: Shutting down and abandoning module MeshMergeUtilities (159)
[2017.11.29-04.36.15:878][234]LogModuleManager: Shutting down and abandoning module MeshReductionInterface (158)
[2017.11.29-04.36.15:878][234]LogModuleManager: Shutting down and abandoning module SimplygonSwarm (157)
[2017.11.29-04.36.15:878][234]LogModuleManager: Shutting down and abandoning module SimplygonMeshReduction (155)
[2017.11.29-04.36.15:878][234]LogModuleManager: Shutting down and abandoning module QuadricMeshReduction (153)
[2017.11.29-04.36.15:878][234]LogModuleManager: Shutting down and abandoning module MaterialBaking (149)
[2017.11.29-04.36.15:878][234]LogModuleManager: Shutting down and abandoning module DirectoryWatcher (146)
[2017.11.29-04.36.15:878][234]LogModuleManager: Shutting down and abandoning module DerivedDataCache (144)
[2017.11.29-04.36.15:952][234]LogDerivedDataCache: Shutdown
[2017.11.29-04.36.15:952][234]LogModuleManager: Shutting down and abandoning module TargetPlatform (142)
[2017.11.29-04.36.15:952][234]LogModuleManager: Shutting down and abandoning module VulkanShaderFormat (141)
[2017.11.29-04.36.15:952][234]LogModuleManager: Shutting down and abandoning module ShaderFormatVectorVM (139)
[2017.11.29-04.36.15:952][234]LogModuleManager: Shutting down and abandoning module ShaderFormatOpenGL (137)
[2017.11.29-04.36.15:952][234]LogModuleManager: Shutting down and abandoning module ShaderFormatD3D (135)
[2017.11.29-04.36.15:952][234]LogModuleManager: Shutting down and abandoning module MetalShaderFormat (133)
[2017.11.29-04.36.15:952][234]LogModuleManager: Shutting down and abandoning module TextureFormatUncompressed (131)
[2017.11.29-04.36.15:952][234]LogModuleManager: Shutting down and abandoning module TextureFormatPVR (129)
[2017.11.29-04.36.15:952][234]LogModuleManager: Shutting down and abandoning module TextureFormatDXT (127)
[2017.11.29-04.36.15:952][234]LogModuleManager: Shutting down and abandoning module TextureFormatIntelISPCTexComp (125)
[2017.11.29-04.36.15:952][234]LogModuleManager: Shutting down and abandoning module TextureFormatASTC (123)
[2017.11.29-04.36.15:952][234]LogModuleManager: Shutting down and abandoning module ImageWrapper (122)
[2017.11.29-04.36.15:952][234]LogModuleManager: Shutting down and abandoning module TextureFormatAndroid (119)
[2017.11.29-04.36.15:952][234]LogModuleManager: Shutting down and abandoning module AudioFormatOpus (117)
[2017.11.29-04.36.15:952][234]LogModuleManager: Shutting down and abandoning module AudioFormatOgg (115)
[2017.11.29-04.36.15:952][234]LogModuleManager: Shutting down and abandoning module AudioFormatADPCM (113)
[2017.11.29-04.36.15:952][234]LogModuleManager: Shutting down and abandoning module LinuxTargetPlatform (111)
[2017.11.29-04.36.15:952][234]LogModuleManager: Shutting down and abandoning module LinuxServerTargetPlatform (109)
[2017.11.29-04.36.15:953][234]LogModuleManager: Shutting down and abandoning module LinuxNoEditorTargetPlatform (107)
[2017.11.29-04.36.15:953][234]LogModuleManager: Shutting down and abandoning module LinuxClientTargetPlatform (105)
[2017.11.29-04.36.15:953][234]LogModuleManager: Shutting down and abandoning module TVOSTargetPlatform (103)
[2017.11.29-04.36.15:953][234]LogModuleManager: Shutting down and abandoning module Messaging (101)
[2017.11.29-04.36.15:953][234]LogModuleManager: Shutting down and abandoning module IOSTargetPlatform (99)
[2017.11.29-04.36.15:953][234]LogModuleManager: Shutting down and abandoning module HTML5TargetPlatform (97)
[2017.11.29-04.36.15:953][234]LogModuleManager: Shutting down and abandoning module Android_PVRTCTargetPlatform (95)
[2017.11.29-04.36.15:953][234]LogModuleManager: Shutting down and abandoning module Android_MultiTargetPlatform (93)
[2017.11.29-04.36.15:953][234]LogModuleManager: Shutting down and abandoning module Android_ETC2TargetPlatform (91)
[2017.11.29-04.36.15:953][234]LogModuleManager: Shutting down and abandoning module Android_ETC1TargetPlatform (89)
[2017.11.29-04.36.15:953][234]LogModuleManager: Shutting down and abandoning module Android_DXTTargetPlatform (87)
[2017.11.29-04.36.15:953][234]LogModuleManager: Shutting down and abandoning module Android_ATCTargetPlatform (85)
[2017.11.29-04.36.15:953][234]LogModuleManager: Shutting down and abandoning module Android_ASTCTargetPlatform (83)
[2017.11.29-04.36.15:953][234]LogModuleManager: Shutting down and abandoning module AndroidTargetPlatform (81)
[2017.11.29-04.36.15:953][234]LogModuleManager: Shutting down and abandoning module WindowsTargetPlatform (79)
[2017.11.29-04.36.15:953][234]LogModuleManager: Shutting down and abandoning module WindowsServerTargetPlatform (77)
[2017.11.29-04.36.15:953][234]LogModuleManager: Shutting down and abandoning module WindowsNoEditorTargetPlatform (75)
[2017.11.29-04.36.15:953][234]LogModuleManager: Shutting down and abandoning module WindowsClientTargetPlatform (73)
[2017.11.29-04.36.15:953][234]LogModuleManager: Shutting down and abandoning module MacTargetPlatform (71)
[2017.11.29-04.36.15:953][234]LogModuleManager: Shutting down and abandoning module MacServerTargetPlatform (69)
[2017.11.29-04.36.15:953][234]LogModuleManager: Shutting down and abandoning module MacNoEditorTargetPlatform (67)
[2017.11.29-04.36.15:953][234]LogModuleManager: Shutting down and abandoning module MacClientTargetPlatform (65)
[2017.11.29-04.36.15:953][234]LogModuleManager: Shutting down and abandoning module AllDesktopTargetPlatform (63)
[2017.11.29-04.36.15:953][234]LogModuleManager: Shutting down and abandoning module InputCore (60)
[2017.11.29-04.36.15:953][234]LogModuleManager: Shutting down and abandoning module Settings (58)
[2017.11.29-04.36.15:953][234]LogModuleManager: Shutting down and abandoning module PhysXCooking (56)
[2017.11.29-04.36.15:953][234]LogModuleManager: Shutting down and abandoning module SteamVR (54)
[2017.11.29-04.36.15:953][234]LogModuleManager: Shutting down and abandoning module OculusHMD (52)
[2017.11.29-04.36.15:953][234]LogModuleManager: Shutting down and abandoning module ExampleDeviceProfileSelector (50)
[2017.11.29-04.36.15:953][234]LogModuleManager: Shutting down and abandoning module OnlineBlueprintSupport (48)
[2017.11.29-04.36.15:953][234]LogModuleManager: Shutting down and abandoning module OnlineSubsystem (44)
[2017.11.29-04.36.15:953][234]LogOnline: Display: Unloading online subsystem: NULL
[2017.11.29-04.36.15:953][234]LogModuleManager: Shutting down and abandoning module XMPP (43)
[2017.11.29-04.36.15:953][234]LogModuleManager: Shutting down and abandoning module HTTP (41)
[2017.11.29-04.36.15:953][234]LogHttp: Display: Http module shutting down, but needs to wait on 1 outstanding Http requests:
[2017.11.29-04.36.15:953][234]LogHttp: Display: 	verb=[POST] url=[https://datarouter.ol.epicgames.com/datarouter/api/v1/public/data?SessionID=%7B7A0CABB4-4F12-5BE3-0356-A1BB91468133%7D&AppID=UEEditor.Rocket.Release&AppVersion=4.17.2-3658906%2B%2B%2BUE4%2BRelease-4.17&UserID=0cdc46354752a0eab9852f856d7117e8%7C15cca6e6937c4713820d7aa9ac75edf7%7C47e4ea8b-fce0-40e0-83d0-fc5cc9b7dace&AppEnvironment=datacollector-binary&UploadType=eteventstream] status=Processing
[2017.11.29-04.36.15:986][234]LogModuleManager: Shutting down and abandoning module SSL (40)
[2017.11.29-04.36.15:987][234]LogModuleManager: Shutting down and abandoning module AnimationModifiers (36)
[2017.11.29-04.36.15:987][234]LogModuleManager: Shutting down and abandoning module PropertyEditor (35)
[2017.11.29-04.36.15:988][234]LogModuleManager: Shutting down and abandoning module AudioEditor (32)
[2017.11.29-04.36.15:988][234]LogModuleManager: Shutting down and abandoning module TextureCompressor (30)
[2017.11.29-04.36.15:988][234]LogModuleManager: Shutting down and abandoning module ShaderCore (28)
[2017.11.29-04.36.15:988][234]LogModuleManager: Shutting down and abandoning module Landscape (26)
[2017.11.29-04.36.15:988][234]LogModuleManager: Shutting down and abandoning module SlateRHIRenderer (24)
[2017.11.29-04.36.15:989][234]LogModuleManager: Shutting down and abandoning module OpenGLDrv (22)
[2017.11.29-04.36.15:989][234]LogModuleManager: Shutting down and abandoning module D3D11RHI (20)
[2017.11.29-04.36.15:989][234]LogModuleManager: Shutting down and abandoning module AnimGraphRuntime (18)
[2017.11.29-04.36.15:989][234]LogModuleManager: Shutting down and abandoning module Renderer (16)
[2017.11.29-04.36.15:989][234]LogModuleManager: Shutting down and abandoning module Engine (14)
[2017.11.29-04.36.15:989][234]LogModuleManager: Shutting down and abandoning module CoreUObject (12)
[2017.11.29-04.36.15:989][234]LogModuleManager: Shutting down and abandoning module NetworkFile (10)
[2017.11.29-04.36.15:989][234]LogModuleManager: Shutting down and abandoning module CookedIterativeFile (8)
[2017.11.29-04.36.15:989][234]LogModuleManager: Shutting down and abandoning module StreamingFile (6)
[2017.11.29-04.36.15:989][234]LogModuleManager: Shutting down and abandoning module SandboxFile (4)
[2017.11.29-04.36.15:989][234]LogModuleManager: Shutting down and abandoning module PakFile (2)
[2017.11.29-04.36.15:992][234]LogExit: Exiting.
[2017.11.29-04.36.16:061][234]Log file closed, 11/29/17 01:36:16
