Log file open, 11/27/17 11:44:25
LogWindows: Failed to load 'aqProf.dll' (GetLastError=126)
LogWindows: File 'aqProf.dll' does not exist
LogWindows: Failed to load 'VSPerf140.dll' (GetLastError=126)
LogWindows: File 'VSPerf140.dll' does not exist
LogWindows: Failed to load 'VtuneApi.dll' (GetLastError=126)
LogWindows: File 'VtuneApi.dll' does not exist
LogWindows: Failed to load 'VtuneApi32e.dll' (GetLastError=126)
LogWindows: File 'VtuneApi32e.dll' does not exist
LogInit: Display: Running engine for game: Caramuru2D
LogPlatformFile: Not using cached read wrapper
LogInit: Display: RandInit(852832015) SRandInit(852832015).
LogTaskGraph: Started task graph with 5 named threads and 14 total threads with 3 sets of task threads.
LogStats: Stats thread started at 4.243644
LogD3D11RHI: Aftermath initialized
LogPluginManager: Mounting plugin Paper2D
LogPluginManager: Mounting plugin LightPropagationVolume
LogPluginManager: Mounting plugin CodeLiteSourceCodeAccess
LogPluginManager: Mounting plugin GitSourceControl
LogPluginManager: Mounting plugin KDevelopSourceCodeAccess
LogPluginManager: Mounting plugin NullSourceCodeAccess
LogPluginManager: Mounting plugin PerforceSourceControl
LogPluginManager: Mounting plugin SubversionSourceControl
LogPluginManager: Mounting plugin UObjectPlugin
LogPluginManager: Mounting plugin VisualStudioSourceCodeAccess
LogPluginManager: Mounting plugin XCodeSourceCodeAccess
LogPluginManager: Mounting plugin AssetManagerEditor
LogPluginManager: Mounting plugin AudioCapture
LogPluginManager: Mounting plugin FacialAnimation
LogPluginManager: Mounting plugin GameplayTagsEditor
LogPluginManager: Mounting plugin MobileLauncherProfileWizard
LogPluginManager: Mounting plugin PluginBrowser
LogPluginManager: Mounting plugin SpeedTreeImporter
LogPluginManager: Mounting plugin AlembicImporter
LogPluginManager: Mounting plugin CharacterAI
LogPluginManager: Mounting plugin HTML5Networking
LogPluginManager: Mounting plugin AndroidMedia
LogPluginManager: Mounting plugin AvfMedia
LogPluginManager: Mounting plugin MediaPlayerEditor
LogPluginManager: Mounting plugin WmfMedia
LogPluginManager: Mounting plugin TcpMessaging
LogPluginManager: Mounting plugin UdpMessaging
LogPluginManager: Mounting plugin LevelSequenceEditor
LogPluginManager: Mounting plugin MatineeToLevelSequence
LogPluginManager: Mounting plugin OnlineSubsystemGooglePlay
LogPluginManager: Mounting plugin OnlineSubsystemIOS
LogPluginManager: Mounting plugin OnlineSubsystem
LogPluginManager: Mounting plugin OnlineSubsystemNull
LogPluginManager: Mounting plugin OnlineSubsystemUtils
LogPluginManager: Mounting plugin AndroidDeviceProfileSelector
LogPluginManager: Mounting plugin AndroidMoviePlayer
LogPluginManager: Mounting plugin AndroidPermission
LogPluginManager: Mounting plugin AppleMoviePlayer
LogPluginManager: Mounting plugin ArchVisCharacter
LogPluginManager: Mounting plugin CableComponent
LogPluginManager: Mounting plugin CustomMeshComponent
LogPluginManager: Mounting plugin ExampleDeviceProfileSelector
LogPluginManager: Mounting plugin GoogleCloudMessaging
LogPluginManager: Mounting plugin ImmediatePhysics
LogPluginManager: Mounting plugin IOSDeviceProfileSelector
LogPluginManager: Mounting plugin LinuxDeviceProfileSelector
LogPluginManager: Mounting plugin LocationServicesBPLibrary
LogPluginManager: Mounting plugin MobilePatchingUtils
LogPluginManager: Mounting plugin OculusVR
LogPluginManager: Mounting plugin PhysXVehicles
LogPluginManager: Mounting plugin ProceduralMeshComponent
LogPluginManager: Mounting plugin RuntimePhysXCooking
LogPluginManager: Mounting plugin SteamVR
LogPluginManager: Mounting plugin WindowsMoviePlayer
LogInit: Using libcurl 7.47.1
LogInit:  - built for x86_64-pc-win32
LogInit:  - supports SSL with OpenSSL/1.0.2g
LogInit:  - supports HTTP deflate (compression) using libz 1.2.8
LogInit:  - other features:
LogInit:      CURL_VERSION_SSL
LogInit:      CURL_VERSION_LIBZ
LogInit:      CURL_VERSION_IPV6
LogInit:      CURL_VERSION_ASYNCHDNS
LogInit:      CURL_VERSION_LARGEFILE
LogInit:      CURL_VERSION_IDN
LogInit:  CurlRequestOptions (configurable via config and command line):
LogInit:  - bVerifyPeer = false  - Libcurl will NOT verify peer certificate
LogInit:  - bUseHttpProxy = false  - Libcurl will NOT use HTTP proxy
LogInit:  - bDontReuseConnections = false  - Libcurl will reuse connections
LogInit:  - CertBundlePath = nullptr  - Libcurl will use whatever was configured at build time.
LogInit: Build: ++UE4+Release-4.17-CL-3658906
LogInit: Engine Version: 4.17.2-3658906+++UE4+Release-4.17
LogInit: Compatible Engine Version: 4.17.0-3573198+++UE4+Release-4.17
LogInit: Net CL: 3573198
LogDevObjectVersion: Number of dev versions registered: 16
LogDevObjectVersion:   Dev-Blueprints (B0D832E4-1F89-4F0D-ACCF-7EB736FD4AA2): 10
LogDevObjectVersion:   Dev-Build (E1C64328-A22C-4D53-A36C-8E866417BD8C): 0
LogDevObjectVersion:   Dev-Core (375EC13C-06E4-48FB-B500-84F0262A717E): 2
LogDevObjectVersion:   Dev-Editor (E4B068ED-F494-42E9-A231-DA0B2E46BB41): 20
LogDevObjectVersion:   Dev-Framework (CFFC743F-43B0-4480-9391-14DF171D2073): 28
LogDevObjectVersion:   Dev-Mobile (B02B49B5-BB20-44E9-A304-32B752E40360): 0
LogDevObjectVersion:   Dev-Networking (A4E4105C-59A1-49B5-A7C5-40C4547EDFEE): 0
LogDevObjectVersion:   Dev-Online (39C831C9-5AE6-47DC-9A44-9C173E1C8E7C): 0
LogDevObjectVersion:   Dev-Physics (78F01B33-EBEA-4F98-B9B4-84EACCB95AA2): 0
LogDevObjectVersion:   Dev-Platform (6631380F-2D4D-43E0-8009-CF276956A95A): 0
LogDevObjectVersion:   Dev-Rendering (12F88B9F-8875-4AFC-A67C-D90C383ABD29): 19
LogDevObjectVersion:   Dev-Sequencer (7B5AE74C-D270-4C10-A958-57980B212A5A): 4
LogDevObjectVersion:   Dev-VR (D7296918-1DD6-4BDD-9DE2-64A83CC13884): 0
LogDevObjectVersion:   Dev-LoadTimes (C2A15278-BFE7-4AFE-6C17-90FF531DF755): 1
LogDevObjectVersion:   Private-Geometry (6EACA3D4-40EC-4CC1-B786-8BED09428FC5): 1
LogDevObjectVersion:   Dev-AnimPhys (29E575DD-E0A3-4627-9D10-D276232CDCEA): 7
LogInit: Compiled (64-bit): Sep 22 2017 13:47:16
LogInit: Compiled with Visual C++: 19.00.24215.01
LogInit: Build Configuration: Development
LogInit: Branch Name: ++UE4+Release-4.17
LogInit: Command line:  
LogInit: Base directory: C:/Program Files/Epic Games/UE_4.17/Engine/Binaries/Win64/
LogInit: Installed Engine Build: 1
LogInit: Presizing for max 8388607 objects, including 0 objects not considered by GC, pre-allocating 0 bytes for permanent pool.
LogInit: Object subsystem initialized
[2017.11.27-14.44.28:905][  0]LogInit: Selected Device Profile: [Windows]
[2017.11.27-14.44.28:905][  0]LogInit: Applying CVar settings loaded from the selected device profile: [Windows]
[2017.11.27-14.44.29:069][  0]LogInit: Computer: MARCELOM
[2017.11.27-14.44.29:069][  0]LogInit: User: Marcelo
[2017.11.27-14.44.29:069][  0]LogInit: CPU Page size=4096, Cores=4
[2017.11.27-14.44.29:069][  0]LogInit: High frequency timer resolution =3.020352 MHz
[2017.11.27-14.44.29:070][  0]LogMemory: Memory total: Physical=7.9GB (8GB approx)
[2017.11.27-14.44.29:070][  0]LogMemory: Platform Memory Stats for Windows
[2017.11.27-14.44.29:070][  0]LogMemory: Process Physical Memory: 276.52 MB used, 276.52 MB peak
[2017.11.27-14.44.29:070][  0]LogMemory: Process Virtual Memory: 273.89 MB used, 273.89 MB peak
[2017.11.27-14.44.29:070][  0]LogMemory: Physical Memory: 6663.91 MB used,  1465.94 MB free, 8129.85 MB total
[2017.11.27-14.44.29:070][  0]LogMemory: Virtual Memory: 647.34 MB used,  1465.94 MB free, 134217728.00 MB total
[2017.11.27-14.44.30:862][  0]LogInit: Overriding language with editor language configuration option (en).
[2017.11.27-14.44.30:862][  0]LogInit: Overriding locale with editor locale configuration option (en).
[2017.11.27-14.44.41:411][  0]LogD3D11RHI: D3D11 adapters:
[2017.11.27-14.44.41:494][  0]LogD3D11RHI:    0. 'NVIDIA GeForce GTX 1050 Ti' (Feature Level 11_0)
[2017.11.27-14.44.41:494][  0]LogD3D11RHI:       3992/0/4064 MB DedicatedVideo/DedicatedSystem/SharedSystem, Outputs:1, VendorId:0x10de
[2017.11.27-14.44.41:547][  0]LogD3D11RHI:    1. 'Microsoft Basic Render Driver' (Feature Level 11_0)
[2017.11.27-14.44.41:547][  0]LogD3D11RHI:       0/0/256 MB DedicatedVideo/DedicatedSystem/SharedSystem, Outputs:0, VendorId:0x1414
[2017.11.27-14.44.41:547][  0]LogD3D11RHI: Chosen D3D11 Adapter: 0
[2017.11.27-14.44.41:551][  0]LogD3D11RHI: Creating new Direct3DDevice
[2017.11.27-14.44.41:551][  0]LogD3D11RHI:     GPU DeviceId: 0x1c82 (for the marketing name, search the web for "GPU Device Id")
[2017.11.27-14.44.41:551][  0]LogWindows: EnumDisplayDevices:
[2017.11.27-14.44.41:551][  0]LogWindows:    0. 'NVIDIA GeForce GTX 1050 Ti' (P:1 D:1)
[2017.11.27-14.44.41:551][  0]LogWindows:    1. 'NVIDIA GeForce GTX 1050 Ti' (P:0 D:0)
[2017.11.27-14.44.41:551][  0]LogWindows:    2. 'NVIDIA GeForce GTX 1050 Ti' (P:0 D:0)
[2017.11.27-14.44.41:552][  0]LogWindows:    3. 'NVIDIA GeForce GTX 1050 Ti' (P:0 D:0)
[2017.11.27-14.44.41:552][  0]LogWindows: DebugString: FoundDriverCount:4 
[2017.11.27-14.44.41:552][  0]LogD3D11RHI:     Adapter Name: NVIDIA GeForce GTX 1050 Ti
[2017.11.27-14.44.41:552][  0]LogD3D11RHI:   Driver Version: 387.92 (internal:23.21.13.8792, unified:387.92)
[2017.11.27-14.44.41:552][  0]LogD3D11RHI:      Driver Date: 10-6-2017
[2017.11.27-14.44.41:552][  0]LogRHI: Texture pool is 1361 MB (70% of 1945 MB)
[2017.11.27-14.44.41:597][  0]LogD3D11RHI: Async texture creation enabled
[2017.11.27-14.44.41:926][  0]LogD3D11RHI: GPU Timing Frequency: 1000.000000 (Debug: 2 5)
[2017.11.27-14.44.42:079][  0]LogShaderCompilers: Guid format shader working directory is -25 characters bigger than the processId version (../../../../../../Users/Marcelo/Documents/Unreal Projects/Caramuru2D 4.17/Intermediate/Shaders/WorkingDirectory/6212/).
[2017.11.27-14.44.42:079][  0]LogShaderCompilers: Cleaned the shader compiler working directory 'C:/Users/Marcelo/AppData/Local/Temp/UnrealShaderWorkingDir/10B1892C4416B778E2DEDA97254B7FBC/'.
[2017.11.27-14.44.42:123][  0]LogShaderCompilers: Display: Using Local Shader Compiler.
[2017.11.27-14.44.53:081][  0]LogTemp: Display: Loaded TP AllDesktopTargetPlatform
[2017.11.27-14.44.53:148][  0]LogTemp: Display: Loaded TP MacClientTargetPlatform
[2017.11.27-14.44.53:216][  0]LogTemp: Display: Loaded TP MacNoEditorTargetPlatform
[2017.11.27-14.44.53:298][  0]LogTemp: Display: Loaded TP MacServerTargetPlatform
[2017.11.27-14.44.53:426][  0]LogTemp: Display: Loaded TP MacTargetPlatform
[2017.11.27-14.44.53:495][  0]LogTemp: Display: Loaded TP WindowsClientTargetPlatform
[2017.11.27-14.44.53:557][  0]LogTemp: Display: Loaded TP WindowsNoEditorTargetPlatform
[2017.11.27-14.44.53:626][  0]LogTemp: Display: Loaded TP WindowsServerTargetPlatform
[2017.11.27-14.44.53:693][  0]LogTemp: Display: Loaded TP WindowsTargetPlatform
[2017.11.27-14.44.53:794][  0]LogTemp: Display: Loaded TP AndroidTargetPlatform
[2017.11.27-14.44.53:861][  0]LogTemp: Display: Loaded TP Android_ASTCTargetPlatform
[2017.11.27-14.44.53:911][  0]LogTemp: Display: Loaded TP Android_ATCTargetPlatform
[2017.11.27-14.44.53:968][  0]LogTemp: Display: Loaded TP Android_DXTTargetPlatform
[2017.11.27-14.44.54:019][  0]LogTemp: Display: Loaded TP Android_ETC1TargetPlatform
[2017.11.27-14.44.54:079][  0]LogTemp: Display: Loaded TP Android_ETC2TargetPlatform
[2017.11.27-14.44.54:200][  0]LogTemp: Display: Loaded TP Android_MultiTargetPlatform
[2017.11.27-14.44.54:200][  0]LogTemp: Display: Loaded TP Android_PVRTCTargetPlatform
[2017.11.27-14.44.54:247][  0]LogTemp: Display: Loaded TP HTML5TargetPlatform
[2017.11.27-14.44.54:426][  0]LogTemp: Display: Loaded TP IOSTargetPlatform
[2017.11.27-14.44.54:468][  0]LogTemp: Display: Loaded TP TVOSTargetPlatform
[2017.11.27-14.44.54:536][  0]LogTemp: Display: Loaded TP LinuxClientTargetPlatform
[2017.11.27-14.44.54:602][  0]LogTemp: Display: Loaded TP LinuxNoEditorTargetPlatform
[2017.11.27-14.44.54:666][  0]LogTemp: Display: Loaded TP LinuxServerTargetPlatform
[2017.11.27-14.44.54:721][  0]LogTemp: Display: Loaded TP LinuxTargetPlatform
[2017.11.27-14.44.54:721][  0]LogTargetPlatformManager: Display: Building Assets For Windows
[2017.11.27-14.44.56:390][  0]LogDerivedDataCache: Display: Max Cache Size: 512 MB
[2017.11.27-14.44.57:721][  0]LogDerivedDataCache: Loaded boot cache 1.31s 93MB C:/Users/Marcelo/AppData/Local/UnrealEngine/4.17/DerivedDataCache/Boot.ddc.
[2017.11.27-14.44.57:721][  0]LogDerivedDataCache: Display: Loaded Boot cache: C:/Users/Marcelo/AppData/Local/UnrealEngine/4.17/DerivedDataCache/Boot.ddc
[2017.11.27-14.44.57:722][  0]LogDerivedDataCache: FDerivedDataBackendGraph:  Pak pak cache file ../../../../../../Users/Marcelo/Documents/Unreal Projects/Caramuru2D 4.17/DerivedDataCache/DDC.ddp not found, will not use a pak cache.
[2017.11.27-14.44.57:722][  0]LogDerivedDataCache: Unable to find inner node Pak for hierarchical cache Hierarchy.
[2017.11.27-14.44.57:722][  0]LogDerivedDataCache: FDerivedDataBackendGraph:  CompressedPak pak cache file ../../../../../../Users/Marcelo/Documents/Unreal Projects/Caramuru2D 4.17/DerivedDataCache/Compressed.ddp not found, will not use a pak cache.
[2017.11.27-14.44.57:722][  0]LogDerivedDataCache: Unable to find inner node CompressedPak for hierarchical cache Hierarchy.
[2017.11.27-14.44.57:867][  0]LogDerivedDataCache: Display: Pak cache opened for reading ../../../Engine/DerivedDataCache/Compressed.ddp.
[2017.11.27-14.44.57:921][  0]LogDerivedDataCache: Using Local data cache path C:/Users/Marcelo/AppData/Local/UnrealEngine/Common/DerivedDataCache: Writable
[2017.11.27-14.44.57:990][  0]LogMaterial: Verifying Global Shaders for PCD3D_SM5
[2017.11.27-14.44.58:066][  0]LogSlate: Using Freetype 2.6.0
[2017.11.27-14.44.58:174][  0]LogSlate: SlateFontCache - WITH_FREETYPE: 1, WITH_HARFBUZZ: 1
[2017.11.27-14.44.58:197][  0]LogSlate: SlateFontCache - WITH_FREETYPE: 1, WITH_HARFBUZZ: 1
[2017.11.27-14.45.07:589][  0]LogAssetRegistry: FAssetRegistry took 0.0301 seconds to start up
[2017.11.27-14.45.09:824][  0]LogInit: Selected Device Profile: [Windows]
[2017.11.27-14.45.14:958][  0]LogContentStreaming: Texture pool size is 0.00 MB
[2017.11.27-14.45.18:304][  0]LogSimplygon: Simplygon DLL not present - disabling.
[2017.11.27-14.45.18:544][  0]LogMeshReduction: Using SimplygonSwarm for distributed automatic mesh merging
[2017.11.27-14.45.18:590][  0]LogMeshReduction: Using QuadricMeshReduction for automatic static mesh reduction
[2017.11.27-14.45.18:590][  0]LogMeshReduction: No automatic skeletal mesh reduction module available
[2017.11.27-14.45.18:590][  0]LogMeshReduction: No automatic mesh merging module available
[2017.11.27-14.45.18:590][  0]LogMeshMerging: No automatic mesh merging module available
[2017.11.27-14.45.23:453][  0]LogNetVersion: Caramuru2D , NetCL: 3573198, EngineNetVer: 2, GameNetVer: 0 (Checksum: 1344554375)
[2017.11.27-14.45.27:694][  0]LogPackageLocalizationCache: Processed 5 localized package path(s) for 1 prioritized culture(s) in 0.266583 seconds
[2017.11.27-14.45.27:746][  0]LogUObjectArray: 35825 objects as part of root set at end of initial load.
[2017.11.27-14.45.27:746][  0]LogUObjectAllocator: 7529104 out of 0 bytes used by permanent object pool.
[2017.11.27-14.45.27:746][  0]LogUObjectArray: CloseDisregardForGC: 0/0 objects in disregard for GC pool
[2017.11.27-14.45.28:104][  0]LogInit: WinSock: version 1.1 (2.2), MaxSocks=32767, MaxUdp=65467
[2017.11.27-14.45.55:705][  0]LogTcpMessaging: Initializing TcpMessaging bridge
[2017.11.27-14.45.55:762][  0]LogUdpMessaging: Initializing bridge on interface 0.0.0.0:0 to multicast group 230.0.0.1:6666.
[2017.11.27-14.45.57:462][  0]LogMaterial: Uniform references updated for custom material expression Custom.
[2017.11.27-14.45.58:611][  0]SourceControl: Source control is disabled
[2017.11.27-14.46.03:334][  0]LogAndroidPermission: UAndroidPermissionCallbackProxy::GetInstance
[2017.11.27-14.46.03:603][  0]LogOcInput: OculusInput pre-init called
[2017.11.27-14.46.04:458][  0]LogEngine: Initializing Engine...
[2017.11.27-14.46.04:510][  0]LogHMD: Failed to initialize OpenVR with code 110
[2017.11.27-14.46.05:791][  0]LogStats: UGameplayTagsManager::ConstructGameplayTagTree: Construct from data asset -  0.000 s
[2017.11.27-14.46.05:792][  0]LogStats: UGameplayTagsManager::ConstructGameplayTagTree: GameplayTagTreeChangedEvent.Broadcast -  0.000 s
[2017.11.27-14.46.07:174][  0]LogAIModule: Creating AISystem for world Untitled
[2017.11.27-14.46.07:438][  0]LogInit: XAudio2 using 'Alto-falantes (2- Realtek High Definition Audio)' : 2 channels at 48 kHz using 32 bits per sample (channel mask 0x3)
[2017.11.27-14.46.07:940][  0]LogInit: FAudioDevice initialized.
[2017.11.27-14.46.09:434][  0]LogDerivedDataCache: Saved boot cache 1.49s 93MB C:/Users/Marcelo/AppData/Local/UnrealEngine/4.17/DerivedDataCache/Boot.ddc.
[2017.11.27-14.46.09:458][  0]LogInit: Texture streaming: Enabled
[2017.11.27-14.46.10:436][  0]LogEngineSessionManager: EngineSessionManager initialized
[2017.11.27-14.46.14:918][  0]LogInit: Transaction tracking system initialized
[2017.11.27-14.46.15:606][  0]BlueprintLog: New page: Editor Load
[2017.11.27-14.46.17:566][  0]LocalizationService: Localization service is disabled
[2017.11.27-14.46.19:731][  0]LogConsoleResponse: Display: 
[2017.11.27-14.46.23:383][  0]LogFileCache: Scanning file cache for directory 'C:/Users/Marcelo/Documents/Unreal Projects/Caramuru2D 4.17/Content/' took 0.05s
[2017.11.27-14.46.23:383][  0]LogCook: Display: Max memory allowance for cook 16384mb min free memory 0mb
[2017.11.27-14.46.23:383][  0]LogCook: Display: Mobile HDR setting 1
[2017.11.27-14.46.23:438][  0]LogGameplayTags: Display: UGameplayTagsManager::DoneAddingNativeTags. DelegateIsBound: 0
[2017.11.27-14.46.26:510][  0]Cmd: MAP LOAD FILE="../../../../../../Users/Marcelo/Documents/Unreal Projects/Caramuru2D 4.17/Content/Menu/Levels/Level_Game_Main_Menu.umap" TEMPLATE=0 SHOWPROGRESS=1 FEATURELEVEL=3
[2017.11.27-14.46.26:572][  0]LightingResults: New page: Lighting Build
[2017.11.27-14.46.26:710][  0]MapCheck: New page: Map Check
[2017.11.27-14.46.26:710][  0]LightingResults: New page: Lighting Build
[2017.11.27-14.46.27:463][  0]LogLinker: Warning: Can't find file '/Game/Menu/Imagens/imagem_Felipe'
[2017.11.27-14.46.27:463][  0]LogLinker: Warning: Can't find file for asset '/Game/Menu/Imagens/imagem_Felipe' while loading ../../../../../../Users/Marcelo/Documents/Unreal Projects/Caramuru2D 4.17/Content/Menu/HUD/HUD_Creditos_Menu_Principal.uasset.
[2017.11.27-14.46.27:463][  0]LoadErrors: Error: /Game/Menu/HUD/HUD_Creditos_Menu_Principal : Can't find file for asset. /Game/Menu/Imagens/imagem_Felipe
[2017.11.27-14.46.27:464][  0]LogLinker: Warning: Can't find file '/Game/Menu/Imagens/imagem_Felipe'
[2017.11.27-14.46.27:464][  0]LogLinker: Warning: Can't find file for asset '/Game/Menu/Imagens/imagem_Felipe' while loading ../../../../../../Users/Marcelo/Documents/Unreal Projects/Caramuru2D 4.17/Content/Menu/HUD/HUD_Creditos_Menu_Principal.uasset.
[2017.11.27-14.46.27:464][  0]LoadErrors: Error: /Game/Menu/HUD/HUD_Creditos_Menu_Principal : Can't find file for asset. /Game/Menu/Imagens/imagem_Felipe
[2017.11.27-14.46.27:465][  0]LogLinker: Warning: Can't find file '/Game/Menu/Imagens/imagem_Felipe'
[2017.11.27-14.46.27:465][  0]LoadErrors: Failed to load /Game/Menu/Imagens/imagem_Felipe.imagem_Felipe Referenced by Teste_Imagem
[2017.11.27-14.46.27:465][  0]LogLinker: Warning: Can't find file for asset '/Game/Menu/Imagens/imagem_Felipe' while loading ../../../../../../Users/Marcelo/Documents/Unreal Projects/Caramuru2D 4.17/Content/Menu/HUD/HUD_Creditos_Menu_Principal.uasset.
[2017.11.27-14.46.27:465][  0]LoadErrors: Failed to load /Game/Menu/Imagens/imagem_Felipe.imagem_Felipe Referenced by Teste_Imagem
[2017.11.27-14.46.27:465][  0]LoadErrors: Error: /Game/Menu/HUD/HUD_Creditos_Menu_Principal : Can't find file for asset. /Game/Menu/Imagens/imagem_Felipe
[2017.11.27-14.46.27:738][  0]LogLinker: Warning: Can't find file '/Game/Menu/Imagens/imagem_Felipe'
[2017.11.27-14.46.27:738][  0]LogLinker: Warning: Can't find file for asset '/Game/Menu/Imagens/imagem_Felipe' while loading ../../../../../../Users/Marcelo/Documents/Unreal Projects/Caramuru2D 4.17/Content/Menu/HUD/HUD_Caramuru.uasset.
[2017.11.27-14.46.27:738][  0]LoadErrors: Error: /Game/Menu/HUD/HUD_Caramuru : Can't find file for asset. /Game/Menu/Imagens/imagem_Felipe
[2017.11.27-14.46.27:738][  0]LogLinker: Warning: Can't find file '/Game/Menu/Imagens/imagem_Felipe'
[2017.11.27-14.46.27:738][  0]LogLinker: Warning: Can't find file for asset '/Game/Menu/Imagens/imagem_Felipe' while loading ../../../../../../Users/Marcelo/Documents/Unreal Projects/Caramuru2D 4.17/Content/Menu/HUD/HUD_Caramuru.uasset.
[2017.11.27-14.46.27:738][  0]LoadErrors: Error: /Game/Menu/HUD/HUD_Caramuru : Can't find file for asset. /Game/Menu/Imagens/imagem_Felipe
[2017.11.27-14.46.28:491][  0]LogAIModule: Creating AISystem for world Level_Game_Main_Menu
[2017.11.27-14.46.28:659][  0]LogEditorServer: Finished looking for orphan Actors (0.000 secs)
[2017.11.27-14.46.28:793][  0]Cmd: MAP CHECKDEP NOCLEARLOG
[2017.11.27-14.46.28:840][  0]MapCheck: Map check complete: 0 Error(s), 0 Warning(s), took 47.074ms to complete.
[2017.11.27-14.46.28:840][  0]LogFileHelpers: Loading map 'Level_Game_Main_Menu' took 2.349
[2017.11.27-14.46.32:316][  0]LogCollectionManager: Loaded 0 collections in 0.016111 seconds
[2017.11.27-14.46.33:202][  0]LogFileCache: Scanning file cache for directory 'C:/Users/Marcelo/Documents/Unreal Projects/Caramuru2D 4.17/Saved/Collections/' took 0.01s
[2017.11.27-14.46.33:202][  0]LogFileCache: Scanning file cache for directory 'C:/Users/Marcelo/Documents/Unreal Projects/Caramuru2D 4.17/Content/Developers/Marcelo/Collections/' took 0.01s
[2017.11.27-14.46.33:202][  0]LogFileCache: Scanning file cache for directory 'C:/Users/Marcelo/Documents/Unreal Projects/Caramuru2D 4.17/Content/Collections/' took 0.01s
[2017.11.27-14.46.33:202][  0]LogCollectionManager: Rebuilt the GUID cache for 0 collections in 0.000001 seconds
[2017.11.27-14.46.33:276][  0]LogContentBrowser: Native class hierarchy populated in 0.0242 seconds. Added 2386 classes and 500 folders.
[2017.11.27-14.46.33:578][  0]LogContentBrowser: Native class hierarchy updated for 'WidgetCarousel' in 0.0322 seconds. Added 0 classes and 0 folders.
[2017.11.27-14.46.37:984][  0]LogContentBrowser: Native class hierarchy updated for 'AddContentDialog' in 0.0006 seconds. Added 0 classes and 0 folders.
[2017.11.27-14.46.38:130][  0]LogContentBrowser: Native class hierarchy updated for 'SceneOutliner' in 0.0010 seconds. Added 1 classes and 2 folders.
[2017.11.27-14.46.39:297][  0]LogSlate: Took 0.020484 seconds to synchronously load lazily loaded font '../../../Engine/Content/Slate/Fonts/Roboto-Regular.ttf' (155K)
[2017.11.27-14.46.39:334][  0]LogSlate: Took 0.021681 seconds to synchronously load lazily loaded font '../../../Engine/Content/Slate/Fonts/Roboto-Bold.ttf' (160K)
[2017.11.27-14.46.39:446][  0]LogSlate: Took 0.021494 seconds to synchronously load lazily loaded font '../../../Engine/Content/Editor/Slate/Fonts/FontAwesome.ttf' (139K)
[2017.11.27-14.46.39:930][  0]LogRenderer: Reallocating scene render targets to support 808x336 Format 10 NumSamples 1 (Frame:1).
[2017.11.27-14.46.40:851][  0]LogContentBrowser: Native class hierarchy updated for 'HierarchicalLODOutliner' in 0.0007 seconds. Added 1 classes and 2 folders.
[2017.11.27-14.46.40:851][  0]LogLoad: (Engine Initialization) Total time: 155.40 seconds
[2017.11.27-14.46.40:851][  0]LogLoad: (Engine Initialization) Total Blueprint compile time: 0.00 seconds
[2017.11.27-14.46.40:851][  0]LogExternalProfiler: No external profilers were discovered.  External profiling features will not be available.
[2017.11.27-14.46.41:386][  0]SourceControl: On branch master
[2017.11.27-14.46.41:386][  0]SourceControl: Your branch is up to date with 'origin/master'.
[2017.11.27-14.46.41:386][  0]SourceControl: Changes not staged for commit:
[2017.11.27-14.46.41:386][  0]SourceControl:   (use "git add/rm <file>..." to update what will be committed)
[2017.11.27-14.46.41:386][  0]SourceControl:   (use "git checkout -- <file>..." to discard changes in working directory)
[2017.11.27-14.46.41:386][  0]SourceControl: 	modified:   Intermediate/CachedAssetRegistry.bin
[2017.11.27-14.46.41:386][  0]SourceControl: 	deleted:    Saved/Config/CrashReportClient/UE4CC-Windows-21E54AB0416B2F5D351F2DB272A4E34E/CrashReportClient.ini
[2017.11.27-14.46.41:386][  0]SourceControl: 	deleted:    Saved/Config/CrashReportClient/UE4CC-Windows-415A22D14E5BE6B14FC881B8F752DB0F/CrashReportClient.ini
[2017.11.27-14.46.41:386][  0]SourceControl: 	deleted:    Saved/Config/CrashReportClient/UE4CC-Windows-4AF13F394EA21F1E9C3BCD838DD4F077/CrashReportClient.ini
[2017.11.27-14.46.41:386][  0]SourceControl: 	deleted:    Saved/Config/CrashReportClient/UE4CC-Windows-7B698E8A431E7050091CC5A893CADDD1/CrashReportClient.ini
[2017.11.27-14.46.41:386][  0]SourceControl: 	deleted:    Saved/Config/CrashReportClient/UE4CC-Windows-9B7CEAAE440F40A3F536A48999B9363F/CrashReportClient.ini
[2017.11.27-14.46.41:386][  0]SourceControl: 	deleted:    Saved/Config/CrashReportClient/UE4CC-Windows-A7F1B8BC47F68AE5C10C46A27195F35A/CrashReportClient.ini
[2017.11.27-14.46.41:386][  0]SourceControl: 	deleted:    Saved/Config/CrashReportClient/UE4CC-Windows-AF9CF47A482323A45EF9508D43FF44F0/CrashReportClient.ini
[2017.11.27-14.46.41:386][  0]SourceControl: 	deleted:    Saved/Config/CrashReportClient/UE4CC-Windows-C8DBD17D4D35D57883CEABBBC058DE7E/CrashReportClient.ini
[2017.11.27-14.46.41:386][  0]SourceControl: 	deleted:    Saved/Config/CrashReportClient/UE4CC-Windows-DFD7705649655319D1154694479D9EAA/CrashReportClient.ini
[2017.11.27-14.46.41:386][  0]SourceControl: 	deleted:    Saved/Config/CrashReportClient/UE4CC-Windows-EE1BE520492B00EDEBA60BA04F8BDF69/CrashReportClient.ini
[2017.11.27-14.46.41:386][  0]SourceControl: 	deleted:    Saved/Config/CrashReportClient/UE4CC-Windows-F09C12664AFE8F4ED818FEBA5C5205D8/CrashReportClient.ini
[2017.11.27-14.46.41:386][  0]SourceControl: 	deleted:    Saved/Config/CrashReportClient/UE4CC-Windows-F78CB6B74758851886596BBCA9518C98/CrashReportClient.ini
[2017.11.27-14.46.41:386][  0]SourceControl: 	modified:   Saved/Config/Windows/Editor.ini
[2017.11.27-14.46.41:386][  0]SourceControl: 	modified:   Saved/Config/Windows/EditorPerProjectUserSettings.ini
[2017.11.27-14.46.41:386][  0]SourceControl: 	modified:   Saved/Config/Windows/Engine.ini
[2017.11.27-14.46.41:386][  0]SourceControl: 	deleted:    Saved/Logs/Caramuru2D-backup-2017.11.19-10.30.03.log
[2017.11.27-14.46.41:386][  0]SourceControl: 	deleted:    Saved/Logs/Caramuru2D-backup-2017.11.19-14.01.49.log
[2017.11.27-14.46.41:386][  0]SourceControl: 	deleted:    Saved/Logs/Caramuru2D-backup-2017.11.19-21.40.49.log
[2017.11.27-14.46.41:386][  0]SourceControl: 	deleted:    Saved/Logs/Caramuru2D-backup-2017.11.21-14.16.34.log
[2017.11.27-14.46.41:386][  0]SourceControl: 	deleted:    Saved/Logs/Caramuru2D-backup-2017.11.21-15.06.30.log
[2017.11.27-14.46.41:386][  0]SourceControl: 	deleted:    Saved/Logs/Caramuru2D-backup-2017.11.21-15.23.47.log
[2017.11.27-14.46.41:386][  0]SourceControl: 	deleted:    Saved/Logs/Caramuru2D-backup-2017.11.21-15.30.16.log
[2017.11.27-14.46.41:386][  0]SourceControl: 	deleted:    Saved/Logs/Caramuru2D-backup-2017.11.21-16.14.03.log
[2017.11.27-14.46.41:386][  0]SourceControl: 	modified:   Saved/Logs/Caramuru2D.log
[2017.11.27-14.46.41:386][  0]SourceControl: 	deleted:    Saved/Logs/Caramuru2D_2-backup-2017.11.21-15.15.15.log
[2017.11.27-14.46.41:386][  0]SourceControl: Untracked files:
[2017.11.27-14.46.41:386][  0]SourceControl:   (use "git add <file>..." to include in what will be committed)
[2017.11.27-14.46.41:386][  0]SourceControl: 	Saved/Config/CrashReportClient/UE4CC-Windows-055FD31844EDEEA92A27DABF37A93DDC/
[2017.11.27-14.46.41:386][  0]SourceControl: 	Saved/Logs/Caramuru2D-backup-2017.11.27-11.44.25.log
[2017.11.27-14.46.41:386][  0]SourceControl: no changes added to commit (use "git add" and/or "git commit -a")
[2017.11.27-14.46.41:387][  0]LogContentStreaming: Texture pool size now 1000 MB
[2017.11.27-14.46.41:718][  0]LogSlate: Took 0.026726 seconds to synchronously load lazily loaded font '../../../Engine/Content/Slate/Fonts/Roboto-Light.ttf' (159K)
[2017.11.27-14.46.42:898][  4]LogAssetRegistry: Asset discovery search completed in 95.3316 seconds
[2017.11.27-14.46.42:901][  4]LogCollectionManager: Rebuilt the object cache for 0 collections in 0.000001 seconds (found 0 objects)
[2017.11.27-14.46.42:901][  4]LogCollectionManager: Fixed up redirectors for 0 collections in 0.000047 seconds (updated 0 objects)
[2017.11.27-14.48.57:395][925]LogTemp: Repeating last play command: Selected Viewport
[2017.11.27-14.48.57:940][925]LogBlueprintUserMessages: Early PlayInEditor Detection: Level '/Game/Menu/Levels/Level_Game_Main_Menu.Level_Game_Main_Menu:PersistentLevel' has LevelScriptBlueprint '/Game/Menu/Levels/Level_Game_Main_Menu.Level_Game_Main_Menu:PersistentLevel.Level_Game_Main_Menu' with GeneratedClass '/Game/Menu/Levels/Level_Game_Main_Menu.Level_Game_Main_Menu_C' with ClassGeneratedBy '/Game/Menu/Levels/Level_Game_Main_Menu.Level_Game_Main_Menu:PersistentLevel.Level_Game_Main_Menu'
[2017.11.27-14.48.57:940][925]LogPlayLevel: PlayLevel: No blueprints needed recompiling
[2017.11.27-14.48.57:992][925]PIE: New page: PIE session: Level_Game_Main_Menu (Nov 27, 2017, 8:48:57 AM)
[2017.11.27-14.48.57:992][925]LogPlayLevel: Creating play world package: /Game/Menu/Levels/UEDPIE_0_Level_Game_Main_Menu
[2017.11.27-14.48.58:050][925]LogPlayLevel: PIE: StaticDuplicateObject took: (0.057738s)
[2017.11.27-14.48.58:051][925]LogAIModule: Creating AISystem for world Level_Game_Main_Menu
[2017.11.27-14.48.58:051][925]LogPlayLevel: PIE: World Init took: (0.000972s)
[2017.11.27-14.48.58:051][925]LogPlayLevel: PIE: Created PIE world by copying editor world from /Game/Menu/Levels/Level_Game_Main_Menu.Level_Game_Main_Menu to /Game/Menu/Levels/UEDPIE_0_Level_Game_Main_Menu.Level_Game_Main_Menu (0.059063s)
[2017.11.27-14.48.58:081][925]LogInit: XAudio2 using 'Alto-falantes (2- Realtek High Definition Audio)' : 2 channels at 48 kHz using 32 bits per sample (channel mask 0x3)
[2017.11.27-14.48.58:089][925]LogInit: FAudioDevice initialized.
[2017.11.27-14.48.58:170][925]LogLoad: Game class is 'GameModeBase'
[2017.11.27-14.48.58:211][925]LogWorld: Bringing World /Game/Menu/Levels/UEDPIE_0_Level_Game_Main_Menu.Level_Game_Main_Menu up for play (max tick rate 0) at 2017.11.27-11.48.58
[2017.11.27-14.48.58:218][925]LogWorld: Bringing up level for play took: 0.007468
[2017.11.27-14.48.58:361][925]LogContentBrowser: Native class hierarchy updated for 'MovieSceneCapture' in 0.0007 seconds. Added 11 classes and 0 folders.
[2017.11.27-14.48.58:441][925]PIE: Play in editor start time for /Game/Menu/Levels/UEDPIE_0_Level_Game_Main_Menu 1.308
[2017.11.27-14.48.58:442][925]LogBlueprintUserMessages: Late PlayInEditor Detection: Level '/Game/Menu/Levels/Level_Game_Main_Menu.Level_Game_Main_Menu:PersistentLevel' has LevelScriptBlueprint '/Game/Menu/Levels/Level_Game_Main_Menu.Level_Game_Main_Menu:PersistentLevel.Level_Game_Main_Menu' with GeneratedClass '/Game/Menu/Levels/Level_Game_Main_Menu.Level_Game_Main_Menu_C' with ClassGeneratedBy '/Game/Menu/Levels/Level_Game_Main_Menu.Level_Game_Main_Menu:PersistentLevel.Level_Game_Main_Menu'
[2017.11.27-14.49.02:756][410]LogBlueprintUserMessages: Early EndPlayMap Detection: Level '/Game/Menu/Levels/Level_Game_Main_Menu.Level_Game_Main_Menu:PersistentLevel' has LevelScriptBlueprint '/Game/Menu/Levels/Level_Game_Main_Menu.Level_Game_Main_Menu:PersistentLevel.Level_Game_Main_Menu' with GeneratedClass '/Game/Menu/Levels/Level_Game_Main_Menu.Level_Game_Main_Menu_C' with ClassGeneratedBy '/Game/Menu/Levels/Level_Game_Main_Menu.Level_Game_Main_Menu:PersistentLevel.Level_Game_Main_Menu'
[2017.11.27-14.49.02:844][410]LogBlueprintUserMessages: Late EndPlayMap Detection: Level '/Game/Menu/Levels/Level_Game_Main_Menu.Level_Game_Main_Menu:PersistentLevel' has LevelScriptBlueprint '/Game/Menu/Levels/Level_Game_Main_Menu.Level_Game_Main_Menu:PersistentLevel.Level_Game_Main_Menu' with GeneratedClass '/Game/Menu/Levels/Level_Game_Main_Menu.Level_Game_Main_Menu_C' with ClassGeneratedBy '/Game/Menu/Levels/Level_Game_Main_Menu.Level_Game_Main_Menu:PersistentLevel.Level_Game_Main_Menu'
[2017.11.27-14.49.10:636][319]LogSlate: Took 0.000131 seconds to synchronously load lazily loaded font '../../../Engine/Content/Slate/Fonts/Roboto-Light.ttf' (159K)
[2017.11.27-14.49.10:680][319]Cmd: MAP LOAD FILE="../../../../../../Users/Marcelo/Documents/Unreal Projects/Caramuru2D 4.17/Content/Menu/Levels/Level_Game_Main_Menu.umap" TEMPLATE=0 SHOWPROGRESS=1 FEATURELEVEL=3
[2017.11.27-14.49.10:680][319]LightingResults: New page: Lighting Build
[2017.11.27-14.49.10:681][319]LoadErrors: New page: Loading map: Level_Game_Main_Menu.umap
[2017.11.27-14.49.10:681][319]MapCheck: New page: Map Check
[2017.11.27-14.49.10:681][319]LightingResults: New page: Lighting Build
[2017.11.27-14.49.10:726][319]LogAIModule: Creating AISystem for world Level_Game_Main_Menu
[2017.11.27-14.49.10:781][319]LogEditorServer: Finished looking for orphan Actors (0.000 secs)
[2017.11.27-14.49.10:856][319]Cmd: MAP CHECKDEP NOCLEARLOG
[2017.11.27-14.49.10:902][319]MapCheck: Map check complete: 0 Error(s), 0 Warning(s), took 45.489ms to complete.
[2017.11.27-14.49.10:902][319]LogFileHelpers: Loading map 'Level_Game_Main_Menu' took 0.235
[2017.11.27-14.49.12:397][490]LogTemp: Repeating last play command: Selected Viewport
[2017.11.27-14.49.12:433][490]LogBlueprintUserMessages: Early PlayInEditor Detection: Level '/Game/Menu/Levels/Level_Game_Main_Menu.Level_Game_Main_Menu:PersistentLevel' has LevelScriptBlueprint '/Game/Menu/Levels/Level_Game_Main_Menu.Level_Game_Main_Menu:PersistentLevel.Level_Game_Main_Menu' with GeneratedClass '/Game/Menu/Levels/Level_Game_Main_Menu.Level_Game_Main_Menu_C' with ClassGeneratedBy '/Game/Menu/Levels/Level_Game_Main_Menu.Level_Game_Main_Menu:PersistentLevel.Level_Game_Main_Menu'
[2017.11.27-14.49.12:433][490]LogPlayLevel: PlayLevel: No blueprints needed recompiling
[2017.11.27-14.49.12:433][490]PIE: New page: PIE session: Level_Game_Main_Menu (Nov 27, 2017, 8:49:12 AM)
[2017.11.27-14.49.12:433][490]LogPlayLevel: Creating play world package: /Game/Menu/Levels/UEDPIE_0_Level_Game_Main_Menu
[2017.11.27-14.49.12:435][490]LogPlayLevel: PIE: StaticDuplicateObject took: (0.001244s)
[2017.11.27-14.49.12:435][490]LogAIModule: Creating AISystem for world Level_Game_Main_Menu
[2017.11.27-14.49.12:435][490]LogPlayLevel: PIE: World Init took: (0.000640s)
[2017.11.27-14.49.12:435][490]LogPlayLevel: PIE: Created PIE world by copying editor world from /Game/Menu/Levels/Level_Game_Main_Menu.Level_Game_Main_Menu to /Game/Menu/Levels/UEDPIE_0_Level_Game_Main_Menu.Level_Game_Main_Menu (0.002174s)
[2017.11.27-14.49.12:448][490]LogInit: XAudio2 using 'Alto-falantes (2- Realtek High Definition Audio)' : 2 channels at 48 kHz using 32 bits per sample (channel mask 0x3)
[2017.11.27-14.49.12:455][490]LogInit: FAudioDevice initialized.
[2017.11.27-14.49.12:483][490]LogLoad: Game class is 'GameModeBase'
[2017.11.27-14.49.12:485][490]LogWorld: Bringing World /Game/Menu/Levels/UEDPIE_0_Level_Game_Main_Menu.Level_Game_Main_Menu up for play (max tick rate 0) at 2017.11.27-11.49.12
[2017.11.27-14.49.12:485][490]LogWorld: Bringing up level for play took: 0.000741
[2017.11.27-14.49.12:487][490]PIE: Play in editor start time for /Game/Menu/Levels/UEDPIE_0_Level_Game_Main_Menu -0.646
[2017.11.27-14.49.12:487][490]LogBlueprintUserMessages: Late PlayInEditor Detection: Level '/Game/Menu/Levels/Level_Game_Main_Menu.Level_Game_Main_Menu:PersistentLevel' has LevelScriptBlueprint '/Game/Menu/Levels/Level_Game_Main_Menu.Level_Game_Main_Menu:PersistentLevel.Level_Game_Main_Menu' with GeneratedClass '/Game/Menu/Levels/Level_Game_Main_Menu.Level_Game_Main_Menu_C' with ClassGeneratedBy '/Game/Menu/Levels/Level_Game_Main_Menu.Level_Game_Main_Menu:PersistentLevel.Level_Game_Main_Menu'
[2017.11.27-14.49.56:089][632]LogLinker: Warning: Can't find file '/Game/Menu/Imagens/Caramuru_Background_Menu_corrigido_Sprite'
[2017.11.27-14.49.56:089][632]LogLinker: Warning: Can't find file for asset '/Game/Menu/Imagens/Caramuru_Background_Menu_corrigido_Sprite' while loading ../../../../../../Users/Marcelo/Documents/Unreal Projects/Caramuru2D 4.17/Content/Menu/HUD/HUD_Pausa.uasset.
[2017.11.27-14.49.56:089][632]LoadErrors: Error: /Game/Menu/HUD/HUD_Pausa : Can't find file for asset. /Game/Menu/Imagens/Caramuru_Background_Menu_corrigido_Sprite
[2017.11.27-14.49.56:089][632]LogLinker: Warning: Can't find file '/Game/Menu/Imagens/Caramuru_Background_Menu_corrigido_Sprite'
[2017.11.27-14.49.56:089][632]LogLinker: Warning: Can't find file for asset '/Game/Menu/Imagens/Caramuru_Background_Menu_corrigido_Sprite' while loading ../../../../../../Users/Marcelo/Documents/Unreal Projects/Caramuru2D 4.17/Content/Menu/HUD/HUD_Pausa.uasset.
[2017.11.27-14.49.56:091][632]LogLinker: Warning: Can't find file '/Game/Menu/Imagens/Caramuru_Background_Menu_corrigido_Sprite'
[2017.11.27-14.49.56:091][632]LogLinker: Warning: Can't find file for asset '/Game/Menu/Imagens/Caramuru_Background_Menu_corrigido_Sprite' while loading ../../../../../../Users/Marcelo/Documents/Unreal Projects/Caramuru2D 4.17/Content/2DSideScrollerBP/Maps/Caramuru2D.umap.
[2017.11.27-14.49.56:091][632]LoadErrors: Error: /Game/2DSideScrollerBP/Maps/Caramuru2D : Can't find file for asset. /Game/Menu/Imagens/Caramuru_Background_Menu_corrigido_Sprite
[2017.11.27-14.49.56:091][632]LogLinker: Warning: Can't find file '/Game/Menu/Imagens/Caramuru_Background_Menu_corrigido_Sprite'
[2017.11.27-14.49.56:091][632]LogLinker: Warning: Can't find file for asset '/Game/Menu/Imagens/Caramuru_Background_Menu_corrigido_Sprite' while loading ../../../../../../Users/Marcelo/Documents/Unreal Projects/Caramuru2D 4.17/Content/2DSideScrollerBP/Maps/Caramuru2D.umap.
[2017.11.27-14.49.56:092][632]LogLinker: Warning: Can't find file '/Game/Menu/Imagens/Caramuru_Background_Menu_corrigido_Sprite'
[2017.11.27-14.49.56:092][632]LoadErrors: Failed to load /Game/Menu/Imagens/Caramuru_Background_Menu_corrigido_Sprite.Caramuru_Background_Menu_corrigido_Sprite Referenced by Image_24
[2017.11.27-14.49.56:093][632]LogLinker: Warning: Can't find file for asset '/Game/Menu/Imagens/Caramuru_Background_Menu_corrigido_Sprite' while loading ../../../../../../Users/Marcelo/Documents/Unreal Projects/Caramuru2D 4.17/Content/2DSideScrollerBP/Maps/Caramuru2D.umap.
[2017.11.27-14.49.59:449][632]LogAIModule: Creating AISystem for world Caramuru2D
[2017.11.27-14.50.19:478][632]LogBlueprintUserMessages: Early EndPlayMap Detection: Level '/Game/Menu/Levels/Level_Game_Main_Menu.Level_Game_Main_Menu:PersistentLevel' has LevelScriptBlueprint '/Game/Menu/Levels/Level_Game_Main_Menu.Level_Game_Main_Menu:PersistentLevel.Level_Game_Main_Menu' with GeneratedClass '/Game/Menu/Levels/Level_Game_Main_Menu.Level_Game_Main_Menu_C' with ClassGeneratedBy '/Game/Menu/Levels/Level_Game_Main_Menu.Level_Game_Main_Menu:PersistentLevel.Level_Game_Main_Menu'
[2017.11.27-14.50.19:544][632]LogBlueprintUserMessages: Late EndPlayMap Detection: Level '/Game/Menu/Levels/Level_Game_Main_Menu.Level_Game_Main_Menu:PersistentLevel' has LevelScriptBlueprint '/Game/Menu/Levels/Level_Game_Main_Menu.Level_Game_Main_Menu:PersistentLevel.Level_Game_Main_Menu' with GeneratedClass '/Game/Menu/Levels/Level_Game_Main_Menu.Level_Game_Main_Menu_C' with ClassGeneratedBy '/Game/Menu/Levels/Level_Game_Main_Menu.Level_Game_Main_Menu:PersistentLevel.Level_Game_Main_Menu'
[2017.11.27-14.50.19:560][632]Cmd: MAP LOAD FILE="../../../../../../Users/Marcelo/Documents/Unreal Projects/Caramuru2D 4.17/Content/2DSideScrollerBP/Maps/Caramuru2D.umap" TEMPLATE=0 SHOWPROGRESS=1 FEATURELEVEL=3
[2017.11.27-14.50.19:588][632]LightingResults: New page: Lighting Build
[2017.11.27-14.50.19:589][632]LoadErrors: New page: Loading map: Caramuru2D.umap
[2017.11.27-14.50.19:589][632]MapCheck: New page: Map Check
[2017.11.27-14.50.19:589][632]LightingResults: New page: Lighting Build
[2017.11.27-14.50.19:634][632]LogSlate: Took 0.000149 seconds to synchronously load lazily loaded font '../../../Engine/Content/Slate/Fonts/Roboto-Regular.ttf' (155K)
[2017.11.27-14.50.19:770][632]LogEditorServer: Finished looking for orphan Actors (0.000 secs)
[2017.11.27-14.50.19:856][632]Cmd: MAP CHECKDEP NOCLEARLOG
[2017.11.27-14.50.19:919][632]MapCheck: Map check complete: 0 Error(s), 0 Warning(s), took 62.565ms to complete.
[2017.11.27-14.50.19:919][632]LogFileHelpers: Loading map 'Caramuru2D' took 20.312
[2017.11.27-14.50.47:147][689]LogContentBrowser: Native class hierarchy updated for 'TextureEditor' in 0.0008 seconds. Added 1 classes and 2 folders.
[2017.11.27-14.51.13:450][513]LogSlate: Took 0.062128 seconds to synchronously load lazily loaded font '../../../Engine/Content/Editor/Slate/Fonts/Roboto-BoldCondensed.ttf' (158K)
[2017.11.27-14.51.13:547][513]LogRenderer: Reallocating scene render targets to support 808x588 Format 10 NumSamples 1 (Frame:1).
[2017.11.27-14.52.34:844][771]LogSavePackage: Save=41.90ms
[2017.11.27-14.52.34:844][771]LogSavePackage: Moving '../../../../../../Users/Marcelo/Documents/Unreal Projects/Caramuru2D 4.17/Saved/TileMap_Test484FD989464367CA9C1D588454F2E5C6.tmp' to '../../../../../../Users/Marcelo/Documents/Unreal Projects/Caramuru2D 4.17/Content/2DSideScrollerBP/2dtiledmap/TiledSet/TileMap_Test.uasset'
[2017.11.27-14.52.34:857][771]LogSavePackage: Display: Finished SavePackage ../../../../../../Users/Marcelo/Documents/Unreal Projects/Caramuru2D 4.17/Content/2DSideScrollerBP/2dtiledmap/TiledSet/TileMap_Test.uasset
[2017.11.27-14.54.03:075][549]LogEditorViewport: Clicking on Actor (LMB): PaperSpriteActor (SkyAlissonOriginalSprite)
[2017.11.27-14.54.04:264][687]LogEditorViewport: Clicking on Actor (LMB): PaperSpriteActor (mountains_Sprite)
[2017.11.27-14.54.05:418][820]LogEditorViewport: Clicking on Actor (LMB): PaperTileMapActor (FirstFloreGround)
[2017.11.27-14.54.07:585][ 67]LogEditorViewport: Clicking on Actor (LMB): PaperSpriteActor (SkyAlissonOriginalSprite)
[2017.11.27-14.54.08:138][129]LogEditorViewport: Clicking on Actor (LMB): PaperSpriteActor (SkyAlissonOriginalSprite)
[2017.11.27-14.54.08:559][178]LogEditorViewport: Clicking on Actor (LMB): PaperSpriteActor (SkyAlissonOriginalSprite)
[2017.11.27-14.54.08:629][185]LogEditorViewport: Clicking on Component (LMB): PaperSpriteComponent (RenderComponent)
[2017.11.27-14.54.09:173][248]LogEditorViewport: Clicking on Actor (LMB): PaperTileMapActor (TileMap_Test)
[2017.11.27-14.54.15:887][ 35]LogTemp: Repeating last play command: Selected Viewport
[2017.11.27-14.54.15:929][ 35]LogBlueprintUserMessages: Early PlayInEditor Detection: Level '/Game/2DSideScrollerBP/Maps/Caramuru2D.Caramuru2D:PersistentLevel' has LevelScriptBlueprint '/Game/2DSideScrollerBP/Maps/Caramuru2D.Caramuru2D:PersistentLevel.Caramuru2D' with GeneratedClass '/Game/2DSideScrollerBP/Maps/Caramuru2D.Caramuru2D_C' with ClassGeneratedBy '/Game/2DSideScrollerBP/Maps/Caramuru2D.Caramuru2D:PersistentLevel.Caramuru2D'
[2017.11.27-14.54.15:929][ 35]LogPlayLevel: PlayLevel: No blueprints needed recompiling
[2017.11.27-14.54.15:929][ 35]PIE: New page: PIE session: Caramuru2D (Nov 27, 2017, 8:54:15 AM)
[2017.11.27-14.54.15:929][ 35]LogPlayLevel: Creating play world package: /Game/2DSideScrollerBP/Maps/UEDPIE_0_Caramuru2D
[2017.11.27-14.54.15:935][ 35]LogPlayLevel: PIE: StaticDuplicateObject took: (0.005541s)
[2017.11.27-14.54.15:936][ 35]LogAIModule: Creating AISystem for world Caramuru2D
[2017.11.27-14.54.15:936][ 35]LogPlayLevel: PIE: World Init took: (0.001064s)
[2017.11.27-14.54.15:936][ 35]LogPlayLevel: PIE: Created PIE world by copying editor world from /Game/2DSideScrollerBP/Maps/Caramuru2D.Caramuru2D to /Game/2DSideScrollerBP/Maps/UEDPIE_0_Caramuru2D.Caramuru2D (0.006894s)
[2017.11.27-14.54.15:973][ 35]LogInit: XAudio2 using 'Alto-falantes (2- Realtek High Definition Audio)' : 2 channels at 48 kHz using 32 bits per sample (channel mask 0x3)
[2017.11.27-14.54.15:980][ 35]LogInit: FAudioDevice initialized.
[2017.11.27-14.54.16:012][ 35]LogLoad: Game class is '2DSideScrollerGameMode_C'
[2017.11.27-14.54.16:018][ 35]LogWorld: Bringing World /Game/2DSideScrollerBP/Maps/UEDPIE_0_Caramuru2D.Caramuru2D up for play (max tick rate 0) at 2017.11.27-11.54.16
[2017.11.27-14.54.16:078][ 35]LogWorld: Bringing up level for play took: 0.064802
[2017.11.27-14.54.16:131][ 35]LogBlueprintUserMessages: [Character] SpreaderGun
[2017.11.27-14.54.16:132][ 35]PIE: Play in editor start time for /Game/2DSideScrollerBP/Maps/UEDPIE_0_Caramuru2D 0.998
[2017.11.27-14.54.16:132][ 35]LogBlueprintUserMessages: Late PlayInEditor Detection: Level '/Game/2DSideScrollerBP/Maps/Caramuru2D.Caramuru2D:PersistentLevel' has LevelScriptBlueprint '/Game/2DSideScrollerBP/Maps/Caramuru2D.Caramuru2D:PersistentLevel.Caramuru2D' with GeneratedClass '/Game/2DSideScrollerBP/Maps/Caramuru2D.Caramuru2D_C' with ClassGeneratedBy '/Game/2DSideScrollerBP/Maps/Caramuru2D.Caramuru2D:PersistentLevel.Caramuru2D'
[2017.11.27-14.54.17:267][156]LogBlueprintUserMessages: Early EndPlayMap Detection: Level '/Game/2DSideScrollerBP/Maps/Caramuru2D.Caramuru2D:PersistentLevel' has LevelScriptBlueprint '/Game/2DSideScrollerBP/Maps/Caramuru2D.Caramuru2D:PersistentLevel.Caramuru2D' with GeneratedClass '/Game/2DSideScrollerBP/Maps/Caramuru2D.Caramuru2D_C' with ClassGeneratedBy '/Game/2DSideScrollerBP/Maps/Caramuru2D.Caramuru2D:PersistentLevel.Caramuru2D'
[2017.11.27-14.54.17:352][156]LogBlueprintUserMessages: Late EndPlayMap Detection: Level '/Game/2DSideScrollerBP/Maps/Caramuru2D.Caramuru2D:PersistentLevel' has LevelScriptBlueprint '/Game/2DSideScrollerBP/Maps/Caramuru2D.Caramuru2D:PersistentLevel.Caramuru2D' with GeneratedClass '/Game/2DSideScrollerBP/Maps/Caramuru2D.Caramuru2D_C' with ClassGeneratedBy '/Game/2DSideScrollerBP/Maps/Caramuru2D.Caramuru2D:PersistentLevel.Caramuru2D'
[2017.11.27-14.54.18:476][287]LogEditorViewport: Clicking on Actor (LMB): PaperSpriteActor (mountains_Sprite2)
[2017.11.27-14.54.19:695][428]LogEditorViewport: Clicking on Actor (LMB): PaperSpriteActor (mountains_Sprite2)
[2017.11.27-14.54.20:166][483]LogEditorViewport: Clicking on Actor (LMB): PaperSpriteActor (mountains_Sprite2)
[2017.11.27-14.54.20:247][491]LogEditorViewport: Clicking on Component (LMB): PaperSpriteComponent (RenderComponent)
[2017.11.27-14.54.20:843][560]LogEditorViewport: Clicking on Component (LMB): PaperSpriteComponent (RenderComponent)
[2017.11.27-14.54.21:431][629]LogEditorViewport: Clicking on Component (LMB): PaperSpriteComponent (RenderComponent)
[2017.11.27-14.54.21:811][673]LogEditorViewport: Clicking on Actor (LMB): PaperSpriteActor (SkyAlissonOriginalSprite)
[2017.11.27-14.54.22:579][761]LogEditorViewport: Clicking on Actor (LMB): PaperSpriteActor (mountains_Sprite2)
[2017.11.27-14.54.22:638][764]LogEditorViewport: Clicking on Component (LMB): PaperSpriteComponent (RenderComponent)
[2017.11.27-14.54.23:355][848]LogEditorViewport: Clicking on Component (LMB): PaperSpriteComponent (RenderComponent)
[2017.11.27-14.54.23:427][855]LogEditorViewport: Clicking on Actor (double click): PaperSpriteActor (mountains_Sprite2)
[2017.11.27-14.54.23:998][921]LogEditorViewport: Clicking on Actor (LMB): PaperSpriteActor (mountains_Sprite2)
[2017.11.27-14.54.32:058][857]LogTemp: Repeating last play command: Selected Viewport
[2017.11.27-14.54.32:095][857]LogBlueprintUserMessages: Early PlayInEditor Detection: Level '/Game/2DSideScrollerBP/Maps/Caramuru2D.Caramuru2D:PersistentLevel' has LevelScriptBlueprint '/Game/2DSideScrollerBP/Maps/Caramuru2D.Caramuru2D:PersistentLevel.Caramuru2D' with GeneratedClass '/Game/2DSideScrollerBP/Maps/Caramuru2D.Caramuru2D_C' with ClassGeneratedBy '/Game/2DSideScrollerBP/Maps/Caramuru2D.Caramuru2D:PersistentLevel.Caramuru2D'
[2017.11.27-14.54.32:095][857]LogPlayLevel: PlayLevel: No blueprints needed recompiling
[2017.11.27-14.54.32:095][857]PIE: New page: PIE session: Caramuru2D (Nov 27, 2017, 8:54:32 AM)
[2017.11.27-14.54.32:095][857]LogPlayLevel: Creating play world package: /Game/2DSideScrollerBP/Maps/UEDPIE_0_Caramuru2D
[2017.11.27-14.54.32:101][857]LogPlayLevel: PIE: StaticDuplicateObject took: (0.005716s)
[2017.11.27-14.54.32:102][857]LogAIModule: Creating AISystem for world Caramuru2D
[2017.11.27-14.54.32:102][857]LogPlayLevel: PIE: World Init took: (0.000648s)
[2017.11.27-14.54.32:102][857]LogPlayLevel: PIE: Created PIE world by copying editor world from /Game/2DSideScrollerBP/Maps/Caramuru2D.Caramuru2D to /Game/2DSideScrollerBP/Maps/UEDPIE_0_Caramuru2D.Caramuru2D (0.006658s)
[2017.11.27-14.54.32:116][857]LogInit: XAudio2 using 'Alto-falantes (2- Realtek High Definition Audio)' : 2 channels at 48 kHz using 32 bits per sample (channel mask 0x3)
[2017.11.27-14.54.32:122][857]LogInit: FAudioDevice initialized.
[2017.11.27-14.54.32:154][857]LogLoad: Game class is '2DSideScrollerGameMode_C'
[2017.11.27-14.54.32:160][857]LogWorld: Bringing World /Game/2DSideScrollerBP/Maps/UEDPIE_0_Caramuru2D.Caramuru2D up for play (max tick rate 0) at 2017.11.27-11.54.32
[2017.11.27-14.54.32:161][857]LogWorld: Bringing up level for play took: 0.006029
[2017.11.27-14.54.32:163][857]LogBlueprintUserMessages: [Character] SpreaderGun
[2017.11.27-14.54.32:163][857]PIE: Play in editor start time for /Game/2DSideScrollerBP/Maps/UEDPIE_0_Caramuru2D 1.029
[2017.11.27-14.54.32:163][857]LogBlueprintUserMessages: Late PlayInEditor Detection: Level '/Game/2DSideScrollerBP/Maps/Caramuru2D.Caramuru2D:PersistentLevel' has LevelScriptBlueprint '/Game/2DSideScrollerBP/Maps/Caramuru2D.Caramuru2D:PersistentLevel.Caramuru2D' with GeneratedClass '/Game/2DSideScrollerBP/Maps/Caramuru2D.Caramuru2D_C' with ClassGeneratedBy '/Game/2DSideScrollerBP/Maps/Caramuru2D.Caramuru2D:PersistentLevel.Caramuru2D'
[2017.11.27-14.54.34:200][100]LogBlueprintUserMessages: Early EndPlayMap Detection: Level '/Game/2DSideScrollerBP/Maps/Caramuru2D.Caramuru2D:PersistentLevel' has LevelScriptBlueprint '/Game/2DSideScrollerBP/Maps/Caramuru2D.Caramuru2D:PersistentLevel.Caramuru2D' with GeneratedClass '/Game/2DSideScrollerBP/Maps/Caramuru2D.Caramuru2D_C' with ClassGeneratedBy '/Game/2DSideScrollerBP/Maps/Caramuru2D.Caramuru2D:PersistentLevel.Caramuru2D'
[2017.11.27-14.54.34:276][100]LogBlueprintUserMessages: Late EndPlayMap Detection: Level '/Game/2DSideScrollerBP/Maps/Caramuru2D.Caramuru2D:PersistentLevel' has LevelScriptBlueprint '/Game/2DSideScrollerBP/Maps/Caramuru2D.Caramuru2D:PersistentLevel.Caramuru2D' with GeneratedClass '/Game/2DSideScrollerBP/Maps/Caramuru2D.Caramuru2D_C' with ClassGeneratedBy '/Game/2DSideScrollerBP/Maps/Caramuru2D.Caramuru2D:PersistentLevel.Caramuru2D'
[2017.11.27-14.54.39:928][758]LogEditorViewport: Clicking on Actor (LMB): PaperTileMapActor (TileMap_Test)
[2017.11.27-14.54.47:688][670]LogTemp: Repeating last play command: Selected Viewport
[2017.11.27-14.54.47:731][670]LogBlueprintUserMessages: Early PlayInEditor Detection: Level '/Game/2DSideScrollerBP/Maps/Caramuru2D.Caramuru2D:PersistentLevel' has LevelScriptBlueprint '/Game/2DSideScrollerBP/Maps/Caramuru2D.Caramuru2D:PersistentLevel.Caramuru2D' with GeneratedClass '/Game/2DSideScrollerBP/Maps/Caramuru2D.Caramuru2D_C' with ClassGeneratedBy '/Game/2DSideScrollerBP/Maps/Caramuru2D.Caramuru2D:PersistentLevel.Caramuru2D'
[2017.11.27-14.54.47:731][670]LogPlayLevel: PlayLevel: No blueprints needed recompiling
[2017.11.27-14.54.47:731][670]PIE: New page: PIE session: Caramuru2D (Nov 27, 2017, 8:54:47 AM)
[2017.11.27-14.54.47:731][670]LogPlayLevel: Creating play world package: /Game/2DSideScrollerBP/Maps/UEDPIE_0_Caramuru2D
[2017.11.27-14.54.47:736][670]LogPlayLevel: PIE: StaticDuplicateObject took: (0.004949s)
[2017.11.27-14.54.47:737][670]LogAIModule: Creating AISystem for world Caramuru2D
[2017.11.27-14.54.47:737][670]LogPlayLevel: PIE: World Init took: (0.000823s)
[2017.11.27-14.54.47:737][670]LogPlayLevel: PIE: Created PIE world by copying editor world from /Game/2DSideScrollerBP/Maps/Caramuru2D.Caramuru2D to /Game/2DSideScrollerBP/Maps/UEDPIE_0_Caramuru2D.Caramuru2D (0.006008s)
[2017.11.27-14.54.47:750][670]LogInit: XAudio2 using 'Alto-falantes (2- Realtek High Definition Audio)' : 2 channels at 48 kHz using 32 bits per sample (channel mask 0x3)
[2017.11.27-14.54.47:757][670]LogInit: FAudioDevice initialized.
[2017.11.27-14.54.47:785][670]LogLoad: Game class is '2DSideScrollerGameMode_C'
[2017.11.27-14.54.47:790][670]LogWorld: Bringing World /Game/2DSideScrollerBP/Maps/UEDPIE_0_Caramuru2D.Caramuru2D up for play (max tick rate 0) at 2017.11.27-11.54.47
[2017.11.27-14.54.47:792][670]LogWorld: Bringing up level for play took: 0.005820
[2017.11.27-14.54.47:793][670]LogBlueprintUserMessages: [Character] SpreaderGun
[2017.11.27-14.54.47:793][670]PIE: Play in editor start time for /Game/2DSideScrollerBP/Maps/UEDPIE_0_Caramuru2D 0.66
[2017.11.27-14.54.47:793][670]LogBlueprintUserMessages: Late PlayInEditor Detection: Level '/Game/2DSideScrollerBP/Maps/Caramuru2D.Caramuru2D:PersistentLevel' has LevelScriptBlueprint '/Game/2DSideScrollerBP/Maps/Caramuru2D.Caramuru2D:PersistentLevel.Caramuru2D' with GeneratedClass '/Game/2DSideScrollerBP/Maps/Caramuru2D.Caramuru2D_C' with ClassGeneratedBy '/Game/2DSideScrollerBP/Maps/Caramuru2D.Caramuru2D:PersistentLevel.Caramuru2D'
[2017.11.27-14.54.50:937][ 46]Cmd: LevelEditor.ToggleImmersive
[2017.11.27-14.54.51:124][ 47]LogRenderer: Reallocating scene render targets to support 1240x640 Format 10 NumSamples 1 (Frame:378).
[2017.11.27-14.54.51:174][ 48]LogRenderer: Reallocating scene render targets to support 1360x728 Format 10 NumSamples 1 (Frame:380).
[2017.11.27-14.54.53:990][382]LogBlueprintUserMessages: Early EndPlayMap Detection: Level '/Game/2DSideScrollerBP/Maps/Caramuru2D.Caramuru2D:PersistentLevel' has LevelScriptBlueprint '/Game/2DSideScrollerBP/Maps/Caramuru2D.Caramuru2D:PersistentLevel.Caramuru2D' with GeneratedClass '/Game/2DSideScrollerBP/Maps/Caramuru2D.Caramuru2D_C' with ClassGeneratedBy '/Game/2DSideScrollerBP/Maps/Caramuru2D.Caramuru2D:PersistentLevel.Caramuru2D'
[2017.11.27-14.54.54:068][382]LogBlueprintUserMessages: Late EndPlayMap Detection: Level '/Game/2DSideScrollerBP/Maps/Caramuru2D.Caramuru2D:PersistentLevel' has LevelScriptBlueprint '/Game/2DSideScrollerBP/Maps/Caramuru2D.Caramuru2D:PersistentLevel.Caramuru2D' with GeneratedClass '/Game/2DSideScrollerBP/Maps/Caramuru2D.Caramuru2D_C' with ClassGeneratedBy '/Game/2DSideScrollerBP/Maps/Caramuru2D.Caramuru2D:PersistentLevel.Caramuru2D'
[2017.11.27-14.54.55:074][498]LogEditorViewport: Clicking on Actor (LMB): PaperSpriteActor (mountains_Sprite2)
[2017.11.27-14.54.57:579][767]LogEditorViewport: Clicking on Actor (LMB): PaperTileMapActor (TileMap_Test)
[2017.11.27-14.54.59:089][940]LogEditorViewport: Clicking on Actor (LMB): PaperSpriteActor (mountains_Sprite2)
[2017.11.27-14.55.00:064][ 51]LogEditorViewport: Clicking on Actor (LMB): PaperSpriteActor (mountains_Sprite2)
[2017.11.27-14.55.00:578][111]LogEditorViewport: Clicking on Actor (LMB): PaperTileMapActor (TileMap_Test)
[2017.11.27-14.55.07:635][940]LogTemp: Repeating last play command: Selected Viewport
[2017.11.27-14.55.07:671][940]LogBlueprintUserMessages: Early PlayInEditor Detection: Level '/Game/2DSideScrollerBP/Maps/Caramuru2D.Caramuru2D:PersistentLevel' has LevelScriptBlueprint '/Game/2DSideScrollerBP/Maps/Caramuru2D.Caramuru2D:PersistentLevel.Caramuru2D' with GeneratedClass '/Game/2DSideScrollerBP/Maps/Caramuru2D.Caramuru2D_C' with ClassGeneratedBy '/Game/2DSideScrollerBP/Maps/Caramuru2D.Caramuru2D:PersistentLevel.Caramuru2D'
[2017.11.27-14.55.07:671][940]LogPlayLevel: PlayLevel: No blueprints needed recompiling
[2017.11.27-14.55.07:671][940]PIE: New page: PIE session: Caramuru2D (Nov 27, 2017, 8:55:07 AM)
[2017.11.27-14.55.07:671][940]LogPlayLevel: Creating play world package: /Game/2DSideScrollerBP/Maps/UEDPIE_0_Caramuru2D
[2017.11.27-14.55.07:675][940]LogPlayLevel: PIE: StaticDuplicateObject took: (0.004214s)
[2017.11.27-14.55.07:676][940]LogAIModule: Creating AISystem for world Caramuru2D
[2017.11.27-14.55.07:676][940]LogPlayLevel: PIE: World Init took: (0.000669s)
[2017.11.27-14.55.07:676][940]LogPlayLevel: PIE: Created PIE world by copying editor world from /Game/2DSideScrollerBP/Maps/Caramuru2D.Caramuru2D to /Game/2DSideScrollerBP/Maps/UEDPIE_0_Caramuru2D.Caramuru2D (0.005095s)
[2017.11.27-14.55.07:691][940]LogInit: XAudio2 using 'Alto-falantes (2- Realtek High Definition Audio)' : 2 channels at 48 kHz using 32 bits per sample (channel mask 0x3)
[2017.11.27-14.55.07:698][940]LogInit: FAudioDevice initialized.
[2017.11.27-14.55.07:730][940]LogLoad: Game class is '2DSideScrollerGameMode_C'
[2017.11.27-14.55.07:735][940]LogWorld: Bringing World /Game/2DSideScrollerBP/Maps/UEDPIE_0_Caramuru2D.Caramuru2D up for play (max tick rate 0) at 2017.11.27-11.55.07
[2017.11.27-14.55.07:737][940]LogWorld: Bringing up level for play took: 0.005853
[2017.11.27-14.55.07:738][940]LogBlueprintUserMessages: [Character] SpreaderGun
[2017.11.27-14.55.07:738][940]PIE: Play in editor start time for /Game/2DSideScrollerBP/Maps/UEDPIE_0_Caramuru2D 0.605
[2017.11.27-14.55.07:739][940]LogBlueprintUserMessages: Late PlayInEditor Detection: Level '/Game/2DSideScrollerBP/Maps/Caramuru2D.Caramuru2D:PersistentLevel' has LevelScriptBlueprint '/Game/2DSideScrollerBP/Maps/Caramuru2D.Caramuru2D:PersistentLevel.Caramuru2D' with GeneratedClass '/Game/2DSideScrollerBP/Maps/Caramuru2D.Caramuru2D_C' with ClassGeneratedBy '/Game/2DSideScrollerBP/Maps/Caramuru2D.Caramuru2D:PersistentLevel.Caramuru2D'
[2017.11.27-14.55.09:174][111]Cmd: LevelEditor.ToggleImmersive
[2017.11.27-14.55.10:572][259]LogBlueprintUserMessages: Early EndPlayMap Detection: Level '/Game/2DSideScrollerBP/Maps/Caramuru2D.Caramuru2D:PersistentLevel' has LevelScriptBlueprint '/Game/2DSideScrollerBP/Maps/Caramuru2D.Caramuru2D:PersistentLevel.Caramuru2D' with GeneratedClass '/Game/2DSideScrollerBP/Maps/Caramuru2D.Caramuru2D_C' with ClassGeneratedBy '/Game/2DSideScrollerBP/Maps/Caramuru2D.Caramuru2D:PersistentLevel.Caramuru2D'
[2017.11.27-14.55.10:694][259]LogBlueprintUserMessages: Late EndPlayMap Detection: Level '/Game/2DSideScrollerBP/Maps/Caramuru2D.Caramuru2D:PersistentLevel' has LevelScriptBlueprint '/Game/2DSideScrollerBP/Maps/Caramuru2D.Caramuru2D:PersistentLevel.Caramuru2D' with GeneratedClass '/Game/2DSideScrollerBP/Maps/Caramuru2D.Caramuru2D_C' with ClassGeneratedBy '/Game/2DSideScrollerBP/Maps/Caramuru2D.Caramuru2D:PersistentLevel.Caramuru2D'
[2017.11.27-14.55.11:871][396]LogEditorViewport: Clicking on Actor (LMB): PaperTileMapActor (TileMap_Test)
[2017.11.27-14.55.19:194][257]LogEditorViewport: Clicking on Actor (LMB): Caramuru_C (Character)
[2017.11.27-14.55.31:316][647]LogTemp: Repeating last play command: Selected Viewport
[2017.11.27-14.55.31:352][647]LogBlueprintUserMessages: Early PlayInEditor Detection: Level '/Game/2DSideScrollerBP/Maps/Caramuru2D.Caramuru2D:PersistentLevel' has LevelScriptBlueprint '/Game/2DSideScrollerBP/Maps/Caramuru2D.Caramuru2D:PersistentLevel.Caramuru2D' with GeneratedClass '/Game/2DSideScrollerBP/Maps/Caramuru2D.Caramuru2D_C' with ClassGeneratedBy '/Game/2DSideScrollerBP/Maps/Caramuru2D.Caramuru2D:PersistentLevel.Caramuru2D'
[2017.11.27-14.55.31:352][647]LogPlayLevel: PlayLevel: No blueprints needed recompiling
[2017.11.27-14.55.31:352][647]PIE: New page: PIE session: Caramuru2D (Nov 27, 2017, 8:55:31 AM)
[2017.11.27-14.55.31:352][647]LogPlayLevel: Creating play world package: /Game/2DSideScrollerBP/Maps/UEDPIE_0_Caramuru2D
[2017.11.27-14.55.31:358][647]LogPlayLevel: PIE: StaticDuplicateObject took: (0.005269s)
[2017.11.27-14.55.31:358][647]LogAIModule: Creating AISystem for world Caramuru2D
[2017.11.27-14.55.31:358][647]LogPlayLevel: PIE: World Init took: (0.000738s)
[2017.11.27-14.55.31:359][647]LogPlayLevel: PIE: Created PIE world by copying editor world from /Game/2DSideScrollerBP/Maps/Caramuru2D.Caramuru2D to /Game/2DSideScrollerBP/Maps/UEDPIE_0_Caramuru2D.Caramuru2D (0.006258s)
[2017.11.27-14.55.31:401][647]LogInit: XAudio2 using 'Alto-falantes (2- Realtek High Definition Audio)' : 2 channels at 48 kHz using 32 bits per sample (channel mask 0x3)
[2017.11.27-14.55.31:408][647]LogInit: FAudioDevice initialized.
[2017.11.27-14.55.31:440][647]LogLoad: Game class is '2DSideScrollerGameMode_C'
[2017.11.27-14.55.31:445][647]LogWorld: Bringing World /Game/2DSideScrollerBP/Maps/UEDPIE_0_Caramuru2D.Caramuru2D up for play (max tick rate 0) at 2017.11.27-11.55.31
[2017.11.27-14.55.31:447][647]LogWorld: Bringing up level for play took: 0.005942
[2017.11.27-14.55.31:448][647]LogBlueprintUserMessages: [Character] SpreaderGun
[2017.11.27-14.55.31:448][647]PIE: Play in editor start time for /Game/2DSideScrollerBP/Maps/UEDPIE_0_Caramuru2D 0.315
[2017.11.27-14.55.31:449][647]LogBlueprintUserMessages: Late PlayInEditor Detection: Level '/Game/2DSideScrollerBP/Maps/Caramuru2D.Caramuru2D:PersistentLevel' has LevelScriptBlueprint '/Game/2DSideScrollerBP/Maps/Caramuru2D.Caramuru2D:PersistentLevel.Caramuru2D' with GeneratedClass '/Game/2DSideScrollerBP/Maps/Caramuru2D.Caramuru2D_C' with ClassGeneratedBy '/Game/2DSideScrollerBP/Maps/Caramuru2D.Caramuru2D:PersistentLevel.Caramuru2D'
[2017.11.27-14.55.31:891][699]Cmd: LevelEditor.ToggleImmersive
[2017.11.27-14.55.39:065][538]LogBlueprintUserMessages: Early EndPlayMap Detection: Level '/Game/2DSideScrollerBP/Maps/Caramuru2D.Caramuru2D:PersistentLevel' has LevelScriptBlueprint '/Game/2DSideScrollerBP/Maps/Caramuru2D.Caramuru2D:PersistentLevel.Caramuru2D' with GeneratedClass '/Game/2DSideScrollerBP/Maps/Caramuru2D.Caramuru2D_C' with ClassGeneratedBy '/Game/2DSideScrollerBP/Maps/Caramuru2D.Caramuru2D:PersistentLevel.Caramuru2D'
[2017.11.27-14.55.39:163][538]LogBlueprintUserMessages: Late EndPlayMap Detection: Level '/Game/2DSideScrollerBP/Maps/Caramuru2D.Caramuru2D:PersistentLevel' has LevelScriptBlueprint '/Game/2DSideScrollerBP/Maps/Caramuru2D.Caramuru2D:PersistentLevel.Caramuru2D' with GeneratedClass '/Game/2DSideScrollerBP/Maps/Caramuru2D.Caramuru2D_C' with ClassGeneratedBy '/Game/2DSideScrollerBP/Maps/Caramuru2D.Caramuru2D:PersistentLevel.Caramuru2D'
[2017.11.27-14.55.40:426][682]LogEditorViewport: Clicking on Actor (LMB): PaperTileMapActor (TileMap_Test)
[2017.11.27-14.55.45:553][276]LogEditorViewport: Clicking on Actor (LMB): Caramuru_C (Character)
[2017.11.27-14.55.52:762][ 88]LogTemp: Repeating last play command: Selected Viewport
[2017.11.27-14.55.52:798][ 88]LogBlueprintUserMessages: Early PlayInEditor Detection: Level '/Game/2DSideScrollerBP/Maps/Caramuru2D.Caramuru2D:PersistentLevel' has LevelScriptBlueprint '/Game/2DSideScrollerBP/Maps/Caramuru2D.Caramuru2D:PersistentLevel.Caramuru2D' with GeneratedClass '/Game/2DSideScrollerBP/Maps/Caramuru2D.Caramuru2D_C' with ClassGeneratedBy '/Game/2DSideScrollerBP/Maps/Caramuru2D.Caramuru2D:PersistentLevel.Caramuru2D'
[2017.11.27-14.55.52:798][ 88]LogPlayLevel: PlayLevel: No blueprints needed recompiling
[2017.11.27-14.55.52:798][ 88]PIE: New page: PIE session: Caramuru2D (Nov 27, 2017, 8:55:52 AM)
[2017.11.27-14.55.52:799][ 88]LogPlayLevel: Creating play world package: /Game/2DSideScrollerBP/Maps/UEDPIE_0_Caramuru2D
[2017.11.27-14.55.52:803][ 88]LogPlayLevel: PIE: StaticDuplicateObject took: (0.004957s)
[2017.11.27-14.55.52:804][ 88]LogAIModule: Creating AISystem for world Caramuru2D
[2017.11.27-14.55.52:804][ 88]LogPlayLevel: PIE: World Init took: (0.000781s)
[2017.11.27-14.55.52:804][ 88]LogPlayLevel: PIE: Created PIE world by copying editor world from /Game/2DSideScrollerBP/Maps/Caramuru2D.Caramuru2D to /Game/2DSideScrollerBP/Maps/UEDPIE_0_Caramuru2D.Caramuru2D (0.005999s)
[2017.11.27-14.55.52:848][ 88]LogInit: XAudio2 using 'Alto-falantes (2- Realtek High Definition Audio)' : 2 channels at 48 kHz using 32 bits per sample (channel mask 0x3)
[2017.11.27-14.55.52:855][ 88]LogInit: FAudioDevice initialized.
[2017.11.27-14.55.52:887][ 88]LogLoad: Game class is '2DSideScrollerGameMode_C'
[2017.11.27-14.55.52:892][ 88]LogWorld: Bringing World /Game/2DSideScrollerBP/Maps/UEDPIE_0_Caramuru2D.Caramuru2D up for play (max tick rate 0) at 2017.11.27-11.55.52
[2017.11.27-14.55.52:894][ 88]LogWorld: Bringing up level for play took: 0.005916
[2017.11.27-14.55.52:911][ 88]LogBlueprintUserMessages: [Character] SpreaderGun
[2017.11.27-14.55.52:911][ 88]PIE: Play in editor start time for /Game/2DSideScrollerBP/Maps/UEDPIE_0_Caramuru2D -0.222
[2017.11.27-14.55.52:912][ 88]LogBlueprintUserMessages: Late PlayInEditor Detection: Level '/Game/2DSideScrollerBP/Maps/Caramuru2D.Caramuru2D:PersistentLevel' has LevelScriptBlueprint '/Game/2DSideScrollerBP/Maps/Caramuru2D.Caramuru2D:PersistentLevel.Caramuru2D' with GeneratedClass '/Game/2DSideScrollerBP/Maps/Caramuru2D.Caramuru2D_C' with ClassGeneratedBy '/Game/2DSideScrollerBP/Maps/Caramuru2D.Caramuru2D:PersistentLevel.Caramuru2D'
[2017.11.27-14.55.53:338][138]Cmd: LevelEditor.ToggleImmersive
[2017.11.27-14.55.58:143][693]LogBlueprintUserMessages: Early EndPlayMap Detection: Level '/Game/2DSideScrollerBP/Maps/Caramuru2D.Caramuru2D:PersistentLevel' has LevelScriptBlueprint '/Game/2DSideScrollerBP/Maps/Caramuru2D.Caramuru2D:PersistentLevel.Caramuru2D' with GeneratedClass '/Game/2DSideScrollerBP/Maps/Caramuru2D.Caramuru2D_C' with ClassGeneratedBy '/Game/2DSideScrollerBP/Maps/Caramuru2D.Caramuru2D:PersistentLevel.Caramuru2D'
[2017.11.27-14.55.58:240][693]LogBlueprintUserMessages: Late EndPlayMap Detection: Level '/Game/2DSideScrollerBP/Maps/Caramuru2D.Caramuru2D:PersistentLevel' has LevelScriptBlueprint '/Game/2DSideScrollerBP/Maps/Caramuru2D.Caramuru2D:PersistentLevel.Caramuru2D' with GeneratedClass '/Game/2DSideScrollerBP/Maps/Caramuru2D.Caramuru2D_C' with ClassGeneratedBy '/Game/2DSideScrollerBP/Maps/Caramuru2D.Caramuru2D:PersistentLevel.Caramuru2D'
[2017.11.27-14.56.04:952][941]Cmd: QUIT_EDITOR
[2017.11.27-14.56.05:324][941]LogWindowsTextInputMethodSystem: Display: IME system now deactivated.
[2017.11.27-14.56.05:347][941]LogExit: Preparing to exit.
[2017.11.27-14.56.06:305][941]LogDirectoryWatcher: A directory notification for 'C:/Users/Marcelo/Documents/Unreal Projects/Caramuru2D 4.17/Content/' was aborted.
[2017.11.27-14.56.06:326][941]LogExit: Editor shut down
[2017.11.27-14.56.06:331][941]LogExit: Transaction tracking system shut down
[2017.11.27-14.56.06:487][941]LogDirectoryWatcher: A directory notification for '../../../Engine/Content/' was aborted.
[2017.11.27-14.56.06:488][941]LogDirectoryWatcher: A directory notification for '../../../../../../Users/Marcelo/Documents/Unreal Projects/Caramuru2D 4.17/Content/' was aborted.
[2017.11.27-14.56.06:488][941]LogDirectoryWatcher: A directory notification for '../../../Engine/Plugins/2D/Paper2D/Content/' was aborted.
[2017.11.27-14.56.06:488][941]LogDirectoryWatcher: A directory notification for '../../../Engine/Plugins/Runtime/Oculus/OculusVR/Content/' was aborted.
[2017.11.27-14.56.06:488][941]LogDirectoryWatcher: A directory notification for '../../../Engine/Plugins/Runtime/Steam/SteamVR/Content/' was aborted.
[2017.11.27-14.56.07:004][941]LogExit: Object subsystem successfully closed.
[2017.11.27-14.56.07:099][941]LogD3D11RHI: Shutdown
[2017.11.27-14.56.07:099][941]LogD3D11RHI: CleanupD3DDevice
[2017.11.27-14.56.07:207][941]LogD3D11RHI: ~FD3D11DynamicRHI
[2017.11.27-14.56.07:485][941]LogModuleManager: Shutting down and abandoning module TextureEditor (534)
[2017.11.27-14.56.07:486][941]LogModuleManager: Shutting down and abandoning module MovieSceneCapture (532)
[2017.11.27-14.56.07:486][941]LogModuleManager: Shutting down and abandoning module HierarchicalLODOutliner (530)
[2017.11.27-14.56.07:486][941]LogModuleManager: Shutting down and abandoning module SceneOutliner (528)
[2017.11.27-14.56.07:486][941]LogModuleManager: Shutting down and abandoning module AddContentDialog (526)
[2017.11.27-14.56.07:486][941]LogDirectoryWatcher: A directory notification for 'C:/Program Files/Epic Games/UE_4.17/FeaturePacks/' was aborted.
[2017.11.27-14.56.07:486][941]LogModuleManager: Shutting down and abandoning module WidgetCarousel (525)
[2017.11.27-14.56.07:487][941]LogModuleManager: Shutting down and abandoning module EditorWidgets (522)
[2017.11.27-14.56.07:487][941]LogModuleManager: Shutting down and abandoning module CollectionManager (520)
[2017.11.27-14.56.07:487][941]LogDirectoryWatcher: A directory notification for 'C:/Users/Marcelo/Documents/Unreal Projects/Caramuru2D 4.17/Content/Collections/' was aborted.
[2017.11.27-14.56.07:487][941]LogDirectoryWatcher: A directory notification for 'C:/Users/Marcelo/Documents/Unreal Projects/Caramuru2D 4.17/Content/Developers/Marcelo/Collections/' was aborted.
[2017.11.27-14.56.07:487][941]LogDirectoryWatcher: A directory notification for 'C:/Users/Marcelo/Documents/Unreal Projects/Caramuru2D 4.17/Saved/Collections/' was aborted.
[2017.11.27-14.56.07:487][941]LogModuleManager: Shutting down and abandoning module StatsViewer (518)
[2017.11.27-14.56.07:487][941]LogModuleManager: Shutting down and abandoning module FoliageEdit (516)
[2017.11.27-14.56.07:487][941]LogModuleManager: Shutting down and abandoning module LandscapeEditor (514)
[2017.11.27-14.56.07:495][941]LogModuleManager: Shutting down and abandoning module MeshPaintMode (512)
[2017.11.27-14.56.07:495][941]LogModuleManager: Shutting down and abandoning module SceneDepthPickerMode (510)
[2017.11.27-14.56.07:495][941]LogModuleManager: Shutting down and abandoning module ActorPickerMode (508)
[2017.11.27-14.56.07:495][941]LogModuleManager: Shutting down and abandoning module GeometryMode (506)
[2017.11.27-14.56.07:495][941]LogModuleManager: Shutting down and abandoning module TextureAlignMode (504)
[2017.11.27-14.56.07:495][941]LogModuleManager: Shutting down and abandoning module BspMode (502)
[2017.11.27-14.56.07:495][941]LogModuleManager: Shutting down and abandoning module PIEPreviewDeviceProfileSelector (500)
[2017.11.27-14.56.07:495][941]LogModuleManager: Shutting down and abandoning module HardwareSurvey (498)
[2017.11.27-14.56.07:495][941]LogModuleManager: Shutting down and abandoning module SequenceRecorderSections (496)
[2017.11.27-14.56.07:495][941]LogModuleManager: Shutting down and abandoning module AutomationWorker (494)
[2017.11.27-14.56.07:496][941]LogModuleManager: Shutting down and abandoning module MatineeToLevelSequence (492)
[2017.11.27-14.56.07:496][941]LogModuleManager: Shutting down and abandoning module LevelSequenceEditor (490)
[2017.11.27-14.56.07:503][941]LogModuleManager: Shutting down and abandoning module PlacementMode (489)
[2017.11.27-14.56.07:503][941]LogModuleManager: Shutting down and abandoning module WmfMediaFactory (486)
[2017.11.27-14.56.07:503][941]LogModuleManager: Shutting down and abandoning module WmfMediaEditor (484)
[2017.11.27-14.56.07:503][941]LogModuleManager: Shutting down and abandoning module AvfMediaFactory (482)
[2017.11.27-14.56.07:503][941]LogModuleManager: Shutting down and abandoning module AvfMediaEditor (480)
[2017.11.27-14.56.07:503][941]LogModuleManager: Shutting down and abandoning module AndroidMediaFactory (478)
[2017.11.27-14.56.07:503][941]LogModuleManager: Shutting down and abandoning module Media (477)
[2017.11.27-14.56.07:503][941]LogModuleManager: Shutting down and abandoning module AndroidMediaEditor (474)
[2017.11.27-14.56.07:503][941]LogModuleManager: Shutting down and abandoning module CharacterAI (472)
[2017.11.27-14.56.07:503][941]LogModuleManager: Shutting down and abandoning module AudioCapture (470)
[2017.11.27-14.56.07:503][941]LogModuleManager: Shutting down and abandoning module SequenceRecorder (469)
[2017.11.27-14.56.07:503][941]LogModuleManager: Shutting down and abandoning module SmartSnapping (466)
[2017.11.27-14.56.07:503][941]LogModuleManager: Shutting down and abandoning module SessionServices (464)
[2017.11.27-14.56.07:503][941]LogModuleManager: Shutting down and abandoning module ViewportSnapping (462)
[2017.11.27-14.56.07:503][941]LogModuleManager: Shutting down and abandoning module ViewportInteraction (460)
[2017.11.27-14.56.07:503][941]LogModuleManager: Shutting down and abandoning module ClothPainter (458)
[2017.11.27-14.56.07:514][941]LogModuleManager: Shutting down and abandoning module LogVisualizer (456)
[2017.11.27-14.56.07:514][941]LogModuleManager: Shutting down and abandoning module IntroTutorials (454)
[2017.11.27-14.56.07:515][941]LogModuleManager: Shutting down and abandoning module GameProjectGeneration (453)
[2017.11.27-14.56.07:522][941]LogModuleManager: Shutting down and abandoning module IOSPlatformEditor (450)
[2017.11.27-14.56.07:522][941]LogModuleManager: Shutting down and abandoning module HTML5PlatformEditor (448)
[2017.11.27-14.56.07:522][941]LogModuleManager: Shutting down and abandoning module AndroidPlatformEditor (446)
[2017.11.27-14.56.07:522][941]LogModuleManager: Shutting down and abandoning module AndroidDeviceDetection (445)
[2017.11.27-14.56.07:582][941]LogModuleManager: Shutting down and abandoning module WindowsPlatformEditor (442)
[2017.11.27-14.56.07:582][941]LogModuleManager: Shutting down and abandoning module IOSRuntimeSettings (440)
[2017.11.27-14.56.07:582][941]LogModuleManager: Shutting down and abandoning module AndroidRuntimeSettings (438)
[2017.11.27-14.56.07:582][941]LogModuleManager: Shutting down and abandoning module InputBindingEditor (436)
[2017.11.27-14.56.07:601][941]LogModuleManager: Shutting down and abandoning module MergeActors (434)
[2017.11.27-14.56.07:614][941]LogModuleManager: Shutting down and abandoning module SizeMap (432)
[2017.11.27-14.56.07:614][941]LogModuleManager: Shutting down and abandoning module TreeMap (430)
[2017.11.27-14.56.07:614][941]LogModuleManager: Shutting down and abandoning module ReferenceViewer (428)
[2017.11.27-14.56.07:614][941]LogModuleManager: Shutting down and abandoning module LocalizationDashboard (426)
[2017.11.27-14.56.07:621][941]LogModuleManager: Shutting down and abandoning module LocalizationService (425)
[2017.11.27-14.56.07:621][941]LogModuleManager: Shutting down and abandoning module HardwareTargeting (422)
[2017.11.27-14.56.07:621][941]LogModuleManager: Shutting down and abandoning module DeviceProfileEditor (420)
[2017.11.27-14.56.07:621][941]LogModuleManager: Shutting down and abandoning module UndoHistory (418)
[2017.11.27-14.56.07:621][941]LogModuleManager: Shutting down and abandoning module XmlParser (416)
[2017.11.27-14.56.07:621][941]LogModuleManager: Shutting down and abandoning module Blutility (414)
[2017.11.27-14.56.07:621][941]LogModuleManager: Shutting down and abandoning module ProjectSettingsViewer (412)
[2017.11.27-14.56.07:621][941]LogModuleManager: Shutting down and abandoning module ProjectTargetPlatformEditor (411)
[2017.11.27-14.56.07:621][941]LogModuleManager: Shutting down and abandoning module EditorSettingsViewer (408)
[2017.11.27-14.56.07:621][941]LogModuleManager: Shutting down and abandoning module SettingsEditor (406)
[2017.11.27-14.56.07:625][941]LogModuleManager: Shutting down and abandoning module ProjectLauncher (404)
[2017.11.27-14.56.07:632][941]LogModuleManager: Shutting down and abandoning module SessionFrontend (402)
[2017.11.27-14.56.07:632][941]LogModuleManager: Shutting down and abandoning module ProfilerClient (400)
[2017.11.27-14.56.07:645][941]LogModuleManager: Shutting down and abandoning module DeviceManager (398)
[2017.11.27-14.56.07:645][941]LogModuleManager: Shutting down and abandoning module TargetDeviceServices (397)
[2017.11.27-14.56.07:688][941]LogModuleManager: Shutting down and abandoning module AutomationController (394)
[2017.11.27-14.56.07:688][941]LogModuleManager: Shutting down and abandoning module AutomationWindow (392)
[2017.11.27-14.56.07:727][941]LogModuleManager: Shutting down and abandoning module Layers (390)
[2017.11.27-14.56.07:739][941]LogModuleManager: Shutting down and abandoning module ComponentVisualizers (388)
[2017.11.27-14.56.07:739][941]LogModuleManager: Shutting down and abandoning module DetailCustomizations (386)
[2017.11.27-14.56.07:739][941]LogModuleManager: Shutting down and abandoning module PackagesDialog (384)
[2017.11.27-14.56.07:739][941]LogModuleManager: Shutting down and abandoning module Persona (382)
[2017.11.27-14.56.07:760][941]LogModuleManager: Shutting down and abandoning module AdvancedPreviewScene (381)
[2017.11.27-14.56.07:760][941]LogModuleManager: Shutting down and abandoning module AnimGraph (379)
[2017.11.27-14.56.07:760][941]LogModuleManager: Shutting down and abandoning module Kismet (376)
[2017.11.27-14.56.07:761][941]LogModuleManager: Shutting down and abandoning module ClassViewer (374)
[2017.11.27-14.56.07:761][941]LogModuleManager: Shutting down and abandoning module Toolbox (372)
[2017.11.27-14.56.07:761][941]LogModuleManager: Shutting down and abandoning module ModuleUI (370)
[2017.11.27-14.56.07:798][941]LogModuleManager: Shutting down and abandoning module MovieSceneTools (368)
[2017.11.27-14.56.07:808][941]LogModuleManager: Shutting down and abandoning module OutputLog (366)
[2017.11.27-14.56.07:808][941]LogModuleManager: Shutting down and abandoning module GammaUI (364)
[2017.11.27-14.56.07:850][941]LogModuleManager: Shutting down and abandoning module Documentation (362)
[2017.11.27-14.56.07:850][941]LogModuleManager: Shutting down and abandoning module MovieSceneTracks (360)
[2017.11.27-14.56.07:858][941]LogModuleManager: Shutting down and abandoning module MovieScene (358)
[2017.11.27-14.56.07:858][941]LogModuleManager: Shutting down and abandoning module Niagara (356)
[2017.11.27-14.56.07:858][941]LogModuleManager: Shutting down and abandoning module NiagaraEditor (355)
[2017.11.27-14.56.07:868][941]LogModuleManager: Shutting down and abandoning module StreamingPauseRendering (352)
[2017.11.27-14.56.07:868][941]LogModuleManager: Shutting down and abandoning module LauncherPlatform (350)
[2017.11.27-14.56.07:868][941]LogModuleManager: Shutting down and abandoning module AnalyticsET (348)
[2017.11.27-14.56.07:868][941]LogModuleManager: Shutting down and abandoning module PortalServices (346)
[2017.11.27-14.56.07:868][941]LogModuleManager: Shutting down and abandoning module PortalRpc (344)
[2017.11.27-14.56.07:868][941]LogModuleManager: Shutting down and abandoning module MessagingRpc (342)
[2017.11.27-14.56.07:868][941]LogModuleManager: Shutting down and abandoning module AIModule (340)
[2017.11.27-14.56.07:868][941]LogModuleManager: Shutting down and abandoning module GameplayDebugger (339)
[2017.11.27-14.56.07:868][941]LogModuleManager: Shutting down and abandoning module AITestSuite (337)
[2017.11.27-14.56.07:868][941]LogModuleManager: Shutting down and abandoning module ProfilerService (334)
[2017.11.27-14.56.08:092][941]LogModuleManager: Shutting down and abandoning module TaskGraph (332)
[2017.11.27-14.56.08:111][941]LogModuleManager: Shutting down and abandoning module SteamVRController (330)
[2017.11.27-14.56.08:111][941]LogModuleManager: Shutting down and abandoning module ProceduralMeshComponentEditor (328)
[2017.11.27-14.56.08:111][941]LogModuleManager: Shutting down and abandoning module ProceduralMeshComponent (326)
[2017.11.27-14.56.08:111][941]LogModuleManager: Shutting down and abandoning module OculusInput (324)
[2017.11.27-14.56.08:111][941]LogModuleManager: Shutting down and abandoning module MobilePatchingUtils (322)
[2017.11.27-14.56.08:111][941]LogModuleManager: Shutting down and abandoning module CustomMeshComponent (320)
[2017.11.27-14.56.08:111][941]LogModuleManager: Shutting down and abandoning module CableComponent (318)
[2017.11.27-14.56.08:111][941]LogModuleManager: Shutting down and abandoning module ArchVisCharacter (316)
[2017.11.27-14.56.08:111][941]LogModuleManager: Shutting down and abandoning module AndroidPermission (314)
[2017.11.27-14.56.08:111][941]LogModuleManager: Shutting down and abandoning module MediaPlayerEditor (310)
[2017.11.27-14.56.08:111][941]LogModuleManager: Shutting down and abandoning module HTML5Networking (308)
[2017.11.27-14.56.08:111][941]LogModuleManager: Shutting down and abandoning module AlembicImporter (306)
[2017.11.27-14.56.08:119][941]LogModuleManager: Shutting down and abandoning module AlembicLibrary (305)
[2017.11.27-14.56.08:119][941]LogModuleManager: Shutting down and abandoning module GeometryCache (304)
[2017.11.27-14.56.08:119][941]LogModuleManager: Shutting down and abandoning module GeometryCacheEd (303)
[2017.11.27-14.56.08:119][941]LogModuleManager: Shutting down and abandoning module SpeedTreeImporter (298)
[2017.11.27-14.56.08:119][941]LogModuleManager: Shutting down and abandoning module PluginBrowser (296)
[2017.11.27-14.56.08:127][941]LogModuleManager: Shutting down and abandoning module MobileLauncherProfileWizard (294)
[2017.11.27-14.56.08:141][941]LogModuleManager: Shutting down and abandoning module VisualStudioSourceCodeAccess (292)
[2017.11.27-14.56.08:141][941]LogModuleManager: Shutting down and abandoning module DesktopPlatform (291)
[2017.11.27-14.56.08:141][941]LogModuleManager: Shutting down and abandoning module UObjectPlugin (288)
[2017.11.27-14.56.08:141][941]LogModuleManager: Shutting down and abandoning module SubversionSourceControl (286)
[2017.11.27-14.56.08:141][941]LogModuleManager: Shutting down and abandoning module PerforceSourceControl (284)
[2017.11.27-14.56.08:141][941]LogModuleManager: Shutting down and abandoning module GitSourceControl (282)
[2017.11.27-14.56.08:141][941]LogModuleManager: Shutting down and abandoning module SourceControl (281)
[2017.11.27-14.56.08:141][941]LogModuleManager: Shutting down and abandoning module LightPropagationVolumeEditor (278)
[2017.11.27-14.56.08:141][941]LogModuleManager: Shutting down and abandoning module PaperTiledImporter (276)
[2017.11.27-14.56.08:141][941]LogModuleManager: Shutting down and abandoning module PaperSpriteSheetImporter (274)
[2017.11.27-14.56.08:141][941]LogModuleManager: Shutting down and abandoning module Paper2DEditor (272)
[2017.11.27-14.56.08:141][941]LogModuleManager: Shutting down and abandoning module MeshPaint (271)
[2017.11.27-14.56.08:141][941]LogModuleManager: Shutting down and abandoning module LevelEditor (269)
[2017.11.27-14.56.08:141][941]LogModuleManager: Shutting down and abandoning module PixelInspectorModule (268)
[2017.11.27-14.56.08:141][941]LogModuleManager: Shutting down and abandoning module MainFrame (266)
[2017.11.27-14.56.08:141][941]LogModuleManager: Shutting down and abandoning module HotReload (265)
[2017.11.27-14.56.08:141][941]LogModuleManager: Shutting down and abandoning module RuntimePhysXCooking (260)
[2017.11.27-14.56.08:142][941]LogModuleManager: Shutting down and abandoning module PhysXVehiclesEditor (258)
[2017.11.27-14.56.08:142][941]LogModuleManager: Shutting down and abandoning module PhysXVehicles (256)
[2017.11.27-14.56.08:142][941]LogModuleManager: Shutting down and abandoning module OculusEditor (254)
[2017.11.27-14.56.08:142][941]LogModuleManager: Shutting down and abandoning module LocationServicesBPLibrary (252)
[2017.11.27-14.56.08:142][941]LogModuleManager: Shutting down and abandoning module ImmediatePhysicsEditor (250)
[2017.11.27-14.56.08:142][941]LogModuleManager: Shutting down and abandoning module ImmediatePhysics (248)
[2017.11.27-14.56.08:142][941]LogModuleManager: Shutting down and abandoning module UdpMessaging (246)
[2017.11.27-14.56.08:243][941]LogModuleManager: Shutting down and abandoning module TcpMessaging (244)
[2017.11.27-14.56.08:343][941]LogModuleManager: Shutting down and abandoning module GameplayTagsEditor (242)
[2017.11.27-14.56.08:356][941]LogModuleManager: Shutting down and abandoning module FacialAnimationEditor (240)
[2017.11.27-14.56.08:356][941]LogModuleManager: Shutting down and abandoning module FacialAnimation (238)
[2017.11.27-14.56.08:356][941]LogModuleManager: Shutting down and abandoning module AssetManagerEditor (236)
[2017.11.27-14.56.08:356][941]LogModuleManager: Shutting down and abandoning module GraphEditor (235)
[2017.11.27-14.56.08:383][941]LogModuleManager: Shutting down and abandoning module ContentBrowser (233)
[2017.11.27-14.56.08:384][941]LogModuleManager: Shutting down and abandoning module LightPropagationVolumeRuntime (230)
[2017.11.27-14.56.08:384][941]LogModuleManager: Shutting down and abandoning module Paper2D (228)
[2017.11.27-14.56.08:384][941]LogModuleManager: Shutting down and abandoning module WindowsMoviePlayer (226)
[2017.11.27-14.56.08:384][941]LogModuleManager: Shutting down and abandoning module WmfMedia (224)
[2017.11.27-14.56.08:399][941]LogModuleManager: Shutting down and abandoning module PacketHandler (222)
[2017.11.27-14.56.08:399][941]LogModuleManager: Shutting down and abandoning module ClothingSystemEditor (220)
[2017.11.27-14.56.08:399][941]LogModuleManager: Shutting down and abandoning module ClothingSystemRuntime (218)
[2017.11.27-14.56.08:409][941]LogModuleManager: Shutting down and abandoning module Overlay (216)
[2017.11.27-14.56.08:409][941]LogModuleManager: Shutting down and abandoning module OverlayEditor (215)
[2017.11.27-14.56.08:409][941]LogModuleManager: Shutting down and abandoning module MediaAssets (212)
[2017.11.27-14.56.08:409][941]LogModuleManager: Shutting down and abandoning module VREditor (210)
[2017.11.27-14.56.08:420][941]LogModuleManager: Shutting down and abandoning module StringTableEditor (208)
[2017.11.27-14.56.08:420][941]LogModuleManager: Shutting down and abandoning module GameplayTasksEditor (206)
[2017.11.27-14.56.08:420][941]LogModuleManager: Shutting down and abandoning module BehaviorTreeEditor (204)
[2017.11.27-14.56.08:438][941]LogModuleManager: Shutting down and abandoning module FunctionalTesting (202)
[2017.11.27-14.56.08:438][941]LogModuleManager: Shutting down and abandoning module CollisionAnalyzer (200)
[2017.11.27-14.56.08:438][941]LogModuleManager: Shutting down and abandoning module WorkspaceMenuStructure (199)
[2017.11.27-14.56.08:439][941]LogModuleManager: Shutting down and abandoning module UMG (196)
[2017.11.27-14.56.08:439][941]LogModuleManager: Shutting down and abandoning module UMGEditor (195)
[2017.11.27-14.56.08:448][941]LogModuleManager: Shutting down and abandoning module Sequencer (194)
[2017.11.27-14.56.08:454][941]LogModuleManager: Shutting down and abandoning module MessageLog (191)
[2017.11.27-14.56.08:454][941]LogModuleManager: Shutting down and abandoning module SlateReflector (186)
[2017.11.27-14.56.08:464][941]LogModuleManager: Shutting down and abandoning module Slate (184)
[2017.11.27-14.56.08:464][941]LogModuleManager: Shutting down and abandoning module EditorStyle (182)
[2017.11.27-14.56.08:466][941]LogModuleManager: Shutting down and abandoning module MRMesh (180)
[2017.11.27-14.56.08:467][941]LogModuleManager: Shutting down and abandoning module SourceCodeAccess (178)
[2017.11.27-14.56.08:467][941]LogModuleManager: Shutting down and abandoning module HeadMountedDisplay (176)
[2017.11.27-14.56.08:467][941]LogModuleManager: Shutting down and abandoning module XAudio2 (174)
[2017.11.27-14.56.08:467][941]LogModuleManager: Shutting down and abandoning module Networking (172)
[2017.11.27-14.56.08:467][941]LogModuleManager: Shutting down and abandoning module Core (168)
[2017.11.27-14.56.08:467][941]LogModuleManager: Shutting down and abandoning module KismetCompiler (164)
[2017.11.27-14.56.08:467][941]LogModuleManager: Shutting down and abandoning module LevelSequence (162)
[2017.11.27-14.56.08:467][941]LogModuleManager: Shutting down and abandoning module MeshUtilities (160)
[2017.11.27-14.56.08:479][941]LogModuleManager: Shutting down and abandoning module MeshMergeUtilities (159)
[2017.11.27-14.56.08:485][941]LogModuleManager: Shutting down and abandoning module MeshReductionInterface (158)
[2017.11.27-14.56.08:485][941]LogModuleManager: Shutting down and abandoning module SimplygonSwarm (157)
[2017.11.27-14.56.08:495][941]LogModuleManager: Shutting down and abandoning module SimplygonMeshReduction (155)
[2017.11.27-14.56.08:495][941]LogModuleManager: Shutting down and abandoning module QuadricMeshReduction (153)
[2017.11.27-14.56.08:495][941]LogModuleManager: Shutting down and abandoning module MaterialBaking (149)
[2017.11.27-14.56.08:495][941]LogModuleManager: Shutting down and abandoning module DirectoryWatcher (146)
[2017.11.27-14.56.08:505][941]LogModuleManager: Shutting down and abandoning module DerivedDataCache (144)
[2017.11.27-14.56.08:551][941]LogDerivedDataCache: Shutdown
[2017.11.27-14.56.08:551][941]LogModuleManager: Shutting down and abandoning module TargetPlatform (142)
[2017.11.27-14.56.08:551][941]LogModuleManager: Shutting down and abandoning module VulkanShaderFormat (141)
[2017.11.27-14.56.08:551][941]LogModuleManager: Shutting down and abandoning module ShaderFormatVectorVM (139)
[2017.11.27-14.56.08:561][941]LogModuleManager: Shutting down and abandoning module ShaderFormatOpenGL (137)
[2017.11.27-14.56.08:568][941]LogModuleManager: Shutting down and abandoning module ShaderFormatD3D (135)
[2017.11.27-14.56.08:568][941]LogModuleManager: Shutting down and abandoning module MetalShaderFormat (133)
[2017.11.27-14.56.08:581][941]LogModuleManager: Shutting down and abandoning module TextureFormatUncompressed (131)
[2017.11.27-14.56.08:581][941]LogModuleManager: Shutting down and abandoning module TextureFormatPVR (129)
[2017.11.27-14.56.08:581][941]LogModuleManager: Shutting down and abandoning module TextureFormatDXT (127)
[2017.11.27-14.56.08:581][941]LogModuleManager: Shutting down and abandoning module TextureFormatIntelISPCTexComp (125)
[2017.11.27-14.56.08:582][941]LogModuleManager: Shutting down and abandoning module TextureFormatASTC (123)
[2017.11.27-14.56.08:582][941]LogModuleManager: Shutting down and abandoning module ImageWrapper (122)
[2017.11.27-14.56.08:582][941]LogModuleManager: Shutting down and abandoning module TextureFormatAndroid (119)
[2017.11.27-14.56.08:582][941]LogModuleManager: Shutting down and abandoning module AudioFormatOpus (117)
[2017.11.27-14.56.08:582][941]LogModuleManager: Shutting down and abandoning module AudioFormatOgg (115)
[2017.11.27-14.56.08:582][941]LogModuleManager: Shutting down and abandoning module AudioFormatADPCM (113)
[2017.11.27-14.56.08:582][941]LogModuleManager: Shutting down and abandoning module LinuxTargetPlatform (111)
[2017.11.27-14.56.08:582][941]LogModuleManager: Shutting down and abandoning module LinuxServerTargetPlatform (109)
[2017.11.27-14.56.08:582][941]LogModuleManager: Shutting down and abandoning module LinuxNoEditorTargetPlatform (107)
[2017.11.27-14.56.08:582][941]LogModuleManager: Shutting down and abandoning module LinuxClientTargetPlatform (105)
[2017.11.27-14.56.08:582][941]LogModuleManager: Shutting down and abandoning module TVOSTargetPlatform (103)
[2017.11.27-14.56.08:582][941]LogModuleManager: Shutting down and abandoning module Messaging (101)
[2017.11.27-14.56.08:582][941]LogModuleManager: Shutting down and abandoning module IOSTargetPlatform (99)
[2017.11.27-14.56.08:582][941]LogModuleManager: Shutting down and abandoning module HTML5TargetPlatform (97)
[2017.11.27-14.56.08:582][941]LogModuleManager: Shutting down and abandoning module Android_PVRTCTargetPlatform (95)
[2017.11.27-14.56.08:582][941]LogModuleManager: Shutting down and abandoning module Android_MultiTargetPlatform (93)
[2017.11.27-14.56.08:582][941]LogModuleManager: Shutting down and abandoning module Android_ETC2TargetPlatform (91)
[2017.11.27-14.56.08:582][941]LogModuleManager: Shutting down and abandoning module Android_ETC1TargetPlatform (89)
[2017.11.27-14.56.08:582][941]LogModuleManager: Shutting down and abandoning module Android_DXTTargetPlatform (87)
[2017.11.27-14.56.08:582][941]LogModuleManager: Shutting down and abandoning module Android_ATCTargetPlatform (85)
[2017.11.27-14.56.08:582][941]LogModuleManager: Shutting down and abandoning module Android_ASTCTargetPlatform (83)
[2017.11.27-14.56.08:582][941]LogModuleManager: Shutting down and abandoning module AndroidTargetPlatform (81)
[2017.11.27-14.56.08:582][941]LogModuleManager: Shutting down and abandoning module WindowsTargetPlatform (79)
[2017.11.27-14.56.08:582][941]LogModuleManager: Shutting down and abandoning module WindowsServerTargetPlatform (77)
[2017.11.27-14.56.08:582][941]LogModuleManager: Shutting down and abandoning module WindowsNoEditorTargetPlatform (75)
[2017.11.27-14.56.08:582][941]LogModuleManager: Shutting down and abandoning module WindowsClientTargetPlatform (73)
[2017.11.27-14.56.08:582][941]LogModuleManager: Shutting down and abandoning module MacTargetPlatform (71)
[2017.11.27-14.56.08:582][941]LogModuleManager: Shutting down and abandoning module MacServerTargetPlatform (69)
[2017.11.27-14.56.08:582][941]LogModuleManager: Shutting down and abandoning module MacNoEditorTargetPlatform (67)
[2017.11.27-14.56.08:582][941]LogModuleManager: Shutting down and abandoning module MacClientTargetPlatform (65)
[2017.11.27-14.56.08:582][941]LogModuleManager: Shutting down and abandoning module AllDesktopTargetPlatform (63)
[2017.11.27-14.56.08:582][941]LogModuleManager: Shutting down and abandoning module InputCore (60)
[2017.11.27-14.56.08:582][941]LogModuleManager: Shutting down and abandoning module Settings (58)
[2017.11.27-14.56.08:582][941]LogModuleManager: Shutting down and abandoning module PhysXCooking (56)
[2017.11.27-14.56.08:582][941]LogModuleManager: Shutting down and abandoning module SteamVR (54)
[2017.11.27-14.56.08:582][941]LogModuleManager: Shutting down and abandoning module OculusHMD (52)
[2017.11.27-14.56.08:582][941]LogModuleManager: Shutting down and abandoning module ExampleDeviceProfileSelector (50)
[2017.11.27-14.56.08:582][941]LogModuleManager: Shutting down and abandoning module OnlineBlueprintSupport (48)
[2017.11.27-14.56.08:582][941]LogModuleManager: Shutting down and abandoning module OnlineSubsystem (44)
[2017.11.27-14.56.08:582][941]LogOnline: Display: Unloading online subsystem: NULL
[2017.11.27-14.56.08:606][941]LogModuleManager: Shutting down and abandoning module XMPP (43)
[2017.11.27-14.56.08:625][941]LogModuleManager: Shutting down and abandoning module HTTP (41)
[2017.11.27-14.56.08:625][941]LogHttp: Display: Http module shutting down, but needs to wait on 1 outstanding Http requests:
[2017.11.27-14.56.08:625][941]LogHttp: Display: 	verb=[POST] url=[https://datarouter.ol.epicgames.com/datarouter/api/v1/public/data?SessionID=%7B12C18D0E-4F86-C44A-023C-FEB435DAE1E0%7D&AppID=UEEditor.Rocket.Release&AppVersion=4.17.2-3658906%2B%2B%2BUE4%2BRelease-4.17&UserID=0cdc46354752a0eab9852f856d7117e8%7C15cca6e6937c4713820d7aa9ac75edf7%7C47e4ea8b-fce0-40e0-83d0-fc5cc9b7dace&AppEnvironment=datacollector-binary&UploadType=eteventstream] status=Processing
[2017.11.27-14.56.08:633][941]LogModuleManager: Shutting down and abandoning module SSL (40)
[2017.11.27-14.56.08:634][941]LogModuleManager: Shutting down and abandoning module AnimationModifiers (36)
[2017.11.27-14.56.08:634][941]LogModuleManager: Shutting down and abandoning module PropertyEditor (35)
[2017.11.27-14.56.08:634][941]LogModuleManager: Shutting down and abandoning module AudioEditor (32)
[2017.11.27-14.56.08:634][941]LogModuleManager: Shutting down and abandoning module TextureCompressor (30)
[2017.11.27-14.56.08:634][941]LogModuleManager: Shutting down and abandoning module ShaderCore (28)
[2017.11.27-14.56.08:634][941]LogModuleManager: Shutting down and abandoning module Landscape (26)
[2017.11.27-14.56.08:634][941]LogModuleManager: Shutting down and abandoning module SlateRHIRenderer (24)
[2017.11.27-14.56.08:644][941]LogModuleManager: Shutting down and abandoning module OpenGLDrv (22)
[2017.11.27-14.56.08:652][941]LogModuleManager: Shutting down and abandoning module D3D11RHI (20)
[2017.11.27-14.56.08:652][941]LogModuleManager: Shutting down and abandoning module AnimGraphRuntime (18)
[2017.11.27-14.56.08:652][941]LogModuleManager: Shutting down and abandoning module Renderer (16)
[2017.11.27-14.56.08:652][941]LogModuleManager: Shutting down and abandoning module Engine (14)
[2017.11.27-14.56.08:652][941]LogModuleManager: Shutting down and abandoning module CoreUObject (12)
[2017.11.27-14.56.08:652][941]LogModuleManager: Shutting down and abandoning module NetworkFile (10)
[2017.11.27-14.56.08:652][941]LogModuleManager: Shutting down and abandoning module CookedIterativeFile (8)
[2017.11.27-14.56.08:652][941]LogModuleManager: Shutting down and abandoning module StreamingFile (6)
[2017.11.27-14.56.08:652][941]LogModuleManager: Shutting down and abandoning module SandboxFile (4)
[2017.11.27-14.56.08:652][941]LogModuleManager: Shutting down and abandoning module PakFile (2)
[2017.11.27-14.56.08:655][941]LogExit: Exiting.
[2017.11.27-14.56.08:686][941]Log file closed, 11/27/17 11:56:08
