Log file open, 11/21/17 15:06:30
LogWindows: Failed to load 'aqProf.dll' (GetLastError=126)
LogWindows: File 'aqProf.dll' does not exist
LogWindows: Failed to load 'VSPerf140.dll' (GetLastError=126)
LogWindows: File 'VSPerf140.dll' does not exist
LogWindows: Failed to load 'VtuneApi.dll' (GetLastError=126)
LogWindows: File 'VtuneApi.dll' does not exist
LogWindows: Failed to load 'VtuneApi32e.dll' (GetLastError=126)
LogWindows: File 'VtuneApi32e.dll' does not exist
LogInit: Display: Running engine for game: Caramuru2D
LogPlatformFile: Not using cached read wrapper
LogInit: Display: RandInit(764542863) SRandInit(764542863).
LogTaskGraph: Started task graph with 5 named threads and 14 total threads with 3 sets of task threads.
LogStats: Stats thread started at 0.168387
LogD3D11RHI: Aftermath initialized
LogPluginManager: Mounting plugin Paper2D
LogPluginManager: Mounting plugin LightPropagationVolume
LogPluginManager: Mounting plugin CodeLiteSourceCodeAccess
LogPluginManager: Mounting plugin GitSourceControl
LogPluginManager: Mounting plugin KDevelopSourceCodeAccess
LogPluginManager: Mounting plugin NullSourceCodeAccess
LogPluginManager: Mounting plugin PerforceSourceControl
LogPluginManager: Mounting plugin SubversionSourceControl
LogPluginManager: Mounting plugin UObjectPlugin
LogPluginManager: Mounting plugin VisualStudioSourceCodeAccess
LogPluginManager: Mounting plugin XCodeSourceCodeAccess
LogPluginManager: Mounting plugin AssetManagerEditor
LogPluginManager: Mounting plugin AudioCapture
LogPluginManager: Mounting plugin FacialAnimation
LogPluginManager: Mounting plugin GameplayTagsEditor
LogPluginManager: Mounting plugin MobileLauncherProfileWizard
LogPluginManager: Mounting plugin PluginBrowser
LogPluginManager: Mounting plugin SpeedTreeImporter
LogPluginManager: Mounting plugin AlembicImporter
LogPluginManager: Mounting plugin CharacterAI
LogPluginManager: Mounting plugin HTML5Networking
LogPluginManager: Mounting plugin AndroidMedia
LogPluginManager: Mounting plugin AvfMedia
LogPluginManager: Mounting plugin MediaPlayerEditor
LogPluginManager: Mounting plugin WmfMedia
LogPluginManager: Mounting plugin TcpMessaging
LogPluginManager: Mounting plugin UdpMessaging
LogPluginManager: Mounting plugin LevelSequenceEditor
LogPluginManager: Mounting plugin MatineeToLevelSequence
LogPluginManager: Mounting plugin OnlineSubsystemGooglePlay
LogPluginManager: Mounting plugin OnlineSubsystemIOS
LogPluginManager: Mounting plugin OnlineSubsystem
LogPluginManager: Mounting plugin OnlineSubsystemNull
LogPluginManager: Mounting plugin OnlineSubsystemUtils
LogPluginManager: Mounting plugin AndroidDeviceProfileSelector
LogPluginManager: Mounting plugin AndroidMoviePlayer
LogPluginManager: Mounting plugin AndroidPermission
LogPluginManager: Mounting plugin AppleMoviePlayer
LogPluginManager: Mounting plugin ArchVisCharacter
LogPluginManager: Mounting plugin CableComponent
LogPluginManager: Mounting plugin CustomMeshComponent
LogPluginManager: Mounting plugin ExampleDeviceProfileSelector
LogPluginManager: Mounting plugin GoogleCloudMessaging
LogPluginManager: Mounting plugin ImmediatePhysics
LogPluginManager: Mounting plugin IOSDeviceProfileSelector
LogPluginManager: Mounting plugin LinuxDeviceProfileSelector
LogPluginManager: Mounting plugin LocationServicesBPLibrary
LogPluginManager: Mounting plugin MobilePatchingUtils
LogPluginManager: Mounting plugin OculusVR
LogPluginManager: Mounting plugin PhysXVehicles
LogPluginManager: Mounting plugin ProceduralMeshComponent
LogPluginManager: Mounting plugin RuntimePhysXCooking
LogPluginManager: Mounting plugin SteamVR
LogPluginManager: Mounting plugin WindowsMoviePlayer
LogInit: Using libcurl 7.47.1
LogInit:  - built for x86_64-pc-win32
LogInit:  - supports SSL with OpenSSL/1.0.2g
LogInit:  - supports HTTP deflate (compression) using libz 1.2.8
LogInit:  - other features:
LogInit:      CURL_VERSION_SSL
LogInit:      CURL_VERSION_LIBZ
LogInit:      CURL_VERSION_IPV6
LogInit:      CURL_VERSION_ASYNCHDNS
LogInit:      CURL_VERSION_LARGEFILE
LogInit:      CURL_VERSION_IDN
LogInit:  CurlRequestOptions (configurable via config and command line):
LogInit:  - bVerifyPeer = false  - Libcurl will NOT verify peer certificate
LogInit:  - bUseHttpProxy = false  - Libcurl will NOT use HTTP proxy
LogInit:  - bDontReuseConnections = false  - Libcurl will reuse connections
LogInit:  - CertBundlePath = nullptr  - Libcurl will use whatever was configured at build time.
LogInit: Build: ++UE4+Release-4.17-CL-3658906
LogInit: Engine Version: 4.17.2-3658906+++UE4+Release-4.17
LogInit: Compatible Engine Version: 4.17.0-3573198+++UE4+Release-4.17
LogInit: Net CL: 3573198
LogDevObjectVersion: Number of dev versions registered: 16
LogDevObjectVersion:   Dev-Blueprints (B0D832E4-1F89-4F0D-ACCF-7EB736FD4AA2): 10
LogDevObjectVersion:   Dev-Build (E1C64328-A22C-4D53-A36C-8E866417BD8C): 0
LogDevObjectVersion:   Dev-Core (375EC13C-06E4-48FB-B500-84F0262A717E): 2
LogDevObjectVersion:   Dev-Editor (E4B068ED-F494-42E9-A231-DA0B2E46BB41): 20
LogDevObjectVersion:   Dev-Framework (CFFC743F-43B0-4480-9391-14DF171D2073): 28
LogDevObjectVersion:   Dev-Mobile (B02B49B5-BB20-44E9-A304-32B752E40360): 0
LogDevObjectVersion:   Dev-Networking (A4E4105C-59A1-49B5-A7C5-40C4547EDFEE): 0
LogDevObjectVersion:   Dev-Online (39C831C9-5AE6-47DC-9A44-9C173E1C8E7C): 0
LogDevObjectVersion:   Dev-Physics (78F01B33-EBEA-4F98-B9B4-84EACCB95AA2): 0
LogDevObjectVersion:   Dev-Platform (6631380F-2D4D-43E0-8009-CF276956A95A): 0
LogDevObjectVersion:   Dev-Rendering (12F88B9F-8875-4AFC-A67C-D90C383ABD29): 19
LogDevObjectVersion:   Dev-Sequencer (7B5AE74C-D270-4C10-A958-57980B212A5A): 4
LogDevObjectVersion:   Dev-VR (D7296918-1DD6-4BDD-9DE2-64A83CC13884): 0
LogDevObjectVersion:   Dev-LoadTimes (C2A15278-BFE7-4AFE-6C17-90FF531DF755): 1
LogDevObjectVersion:   Private-Geometry (6EACA3D4-40EC-4CC1-B786-8BED09428FC5): 1
LogDevObjectVersion:   Dev-AnimPhys (29E575DD-E0A3-4627-9D10-D276232CDCEA): 7
LogInit: Compiled (64-bit): Sep 22 2017 13:47:16
LogInit: Compiled with Visual C++: 19.00.24215.01
LogInit: Build Configuration: Development
LogInit: Branch Name: ++UE4+Release-4.17
LogInit: Command line:  
LogInit: Base directory: C:/Program Files/Epic Games/UE_4.17/Engine/Binaries/Win64/
LogInit: Installed Engine Build: 1
LogInit: Presizing for max 8388607 objects, including 0 objects not considered by GC, pre-allocating 0 bytes for permanent pool.
LogInit: Object subsystem initialized
[2017.11.21-18.06.31:217][  0]LogInit: Selected Device Profile: [Windows]
[2017.11.21-18.06.31:217][  0]LogInit: Applying CVar settings loaded from the selected device profile: [Windows]
[2017.11.21-18.06.31:325][  0]LogInit: Computer: MARCELOM
[2017.11.21-18.06.31:325][  0]LogInit: User: Marcelo
[2017.11.21-18.06.31:325][  0]LogInit: CPU Page size=4096, Cores=4
[2017.11.21-18.06.31:325][  0]LogInit: High frequency timer resolution =3.020346 MHz
[2017.11.21-18.06.31:326][  0]LogMemory: Memory total: Physical=7.9GB (8GB approx)
[2017.11.21-18.06.31:326][  0]LogMemory: Platform Memory Stats for Windows
[2017.11.21-18.06.31:326][  0]LogMemory: Process Physical Memory: 276.92 MB used, 276.92 MB peak
[2017.11.21-18.06.31:326][  0]LogMemory: Process Virtual Memory: 289.96 MB used, 289.96 MB peak
[2017.11.21-18.06.31:326][  0]LogMemory: Physical Memory: 4186.79 MB used,  3943.06 MB free, 8129.85 MB total
[2017.11.21-18.06.31:326][  0]LogMemory: Virtual Memory: 663.34 MB used,  3943.06 MB free, 134217728.00 MB total
[2017.11.21-18.06.31:455][  0]LogInit: Overriding language with editor language configuration option (en).
[2017.11.21-18.06.31:455][  0]LogInit: Overriding locale with editor locale configuration option (en).
[2017.11.21-18.06.35:642][  0]LogD3D11RHI: D3D11 adapters:
[2017.11.21-18.06.35:677][  0]LogD3D11RHI:    0. 'NVIDIA GeForce GTX 1050 Ti' (Feature Level 11_0)
[2017.11.21-18.06.35:677][  0]LogD3D11RHI:       3992/0/4064 MB DedicatedVideo/DedicatedSystem/SharedSystem, Outputs:1, VendorId:0x10de
[2017.11.21-18.06.35:678][  0]LogD3D11RHI:    1. 'Microsoft Basic Render Driver' (Feature Level 11_0)
[2017.11.21-18.06.35:678][  0]LogD3D11RHI:       0/0/256 MB DedicatedVideo/DedicatedSystem/SharedSystem, Outputs:0, VendorId:0x1414
[2017.11.21-18.06.35:678][  0]LogD3D11RHI: Chosen D3D11 Adapter: 0
[2017.11.21-18.06.35:682][  0]LogD3D11RHI: Creating new Direct3DDevice
[2017.11.21-18.06.35:682][  0]LogD3D11RHI:     GPU DeviceId: 0x1c82 (for the marketing name, search the web for "GPU Device Id")
[2017.11.21-18.06.35:682][  0]LogWindows: EnumDisplayDevices:
[2017.11.21-18.06.35:682][  0]LogWindows:    0. 'NVIDIA GeForce GTX 1050 Ti' (P:1 D:1)
[2017.11.21-18.06.35:682][  0]LogWindows:    1. 'NVIDIA GeForce GTX 1050 Ti' (P:0 D:0)
[2017.11.21-18.06.35:682][  0]LogWindows:    2. 'NVIDIA GeForce GTX 1050 Ti' (P:0 D:0)
[2017.11.21-18.06.35:682][  0]LogWindows:    3. 'NVIDIA GeForce GTX 1050 Ti' (P:0 D:0)
[2017.11.21-18.06.35:682][  0]LogWindows: DebugString: FoundDriverCount:4 
[2017.11.21-18.06.35:682][  0]LogD3D11RHI:     Adapter Name: NVIDIA GeForce GTX 1050 Ti
[2017.11.21-18.06.35:682][  0]LogD3D11RHI:   Driver Version: 387.92 (internal:23.21.13.8792, unified:387.92)
[2017.11.21-18.06.35:682][  0]LogD3D11RHI:      Driver Date: 10-6-2017
[2017.11.21-18.06.35:682][  0]LogRHI: Texture pool is 1361 MB (70% of 1945 MB)
[2017.11.21-18.06.35:695][  0]LogD3D11RHI: Async texture creation enabled
[2017.11.21-18.06.35:714][  0]LogD3D11RHI: GPU Timing Frequency: 1000.000000 (Debug: 2 2)
[2017.11.21-18.06.35:760][  0]LogShaderCompilers: Guid format shader working directory is -25 characters bigger than the processId version (../../../../../../Users/Marcelo/Documents/Unreal Projects/Caramuru2D 4.17/Intermediate/Shaders/WorkingDirectory/4900/).
[2017.11.21-18.06.35:761][  0]LogShaderCompilers: Cleaned the shader compiler working directory 'C:/Users/Marcelo/AppData/Local/Temp/UnrealShaderWorkingDir/E3E398EB484FFB07942D30A345059FFC/'.
[2017.11.21-18.06.35:761][  0]LogShaderCompilers: Display: Using Local Shader Compiler.
[2017.11.21-18.06.38:963][  0]LogTemp: Display: Loaded TP AllDesktopTargetPlatform
[2017.11.21-18.06.39:006][  0]LogTemp: Display: Loaded TP MacClientTargetPlatform
[2017.11.21-18.06.39:050][  0]LogTemp: Display: Loaded TP MacNoEditorTargetPlatform
[2017.11.21-18.06.39:092][  0]LogTemp: Display: Loaded TP MacServerTargetPlatform
[2017.11.21-18.06.39:150][  0]LogTemp: Display: Loaded TP MacTargetPlatform
[2017.11.21-18.06.39:194][  0]LogTemp: Display: Loaded TP WindowsClientTargetPlatform
[2017.11.21-18.06.39:237][  0]LogTemp: Display: Loaded TP WindowsNoEditorTargetPlatform
[2017.11.21-18.06.39:280][  0]LogTemp: Display: Loaded TP WindowsServerTargetPlatform
[2017.11.21-18.06.39:317][  0]LogTemp: Display: Loaded TP WindowsTargetPlatform
[2017.11.21-18.06.39:375][  0]LogTemp: Display: Loaded TP AndroidTargetPlatform
[2017.11.21-18.06.39:418][  0]LogTemp: Display: Loaded TP Android_ASTCTargetPlatform
[2017.11.21-18.06.39:462][  0]LogTemp: Display: Loaded TP Android_ATCTargetPlatform
[2017.11.21-18.06.39:505][  0]LogTemp: Display: Loaded TP Android_DXTTargetPlatform
[2017.11.21-18.06.39:550][  0]LogTemp: Display: Loaded TP Android_ETC1TargetPlatform
[2017.11.21-18.06.39:594][  0]LogTemp: Display: Loaded TP Android_ETC2TargetPlatform
[2017.11.21-18.06.39:679][  0]LogTemp: Display: Loaded TP Android_MultiTargetPlatform
[2017.11.21-18.06.39:679][  0]LogTemp: Display: Loaded TP Android_PVRTCTargetPlatform
[2017.11.21-18.06.39:710][  0]LogTemp: Display: Loaded TP HTML5TargetPlatform
[2017.11.21-18.06.39:813][  0]LogTemp: Display: Loaded TP IOSTargetPlatform
[2017.11.21-18.06.39:840][  0]LogTemp: Display: Loaded TP TVOSTargetPlatform
[2017.11.21-18.06.39:882][  0]LogTemp: Display: Loaded TP LinuxClientTargetPlatform
[2017.11.21-18.06.39:922][  0]LogTemp: Display: Loaded TP LinuxNoEditorTargetPlatform
[2017.11.21-18.06.39:964][  0]LogTemp: Display: Loaded TP LinuxServerTargetPlatform
[2017.11.21-18.06.40:011][  0]LogTemp: Display: Loaded TP LinuxTargetPlatform
[2017.11.21-18.06.40:011][  0]LogTargetPlatformManager: Display: Building Assets For Windows
[2017.11.21-18.06.40:403][  0]LogDerivedDataCache: Display: Max Cache Size: 512 MB
[2017.11.21-18.06.40:545][  0]LogDerivedDataCache: Loaded boot cache 0.14s 93MB C:/Users/Marcelo/AppData/Local/UnrealEngine/4.17/DerivedDataCache/Boot.ddc.
[2017.11.21-18.06.40:545][  0]LogDerivedDataCache: Display: Loaded Boot cache: C:/Users/Marcelo/AppData/Local/UnrealEngine/4.17/DerivedDataCache/Boot.ddc
[2017.11.21-18.06.40:545][  0]LogDerivedDataCache: FDerivedDataBackendGraph:  Pak pak cache file ../../../../../../Users/Marcelo/Documents/Unreal Projects/Caramuru2D 4.17/DerivedDataCache/DDC.ddp not found, will not use a pak cache.
[2017.11.21-18.06.40:545][  0]LogDerivedDataCache: Unable to find inner node Pak for hierarchical cache Hierarchy.
[2017.11.21-18.06.40:545][  0]LogDerivedDataCache: FDerivedDataBackendGraph:  CompressedPak pak cache file ../../../../../../Users/Marcelo/Documents/Unreal Projects/Caramuru2D 4.17/DerivedDataCache/Compressed.ddp not found, will not use a pak cache.
[2017.11.21-18.06.40:545][  0]LogDerivedDataCache: Unable to find inner node CompressedPak for hierarchical cache Hierarchy.
[2017.11.21-18.06.40:565][  0]LogDerivedDataCache: Display: Pak cache opened for reading ../../../Engine/DerivedDataCache/Compressed.ddp.
[2017.11.21-18.06.40:577][  0]LogDerivedDataCache: Using Local data cache path C:/Users/Marcelo/AppData/Local/UnrealEngine/Common/DerivedDataCache: Writable
[2017.11.21-18.06.40:588][  0]LogMaterial: Verifying Global Shaders for PCD3D_SM5
[2017.11.21-18.06.40:588][  0]LogSlate: Using Freetype 2.6.0
[2017.11.21-18.06.40:622][  0]LogSlate: SlateFontCache - WITH_FREETYPE: 1, WITH_HARFBUZZ: 1
[2017.11.21-18.06.40:622][  0]LogSlate: SlateFontCache - WITH_FREETYPE: 1, WITH_HARFBUZZ: 1
[2017.11.21-18.06.42:193][  0]LogAssetRegistry: FAssetRegistry took 0.0264 seconds to start up
[2017.11.21-18.06.42:306][  0]LogInit: Selected Device Profile: [Windows]
[2017.11.21-18.06.42:630][  0]LogContentStreaming: Texture pool size is 0.00 MB
[2017.11.21-18.06.42:903][  0]LogSimplygon: Simplygon DLL not present - disabling.
[2017.11.21-18.06.42:935][  0]LogMeshReduction: Using SimplygonSwarm for distributed automatic mesh merging
[2017.11.21-18.06.42:935][  0]LogMeshReduction: Using QuadricMeshReduction for automatic static mesh reduction
[2017.11.21-18.06.42:935][  0]LogMeshReduction: No automatic skeletal mesh reduction module available
[2017.11.21-18.06.42:935][  0]LogMeshReduction: No automatic mesh merging module available
[2017.11.21-18.06.42:935][  0]LogMeshMerging: No automatic mesh merging module available
[2017.11.21-18.06.43:989][  0]LogNetVersion: Caramuru2D , NetCL: 3573198, EngineNetVer: 2, GameNetVer: 0 (Checksum: 1344554375)
[2017.11.21-18.06.44:713][  0]LogPackageLocalizationCache: Processed 5 localized package path(s) for 1 prioritized culture(s) in 0.044574 seconds
[2017.11.21-18.06.44:719][  0]LogUObjectArray: 35825 objects as part of root set at end of initial load.
[2017.11.21-18.06.44:719][  0]LogUObjectAllocator: 7529104 out of 0 bytes used by permanent object pool.
[2017.11.21-18.06.44:719][  0]LogUObjectArray: CloseDisregardForGC: 0/0 objects in disregard for GC pool
[2017.11.21-18.06.44:769][  0]LogInit: WinSock: version 1.1 (2.2), MaxSocks=32767, MaxUdp=65467
[2017.11.21-18.07.05:052][  0]LogTcpMessaging: Initializing TcpMessaging bridge
[2017.11.21-18.07.05:086][  0]LogUdpMessaging: Initializing bridge on interface 0.0.0.0:0 to multicast group 230.0.0.1:6666.
[2017.11.21-18.07.05:910][  0]LogMaterial: Uniform references updated for custom material expression Custom.
[2017.11.21-18.07.06:445][  0]SourceControl: Source control is disabled
[2017.11.21-18.07.07:321][  0]LogAndroidPermission: UAndroidPermissionCallbackProxy::GetInstance
[2017.11.21-18.07.07:524][  0]LogOcInput: OculusInput pre-init called
[2017.11.21-18.07.07:807][  0]LogEngine: Initializing Engine...
[2017.11.21-18.07.07:809][  0]LogHMD: Failed to initialize OpenVR with code 110
[2017.11.21-18.07.08:333][  0]LogStats: UGameplayTagsManager::ConstructGameplayTagTree: Construct from data asset -  0.000 s
[2017.11.21-18.07.08:333][  0]LogStats: UGameplayTagsManager::ConstructGameplayTagTree: GameplayTagTreeChangedEvent.Broadcast -  0.000 s
[2017.11.21-18.07.08:442][  0]LogAIModule: Creating AISystem for world Untitled
[2017.11.21-18.07.08:452][  0]LogInit: XAudio2 using 'Alto-falantes (2- Realtek High Definition Audio)' : 2 channels at 48 kHz using 32 bits per sample (channel mask 0x3)
[2017.11.21-18.07.08:460][  0]LogInit: FAudioDevice initialized.
[2017.11.21-18.07.08:625][  0]LogDerivedDataCache: Saved boot cache 0.16s 93MB C:/Users/Marcelo/AppData/Local/UnrealEngine/4.17/DerivedDataCache/Boot.ddc.
[2017.11.21-18.07.08:648][  0]LogInit: Texture streaming: Enabled
[2017.11.21-18.07.08:746][  0]LogEngineSessionManager: EngineSessionManager initialized
[2017.11.21-18.07.09:009][  0]LogInit: Transaction tracking system initialized
[2017.11.21-18.07.09:278][  0]BlueprintLog: New page: Editor Load
[2017.11.21-18.07.10:059][  0]LocalizationService: Localization service is disabled
[2017.11.21-18.07.11:226][  0]LogConsoleResponse: Display: 
[2017.11.21-18.07.12:418][  0]LogCook: Display: Max memory allowance for cook 16384mb min free memory 0mb
[2017.11.21-18.07.12:418][  0]LogCook: Display: Mobile HDR setting 1
[2017.11.21-18.07.12:418][  0]LogGameplayTags: Display: UGameplayTagsManager::DoneAddingNativeTags. DelegateIsBound: 0
[2017.11.21-18.07.13:744][  0]LogFileCache: Scanning file cache for directory 'C:/Users/Marcelo/Documents/Unreal Projects/Caramuru2D 4.17/Content/' took 0.02s
[2017.11.21-18.07.13:787][  0]Cmd: MAP LOAD FILE="../../../../../../Users/Marcelo/Documents/Unreal Projects/Caramuru2D 4.17/Content/Menu/Levels/Level_Game_Main_Menu.umap" TEMPLATE=0 SHOWPROGRESS=1 FEATURELEVEL=3
[2017.11.21-18.07.13:815][  0]LightingResults: New page: Lighting Build
[2017.11.21-18.07.13:851][  0]MapCheck: New page: Map Check
[2017.11.21-18.07.13:851][  0]LightingResults: New page: Lighting Build
[2017.11.21-18.07.14:148][  0]LogAIModule: Creating AISystem for world Level_Game_Main_Menu
[2017.11.21-18.07.14:150][  0]LogEditorServer: Finished looking for orphan Actors (0.000 secs)
[2017.11.21-18.07.14:165][  0]Cmd: MAP CHECKDEP NOCLEARLOG
[2017.11.21-18.07.14:216][  0]MapCheck: Map check complete: 0 Error(s), 0 Warning(s), took 51.255ms to complete.
[2017.11.21-18.07.14:216][  0]LogFileHelpers: Loading map 'Level_Game_Main_Menu' took 0.429
[2017.11.21-18.07.14:505][  0]LogCollectionManager: Loaded 0 collections in 0.001811 seconds
[2017.11.21-18.07.14:576][  0]LogFileCache: Scanning file cache for directory 'C:/Users/Marcelo/Documents/Unreal Projects/Caramuru2D 4.17/Saved/Collections/' took 0.01s
[2017.11.21-18.07.14:576][  0]LogFileCache: Scanning file cache for directory 'C:/Users/Marcelo/Documents/Unreal Projects/Caramuru2D 4.17/Content/Developers/Marcelo/Collections/' took 0.01s
[2017.11.21-18.07.14:576][  0]LogFileCache: Scanning file cache for directory 'C:/Users/Marcelo/Documents/Unreal Projects/Caramuru2D 4.17/Content/Collections/' took 0.01s
[2017.11.21-18.07.14:576][  0]LogCollectionManager: Rebuilt the GUID cache for 0 collections in 0.000001 seconds
[2017.11.21-18.07.14:585][  0]LogContentBrowser: Native class hierarchy populated in 0.0089 seconds. Added 2386 classes and 500 folders.
[2017.11.21-18.07.14:644][  0]LogContentBrowser: Native class hierarchy updated for 'WidgetCarousel' in 0.0007 seconds. Added 0 classes and 0 folders.
[2017.11.21-18.07.15:353][  0]LogContentBrowser: Native class hierarchy updated for 'AddContentDialog' in 0.0009 seconds. Added 0 classes and 0 folders.
[2017.11.21-18.07.15:396][  0]LogContentBrowser: Native class hierarchy updated for 'SceneOutliner' in 0.0008 seconds. Added 1 classes and 2 folders.
[2017.11.21-18.07.15:491][  0]LogSlate: Took 0.000184 seconds to synchronously load lazily loaded font '../../../Engine/Content/Slate/Fonts/Roboto-Regular.ttf' (155K)
[2017.11.21-18.07.15:511][  0]LogSlate: Took 0.018057 seconds to synchronously load lazily loaded font '../../../Engine/Content/Slate/Fonts/Roboto-Bold.ttf' (160K)
[2017.11.21-18.07.15:531][  0]LogSlate: Took 0.012869 seconds to synchronously load lazily loaded font '../../../Engine/Content/Editor/Slate/Fonts/FontAwesome.ttf' (139K)
[2017.11.21-18.07.15:690][  0]LogRenderer: Reallocating scene render targets to support 808x336 Format 10 NumSamples 1 (Frame:1).
[2017.11.21-18.07.15:868][  0]LogContentBrowser: Native class hierarchy updated for 'HierarchicalLODOutliner' in 0.0007 seconds. Added 1 classes and 2 folders.
[2017.11.21-18.07.15:868][  0]LogLoad: (Engine Initialization) Total time: 52.55 seconds
[2017.11.21-18.07.15:868][  0]LogLoad: (Engine Initialization) Total Blueprint compile time: 0.00 seconds
[2017.11.21-18.07.15:868][  0]LogExternalProfiler: No external profilers were discovered.  External profiling features will not be available.
[2017.11.21-18.07.16:226][  0]SourceControl: On branch master
[2017.11.21-18.07.16:226][  0]SourceControl: Your branch is up to date with 'origin/master'.
[2017.11.21-18.07.16:226][  0]SourceControl: Changes not staged for commit:
[2017.11.21-18.07.16:226][  0]SourceControl:   (use "git add/rm <file>..." to update what will be committed)
[2017.11.21-18.07.16:226][  0]SourceControl:   (use "git checkout -- <file>..." to discard changes in working directory)
[2017.11.21-18.07.16:226][  0]SourceControl: 	modified:   Content/2DSideScrollerBP/Blueprints/BP_Ladder.uasset
[2017.11.21-18.07.16:226][  0]SourceControl: 	modified:   Content/Menu/HUD/HUD_Caramuru.uasset
[2017.11.21-18.07.16:226][  0]SourceControl: 	modified:   Content/Menu/HUD/HUD_Creditos_Menu_Principal.uasset
[2017.11.21-18.07.16:226][  0]SourceControl: 	modified:   "Content/Menu/HUD/HUD_Cr\303\251ditos_Menu_Pausa.uasset"
[2017.11.21-18.07.16:226][  0]SourceControl: 	modified:   "Content/Menu/HUD/HUD_Op\303\247\303\265es_Menu_Pausa.uasset"
[2017.11.21-18.07.16:226][  0]SourceControl: 	modified:   "Content/Menu/HUD/HUD_Op\303\247\303\265es_Menu_Principal.uasset"
[2017.11.21-18.07.16:226][  0]SourceControl: 	modified:   Content/Menu/HUD/HUD_Pausa.uasset
[2017.11.21-18.07.16:226][  0]SourceControl: 	modified:   Intermediate/AssetRegistryCache/c90e3f55.bin
[2017.11.21-18.07.16:226][  0]SourceControl: 	modified:   Intermediate/CachedAssetRegistry.bin
[2017.11.21-18.07.16:226][  0]SourceControl: 	modified:   Saved/AutoScreenshot.png
[2017.11.21-18.07.16:226][  0]SourceControl: 	modified:   Saved/Autosaves/PackageRestoreData.json
[2017.11.21-18.07.16:226][  0]SourceControl: 	deleted:    Saved/Config/CrashReportClient/UE4CC-Windows-075772B2411AAEBFCD41949CD108D23C/CrashReportClient.ini
[2017.11.21-18.07.16:226][  0]SourceControl: 	deleted:    Saved/Config/CrashReportClient/UE4CC-Windows-26983D504B3C92FB26729AA5948CF9ED/CrashReportClient.ini
[2017.11.21-18.07.16:226][  0]SourceControl: 	deleted:    Saved/Config/CrashReportClient/UE4CC-Windows-32B1844240FC028C62CFB795FDD1A670/CrashReportClient.ini
[2017.11.21-18.07.16:227][  0]SourceControl: 	deleted:    Saved/Config/CrashReportClient/UE4CC-Windows-380B52224205B24ED8E7A68A8D6BA9A2/CrashReportClient.ini
[2017.11.21-18.07.16:227][  0]SourceControl: 	deleted:    Saved/Config/CrashReportClient/UE4CC-Windows-DDC2AE9B4770765A0C6938A7985D5F1C/CrashReportClient.ini
[2017.11.21-18.07.16:227][  0]SourceControl: 	deleted:    Saved/Config/CrashReportClient/UE4CC-Windows-F80AF329406DA1C7B3DED0B164F4B45F/CrashReportClient.ini
[2017.11.21-18.07.16:227][  0]SourceControl: 	deleted:    Saved/Config/CrashReportClient/UE4CC-Windows-F99458F44F8F4ED64BBE2AA212AB3F3E/CrashReportClient.ini
[2017.11.21-18.07.16:227][  0]SourceControl: 	modified:   Saved/Config/Windows/Editor.ini
[2017.11.21-18.07.16:227][  0]SourceControl: 	modified:   Saved/Config/Windows/EditorPerProjectUserSettings.ini
[2017.11.21-18.07.16:227][  0]SourceControl: 	deleted:    Saved/Logs/Caramuru2D-backup-2017.11.16-23.37.55.log
[2017.11.21-18.07.16:227][  0]SourceControl: 	deleted:    Saved/Logs/Caramuru2D-backup-2017.11.17-02.36.20.log
[2017.11.21-18.07.16:227][  0]SourceControl: 	deleted:    Saved/Logs/Caramuru2D-backup-2017.11.18-22.19.11.log
[2017.11.21-18.07.16:227][  0]SourceControl: 	deleted:    Saved/Logs/Caramuru2D-backup-2017.11.18-22.55.19.log
[2017.11.21-18.07.16:227][  0]SourceControl: 	modified:   Saved/Logs/Caramuru2D.log
[2017.11.21-18.07.16:227][  0]SourceControl: 	modified:   Saved/SaveGames/Loc.sav
[2017.11.21-18.07.16:227][  0]SourceControl: Untracked files:
[2017.11.21-18.07.16:227][  0]SourceControl:   (use "git add <file>..." to include in what will be committed)
[2017.11.21-18.07.16:227][  0]SourceControl: 	Saved/Backup/BP_Ladder_2017-11-21-14-59-35.uasset
[2017.11.21-18.07.16:227][  0]SourceControl: 	Saved/Backup/HUD_Caramuru_2017-11-21-15-03-04.uasset
[2017.11.21-18.07.16:227][  0]SourceControl: 	Saved/Backup/HUD_Creditos_Menu_Principal_2017-11-21-15-05-31.uasset
[2017.11.21-18.07.16:227][  0]SourceControl: 	"Saved/Backup/HUD_Cr\303\251ditos_Menu_Pausa_2017-11-21-15-03-35.uasset"
[2017.11.21-18.07.16:227][  0]SourceControl: 	"Saved/Backup/HUD_Op\303\247\303\265es_Menu_Pausa_2017-11-21-15-03-27.uasset"
[2017.11.21-18.07.16:227][  0]SourceControl: 	"Saved/Backup/HUD_Op\303\247\303\265es_Menu_Principal_2017-11-21-15-03-52.uasset"
[2017.11.21-18.07.16:227][  0]SourceControl: 	Saved/Backup/HUD_Pausa_2017-11-21-15-04-01.uasset
[2017.11.21-18.07.16:227][  0]SourceControl: 	Saved/Config/CrashReportClient/UE4CC-Windows-21E54AB0416B2F5D351F2DB272A4E34E/
[2017.11.21-18.07.16:227][  0]SourceControl: 	Saved/Config/CrashReportClient/UE4CC-Windows-A7F1B8BC47F68AE5C10C46A27195F35A/
[2017.11.21-18.07.16:227][  0]SourceControl: 	Saved/Config/CrashReportClient/UE4CC-Windows-F09C12664AFE8F4ED818FEBA5C5205D8/
[2017.11.21-18.07.16:227][  0]SourceControl: 	Saved/Logs/Caramuru2D-backup-2017.11.19-21.40.49.log
[2017.11.21-18.07.16:227][  0]SourceControl: 	Saved/Logs/Caramuru2D-backup-2017.11.21-14.16.34.log
[2017.11.21-18.07.16:227][  0]SourceControl: 	Saved/Logs/Caramuru2D-backup-2017.11.21-15.06.30.log
[2017.11.21-18.07.16:227][  0]SourceControl: no changes added to commit (use "git add" and/or "git commit -a")
[2017.11.21-18.07.16:227][  0]LogContentStreaming: Texture pool size now 1000 MB
[2017.11.21-18.07.16:299][  0]LogSlate: Took 0.000153 seconds to synchronously load lazily loaded font '../../../Engine/Content/Slate/Fonts/Roboto-Light.ttf' (159K)
[2017.11.21-18.07.16:560][  1]LogAssetRegistry: Asset discovery search completed in 34.3901 seconds
[2017.11.21-18.07.16:563][  1]LogCollectionManager: Rebuilt the object cache for 0 collections in 0.000000 seconds (found 0 objects)
[2017.11.21-18.07.16:563][  1]LogCollectionManager: Fixed up redirectors for 0 collections in 0.000056 seconds (updated 0 objects)
[2017.11.21-18.07.36:227][332]LogTemp: Repeating last play command: Selected Viewport
[2017.11.21-18.07.36:355][332]LogBlueprintUserMessages: Early PlayInEditor Detection: Level '/Game/Menu/Levels/Level_Game_Main_Menu.Level_Game_Main_Menu:PersistentLevel' has LevelScriptBlueprint '/Game/Menu/Levels/Level_Game_Main_Menu.Level_Game_Main_Menu:PersistentLevel.Level_Game_Main_Menu' with GeneratedClass '/Game/Menu/Levels/Level_Game_Main_Menu.Level_Game_Main_Menu_C' with ClassGeneratedBy '/Game/Menu/Levels/Level_Game_Main_Menu.Level_Game_Main_Menu:PersistentLevel.Level_Game_Main_Menu'
[2017.11.21-18.07.36:355][332]LogPlayLevel: PlayLevel: No blueprints needed recompiling
[2017.11.21-18.07.36:356][332]PIE: New page: PIE session: Level_Game_Main_Menu (Nov 21, 2017, 12:07:36 PM)
[2017.11.21-18.07.36:356][332]LogPlayLevel: Creating play world package: /Game/Menu/Levels/UEDPIE_0_Level_Game_Main_Menu
[2017.11.21-18.07.36:357][332]LogPlayLevel: PIE: StaticDuplicateObject took: (0.000913s)
[2017.11.21-18.07.36:357][332]LogAIModule: Creating AISystem for world Level_Game_Main_Menu
[2017.11.21-18.07.36:358][332]LogPlayLevel: PIE: World Init took: (0.000852s)
[2017.11.21-18.07.36:358][332]LogPlayLevel: PIE: Created PIE world by copying editor world from /Game/Menu/Levels/Level_Game_Main_Menu.Level_Game_Main_Menu to /Game/Menu/Levels/UEDPIE_0_Level_Game_Main_Menu.Level_Game_Main_Menu (0.002089s)
[2017.11.21-18.07.36:370][332]LogInit: XAudio2 using 'Alto-falantes (2- Realtek High Definition Audio)' : 2 channels at 48 kHz using 32 bits per sample (channel mask 0x3)
[2017.11.21-18.07.36:377][332]LogInit: FAudioDevice initialized.
[2017.11.21-18.07.36:424][332]LogLoad: Game class is 'GameModeBase'
[2017.11.21-18.07.36:426][332]LogWorld: Bringing World /Game/Menu/Levels/UEDPIE_0_Level_Game_Main_Menu.Level_Game_Main_Menu up for play (max tick rate 0) at 2017.11.21-15.07.36
[2017.11.21-18.07.36:426][332]LogWorld: Bringing up level for play took: 0.000764
[2017.11.21-18.07.36:459][332]LogContentBrowser: Native class hierarchy updated for 'MovieSceneCapture' in 0.0007 seconds. Added 11 classes and 0 folders.
[2017.11.21-18.07.36:461][332]PIE: Play in editor start time for /Game/Menu/Levels/UEDPIE_0_Level_Game_Main_Menu 0.325
[2017.11.21-18.07.36:461][332]LogBlueprintUserMessages: Late PlayInEditor Detection: Level '/Game/Menu/Levels/Level_Game_Main_Menu.Level_Game_Main_Menu:PersistentLevel' has LevelScriptBlueprint '/Game/Menu/Levels/Level_Game_Main_Menu.Level_Game_Main_Menu:PersistentLevel.Level_Game_Main_Menu' with GeneratedClass '/Game/Menu/Levels/Level_Game_Main_Menu.Level_Game_Main_Menu_C' with ClassGeneratedBy '/Game/Menu/Levels/Level_Game_Main_Menu.Level_Game_Main_Menu:PersistentLevel.Level_Game_Main_Menu'
[2017.11.21-18.07.37:524][457]Cmd: LevelEditor.ToggleImmersive
[2017.11.21-18.07.37:659][458]LogRenderer: Reallocating scene render targets to support 924x416 Format 10 NumSamples 1 (Frame:127).
[2017.11.21-18.07.37:705][459]LogRenderer: Reallocating scene render targets to support 1360x728 Format 10 NumSamples 1 (Frame:129).
[2017.11.21-18.07.40:231][760]LogNet: Browse: /Game/2DSideScrollerBP/Maps/Caramuru2D
[2017.11.21-18.07.40:231][760]LogLoad: LoadMap: /Game/2DSideScrollerBP/Maps/Caramuru2D
[2017.11.21-18.07.40:243][760]Cmd: MEM
[2017.11.21-18.07.40:253][760]LogMemory: Platform Memory Stats for Windows
[2017.11.21-18.07.40:253][760]LogMemory: Process Physical Memory: 972.40 MB used, 1126.91 MB peak
[2017.11.21-18.07.40:253][760]LogMemory: Process Virtual Memory: 1334.36 MB used, 1449.59 MB peak
[2017.11.21-18.07.40:253][760]LogMemory: Physical Memory: 5119.32 MB used,  3010.53 MB free, 8129.85 MB total
[2017.11.21-18.07.40:253][760]LogMemory: Virtual Memory: 2051.24 MB used,  3010.53 MB free, 134217728.00 MB total
[2017.11.21-18.07.40:253][760]LogMemory: 
[2017.11.21-18.07.40:253][760]Allocator Stats for TBB: (not implemented)
[2017.11.21-18.07.42:469][760]LogAIModule: Creating AISystem for world Caramuru2D
[2017.11.21-18.07.42:469][760]LogLoad: Game class is '2DSideScrollerGameMode_C'
[2017.11.21-18.07.42:479][760]LogWorld: Bringing World /Game/2DSideScrollerBP/Maps/UEDPIE_0_Caramuru2D.Caramuru2D up for play (max tick rate 0) at 2017.11.21-15.07.42
[2017.11.21-18.07.42:481][760]LogWorld: Bringing up level for play took: 0.010513
[2017.11.21-18.07.42:482][760]LogBlueprintUserMessages: [Character] SpreaderGun
[2017.11.21-18.07.42:483][760]LogLoad: Took 2.250965 seconds to LoadMap(/Game/2DSideScrollerBP/Maps/Caramuru2D)
[2017.11.21-18.07.42:517][761]LogCharacterMovement: Warning: GetSimulationTimeStep() - Max iterations 8 hit while remaining time 0.055718 > MaxSimulationTimeStep (0.050) for 'EnemyCharacter_226', movement 'Walking'
[2017.11.21-18.07.43:395][866]Cmd: LevelEditor.ToggleImmersive
[2017.11.21-18.07.44:235][942]Cmd: LevelEditor.ToggleImmersive
[2017.11.21-18.07.47:392][301]LogNet: Browse: /Game/Menu/Levels/Level_Game_Main_Menu
[2017.11.21-18.07.47:392][301]LogLoad: LoadMap: /Game/Menu/Levels/Level_Game_Main_Menu
[2017.11.21-18.07.47:409][301]Cmd: MEM
[2017.11.21-18.07.47:420][301]LogMemory: Platform Memory Stats for Windows
[2017.11.21-18.07.47:420][301]LogMemory: Process Physical Memory: 1254.38 MB used, 1430.74 MB peak
[2017.11.21-18.07.47:420][301]LogMemory: Process Virtual Memory: 1713.79 MB used, 1921.53 MB peak
[2017.11.21-18.07.47:420][301]LogMemory: Physical Memory: 5353.62 MB used,  2776.23 MB free, 8129.85 MB total
[2017.11.21-18.07.47:420][301]LogMemory: Virtual Memory: 2433.68 MB used,  2776.23 MB free, 134217728.00 MB total
[2017.11.21-18.07.47:420][301]LogMemory: 
[2017.11.21-18.07.47:421][301]Allocator Stats for TBB: (not implemented)
[2017.11.21-18.07.47:421][301]LogPlayLevel: Creating play world package: /Game/Menu/Levels/UEDPIE_0_Level_Game_Main_Menu
[2017.11.21-18.07.47:421][301]LogPlayLevel: PIE: StaticDuplicateObject took: (0.000870s)
[2017.11.21-18.07.47:422][301]LogAIModule: Creating AISystem for world Level_Game_Main_Menu
[2017.11.21-18.07.47:422][301]LogPlayLevel: PIE: World Init took: (0.000576s)
[2017.11.21-18.07.47:422][301]LogPlayLevel: PIE: Created PIE world by copying editor world from /Game/Menu/Levels/Level_Game_Main_Menu.Level_Game_Main_Menu to /Game/Menu/Levels/UEDPIE_0_Level_Game_Main_Menu.Level_Game_Main_Menu (0.001679s)
[2017.11.21-18.07.47:422][301]LogLoad: Game class is 'GameModeBase'
[2017.11.21-18.07.47:424][301]LogWorld: Bringing World /Game/Menu/Levels/UEDPIE_0_Level_Game_Main_Menu.Level_Game_Main_Menu up for play (max tick rate 0) at 2017.11.21-15.07.47
[2017.11.21-18.07.47:425][301]LogWorld: Bringing up level for play took: 0.001280
[2017.11.21-18.07.47:425][301]LogGameMode: FindPlayerStart: PATHS NOT DEFINED or NO PLAYERSTART with positive rating
[2017.11.21-18.07.47:426][301]LogLoad: Took 0.034143 seconds to LoadMap(/Game/Menu/Levels/UEDPIE_0_Level_Game_Main_Menu)
[2017.11.21-18.07.48:706][455]LogNet: Browse: /Game/2DSideScrollerBP/Maps/Caramuru2D
[2017.11.21-18.07.48:706][455]LogLoad: LoadMap: /Game/2DSideScrollerBP/Maps/Caramuru2D
[2017.11.21-18.07.48:717][455]Cmd: MEM
[2017.11.21-18.07.48:727][455]LogMemory: Platform Memory Stats for Windows
[2017.11.21-18.07.48:727][455]LogMemory: Process Physical Memory: 1254.87 MB used, 1430.74 MB peak
[2017.11.21-18.07.48:727][455]LogMemory: Process Virtual Memory: 1714.45 MB used, 1921.53 MB peak
[2017.11.21-18.07.48:727][455]LogMemory: Physical Memory: 5350.01 MB used,  2779.84 MB free, 8129.85 MB total
[2017.11.21-18.07.48:727][455]LogMemory: Virtual Memory: 2433.68 MB used,  2779.84 MB free, 134217728.00 MB total
[2017.11.21-18.07.48:727][455]LogMemory: 
[2017.11.21-18.07.48:727][455]Allocator Stats for TBB: (not implemented)
[2017.11.21-18.07.49:067][455]LogAIModule: Creating AISystem for world Caramuru2D
[2017.11.21-18.07.49:067][455]LogLoad: Game class is '2DSideScrollerGameMode_C'
[2017.11.21-18.07.49:075][455]LogWorld: Bringing World /Game/2DSideScrollerBP/Maps/UEDPIE_0_Caramuru2D.Caramuru2D up for play (max tick rate 0) at 2017.11.21-15.07.49
[2017.11.21-18.07.49:077][455]LogWorld: Bringing up level for play took: 0.008868
[2017.11.21-18.07.49:078][455]LogBlueprintUserMessages: [Character] SpreaderGun
[2017.11.21-18.07.49:078][455]LogLoad: Took 0.371792 seconds to LoadMap(/Game/2DSideScrollerBP/Maps/Caramuru2D)
[2017.11.21-18.07.50:260][595]Cmd: LevelEditor.ToggleImmersive
[2017.11.21-18.07.51:238][687]Cmd: LevelEditor.ToggleImmersive
[2017.11.21-18.08.00:889][821]LogNet: Browse: /Game/2DSideScrollerBP/Maps/Caramuru2D
[2017.11.21-18.08.00:889][821]LogLoad: LoadMap: /Game/2DSideScrollerBP/Maps/Caramuru2D
[2017.11.21-18.08.00:902][821]Cmd: MEM
[2017.11.21-18.08.00:912][821]LogMemory: Platform Memory Stats for Windows
[2017.11.21-18.08.00:912][821]LogMemory: Process Physical Memory: 1265.71 MB used, 1430.74 MB peak
[2017.11.21-18.08.00:912][821]LogMemory: Process Virtual Memory: 1738.39 MB used, 1974.00 MB peak
[2017.11.21-18.08.00:912][821]LogMemory: Physical Memory: 5292.05 MB used,  2837.80 MB free, 8129.85 MB total
[2017.11.21-18.08.00:912][821]LogMemory: Virtual Memory: 2465.80 MB used,  2837.80 MB free, 134217728.00 MB total
[2017.11.21-18.08.00:912][821]LogMemory: 
[2017.11.21-18.08.00:912][821]Allocator Stats for TBB: (not implemented)
[2017.11.21-18.08.01:235][821]LogAIModule: Creating AISystem for world Caramuru2D
[2017.11.21-18.08.01:235][821]LogLoad: Game class is '2DSideScrollerGameMode_C'
[2017.11.21-18.08.01:244][821]LogWorld: Bringing World /Game/2DSideScrollerBP/Maps/UEDPIE_0_Caramuru2D.Caramuru2D up for play (max tick rate 0) at 2017.11.21-15.08.01
[2017.11.21-18.08.01:245][821]LogWorld: Bringing up level for play took: 0.009274
[2017.11.21-18.08.01:246][821]LogBlueprintUserMessages: [Character] SpreaderGun
[2017.11.21-18.08.01:247][821]LogLoad: Took 0.357478 seconds to LoadMap(/Game/2DSideScrollerBP/Maps/Caramuru2D)
[2017.11.21-18.08.06:242][419]LogNet: Browse: /Game/Menu/Levels/Level_Game_Main_Menu
[2017.11.21-18.08.06:243][419]LogLoad: LoadMap: /Game/Menu/Levels/Level_Game_Main_Menu
[2017.11.21-18.08.06:255][419]Cmd: MEM
[2017.11.21-18.08.06:265][419]LogMemory: Platform Memory Stats for Windows
[2017.11.21-18.08.06:265][419]LogMemory: Process Physical Memory: 1265.82 MB used, 1430.74 MB peak
[2017.11.21-18.08.06:265][419]LogMemory: Process Virtual Memory: 1727.43 MB used, 1981.41 MB peak
[2017.11.21-18.08.06:265][419]LogMemory: Physical Memory: 5290.34 MB used,  2839.51 MB free, 8129.85 MB total
[2017.11.21-18.08.06:265][419]LogMemory: Virtual Memory: 2454.62 MB used,  2839.51 MB free, 134217728.00 MB total
[2017.11.21-18.08.06:265][419]LogMemory: 
[2017.11.21-18.08.06:265][419]Allocator Stats for TBB: (not implemented)
[2017.11.21-18.08.06:265][419]LogPlayLevel: Creating play world package: /Game/Menu/Levels/UEDPIE_0_Level_Game_Main_Menu
[2017.11.21-18.08.06:266][419]LogPlayLevel: PIE: StaticDuplicateObject took: (0.000840s)
[2017.11.21-18.08.06:267][419]LogAIModule: Creating AISystem for world Level_Game_Main_Menu
[2017.11.21-18.08.06:267][419]LogPlayLevel: PIE: World Init took: (0.000602s)
[2017.11.21-18.08.06:267][419]LogPlayLevel: PIE: Created PIE world by copying editor world from /Game/Menu/Levels/Level_Game_Main_Menu.Level_Game_Main_Menu to /Game/Menu/Levels/UEDPIE_0_Level_Game_Main_Menu.Level_Game_Main_Menu (0.001641s)
[2017.11.21-18.08.06:267][419]LogLoad: Game class is 'GameModeBase'
[2017.11.21-18.08.06:269][419]LogWorld: Bringing World /Game/Menu/Levels/UEDPIE_0_Level_Game_Main_Menu.Level_Game_Main_Menu up for play (max tick rate 0) at 2017.11.21-15.08.06
[2017.11.21-18.08.06:269][419]LogWorld: Bringing up level for play took: 0.001190
[2017.11.21-18.08.06:270][419]LogGameMode: FindPlayerStart: PATHS NOT DEFINED or NO PLAYERSTART with positive rating
[2017.11.21-18.08.06:271][419]LogLoad: Took 0.028726 seconds to LoadMap(/Game/Menu/Levels/UEDPIE_0_Level_Game_Main_Menu)
[2017.11.21-18.08.11:501][ 47]LogNet: Browse: /Game/2DSideScrollerBP/Maps/Caramuru2D
[2017.11.21-18.08.11:501][ 47]LogLoad: LoadMap: /Game/2DSideScrollerBP/Maps/Caramuru2D
[2017.11.21-18.08.11:512][ 47]Cmd: MEM
[2017.11.21-18.08.11:522][ 47]LogMemory: Platform Memory Stats for Windows
[2017.11.21-18.08.11:522][ 47]LogMemory: Process Physical Memory: 1264.02 MB used, 1430.74 MB peak
[2017.11.21-18.08.11:522][ 47]LogMemory: Process Virtual Memory: 1725.56 MB used, 1981.41 MB peak
[2017.11.21-18.08.11:522][ 47]LogMemory: Physical Memory: 5283.76 MB used,  2846.09 MB free, 8129.85 MB total
[2017.11.21-18.08.11:522][ 47]LogMemory: Virtual Memory: 2452.74 MB used,  2846.09 MB free, 134217728.00 MB total
[2017.11.21-18.08.11:522][ 47]LogMemory: 
[2017.11.21-18.08.11:522][ 47]Allocator Stats for TBB: (not implemented)
[2017.11.21-18.08.11:840][ 47]LogAIModule: Creating AISystem for world Caramuru2D
[2017.11.21-18.08.11:841][ 47]LogLoad: Game class is '2DSideScrollerGameMode_C'
[2017.11.21-18.08.11:850][ 47]LogWorld: Bringing World /Game/2DSideScrollerBP/Maps/UEDPIE_0_Caramuru2D.Caramuru2D up for play (max tick rate 0) at 2017.11.21-15.08.11
[2017.11.21-18.08.11:851][ 47]LogWorld: Bringing up level for play took: 0.009593
[2017.11.21-18.08.11:852][ 47]LogBlueprintUserMessages: [Character] SpreaderGun
[2017.11.21-18.08.11:853][ 47]LogLoad: Took 0.351724 seconds to LoadMap(/Game/2DSideScrollerBP/Maps/Caramuru2D)
[2017.11.21-18.08.14:666][384]LogBlueprintUserMessages: Early EndPlayMap Detection: Level '/Game/Menu/Levels/Level_Game_Main_Menu.Level_Game_Main_Menu:PersistentLevel' has LevelScriptBlueprint '/Game/Menu/Levels/Level_Game_Main_Menu.Level_Game_Main_Menu:PersistentLevel.Level_Game_Main_Menu' with GeneratedClass '/Game/Menu/Levels/Level_Game_Main_Menu.Level_Game_Main_Menu_C' with ClassGeneratedBy '/Game/Menu/Levels/Level_Game_Main_Menu.Level_Game_Main_Menu:PersistentLevel.Level_Game_Main_Menu'
[2017.11.21-18.08.14:727][384]LogBlueprintUserMessages: Late EndPlayMap Detection: Level '/Game/Menu/Levels/Level_Game_Main_Menu.Level_Game_Main_Menu:PersistentLevel' has LevelScriptBlueprint '/Game/Menu/Levels/Level_Game_Main_Menu.Level_Game_Main_Menu:PersistentLevel.Level_Game_Main_Menu' with GeneratedClass '/Game/Menu/Levels/Level_Game_Main_Menu.Level_Game_Main_Menu_C' with ClassGeneratedBy '/Game/Menu/Levels/Level_Game_Main_Menu.Level_Game_Main_Menu:PersistentLevel.Level_Game_Main_Menu'
[2017.11.21-18.08.17:621][701]LogSlate: Took 0.000133 seconds to synchronously load lazily loaded font '../../../Engine/Content/Slate/Fonts/Roboto-Light.ttf' (159K)
[2017.11.21-18.08.18:075][701]LogContentBrowser: Native class hierarchy updated for 'BlueprintGraph' in 0.0012 seconds. Added 113 classes and 0 folders.
[2017.11.21-18.08.18:808][701]LogSlate: Took 0.000148 seconds to synchronously load lazily loaded font '../../../Engine/Content/Slate/Fonts/Roboto-Light.ttf' (159K)
[2017.11.21-18.08.18:821][701]LogSlate: Took 0.011794 seconds to synchronously load lazily loaded font '../../../Engine/Content/Editor/Slate/Fonts/Roboto-BoldCondensed.ttf' (158K)
[2017.11.21-18.08.35:260][697]BlueprintLog: New page: Compile HUD_Caramuru
[2017.11.21-18.08.35:942][727]Cmd: OBJ SAVEPACKAGE PACKAGE="/Game/Menu/HUD/HUD_Caramuru" FILE="../../../../../../Users/Marcelo/Documents/Unreal Projects/Caramuru2D 4.17/Content/Menu/HUD/HUD_Caramuru.uasset" SILENT=true
[2017.11.21-18.08.36:031][727]LogSavePackage: Save=51.85ms
[2017.11.21-18.08.36:032][727]LogSavePackage: Moving '../../../../../../Users/Marcelo/Documents/Unreal Projects/Caramuru2D 4.17/Saved/HUD_CaramuruE63AB9324EEC111CC5BAA48A435EC807.tmp' to '../../../../../../Users/Marcelo/Documents/Unreal Projects/Caramuru2D 4.17/Content/Menu/HUD/HUD_Caramuru.uasset'
[2017.11.21-18.08.36:034][727]LogSavePackage: Display: Finished SavePackage ../../../../../../Users/Marcelo/Documents/Unreal Projects/Caramuru2D 4.17/Content/Menu/HUD/HUD_Caramuru.uasset
[2017.11.21-18.08.47:407][595]BlueprintLog: New page: Compile HUD_Pausa
[2017.11.21-18.08.48:440][650]Cmd: OBJ SAVEPACKAGE PACKAGE="/Game/Menu/HUD/HUD_Pausa" FILE="../../../../../../Users/Marcelo/Documents/Unreal Projects/Caramuru2D 4.17/Content/Menu/HUD/HUD_Pausa.uasset" SILENT=true
[2017.11.21-18.08.48:514][650]LogSavePackage: Save=45.05ms
[2017.11.21-18.08.48:514][650]LogSavePackage: Moving '../../../../../../Users/Marcelo/Documents/Unreal Projects/Caramuru2D 4.17/Saved/HUD_Pausa5FCA511C4F03AE36CE797DB05A8493C9.tmp' to '../../../../../../Users/Marcelo/Documents/Unreal Projects/Caramuru2D 4.17/Content/Menu/HUD/HUD_Pausa.uasset'
[2017.11.21-18.08.48:517][650]LogSavePackage: Display: Finished SavePackage ../../../../../../Users/Marcelo/Documents/Unreal Projects/Caramuru2D 4.17/Content/Menu/HUD/HUD_Pausa.uasset
[2017.11.21-18.09.02:841][ 94]LogAIModule: Creating AISystem for world Caramuru2D
[2017.11.21-18.09.02:977][ 94]Cmd: MAP LOAD FILE="../../../../../../Users/Marcelo/Documents/Unreal Projects/Caramuru2D 4.17/Content/2DSideScrollerBP/Maps/Caramuru2D.umap" TEMPLATE=0 SHOWPROGRESS=1 FEATURELEVEL=3
[2017.11.21-18.09.02:977][ 94]LightingResults: New page: Lighting Build
[2017.11.21-18.09.02:978][ 94]LoadErrors: New page: Loading map: Caramuru2D.umap
[2017.11.21-18.09.02:978][ 94]MapCheck: New page: Map Check
[2017.11.21-18.09.02:978][ 94]LightingResults: New page: Lighting Build
[2017.11.21-18.09.03:097][ 94]LogEditorServer: Finished looking for orphan Actors (0.000 secs)
[2017.11.21-18.09.03:180][ 94]Cmd: MAP CHECKDEP NOCLEARLOG
[2017.11.21-18.09.03:244][ 94]MapCheck: Map check complete: 0 Error(s), 0 Warning(s), took 64.535ms to complete.
[2017.11.21-18.09.03:244][ 94]LogFileHelpers: Loading map 'Caramuru2D' took 0.268
[2017.11.21-18.09.21:966][843]LogTemp: Repeating last play command: Selected Viewport
[2017.11.21-18.09.22:014][843]LogBlueprintUserMessages: Early PlayInEditor Detection: Level '/Game/2DSideScrollerBP/Maps/Caramuru2D.Caramuru2D:PersistentLevel' has LevelScriptBlueprint '/Game/2DSideScrollerBP/Maps/Caramuru2D.Caramuru2D:PersistentLevel.Caramuru2D' with GeneratedClass '/Game/2DSideScrollerBP/Maps/Caramuru2D.Caramuru2D_C' with ClassGeneratedBy '/Game/2DSideScrollerBP/Maps/Caramuru2D.Caramuru2D:PersistentLevel.Caramuru2D'
[2017.11.21-18.09.22:014][843]LogPlayLevel: PlayLevel: No blueprints needed recompiling
[2017.11.21-18.09.22:014][843]PIE: New page: PIE session: Caramuru2D (Nov 21, 2017, 12:09:22 PM)
[2017.11.21-18.09.22:015][843]LogPlayLevel: Creating play world package: /Game/2DSideScrollerBP/Maps/UEDPIE_0_Caramuru2D
[2017.11.21-18.09.22:019][843]LogPlayLevel: PIE: StaticDuplicateObject took: (0.004350s)
[2017.11.21-18.09.22:019][843]LogAIModule: Creating AISystem for world Caramuru2D
[2017.11.21-18.09.22:020][843]LogPlayLevel: PIE: World Init took: (0.000722s)
[2017.11.21-18.09.22:020][843]LogPlayLevel: PIE: Created PIE world by copying editor world from /Game/2DSideScrollerBP/Maps/Caramuru2D.Caramuru2D to /Game/2DSideScrollerBP/Maps/UEDPIE_0_Caramuru2D.Caramuru2D (0.005484s)
[2017.11.21-18.09.22:041][843]LogInit: XAudio2 using 'Alto-falantes (2- Realtek High Definition Audio)' : 2 channels at 48 kHz using 32 bits per sample (channel mask 0x3)
[2017.11.21-18.09.22:047][843]LogInit: FAudioDevice initialized.
[2017.11.21-18.09.22:080][843]LogLoad: Game class is '2DSideScrollerGameMode_C'
[2017.11.21-18.09.22:086][843]LogWorld: Bringing World /Game/2DSideScrollerBP/Maps/UEDPIE_0_Caramuru2D.Caramuru2D up for play (max tick rate 0) at 2017.11.21-15.09.22
[2017.11.21-18.09.22:087][843]LogWorld: Bringing up level for play took: 0.005977
[2017.11.21-18.09.22:088][843]LogBlueprintUserMessages: [Character] SpreaderGun
[2017.11.21-18.09.22:089][843]PIE: Play in editor start time for /Game/2DSideScrollerBP/Maps/UEDPIE_0_Caramuru2D -0.047
[2017.11.21-18.09.22:089][843]LogBlueprintUserMessages: Late PlayInEditor Detection: Level '/Game/2DSideScrollerBP/Maps/Caramuru2D.Caramuru2D:PersistentLevel' has LevelScriptBlueprint '/Game/2DSideScrollerBP/Maps/Caramuru2D.Caramuru2D:PersistentLevel.Caramuru2D' with GeneratedClass '/Game/2DSideScrollerBP/Maps/Caramuru2D.Caramuru2D_C' with ClassGeneratedBy '/Game/2DSideScrollerBP/Maps/Caramuru2D.Caramuru2D:PersistentLevel.Caramuru2D'
[2017.11.21-18.09.25:689][273]LogBlueprintUserMessages: [BP_Check_Point_832] X=-5058.956 Y=100.000 Z=4039.216
[2017.11.21-18.09.41:951][216]LogBlueprintUserMessages: Early EndPlayMap Detection: Level '/Game/2DSideScrollerBP/Maps/Caramuru2D.Caramuru2D:PersistentLevel' has LevelScriptBlueprint '/Game/2DSideScrollerBP/Maps/Caramuru2D.Caramuru2D:PersistentLevel.Caramuru2D' with GeneratedClass '/Game/2DSideScrollerBP/Maps/Caramuru2D.Caramuru2D_C' with ClassGeneratedBy '/Game/2DSideScrollerBP/Maps/Caramuru2D.Caramuru2D:PersistentLevel.Caramuru2D'
[2017.11.21-18.09.41:988][216]LogBlueprintUserMessages: Late EndPlayMap Detection: Level '/Game/2DSideScrollerBP/Maps/Caramuru2D.Caramuru2D:PersistentLevel' has LevelScriptBlueprint '/Game/2DSideScrollerBP/Maps/Caramuru2D.Caramuru2D:PersistentLevel.Caramuru2D' with GeneratedClass '/Game/2DSideScrollerBP/Maps/Caramuru2D.Caramuru2D_C' with ClassGeneratedBy '/Game/2DSideScrollerBP/Maps/Caramuru2D.Caramuru2D:PersistentLevel.Caramuru2D'
[2017.11.21-18.09.45:736][656]LogEditorViewport: Clicking on Actor (LMB): BP_Ladder_C (BP_Ladder)
[2017.11.21-18.09.57:883][ 88]Cmd: TRANSACTION UNDO
[2017.11.21-18.09.57:883][ 88]LogEditorTransaction: Undo Move Actors
[2017.11.21-18.10.13:237][452]LogSlate: Took 0.017591 seconds to synchronously load lazily loaded font '../../../Engine/Content/Editor/Slate/Fonts/Roboto-Italic.ttf' (157K)
[2017.11.21-18.11.37:552][824]BlueprintLog: New page: Compile BP_Ladder
[2017.11.21-18.11.38:090][828]LogSavePackage: Save=57.17ms
[2017.11.21-18.11.38:090][828]LogSavePackage: Moving '../../../../../../Users/Marcelo/Documents/Unreal Projects/Caramuru2D 4.17/Saved/BP_Ladder48DB1510414141BB56E9FCAAF439EFEF.tmp' to '../../../../../../Users/Marcelo/Documents/Unreal Projects/Caramuru2D 4.17/Content/2DSideScrollerBP/Blueprints/BP_Ladder.uasset'
[2017.11.21-18.11.38:091][828]LogSavePackage: Display: Finished SavePackage ../../../../../../Users/Marcelo/Documents/Unreal Projects/Caramuru2D 4.17/Content/2DSideScrollerBP/Blueprints/BP_Ladder.uasset
[2017.11.21-18.16.03:982][ 40]Cmd: TRANSACTION UNDO
[2017.11.21-18.16.03:982][ 40]LogEditorTransaction: Undo Create Pin Link
[2017.11.21-18.17.30:846][428]LogEditorTransaction: Undo Move Node
[2017.11.21-18.17.31:081][440]LogEditorTransaction: Undo Create Pin Link
[2017.11.21-18.17.31:423][458]LogEditorTransaction: Undo Create Pin Link
[2017.11.21-18.17.31:809][486]LogEditorTransaction: Undo Create Pin Link
[2017.11.21-18.17.32:238][518]LogEditorTransaction: Undo Move Node
[2017.11.21-18.17.32:703][553]LogEditorTransaction: Undo Create Pin Link
[2017.11.21-18.17.33:014][574]LogEditorTransaction: Undo Move Node
[2017.11.21-18.17.33:342][596]LogEditorTransaction: Undo Move Node
[2017.11.21-18.17.33:748][626]LogEditorTransaction: Undo Paste clipboard contents
[2017.11.21-18.17.34:043][645]LogEditorTransaction: Undo Delete current selection
[2017.11.21-18.17.34:306][661]LogEditorTransaction: Undo Create Reroute Node
[2017.11.21-18.17.35:295][747]LogEditorTransaction: Undo Move Node
[2017.11.21-18.17.35:818][789]LogEditorTransaction: Undo Create Pin Link
[2017.11.21-18.17.36:246][821]LogEditorTransaction: Undo Create Pin Link
[2017.11.21-18.17.36:679][854]LogEditorTransaction: Undo Create Pin Link
[2017.11.21-18.17.37:282][904]LogEditorTransaction: Undo Move Node
[2017.11.21-18.17.37:927][958]LogEditorTransaction: Undo Paste clipboard contents
[2017.11.21-18.17.38:401][996]LogEditorTransaction: Undo Delete current selection
[2017.11.21-18.18.25:530][124]LogUObjectHash: Warning: Ambiguous search, could be K2Node_CallFunction /Game/2DSideScrollerBP/Blueprints/BP_Ladder.BP_Ladder:EventGraph.K2Node_CallFunction_2 or K2Node_CallFunction /Game/2DSideScrollerBP/Blueprints/BP_Ladder.BP_Ladder:EventGraph.K2Node_CallFunction_2
[2017.11.21-18.19.44:872][408]BlueprintLog: New page: Compile BP_Ladder
[2017.11.21-18.19.45:783][445]LogSavePackage: Save=59.39ms
[2017.11.21-18.19.45:783][445]LogSavePackage: Moving '../../../../../../Users/Marcelo/Documents/Unreal Projects/Caramuru2D 4.17/Saved/BP_LadderD554C2C04B24B7A6396061B3CB6EF981.tmp' to '../../../../../../Users/Marcelo/Documents/Unreal Projects/Caramuru2D 4.17/Content/2DSideScrollerBP/Blueprints/BP_Ladder.uasset'
[2017.11.21-18.19.45:791][445]LogSavePackage: Display: Finished SavePackage ../../../../../../Users/Marcelo/Documents/Unreal Projects/Caramuru2D 4.17/Content/2DSideScrollerBP/Blueprints/BP_Ladder.uasset
[2017.11.21-18.19.47:361][608]LogTemp: Repeating last play command: Selected Viewport
[2017.11.21-18.19.47:412][608]LogBlueprintUserMessages: Early PlayInEditor Detection: Level '/Game/2DSideScrollerBP/Maps/Caramuru2D.Caramuru2D:PersistentLevel' has LevelScriptBlueprint '/Game/2DSideScrollerBP/Maps/Caramuru2D.Caramuru2D:PersistentLevel.Caramuru2D' with GeneratedClass '/Game/2DSideScrollerBP/Maps/Caramuru2D.Caramuru2D_C' with ClassGeneratedBy '/Game/2DSideScrollerBP/Maps/Caramuru2D.Caramuru2D:PersistentLevel.Caramuru2D'
[2017.11.21-18.19.47:412][608]LogPlayLevel: PlayLevel: No blueprints needed recompiling
[2017.11.21-18.19.47:412][608]PIE: New page: PIE session: Caramuru2D (Nov 21, 2017, 12:19:47 PM)
[2017.11.21-18.19.47:412][608]LogPlayLevel: Creating play world package: /Game/2DSideScrollerBP/Maps/UEDPIE_0_Caramuru2D
[2017.11.21-18.19.47:417][608]LogPlayLevel: PIE: StaticDuplicateObject took: (0.004499s)
[2017.11.21-18.19.47:417][608]LogAIModule: Creating AISystem for world Caramuru2D
[2017.11.21-18.19.47:418][608]LogPlayLevel: PIE: World Init took: (0.000704s)
[2017.11.21-18.19.47:418][608]LogPlayLevel: PIE: Created PIE world by copying editor world from /Game/2DSideScrollerBP/Maps/Caramuru2D.Caramuru2D to /Game/2DSideScrollerBP/Maps/UEDPIE_0_Caramuru2D.Caramuru2D (0.005450s)
[2017.11.21-18.19.47:439][608]LogInit: XAudio2 using 'Alto-falantes (2- Realtek High Definition Audio)' : 2 channels at 48 kHz using 32 bits per sample (channel mask 0x3)
[2017.11.21-18.19.47:447][608]LogInit: FAudioDevice initialized.
[2017.11.21-18.19.47:478][608]LogLoad: Game class is '2DSideScrollerGameMode_C'
[2017.11.21-18.19.47:483][608]LogWorld: Bringing World /Game/2DSideScrollerBP/Maps/UEDPIE_0_Caramuru2D.Caramuru2D up for play (max tick rate 0) at 2017.11.21-15.19.47
[2017.11.21-18.19.47:485][608]LogWorld: Bringing up level for play took: 0.006131
[2017.11.21-18.19.47:486][608]LogBlueprintUserMessages: [Character] SpreaderGun
[2017.11.21-18.19.47:486][608]PIE: Play in editor start time for /Game/2DSideScrollerBP/Maps/UEDPIE_0_Caramuru2D -0.65
[2017.11.21-18.19.47:487][608]LogBlueprintUserMessages: Late PlayInEditor Detection: Level '/Game/2DSideScrollerBP/Maps/Caramuru2D.Caramuru2D:PersistentLevel' has LevelScriptBlueprint '/Game/2DSideScrollerBP/Maps/Caramuru2D.Caramuru2D:PersistentLevel.Caramuru2D' with GeneratedClass '/Game/2DSideScrollerBP/Maps/Caramuru2D.Caramuru2D_C' with ClassGeneratedBy '/Game/2DSideScrollerBP/Maps/Caramuru2D.Caramuru2D:PersistentLevel.Caramuru2D'
[2017.11.21-18.19.48:604][741]Cmd: LevelEditor.ToggleImmersive
[2017.11.21-18.19.50:133][904]LogBlueprintUserMessages: [BP_Check_Point_832] X=-5058.988 Y=100.000 Z=4039.025
[2017.11.21-18.20.19:397][747]LogBlueprintUserMessages: Early EndPlayMap Detection: Level '/Game/2DSideScrollerBP/Maps/Caramuru2D.Caramuru2D:PersistentLevel' has LevelScriptBlueprint '/Game/2DSideScrollerBP/Maps/Caramuru2D.Caramuru2D:PersistentLevel.Caramuru2D' with GeneratedClass '/Game/2DSideScrollerBP/Maps/Caramuru2D.Caramuru2D_C' with ClassGeneratedBy '/Game/2DSideScrollerBP/Maps/Caramuru2D.Caramuru2D:PersistentLevel.Caramuru2D'
[2017.11.21-18.20.19:472][747]LogBlueprintUserMessages: Late EndPlayMap Detection: Level '/Game/2DSideScrollerBP/Maps/Caramuru2D.Caramuru2D:PersistentLevel' has LevelScriptBlueprint '/Game/2DSideScrollerBP/Maps/Caramuru2D.Caramuru2D:PersistentLevel.Caramuru2D' with GeneratedClass '/Game/2DSideScrollerBP/Maps/Caramuru2D.Caramuru2D_C' with ClassGeneratedBy '/Game/2DSideScrollerBP/Maps/Caramuru2D.Caramuru2D:PersistentLevel.Caramuru2D'
[2017.11.21-18.21.09:111][318]BlueprintLog: New page: Compile BP_Ladder
[2017.11.21-18.21.09:911][356]LogSavePackage: Save=59.40ms
[2017.11.21-18.21.09:912][356]LogSavePackage: Moving '../../../../../../Users/Marcelo/Documents/Unreal Projects/Caramuru2D 4.17/Saved/BP_Ladder86A38FCD44A1D0DC915CC3800499035E.tmp' to '../../../../../../Users/Marcelo/Documents/Unreal Projects/Caramuru2D 4.17/Content/2DSideScrollerBP/Blueprints/BP_Ladder.uasset'
[2017.11.21-18.21.09:914][356]LogSavePackage: Display: Finished SavePackage ../../../../../../Users/Marcelo/Documents/Unreal Projects/Caramuru2D 4.17/Content/2DSideScrollerBP/Blueprints/BP_Ladder.uasset
[2017.11.21-18.21.11:869][574]LogEditorViewport: Clicking Background
[2017.11.21-18.21.16:309][104]Cmd: SELECT NONE
[2017.11.21-18.21.30:027][745]LogEditorViewport: Clicking on Actor (LMB): BP_Ladder_C (BP_Ladder)
[2017.11.21-18.22.56:145][ 11]LogSavePackage: Save=173.28ms
[2017.11.21-18.22.56:145][ 11]LogSavePackage: Moving '../../../../../../Users/Marcelo/Documents/Unreal Projects/Caramuru2D 4.17/Saved/Caramuru2D_Auto1499FD4B54699668A225C9781C19B03B5.tmp' to '../../../../../../Users/Marcelo/Documents/Unreal Projects/Caramuru2D 4.17/Saved/Autosaves/Game/2DSideScrollerBP/Maps/Caramuru2D_Auto1.umap'
[2017.11.21-18.22.56:146][ 11]LogSavePackage: Display: Finished SavePackage ../../../../../../Users/Marcelo/Documents/Unreal Projects/Caramuru2D 4.17/Saved/Autosaves/Game/2DSideScrollerBP/Maps/Caramuru2D_Auto1.umap
[2017.11.21-18.22.56:178][ 11]LogFileHelpers: Editor autosave (incl. sublevels) for '/Game/2DSideScrollerBP/Maps/Caramuru2D' took 0.325
[2017.11.21-18.22.56:178][ 11]LogFileHelpers: Editor autosave (incl. sublevels) for all levels took 0.325
[2017.11.21-18.22.56:190][ 11]OBJ SavePackage: Generating thumbnails for [0] asset(s) in package [/Game/2DSideScrollerBP/Blueprints/BP_Ladder] ([1] browsable assets)...
[2017.11.21-18.22.56:190][ 11]OBJ SavePackage: Finished generating thumbnails for package [/Game/2DSideScrollerBP/Blueprints/BP_Ladder]
[2017.11.21-18.22.56:313][ 11]LogSavePackage: Save=66.07ms
[2017.11.21-18.22.56:313][ 11]LogSavePackage: Moving '../../../../../../Users/Marcelo/Documents/Unreal Projects/Caramuru2D 4.17/Saved/BP_Ladder_Auto11539D424405C38976F426F823BEDBF69.tmp' to '../../../../../../Users/Marcelo/Documents/Unreal Projects/Caramuru2D 4.17/Saved/Autosaves/Game/2DSideScrollerBP/Blueprints/BP_Ladder_Auto1.uasset'
[2017.11.21-18.22.56:314][ 11]LogSavePackage: Display: Finished SavePackage ../../../../../../Users/Marcelo/Documents/Unreal Projects/Caramuru2D 4.17/Saved/Autosaves/Game/2DSideScrollerBP/Blueprints/BP_Ladder_Auto1.uasset
[2017.11.21-18.22.56:314][ 11]LogFileHelpers: Auto-saving content packages took 0.135
[2017.11.21-18.24.57:520][820]BlueprintLog: New page: Compile BP_Ladder
[2017.11.21-18.24.58:641][876]LogSavePackage: Save=56.94ms
[2017.11.21-18.24.58:642][876]LogSavePackage: Moving '../../../../../../Users/Marcelo/Documents/Unreal Projects/Caramuru2D 4.17/Saved/BP_Ladder364F68704FE101A80F0C27B576DE8F7B.tmp' to '../../../../../../Users/Marcelo/Documents/Unreal Projects/Caramuru2D 4.17/Content/2DSideScrollerBP/Blueprints/BP_Ladder.uasset'
[2017.11.21-18.24.58:647][876]LogSavePackage: Display: Finished SavePackage ../../../../../../Users/Marcelo/Documents/Unreal Projects/Caramuru2D 4.17/Content/2DSideScrollerBP/Blueprints/BP_Ladder.uasset
[2017.11.21-18.25.01:070][121]LogTemp: Repeating last play command: Selected Viewport
[2017.11.21-18.25.01:114][121]LogBlueprintUserMessages: Early PlayInEditor Detection: Level '/Game/2DSideScrollerBP/Maps/Caramuru2D.Caramuru2D:PersistentLevel' has LevelScriptBlueprint '/Game/2DSideScrollerBP/Maps/Caramuru2D.Caramuru2D:PersistentLevel.Caramuru2D' with GeneratedClass '/Game/2DSideScrollerBP/Maps/Caramuru2D.Caramuru2D_C' with ClassGeneratedBy '/Game/2DSideScrollerBP/Maps/Caramuru2D.Caramuru2D:PersistentLevel.Caramuru2D'
[2017.11.21-18.25.01:114][121]LogPlayLevel: PlayLevel: No blueprints needed recompiling
[2017.11.21-18.25.01:114][121]PIE: New page: PIE session: Caramuru2D (Nov 21, 2017, 12:25:01 PM)
[2017.11.21-18.25.01:114][121]LogPlayLevel: Creating play world package: /Game/2DSideScrollerBP/Maps/UEDPIE_0_Caramuru2D
[2017.11.21-18.25.01:119][121]LogPlayLevel: PIE: StaticDuplicateObject took: (0.004445s)
[2017.11.21-18.25.01:119][121]LogAIModule: Creating AISystem for world Caramuru2D
[2017.11.21-18.25.01:119][121]LogPlayLevel: PIE: World Init took: (0.000738s)
[2017.11.21-18.25.01:120][121]LogPlayLevel: PIE: Created PIE world by copying editor world from /Game/2DSideScrollerBP/Maps/Caramuru2D.Caramuru2D to /Game/2DSideScrollerBP/Maps/UEDPIE_0_Caramuru2D.Caramuru2D (0.005416s)
[2017.11.21-18.25.01:142][121]LogInit: XAudio2 using 'Alto-falantes (2- Realtek High Definition Audio)' : 2 channels at 48 kHz using 32 bits per sample (channel mask 0x3)
[2017.11.21-18.25.01:151][121]LogInit: FAudioDevice initialized.
[2017.11.21-18.25.01:184][121]LogLoad: Game class is '2DSideScrollerGameMode_C'
[2017.11.21-18.25.01:189][121]LogWorld: Bringing World /Game/2DSideScrollerBP/Maps/UEDPIE_0_Caramuru2D.Caramuru2D up for play (max tick rate 0) at 2017.11.21-15.25.01
[2017.11.21-18.25.01:191][121]LogWorld: Bringing up level for play took: 0.006152
[2017.11.21-18.25.01:193][121]LogBlueprintUserMessages: [Character] SpreaderGun
[2017.11.21-18.25.01:193][121]PIE: Play in editor start time for /Game/2DSideScrollerBP/Maps/UEDPIE_0_Caramuru2D 1.057
[2017.11.21-18.25.01:193][121]LogBlueprintUserMessages: Late PlayInEditor Detection: Level '/Game/2DSideScrollerBP/Maps/Caramuru2D.Caramuru2D:PersistentLevel' has LevelScriptBlueprint '/Game/2DSideScrollerBP/Maps/Caramuru2D.Caramuru2D:PersistentLevel.Caramuru2D' with GeneratedClass '/Game/2DSideScrollerBP/Maps/Caramuru2D.Caramuru2D_C' with ClassGeneratedBy '/Game/2DSideScrollerBP/Maps/Caramuru2D.Caramuru2D:PersistentLevel.Caramuru2D'
[2017.11.21-18.25.02:285][251]Cmd: LevelEditor.ToggleImmersive
[2017.11.21-18.25.05:158][575]LogBlueprintUserMessages: [BP_Check_Point_832] X=-5061.693 Y=100.000 Z=4019.697
[2017.11.21-18.25.13:997][636]LogBlueprintUserMessages: Early EndPlayMap Detection: Level '/Game/2DSideScrollerBP/Maps/Caramuru2D.Caramuru2D:PersistentLevel' has LevelScriptBlueprint '/Game/2DSideScrollerBP/Maps/Caramuru2D.Caramuru2D:PersistentLevel.Caramuru2D' with GeneratedClass '/Game/2DSideScrollerBP/Maps/Caramuru2D.Caramuru2D_C' with ClassGeneratedBy '/Game/2DSideScrollerBP/Maps/Caramuru2D.Caramuru2D:PersistentLevel.Caramuru2D'
[2017.11.21-18.25.14:064][636]LogBlueprintUserMessages: Late EndPlayMap Detection: Level '/Game/2DSideScrollerBP/Maps/Caramuru2D.Caramuru2D:PersistentLevel' has LevelScriptBlueprint '/Game/2DSideScrollerBP/Maps/Caramuru2D.Caramuru2D:PersistentLevel.Caramuru2D' with GeneratedClass '/Game/2DSideScrollerBP/Maps/Caramuru2D.Caramuru2D_C' with ClassGeneratedBy '/Game/2DSideScrollerBP/Maps/Caramuru2D.Caramuru2D:PersistentLevel.Caramuru2D'
[2017.11.21-18.26.35:255][545]LogEditorTransaction: Undo Move Nodes
[2017.11.21-18.26.37:513][732]LogEditorTransaction: Undo Move Nodes
[2017.11.21-18.27.02:238][826]BlueprintLog: New page: Compile BP_Ladder
[2017.11.21-18.27.03:077][860]LogSavePackage: Save=55.61ms
[2017.11.21-18.27.03:077][860]LogSavePackage: Moving '../../../../../../Users/Marcelo/Documents/Unreal Projects/Caramuru2D 4.17/Saved/BP_LadderD138623C41AC466DFFF0C9B69CD19292.tmp' to '../../../../../../Users/Marcelo/Documents/Unreal Projects/Caramuru2D 4.17/Content/2DSideScrollerBP/Blueprints/BP_Ladder.uasset'
[2017.11.21-18.27.03:080][860]LogSavePackage: Display: Finished SavePackage ../../../../../../Users/Marcelo/Documents/Unreal Projects/Caramuru2D 4.17/Content/2DSideScrollerBP/Blueprints/BP_Ladder.uasset
[2017.11.21-18.27.50:182][516]BlueprintLog: New page: Compile BP_Ladder
[2017.11.21-18.27.50:904][539]LogSavePackage: Save=58.04ms
[2017.11.21-18.27.50:904][539]LogSavePackage: Moving '../../../../../../Users/Marcelo/Documents/Unreal Projects/Caramuru2D 4.17/Saved/BP_Ladder5E5A8F164922A0171C50648D9E5F5765.tmp' to '../../../../../../Users/Marcelo/Documents/Unreal Projects/Caramuru2D 4.17/Content/2DSideScrollerBP/Blueprints/BP_Ladder.uasset'
[2017.11.21-18.27.50:905][539]LogSavePackage: Display: Finished SavePackage ../../../../../../Users/Marcelo/Documents/Unreal Projects/Caramuru2D 4.17/Content/2DSideScrollerBP/Blueprints/BP_Ladder.uasset
[2017.11.21-18.27.54:329][697]LogSavePackage: Save=127.33ms
[2017.11.21-18.27.54:329][697]LogSavePackage: Moving '../../../../../../Users/Marcelo/Documents/Unreal Projects/Caramuru2D 4.17/Saved/Caramuru2D77C6F7104D4C7293FD8B4D8781BC0C7D.tmp' to '../../../../../../Users/Marcelo/Documents/Unreal Projects/Caramuru2D 4.17/Content/2DSideScrollerBP/Maps/Caramuru2D.umap'
[2017.11.21-18.27.54:332][697]LogSavePackage: Display: Finished SavePackage ../../../../../../Users/Marcelo/Documents/Unreal Projects/Caramuru2D 4.17/Content/2DSideScrollerBP/Maps/Caramuru2D.umap
[2017.11.21-18.27.54:396][697]LogFileHelpers: Saving map 'Caramuru2D' took 0.331
[2017.11.21-18.27.58:490][159]SourceControl: fatal: C:/Program Files/Epic Games/UE_4.17/Engine/Content/: 'C:/Program Files/Epic Games/UE_4.17/Engine/Content/' is outside repository
[2017.11.21-18.28.16:774][159]LogSourceControl: FGitCheckInWorker: commit successful
[2017.11.21-18.28.16:862][159]SourceControl: [master f66f648] Menu
[2017.11.21-18.28.16:862][159]SourceControl:  5 files changed, 0 insertions(+), 0 deletions(-)
[2017.11.21-18.28.16:862][159]SourceControl:  rewrite Content/2DSideScrollerBP/Blueprints/BP_Ladder.uasset (67%)
[2017.11.21-18.28.16:862][159]SourceControl:  rewrite Content/2DSideScrollerBP/Maps/Caramuru2D.umap (63%)
[2017.11.21-18.28.16:862][159]SourceControl:  rewrite Content/Menu/HUD/HUD_Caramuru.uasset (62%)
[2017.11.21-18.28.16:862][159]SourceControl:  rewrite Content/Menu/HUD/HUD_Creditos_Menu_Principal.uasset (67%)
[2017.11.21-18.28.16:862][159]SourceControl:  rewrite Content/Menu/HUD/HUD_Pausa.uasset (72%)
[2017.11.21-18.28.16:867][159]SourceControl: Commited [master f66f648] Menu.
[2017.11.21-18.28.24:815][ 71]LogWindowsTextInputMethodSystem: Display: IME system now deactivated.
[2017.11.21-18.28.25:008][ 72]Cmd: QUIT_EDITOR
[2017.11.21-18.28.25:239][ 72]LogExit: Preparing to exit.
[2017.11.21-18.28.25:959][ 72]LogDirectoryWatcher: A directory notification for 'C:/Users/Marcelo/Documents/Unreal Projects/Caramuru2D 4.17/Content/' was aborted.
[2017.11.21-18.28.25:996][ 72]LogExit: Editor shut down
[2017.11.21-18.28.26:001][ 72]LogExit: Transaction tracking system shut down
[2017.11.21-18.28.26:167][ 72]LogDirectoryWatcher: A directory notification for '../../../Engine/Content/' was aborted.
[2017.11.21-18.28.26:167][ 72]LogDirectoryWatcher: A directory notification for '../../../../../../Users/Marcelo/Documents/Unreal Projects/Caramuru2D 4.17/Content/' was aborted.
[2017.11.21-18.28.26:167][ 72]LogDirectoryWatcher: A directory notification for '../../../Engine/Plugins/2D/Paper2D/Content/' was aborted.
[2017.11.21-18.28.26:168][ 72]LogDirectoryWatcher: A directory notification for '../../../Engine/Plugins/Runtime/Oculus/OculusVR/Content/' was aborted.
[2017.11.21-18.28.26:168][ 72]LogDirectoryWatcher: A directory notification for '../../../Engine/Plugins/Runtime/Steam/SteamVR/Content/' was aborted.
[2017.11.21-18.28.26:283][ 72]LogExit: Object subsystem successfully closed.
[2017.11.21-18.28.26:303][ 72]LogD3D11RHI: Shutdown
[2017.11.21-18.28.26:303][ 72]LogD3D11RHI: CleanupD3DDevice
[2017.11.21-18.28.26:391][ 72]LogD3D11RHI: ~FD3D11DynamicRHI
[2017.11.21-18.28.26:404][ 72]LogModuleManager: Shutting down and abandoning module SequencerWidgets (538)
[2017.11.21-18.28.26:404][ 72]LogModuleManager: Shutting down and abandoning module BlueprintGraph (536)
[2017.11.21-18.28.26:404][ 72]LogModuleManager: Shutting down and abandoning module BlueprintProfiler (534)
[2017.11.21-18.28.26:404][ 72]LogModuleManager: Shutting down and abandoning module MovieSceneCapture (532)
[2017.11.21-18.28.26:404][ 72]LogModuleManager: Shutting down and abandoning module HierarchicalLODOutliner (530)
[2017.11.21-18.28.26:404][ 72]LogModuleManager: Shutting down and abandoning module SceneOutliner (528)
[2017.11.21-18.28.26:404][ 72]LogModuleManager: Shutting down and abandoning module AddContentDialog (526)
[2017.11.21-18.28.26:404][ 72]LogDirectoryWatcher: A directory notification for 'C:/Program Files/Epic Games/UE_4.17/FeaturePacks/' was aborted.
[2017.11.21-18.28.26:419][ 72]LogModuleManager: Shutting down and abandoning module WidgetCarousel (525)
[2017.11.21-18.28.26:419][ 72]LogModuleManager: Shutting down and abandoning module EditorWidgets (522)
[2017.11.21-18.28.26:419][ 72]LogModuleManager: Shutting down and abandoning module CollectionManager (520)
[2017.11.21-18.28.26:419][ 72]LogDirectoryWatcher: A directory notification for 'C:/Users/Marcelo/Documents/Unreal Projects/Caramuru2D 4.17/Content/Collections/' was aborted.
[2017.11.21-18.28.26:420][ 72]LogDirectoryWatcher: A directory notification for 'C:/Users/Marcelo/Documents/Unreal Projects/Caramuru2D 4.17/Content/Developers/Marcelo/Collections/' was aborted.
[2017.11.21-18.28.26:420][ 72]LogDirectoryWatcher: A directory notification for 'C:/Users/Marcelo/Documents/Unreal Projects/Caramuru2D 4.17/Saved/Collections/' was aborted.
[2017.11.21-18.28.26:420][ 72]LogModuleManager: Shutting down and abandoning module StatsViewer (518)
[2017.11.21-18.28.26:420][ 72]LogModuleManager: Shutting down and abandoning module FoliageEdit (516)
[2017.11.21-18.28.26:420][ 72]LogModuleManager: Shutting down and abandoning module LandscapeEditor (514)
[2017.11.21-18.28.26:420][ 72]LogModuleManager: Shutting down and abandoning module MeshPaintMode (512)
[2017.11.21-18.28.26:420][ 72]LogModuleManager: Shutting down and abandoning module SceneDepthPickerMode (510)
[2017.11.21-18.28.26:420][ 72]LogModuleManager: Shutting down and abandoning module ActorPickerMode (508)
[2017.11.21-18.28.26:420][ 72]LogModuleManager: Shutting down and abandoning module GeometryMode (506)
[2017.11.21-18.28.26:420][ 72]LogModuleManager: Shutting down and abandoning module TextureAlignMode (504)
[2017.11.21-18.28.26:420][ 72]LogModuleManager: Shutting down and abandoning module BspMode (502)
[2017.11.21-18.28.26:420][ 72]LogModuleManager: Shutting down and abandoning module PIEPreviewDeviceProfileSelector (500)
[2017.11.21-18.28.26:420][ 72]LogModuleManager: Shutting down and abandoning module HardwareSurvey (498)
[2017.11.21-18.28.26:420][ 72]LogModuleManager: Shutting down and abandoning module SequenceRecorderSections (496)
[2017.11.21-18.28.26:420][ 72]LogModuleManager: Shutting down and abandoning module AutomationWorker (494)
[2017.11.21-18.28.26:420][ 72]LogModuleManager: Shutting down and abandoning module MatineeToLevelSequence (492)
[2017.11.21-18.28.26:420][ 72]LogModuleManager: Shutting down and abandoning module LevelSequenceEditor (490)
[2017.11.21-18.28.26:421][ 72]LogModuleManager: Shutting down and abandoning module PlacementMode (489)
[2017.11.21-18.28.26:421][ 72]LogModuleManager: Shutting down and abandoning module WmfMediaFactory (486)
[2017.11.21-18.28.26:421][ 72]LogModuleManager: Shutting down and abandoning module WmfMediaEditor (484)
[2017.11.21-18.28.26:421][ 72]LogModuleManager: Shutting down and abandoning module AvfMediaFactory (482)
[2017.11.21-18.28.26:421][ 72]LogModuleManager: Shutting down and abandoning module AvfMediaEditor (480)
[2017.11.21-18.28.26:421][ 72]LogModuleManager: Shutting down and abandoning module AndroidMediaFactory (478)
[2017.11.21-18.28.26:421][ 72]LogModuleManager: Shutting down and abandoning module Media (477)
[2017.11.21-18.28.26:421][ 72]LogModuleManager: Shutting down and abandoning module AndroidMediaEditor (474)
[2017.11.21-18.28.26:421][ 72]LogModuleManager: Shutting down and abandoning module CharacterAI (472)
[2017.11.21-18.28.26:421][ 72]LogModuleManager: Shutting down and abandoning module AudioCapture (470)
[2017.11.21-18.28.26:421][ 72]LogModuleManager: Shutting down and abandoning module SequenceRecorder (469)
[2017.11.21-18.28.26:421][ 72]LogModuleManager: Shutting down and abandoning module SmartSnapping (466)
[2017.11.21-18.28.26:421][ 72]LogModuleManager: Shutting down and abandoning module SessionServices (464)
[2017.11.21-18.28.26:421][ 72]LogModuleManager: Shutting down and abandoning module ViewportSnapping (462)
[2017.11.21-18.28.26:421][ 72]LogModuleManager: Shutting down and abandoning module ViewportInteraction (460)
[2017.11.21-18.28.26:421][ 72]LogModuleManager: Shutting down and abandoning module ClothPainter (458)
[2017.11.21-18.28.26:421][ 72]LogModuleManager: Shutting down and abandoning module LogVisualizer (456)
[2017.11.21-18.28.26:421][ 72]LogModuleManager: Shutting down and abandoning module IntroTutorials (454)
[2017.11.21-18.28.26:421][ 72]LogModuleManager: Shutting down and abandoning module GameProjectGeneration (453)
[2017.11.21-18.28.26:421][ 72]LogModuleManager: Shutting down and abandoning module IOSPlatformEditor (450)
[2017.11.21-18.28.26:421][ 72]LogModuleManager: Shutting down and abandoning module HTML5PlatformEditor (448)
[2017.11.21-18.28.26:421][ 72]LogModuleManager: Shutting down and abandoning module AndroidPlatformEditor (446)
[2017.11.21-18.28.26:421][ 72]LogModuleManager: Shutting down and abandoning module AndroidDeviceDetection (445)
[2017.11.21-18.28.27:177][ 72]LogModuleManager: Shutting down and abandoning module WindowsPlatformEditor (442)
[2017.11.21-18.28.27:177][ 72]LogModuleManager: Shutting down and abandoning module IOSRuntimeSettings (440)
[2017.11.21-18.28.27:177][ 72]LogModuleManager: Shutting down and abandoning module AndroidRuntimeSettings (438)
[2017.11.21-18.28.27:177][ 72]LogModuleManager: Shutting down and abandoning module InputBindingEditor (436)
[2017.11.21-18.28.27:177][ 72]LogModuleManager: Shutting down and abandoning module MergeActors (434)
[2017.11.21-18.28.27:177][ 72]LogModuleManager: Shutting down and abandoning module SizeMap (432)
[2017.11.21-18.28.27:177][ 72]LogModuleManager: Shutting down and abandoning module TreeMap (430)
[2017.11.21-18.28.27:177][ 72]LogModuleManager: Shutting down and abandoning module ReferenceViewer (428)
[2017.11.21-18.28.27:177][ 72]LogModuleManager: Shutting down and abandoning module LocalizationDashboard (426)
[2017.11.21-18.28.27:177][ 72]LogModuleManager: Shutting down and abandoning module LocalizationService (425)
[2017.11.21-18.28.27:177][ 72]LogModuleManager: Shutting down and abandoning module HardwareTargeting (422)
[2017.11.21-18.28.27:177][ 72]LogModuleManager: Shutting down and abandoning module DeviceProfileEditor (420)
[2017.11.21-18.28.27:177][ 72]LogModuleManager: Shutting down and abandoning module UndoHistory (418)
[2017.11.21-18.28.27:177][ 72]LogModuleManager: Shutting down and abandoning module XmlParser (416)
[2017.11.21-18.28.27:177][ 72]LogModuleManager: Shutting down and abandoning module Blutility (414)
[2017.11.21-18.28.27:177][ 72]LogModuleManager: Shutting down and abandoning module ProjectSettingsViewer (412)
[2017.11.21-18.28.27:177][ 72]LogModuleManager: Shutting down and abandoning module ProjectTargetPlatformEditor (411)
[2017.11.21-18.28.27:178][ 72]LogModuleManager: Shutting down and abandoning module EditorSettingsViewer (408)
[2017.11.21-18.28.27:178][ 72]LogModuleManager: Shutting down and abandoning module SettingsEditor (406)
[2017.11.21-18.28.27:178][ 72]LogModuleManager: Shutting down and abandoning module ProjectLauncher (404)
[2017.11.21-18.28.27:178][ 72]LogModuleManager: Shutting down and abandoning module SessionFrontend (402)
[2017.11.21-18.28.27:178][ 72]LogModuleManager: Shutting down and abandoning module ProfilerClient (400)
[2017.11.21-18.28.27:178][ 72]LogModuleManager: Shutting down and abandoning module DeviceManager (398)
[2017.11.21-18.28.27:178][ 72]LogModuleManager: Shutting down and abandoning module TargetDeviceServices (397)
[2017.11.21-18.28.27:223][ 72]LogModuleManager: Shutting down and abandoning module AutomationController (394)
[2017.11.21-18.28.27:223][ 72]LogModuleManager: Shutting down and abandoning module AutomationWindow (392)
[2017.11.21-18.28.27:223][ 72]LogModuleManager: Shutting down and abandoning module Layers (390)
[2017.11.21-18.28.27:223][ 72]LogModuleManager: Shutting down and abandoning module ComponentVisualizers (388)
[2017.11.21-18.28.27:223][ 72]LogModuleManager: Shutting down and abandoning module DetailCustomizations (386)
[2017.11.21-18.28.27:223][ 72]LogModuleManager: Shutting down and abandoning module PackagesDialog (384)
[2017.11.21-18.28.27:223][ 72]LogModuleManager: Shutting down and abandoning module Persona (382)
[2017.11.21-18.28.27:223][ 72]LogModuleManager: Shutting down and abandoning module AdvancedPreviewScene (381)
[2017.11.21-18.28.27:223][ 72]LogModuleManager: Shutting down and abandoning module AnimGraph (379)
[2017.11.21-18.28.27:223][ 72]LogModuleManager: Shutting down and abandoning module Kismet (376)
[2017.11.21-18.28.27:232][ 72]LogModuleManager: Shutting down and abandoning module ClassViewer (374)
[2017.11.21-18.28.27:232][ 72]LogModuleManager: Shutting down and abandoning module Toolbox (372)
[2017.11.21-18.28.27:232][ 72]LogModuleManager: Shutting down and abandoning module ModuleUI (370)
[2017.11.21-18.28.27:232][ 72]LogModuleManager: Shutting down and abandoning module MovieSceneTools (368)
[2017.11.21-18.28.27:232][ 72]LogModuleManager: Shutting down and abandoning module OutputLog (366)
[2017.11.21-18.28.27:232][ 72]LogModuleManager: Shutting down and abandoning module GammaUI (364)
[2017.11.21-18.28.27:232][ 72]LogModuleManager: Shutting down and abandoning module Documentation (362)
[2017.11.21-18.28.27:232][ 72]LogModuleManager: Shutting down and abandoning module MovieSceneTracks (360)
[2017.11.21-18.28.27:232][ 72]LogModuleManager: Shutting down and abandoning module MovieScene (358)
[2017.11.21-18.28.27:232][ 72]LogModuleManager: Shutting down and abandoning module Niagara (356)
[2017.11.21-18.28.27:232][ 72]LogModuleManager: Shutting down and abandoning module NiagaraEditor (355)
[2017.11.21-18.28.27:232][ 72]LogModuleManager: Shutting down and abandoning module StreamingPauseRendering (352)
[2017.11.21-18.28.27:232][ 72]LogModuleManager: Shutting down and abandoning module LauncherPlatform (350)
[2017.11.21-18.28.27:232][ 72]LogModuleManager: Shutting down and abandoning module AnalyticsET (348)
[2017.11.21-18.28.27:232][ 72]LogModuleManager: Shutting down and abandoning module PortalServices (346)
[2017.11.21-18.28.27:232][ 72]LogModuleManager: Shutting down and abandoning module PortalRpc (344)
[2017.11.21-18.28.27:232][ 72]LogModuleManager: Shutting down and abandoning module MessagingRpc (342)
[2017.11.21-18.28.27:232][ 72]LogModuleManager: Shutting down and abandoning module AIModule (340)
[2017.11.21-18.28.27:232][ 72]LogModuleManager: Shutting down and abandoning module GameplayDebugger (339)
[2017.11.21-18.28.27:232][ 72]LogModuleManager: Shutting down and abandoning module AITestSuite (337)
[2017.11.21-18.28.27:232][ 72]LogModuleManager: Shutting down and abandoning module ProfilerService (334)
[2017.11.21-18.28.27:351][ 72]LogModuleManager: Shutting down and abandoning module TaskGraph (332)
[2017.11.21-18.28.27:352][ 72]LogModuleManager: Shutting down and abandoning module SteamVRController (330)
[2017.11.21-18.28.27:352][ 72]LogModuleManager: Shutting down and abandoning module ProceduralMeshComponentEditor (328)
[2017.11.21-18.28.27:352][ 72]LogModuleManager: Shutting down and abandoning module ProceduralMeshComponent (326)
[2017.11.21-18.28.27:352][ 72]LogModuleManager: Shutting down and abandoning module OculusInput (324)
[2017.11.21-18.28.27:352][ 72]LogModuleManager: Shutting down and abandoning module MobilePatchingUtils (322)
[2017.11.21-18.28.27:352][ 72]LogModuleManager: Shutting down and abandoning module CustomMeshComponent (320)
[2017.11.21-18.28.27:352][ 72]LogModuleManager: Shutting down and abandoning module CableComponent (318)
[2017.11.21-18.28.27:352][ 72]LogModuleManager: Shutting down and abandoning module ArchVisCharacter (316)
[2017.11.21-18.28.27:352][ 72]LogModuleManager: Shutting down and abandoning module AndroidPermission (314)
[2017.11.21-18.28.27:352][ 72]LogModuleManager: Shutting down and abandoning module MediaPlayerEditor (310)
[2017.11.21-18.28.27:352][ 72]LogModuleManager: Shutting down and abandoning module HTML5Networking (308)
[2017.11.21-18.28.27:352][ 72]LogModuleManager: Shutting down and abandoning module AlembicImporter (306)
[2017.11.21-18.28.27:352][ 72]LogModuleManager: Shutting down and abandoning module AlembicLibrary (305)
[2017.11.21-18.28.27:352][ 72]LogModuleManager: Shutting down and abandoning module GeometryCache (304)
[2017.11.21-18.28.27:352][ 72]LogModuleManager: Shutting down and abandoning module GeometryCacheEd (303)
[2017.11.21-18.28.27:352][ 72]LogModuleManager: Shutting down and abandoning module SpeedTreeImporter (298)
[2017.11.21-18.28.27:352][ 72]LogModuleManager: Shutting down and abandoning module PluginBrowser (296)
[2017.11.21-18.28.27:352][ 72]LogModuleManager: Shutting down and abandoning module MobileLauncherProfileWizard (294)
[2017.11.21-18.28.27:352][ 72]LogModuleManager: Shutting down and abandoning module VisualStudioSourceCodeAccess (292)
[2017.11.21-18.28.27:352][ 72]LogModuleManager: Shutting down and abandoning module DesktopPlatform (291)
[2017.11.21-18.28.27:352][ 72]LogModuleManager: Shutting down and abandoning module UObjectPlugin (288)
[2017.11.21-18.28.27:352][ 72]LogModuleManager: Shutting down and abandoning module SubversionSourceControl (286)
[2017.11.21-18.28.27:352][ 72]LogModuleManager: Shutting down and abandoning module PerforceSourceControl (284)
[2017.11.21-18.28.27:352][ 72]LogModuleManager: Shutting down and abandoning module GitSourceControl (282)
[2017.11.21-18.28.27:352][ 72]LogModuleManager: Shutting down and abandoning module SourceControl (281)
[2017.11.21-18.28.27:352][ 72]LogModuleManager: Shutting down and abandoning module LightPropagationVolumeEditor (278)
[2017.11.21-18.28.27:352][ 72]LogModuleManager: Shutting down and abandoning module PaperTiledImporter (276)
[2017.11.21-18.28.27:352][ 72]LogModuleManager: Shutting down and abandoning module PaperSpriteSheetImporter (274)
[2017.11.21-18.28.27:352][ 72]LogModuleManager: Shutting down and abandoning module Paper2DEditor (272)
[2017.11.21-18.28.27:352][ 72]LogModuleManager: Shutting down and abandoning module MeshPaint (271)
[2017.11.21-18.28.27:352][ 72]LogModuleManager: Shutting down and abandoning module LevelEditor (269)
[2017.11.21-18.28.27:353][ 72]LogModuleManager: Shutting down and abandoning module PixelInspectorModule (268)
[2017.11.21-18.28.27:353][ 72]LogModuleManager: Shutting down and abandoning module MainFrame (266)
[2017.11.21-18.28.27:353][ 72]LogModuleManager: Shutting down and abandoning module HotReload (265)
[2017.11.21-18.28.27:354][ 72]LogModuleManager: Shutting down and abandoning module RuntimePhysXCooking (260)
[2017.11.21-18.28.27:354][ 72]LogModuleManager: Shutting down and abandoning module PhysXVehiclesEditor (258)
[2017.11.21-18.28.27:354][ 72]LogModuleManager: Shutting down and abandoning module PhysXVehicles (256)
[2017.11.21-18.28.27:354][ 72]LogModuleManager: Shutting down and abandoning module OculusEditor (254)
[2017.11.21-18.28.27:354][ 72]LogModuleManager: Shutting down and abandoning module LocationServicesBPLibrary (252)
[2017.11.21-18.28.27:354][ 72]LogModuleManager: Shutting down and abandoning module ImmediatePhysicsEditor (250)
[2017.11.21-18.28.27:354][ 72]LogModuleManager: Shutting down and abandoning module ImmediatePhysics (248)
[2017.11.21-18.28.27:354][ 72]LogModuleManager: Shutting down and abandoning module UdpMessaging (246)
[2017.11.21-18.28.27:454][ 72]LogModuleManager: Shutting down and abandoning module TcpMessaging (244)
[2017.11.21-18.28.27:555][ 72]LogModuleManager: Shutting down and abandoning module GameplayTagsEditor (242)
[2017.11.21-18.28.27:555][ 72]LogModuleManager: Shutting down and abandoning module FacialAnimationEditor (240)
[2017.11.21-18.28.27:555][ 72]LogModuleManager: Shutting down and abandoning module FacialAnimation (238)
[2017.11.21-18.28.27:555][ 72]LogModuleManager: Shutting down and abandoning module AssetManagerEditor (236)
[2017.11.21-18.28.27:555][ 72]LogModuleManager: Shutting down and abandoning module GraphEditor (235)
[2017.11.21-18.28.27:555][ 72]LogModuleManager: Shutting down and abandoning module ContentBrowser (233)
[2017.11.21-18.28.27:556][ 72]LogModuleManager: Shutting down and abandoning module LightPropagationVolumeRuntime (230)
[2017.11.21-18.28.27:556][ 72]LogModuleManager: Shutting down and abandoning module Paper2D (228)
[2017.11.21-18.28.27:556][ 72]LogModuleManager: Shutting down and abandoning module WindowsMoviePlayer (226)
[2017.11.21-18.28.27:556][ 72]LogModuleManager: Shutting down and abandoning module WmfMedia (224)
[2017.11.21-18.28.27:556][ 72]LogModuleManager: Shutting down and abandoning module PacketHandler (222)
[2017.11.21-18.28.27:556][ 72]LogModuleManager: Shutting down and abandoning module ClothingSystemEditor (220)
[2017.11.21-18.28.27:556][ 72]LogModuleManager: Shutting down and abandoning module ClothingSystemRuntime (218)
[2017.11.21-18.28.27:556][ 72]LogModuleManager: Shutting down and abandoning module Overlay (216)
[2017.11.21-18.28.27:556][ 72]LogModuleManager: Shutting down and abandoning module OverlayEditor (215)
[2017.11.21-18.28.27:556][ 72]LogModuleManager: Shutting down and abandoning module MediaAssets (212)
[2017.11.21-18.28.27:556][ 72]LogModuleManager: Shutting down and abandoning module VREditor (210)
[2017.11.21-18.28.27:556][ 72]LogModuleManager: Shutting down and abandoning module StringTableEditor (208)
[2017.11.21-18.28.27:556][ 72]LogModuleManager: Shutting down and abandoning module GameplayTasksEditor (206)
[2017.11.21-18.28.27:556][ 72]LogModuleManager: Shutting down and abandoning module BehaviorTreeEditor (204)
[2017.11.21-18.28.27:556][ 72]LogModuleManager: Shutting down and abandoning module FunctionalTesting (202)
[2017.11.21-18.28.27:556][ 72]LogModuleManager: Shutting down and abandoning module CollisionAnalyzer (200)
[2017.11.21-18.28.27:557][ 72]LogModuleManager: Shutting down and abandoning module WorkspaceMenuStructure (199)
[2017.11.21-18.28.27:557][ 72]LogModuleManager: Shutting down and abandoning module UMG (196)
[2017.11.21-18.28.27:557][ 72]LogModuleManager: Shutting down and abandoning module UMGEditor (195)
[2017.11.21-18.28.27:557][ 72]LogModuleManager: Shutting down and abandoning module Sequencer (194)
[2017.11.21-18.28.27:557][ 72]LogModuleManager: Shutting down and abandoning module MessageLog (191)
[2017.11.21-18.28.27:557][ 72]LogModuleManager: Shutting down and abandoning module SlateReflector (186)
[2017.11.21-18.28.27:557][ 72]LogModuleManager: Shutting down and abandoning module Slate (184)
[2017.11.21-18.28.27:557][ 72]LogModuleManager: Shutting down and abandoning module EditorStyle (182)
[2017.11.21-18.28.27:559][ 72]LogModuleManager: Shutting down and abandoning module MRMesh (180)
[2017.11.21-18.28.27:559][ 72]LogModuleManager: Shutting down and abandoning module SourceCodeAccess (178)
[2017.11.21-18.28.27:559][ 72]LogModuleManager: Shutting down and abandoning module HeadMountedDisplay (176)
[2017.11.21-18.28.27:559][ 72]LogModuleManager: Shutting down and abandoning module XAudio2 (174)
[2017.11.21-18.28.27:559][ 72]LogModuleManager: Shutting down and abandoning module Networking (172)
[2017.11.21-18.28.27:559][ 72]LogModuleManager: Shutting down and abandoning module Core (168)
[2017.11.21-18.28.27:559][ 72]LogModuleManager: Shutting down and abandoning module KismetCompiler (164)
[2017.11.21-18.28.27:559][ 72]LogModuleManager: Shutting down and abandoning module LevelSequence (162)
[2017.11.21-18.28.27:559][ 72]LogModuleManager: Shutting down and abandoning module MeshUtilities (160)
[2017.11.21-18.28.27:559][ 72]LogModuleManager: Shutting down and abandoning module MeshMergeUtilities (159)
[2017.11.21-18.28.27:559][ 72]LogModuleManager: Shutting down and abandoning module MeshReductionInterface (158)
[2017.11.21-18.28.27:559][ 72]LogModuleManager: Shutting down and abandoning module SimplygonSwarm (157)
[2017.11.21-18.28.27:559][ 72]LogModuleManager: Shutting down and abandoning module SimplygonMeshReduction (155)
[2017.11.21-18.28.27:559][ 72]LogModuleManager: Shutting down and abandoning module QuadricMeshReduction (153)
[2017.11.21-18.28.27:559][ 72]LogModuleManager: Shutting down and abandoning module MaterialBaking (149)
[2017.11.21-18.28.27:560][ 72]LogModuleManager: Shutting down and abandoning module DirectoryWatcher (146)
[2017.11.21-18.28.27:560][ 72]LogModuleManager: Shutting down and abandoning module DerivedDataCache (144)
[2017.11.21-18.28.27:605][ 72]LogDerivedDataCache: Shutdown
[2017.11.21-18.28.27:605][ 72]LogModuleManager: Shutting down and abandoning module TargetPlatform (142)
[2017.11.21-18.28.27:605][ 72]LogModuleManager: Shutting down and abandoning module VulkanShaderFormat (141)
[2017.11.21-18.28.27:605][ 72]LogModuleManager: Shutting down and abandoning module ShaderFormatVectorVM (139)
[2017.11.21-18.28.27:605][ 72]LogModuleManager: Shutting down and abandoning module ShaderFormatOpenGL (137)
[2017.11.21-18.28.27:605][ 72]LogModuleManager: Shutting down and abandoning module ShaderFormatD3D (135)
[2017.11.21-18.28.27:605][ 72]LogModuleManager: Shutting down and abandoning module MetalShaderFormat (133)
[2017.11.21-18.28.27:605][ 72]LogModuleManager: Shutting down and abandoning module TextureFormatUncompressed (131)
[2017.11.21-18.28.27:605][ 72]LogModuleManager: Shutting down and abandoning module TextureFormatPVR (129)
[2017.11.21-18.28.27:605][ 72]LogModuleManager: Shutting down and abandoning module TextureFormatDXT (127)
[2017.11.21-18.28.27:605][ 72]LogModuleManager: Shutting down and abandoning module TextureFormatIntelISPCTexComp (125)
[2017.11.21-18.28.27:605][ 72]LogModuleManager: Shutting down and abandoning module TextureFormatASTC (123)
[2017.11.21-18.28.27:605][ 72]LogModuleManager: Shutting down and abandoning module ImageWrapper (122)
[2017.11.21-18.28.27:605][ 72]LogModuleManager: Shutting down and abandoning module TextureFormatAndroid (119)
[2017.11.21-18.28.27:605][ 72]LogModuleManager: Shutting down and abandoning module AudioFormatOpus (117)
[2017.11.21-18.28.27:605][ 72]LogModuleManager: Shutting down and abandoning module AudioFormatOgg (115)
[2017.11.21-18.28.27:605][ 72]LogModuleManager: Shutting down and abandoning module AudioFormatADPCM (113)
[2017.11.21-18.28.27:605][ 72]LogModuleManager: Shutting down and abandoning module LinuxTargetPlatform (111)
[2017.11.21-18.28.27:606][ 72]LogModuleManager: Shutting down and abandoning module LinuxServerTargetPlatform (109)
[2017.11.21-18.28.27:606][ 72]LogModuleManager: Shutting down and abandoning module LinuxNoEditorTargetPlatform (107)
[2017.11.21-18.28.27:606][ 72]LogModuleManager: Shutting down and abandoning module LinuxClientTargetPlatform (105)
[2017.11.21-18.28.27:606][ 72]LogModuleManager: Shutting down and abandoning module TVOSTargetPlatform (103)
[2017.11.21-18.28.27:606][ 72]LogModuleManager: Shutting down and abandoning module Messaging (101)
[2017.11.21-18.28.27:606][ 72]LogModuleManager: Shutting down and abandoning module IOSTargetPlatform (99)
[2017.11.21-18.28.27:606][ 72]LogModuleManager: Shutting down and abandoning module HTML5TargetPlatform (97)
[2017.11.21-18.28.27:606][ 72]LogModuleManager: Shutting down and abandoning module Android_PVRTCTargetPlatform (95)
[2017.11.21-18.28.27:606][ 72]LogModuleManager: Shutting down and abandoning module Android_MultiTargetPlatform (93)
[2017.11.21-18.28.27:606][ 72]LogModuleManager: Shutting down and abandoning module Android_ETC2TargetPlatform (91)
[2017.11.21-18.28.27:606][ 72]LogModuleManager: Shutting down and abandoning module Android_ETC1TargetPlatform (89)
[2017.11.21-18.28.27:606][ 72]LogModuleManager: Shutting down and abandoning module Android_DXTTargetPlatform (87)
[2017.11.21-18.28.27:606][ 72]LogModuleManager: Shutting down and abandoning module Android_ATCTargetPlatform (85)
[2017.11.21-18.28.27:606][ 72]LogModuleManager: Shutting down and abandoning module Android_ASTCTargetPlatform (83)
[2017.11.21-18.28.27:606][ 72]LogModuleManager: Shutting down and abandoning module AndroidTargetPlatform (81)
[2017.11.21-18.28.27:606][ 72]LogModuleManager: Shutting down and abandoning module WindowsTargetPlatform (79)
[2017.11.21-18.28.27:606][ 72]LogModuleManager: Shutting down and abandoning module WindowsServerTargetPlatform (77)
[2017.11.21-18.28.27:606][ 72]LogModuleManager: Shutting down and abandoning module WindowsNoEditorTargetPlatform (75)
[2017.11.21-18.28.27:606][ 72]LogModuleManager: Shutting down and abandoning module WindowsClientTargetPlatform (73)
[2017.11.21-18.28.27:606][ 72]LogModuleManager: Shutting down and abandoning module MacTargetPlatform (71)
[2017.11.21-18.28.27:606][ 72]LogModuleManager: Shutting down and abandoning module MacServerTargetPlatform (69)
[2017.11.21-18.28.27:606][ 72]LogModuleManager: Shutting down and abandoning module MacNoEditorTargetPlatform (67)
[2017.11.21-18.28.27:606][ 72]LogModuleManager: Shutting down and abandoning module MacClientTargetPlatform (65)
[2017.11.21-18.28.27:606][ 72]LogModuleManager: Shutting down and abandoning module AllDesktopTargetPlatform (63)
[2017.11.21-18.28.27:606][ 72]LogModuleManager: Shutting down and abandoning module InputCore (60)
[2017.11.21-18.28.27:606][ 72]LogModuleManager: Shutting down and abandoning module Settings (58)
[2017.11.21-18.28.27:606][ 72]LogModuleManager: Shutting down and abandoning module PhysXCooking (56)
[2017.11.21-18.28.27:606][ 72]LogModuleManager: Shutting down and abandoning module SteamVR (54)
[2017.11.21-18.28.27:606][ 72]LogModuleManager: Shutting down and abandoning module OculusHMD (52)
[2017.11.21-18.28.27:606][ 72]LogModuleManager: Shutting down and abandoning module ExampleDeviceProfileSelector (50)
[2017.11.21-18.28.27:606][ 72]LogModuleManager: Shutting down and abandoning module OnlineBlueprintSupport (48)
[2017.11.21-18.28.27:606][ 72]LogModuleManager: Shutting down and abandoning module OnlineSubsystem (44)
[2017.11.21-18.28.27:606][ 72]LogOnline: Display: Unloading online subsystem: NULL
[2017.11.21-18.28.27:606][ 72]LogModuleManager: Shutting down and abandoning module XMPP (43)
[2017.11.21-18.28.27:606][ 72]LogModuleManager: Shutting down and abandoning module HTTP (41)
[2017.11.21-18.28.27:606][ 72]LogHttp: Display: Http module shutting down, but needs to wait on 1 outstanding Http requests:
[2017.11.21-18.28.27:606][ 72]LogHttp: Display: 	verb=[POST] url=[https://datarouter.ol.epicgames.com/datarouter/api/v1/public/data?SessionID=%7B4E5D1748-4E13-AE4D-3D0A-8FBA7197A477%7D&AppID=UEEditor.Rocket.Release&AppVersion=4.17.2-3658906%2B%2B%2BUE4%2BRelease-4.17&UserID=0cdc46354752a0eab9852f856d7117e8%7C15cca6e6937c4713820d7aa9ac75edf7%7C47e4ea8b-fce0-40e0-83d0-fc5cc9b7dace&AppEnvironment=datacollector-binary&UploadType=eteventstream] status=Processing
[2017.11.21-18.28.27:616][ 72]LogModuleManager: Shutting down and abandoning module SSL (40)
[2017.11.21-18.28.27:617][ 72]LogModuleManager: Shutting down and abandoning module AnimationModifiers (36)
[2017.11.21-18.28.27:617][ 72]LogModuleManager: Shutting down and abandoning module PropertyEditor (35)
[2017.11.21-18.28.27:617][ 72]LogModuleManager: Shutting down and abandoning module AudioEditor (32)
[2017.11.21-18.28.27:617][ 72]LogModuleManager: Shutting down and abandoning module TextureCompressor (30)
[2017.11.21-18.28.27:618][ 72]LogModuleManager: Shutting down and abandoning module ShaderCore (28)
[2017.11.21-18.28.27:618][ 72]LogModuleManager: Shutting down and abandoning module Landscape (26)
[2017.11.21-18.28.27:618][ 72]LogModuleManager: Shutting down and abandoning module SlateRHIRenderer (24)
[2017.11.21-18.28.27:619][ 72]LogModuleManager: Shutting down and abandoning module OpenGLDrv (22)
[2017.11.21-18.28.27:619][ 72]LogModuleManager: Shutting down and abandoning module D3D11RHI (20)
[2017.11.21-18.28.27:619][ 72]LogModuleManager: Shutting down and abandoning module AnimGraphRuntime (18)
[2017.11.21-18.28.27:619][ 72]LogModuleManager: Shutting down and abandoning module Renderer (16)
[2017.11.21-18.28.27:619][ 72]LogModuleManager: Shutting down and abandoning module Engine (14)
[2017.11.21-18.28.27:619][ 72]LogModuleManager: Shutting down and abandoning module CoreUObject (12)
[2017.11.21-18.28.27:619][ 72]LogModuleManager: Shutting down and abandoning module NetworkFile (10)
[2017.11.21-18.28.27:619][ 72]LogModuleManager: Shutting down and abandoning module CookedIterativeFile (8)
[2017.11.21-18.28.27:619][ 72]LogModuleManager: Shutting down and abandoning module StreamingFile (6)
[2017.11.21-18.28.27:619][ 72]LogModuleManager: Shutting down and abandoning module SandboxFile (4)
[2017.11.21-18.28.27:619][ 72]LogModuleManager: Shutting down and abandoning module PakFile (2)
[2017.11.21-18.28.27:622][ 72]LogExit: Exiting.
[2017.11.21-18.28.27:654][ 72]Log file closed, 11/21/17 15:28:27
