Log file open, 12/02/17 21:46:04
LogWindows: Failed to load 'aqProf.dll' (GetLastError=126)
LogWindows: File 'aqProf.dll' does not exist
LogWindows: Failed to load 'VtuneApi.dll' (GetLastError=126)
LogWindows: File 'VtuneApi.dll' does not exist
LogWindows: Failed to load 'VtuneApi32e.dll' (GetLastError=126)
LogWindows: File 'VtuneApi32e.dll' does not exist
LogInit: Display: Running engine for game: Caramuru2D
LogPlatformFile: Not using cached read wrapper
LogInit: Display: RandInit(-655717404) SRandInit(-655717404).
LogTaskGraph: Started task graph with 5 named threads and 8 total threads with 3 sets of task threads.
LogStats: Stats thread started at 5.371865
LogD3D11RHI: Aftermath initialized
LogPluginManager: Mounting plugin Paper2D
LogPluginManager: Mounting plugin LightPropagationVolume
LogPluginManager: Mounting plugin CodeLiteSourceCodeAccess
LogPluginManager: Mounting plugin GitSourceControl
LogPluginManager: Mounting plugin KDevelopSourceCodeAccess
LogPluginManager: Mounting plugin NullSourceCodeAccess
LogPluginManager: Mounting plugin PerforceSourceControl
LogPluginManager: Mounting plugin SubversionSourceControl
LogPluginManager: Mounting plugin UObjectPlugin
LogPluginManager: Mounting plugin VisualStudioSourceCodeAccess
LogPluginManager: Mounting plugin XCodeSourceCodeAccess
LogPluginManager: Mounting plugin AssetManagerEditor
LogPluginManager: Mounting plugin AudioCapture
LogPluginManager: Mounting plugin FacialAnimation
LogPluginManager: Mounting plugin GameplayTagsEditor
LogPluginManager: Mounting plugin MobileLauncherProfileWizard
LogPluginManager: Mounting plugin PluginBrowser
LogPluginManager: Mounting plugin SpeedTreeImporter
LogPluginManager: Mounting plugin AlembicImporter
LogPluginManager: Mounting plugin CharacterAI
LogPluginManager: Mounting plugin HTML5Networking
LogPluginManager: Mounting plugin AndroidMedia
LogPluginManager: Mounting plugin AvfMedia
LogPluginManager: Mounting plugin MediaPlayerEditor
LogPluginManager: Mounting plugin WmfMedia
LogPluginManager: Mounting plugin TcpMessaging
LogPluginManager: Mounting plugin UdpMessaging
LogPluginManager: Mounting plugin LevelSequenceEditor
LogPluginManager: Mounting plugin MatineeToLevelSequence
LogPluginManager: Mounting plugin OnlineSubsystemGooglePlay
LogPluginManager: Mounting plugin OnlineSubsystemIOS
LogPluginManager: Mounting plugin OnlineSubsystem
LogPluginManager: Mounting plugin OnlineSubsystemNull
LogPluginManager: Mounting plugin OnlineSubsystemUtils
LogPluginManager: Mounting plugin AndroidDeviceProfileSelector
LogPluginManager: Mounting plugin AndroidMoviePlayer
LogPluginManager: Mounting plugin AndroidPermission
LogPluginManager: Mounting plugin AppleMoviePlayer
LogPluginManager: Mounting plugin ArchVisCharacter
LogPluginManager: Mounting plugin CableComponent
LogPluginManager: Mounting plugin CustomMeshComponent
LogPluginManager: Mounting plugin ExampleDeviceProfileSelector
LogPluginManager: Mounting plugin GoogleCloudMessaging
LogPluginManager: Mounting plugin ImmediatePhysics
LogPluginManager: Mounting plugin IOSDeviceProfileSelector
LogPluginManager: Mounting plugin LinuxDeviceProfileSelector
LogPluginManager: Mounting plugin LocationServicesBPLibrary
LogPluginManager: Mounting plugin MobilePatchingUtils
LogPluginManager: Mounting plugin OculusVR
LogPluginManager: Mounting plugin PhysXVehicles
LogPluginManager: Mounting plugin ProceduralMeshComponent
LogPluginManager: Mounting plugin RuntimePhysXCooking
LogPluginManager: Mounting plugin SteamVR
LogPluginManager: Mounting plugin WindowsMoviePlayer
LogInit: Using libcurl 7.47.1
LogInit:  - built for x86_64-pc-win32
LogInit:  - supports SSL with OpenSSL/1.0.2g
LogInit:  - supports HTTP deflate (compression) using libz 1.2.8
LogInit:  - other features:
LogInit:      CURL_VERSION_SSL
LogInit:      CURL_VERSION_LIBZ
LogInit:      CURL_VERSION_IPV6
LogInit:      CURL_VERSION_ASYNCHDNS
LogInit:      CURL_VERSION_LARGEFILE
LogInit:      CURL_VERSION_IDN
LogInit:  CurlRequestOptions (configurable via config and command line):
LogInit:  - bVerifyPeer = false  - Libcurl will NOT verify peer certificate
LogInit:  - bUseHttpProxy = false  - Libcurl will NOT use HTTP proxy
LogInit:  - bDontReuseConnections = false  - Libcurl will reuse connections
LogInit:  - CertBundlePath = nullptr  - Libcurl will use whatever was configured at build time.
LogInit: Build: ++UE4+Release-4.17-CL-3658906
LogInit: Engine Version: 4.17.2-3658906+++UE4+Release-4.17
LogInit: Compatible Engine Version: 4.17.0-3573198+++UE4+Release-4.17
LogInit: Net CL: 3573198
LogDevObjectVersion: Number of dev versions registered: 16
LogDevObjectVersion:   Dev-Blueprints (B0D832E4-1F89-4F0D-ACCF-7EB736FD4AA2): 10
LogDevObjectVersion:   Dev-Build (E1C64328-A22C-4D53-A36C-8E866417BD8C): 0
LogDevObjectVersion:   Dev-Core (375EC13C-06E4-48FB-B500-84F0262A717E): 2
LogDevObjectVersion:   Dev-Editor (E4B068ED-F494-42E9-A231-DA0B2E46BB41): 20
LogDevObjectVersion:   Dev-Framework (CFFC743F-43B0-4480-9391-14DF171D2073): 28
LogDevObjectVersion:   Dev-Mobile (B02B49B5-BB20-44E9-A304-32B752E40360): 0
LogDevObjectVersion:   Dev-Networking (A4E4105C-59A1-49B5-A7C5-40C4547EDFEE): 0
LogDevObjectVersion:   Dev-Online (39C831C9-5AE6-47DC-9A44-9C173E1C8E7C): 0
LogDevObjectVersion:   Dev-Physics (78F01B33-EBEA-4F98-B9B4-84EACCB95AA2): 0
LogDevObjectVersion:   Dev-Platform (6631380F-2D4D-43E0-8009-CF276956A95A): 0
LogDevObjectVersion:   Dev-Rendering (12F88B9F-8875-4AFC-A67C-D90C383ABD29): 19
LogDevObjectVersion:   Dev-Sequencer (7B5AE74C-D270-4C10-A958-57980B212A5A): 4
LogDevObjectVersion:   Dev-VR (D7296918-1DD6-4BDD-9DE2-64A83CC13884): 0
LogDevObjectVersion:   Dev-LoadTimes (C2A15278-BFE7-4AFE-6C17-90FF531DF755): 1
LogDevObjectVersion:   Private-Geometry (6EACA3D4-40EC-4CC1-B786-8BED09428FC5): 1
LogDevObjectVersion:   Dev-AnimPhys (29E575DD-E0A3-4627-9D10-D276232CDCEA): 7
LogInit: Compiled (64-bit): Sep 22 2017 13:47:16
LogInit: Compiled with Visual C++: 19.00.24215.01
LogInit: Build Configuration: Development
LogInit: Branch Name: ++UE4+Release-4.17
LogInit: Command line:  
LogInit: Base directory: C:/Program Files/Epic Games/UE_4.17/Engine/Binaries/Win64/
LogInit: Installed Engine Build: 1
LogInit: Presizing for max 8388607 objects, including 0 objects not considered by GC, pre-allocating 0 bytes for permanent pool.
LogInit: Object subsystem initialized
[2017.12.03-00.46.07:291][  0]LogInit: Selected Device Profile: [Windows]
[2017.12.03-00.46.07:291][  0]LogInit: Applying CVar settings loaded from the selected device profile: [Windows]
[2017.12.03-00.46.07:496][  0]LogInit: Computer: DESKTOP-2FCU6I7
[2017.12.03-00.46.07:496][  0]LogInit: User: diego
[2017.12.03-00.46.07:496][  0]LogInit: CPU Page size=4096, Cores=2
[2017.12.03-00.46.07:496][  0]LogInit: High frequency timer resolution =1.656322 MHz
[2017.12.03-00.46.07:502][  0]LogMemory: Memory total: Physical=7.9GB (8GB approx)
[2017.12.03-00.46.07:502][  0]LogMemory: Platform Memory Stats for Windows
[2017.12.03-00.46.07:502][  0]LogMemory: Process Physical Memory: 279.00 MB used, 279.00 MB peak
[2017.12.03-00.46.07:502][  0]LogMemory: Process Virtual Memory: 276.02 MB used, 276.02 MB peak
[2017.12.03-00.46.07:502][  0]LogMemory: Physical Memory: 3012.66 MB used,  5082.84 MB free, 8095.50 MB total
[2017.12.03-00.46.07:502][  0]LogMemory: Virtual Memory: 667.22 MB used,  5082.84 MB free, 134217728.00 MB total
[2017.12.03-00.46.09:369][  0]LogInit: Using OS detected language (pt-BR).
[2017.12.03-00.46.09:369][  0]LogInit: Using OS detected locale (pt-BR).
[2017.12.03-00.46.21:255][  0]LogD3D11RHI: D3D11 adapters:
[2017.12.03-00.46.21:714][  0]LogD3D11RHI:    0. 'NVIDIA GeForce 820M' (Feature Level 11_0)
[2017.12.03-00.46.21:714][  0]LogD3D11RHI:       2000/0/4047 MB DedicatedVideo/DedicatedSystem/SharedSystem, Outputs:1, VendorId:0x10de
[2017.12.03-00.46.21:771][  0]LogD3D11RHI:    1. 'Intel(R) HD Graphics Family' (Feature Level 11_0)
[2017.12.03-00.46.21:771][  0]LogD3D11RHI:       112/0/2048 MB DedicatedVideo/DedicatedSystem/SharedSystem, Outputs:0, VendorId:0x8086
[2017.12.03-00.46.21:772][  0]LogD3D11RHI:    2. 'Microsoft Basic Render Driver' (Feature Level 11_0)
[2017.12.03-00.46.21:773][  0]LogD3D11RHI:       0/0/4047 MB DedicatedVideo/DedicatedSystem/SharedSystem, Outputs:0, VendorId:0x1414
[2017.12.03-00.46.21:773][  0]LogD3D11RHI: Chosen D3D11 Adapter: 0
[2017.12.03-00.46.21:784][  0]LogD3D11RHI: Creating new Direct3DDevice
[2017.12.03-00.46.21:784][  0]LogD3D11RHI:     GPU DeviceId: 0x1140 (for the marketing name, search the web for "GPU Device Id")
[2017.12.03-00.46.21:791][  0]LogWindows: EnumDisplayDevices:
[2017.12.03-00.46.21:791][  0]LogWindows:    0. 'Intel(R) HD Graphics Family' (P:1 D:1)
[2017.12.03-00.46.21:792][  0]LogWindows:    1. 'Intel(R) HD Graphics Family' (P:0 D:0)
[2017.12.03-00.46.21:792][  0]LogWindows:    2. 'Intel(R) HD Graphics Family' (P:0 D:0)
[2017.12.03-00.46.21:792][  0]LogWindows: DebugString: PrimaryIsNotTheChoosenAdapter PrimaryIsNotTheChoosenAdapter PrimaryIsNotTheChoosenAdapter FoundDriverCount:0 
[2017.12.03-00.46.21:792][  0]LogD3D11RHI:     Adapter Name: NVIDIA GeForce 820M
[2017.12.03-00.46.21:792][  0]LogD3D11RHI:   Driver Version: Unknown (internal:Unknown, unified:Unknown)
[2017.12.03-00.46.21:792][  0]LogD3D11RHI:      Driver Date: Unknown
[2017.12.03-00.46.21:792][  0]LogRHI: Texture pool is 1361 MB (70% of 1945 MB)
[2017.12.03-00.46.21:834][  0]LogD3D11RHI: Display: Timestamp queries are currently disabled on this hardware due to instability. Realtime GPU stats will not be available. You can override this behaviour by setting r.NVIDIATimestampWorkaround to 0
[2017.12.03-00.46.21:835][  0]LogD3D11RHI: Async texture creation enabled
[2017.12.03-00.46.22:479][  0]LogD3D11RHI: GPU Timing Frequency: 1000.000000 (Debug: 2 4)
[2017.12.03-00.46.22:710][  0]LogShaderCompilers: Guid format shader working directory is -25 characters bigger than the processId version (../../../../../../Users/diego/Documents/Unreal Projects/Caramuru2D-4.17/Intermediate/Shaders/WorkingDirectory/3936/).
[2017.12.03-00.46.22:710][  0]LogShaderCompilers: Cleaned the shader compiler working directory 'C:/Users/diego/AppData/Local/Temp/UnrealShaderWorkingDir/B6F07A4F4CA8F1A7B85B3DBBDD8351B9/'.
[2017.12.03-00.46.22:718][  0]LogShaderCompilers: Display: Using Local Shader Compiler.
[2017.12.03-00.46.36:327][  0]LogTemp: Display: Loaded TP AllDesktopTargetPlatform
[2017.12.03-00.46.36:407][  0]LogTemp: Display: Loaded TP MacClientTargetPlatform
[2017.12.03-00.46.36:502][  0]LogTemp: Display: Loaded TP MacNoEditorTargetPlatform
[2017.12.03-00.46.36:580][  0]LogTemp: Display: Loaded TP MacServerTargetPlatform
[2017.12.03-00.46.36:689][  0]LogTemp: Display: Loaded TP MacTargetPlatform
[2017.12.03-00.46.36:786][  0]LogTemp: Display: Loaded TP WindowsClientTargetPlatform
[2017.12.03-00.46.36:860][  0]LogTemp: Display: Loaded TP WindowsNoEditorTargetPlatform
[2017.12.03-00.46.36:934][  0]LogTemp: Display: Loaded TP WindowsServerTargetPlatform
[2017.12.03-00.46.37:007][  0]LogTemp: Display: Loaded TP WindowsTargetPlatform
[2017.12.03-00.46.37:101][  0]LogTemp: Display: Loaded TP AndroidTargetPlatform
[2017.12.03-00.46.37:181][  0]LogTemp: Display: Loaded TP Android_ASTCTargetPlatform
[2017.12.03-00.46.37:259][  0]LogTemp: Display: Loaded TP Android_ATCTargetPlatform
[2017.12.03-00.46.37:328][  0]LogTemp: Display: Loaded TP Android_DXTTargetPlatform
[2017.12.03-00.46.37:406][  0]LogTemp: Display: Loaded TP Android_ETC1TargetPlatform
[2017.12.03-00.46.37:475][  0]LogTemp: Display: Loaded TP Android_ETC2TargetPlatform
[2017.12.03-00.46.37:623][  0]LogTemp: Display: Loaded TP Android_MultiTargetPlatform
[2017.12.03-00.46.37:623][  0]LogTemp: Display: Loaded TP Android_PVRTCTargetPlatform
[2017.12.03-00.46.37:705][  0]LogTemp: Display: Loaded TP HTML5TargetPlatform
[2017.12.03-00.46.37:941][  0]LogTemp: Display: Loaded TP IOSTargetPlatform
[2017.12.03-00.46.37:994][  0]LogTemp: Display: Loaded TP TVOSTargetPlatform
[2017.12.03-00.46.38:084][  0]LogTemp: Display: Loaded TP LinuxClientTargetPlatform
[2017.12.03-00.46.38:157][  0]LogTemp: Display: Loaded TP LinuxNoEditorTargetPlatform
[2017.12.03-00.46.38:226][  0]LogTemp: Display: Loaded TP LinuxServerTargetPlatform
[2017.12.03-00.46.38:327][  0]LogTemp: Display: Loaded TP LinuxTargetPlatform
[2017.12.03-00.46.38:327][  0]LogTargetPlatformManager: Display: Building Assets For Windows
[2017.12.03-00.46.40:237][  0]LogDerivedDataCache: Display: Max Cache Size: 512 MB
[2017.12.03-00.46.41:255][  0]LogDerivedDataCache: Loaded boot cache 1.00s 93MB C:/Users/diego/AppData/Local/UnrealEngine/4.17/DerivedDataCache/Boot.ddc.
[2017.12.03-00.46.41:255][  0]LogDerivedDataCache: Display: Loaded Boot cache: C:/Users/diego/AppData/Local/UnrealEngine/4.17/DerivedDataCache/Boot.ddc
[2017.12.03-00.46.41:255][  0]LogDerivedDataCache: FDerivedDataBackendGraph:  Pak pak cache file ../../../../../../Users/diego/Documents/Unreal Projects/Caramuru2D-4.17/DerivedDataCache/DDC.ddp not found, will not use a pak cache.
[2017.12.03-00.46.41:255][  0]LogDerivedDataCache: Unable to find inner node Pak for hierarchical cache Hierarchy.
[2017.12.03-00.46.41:255][  0]LogDerivedDataCache: FDerivedDataBackendGraph:  CompressedPak pak cache file ../../../../../../Users/diego/Documents/Unreal Projects/Caramuru2D-4.17/DerivedDataCache/Compressed.ddp not found, will not use a pak cache.
[2017.12.03-00.46.41:255][  0]LogDerivedDataCache: Unable to find inner node CompressedPak for hierarchical cache Hierarchy.
[2017.12.03-00.46.41:391][  0]LogDerivedDataCache: Display: Pak cache opened for reading ../../../Engine/DerivedDataCache/Compressed.ddp.
[2017.12.03-00.46.41:438][  0]LogDerivedDataCache: Using Local data cache path C:/Users/diego/AppData/Local/UnrealEngine/Common/DerivedDataCache: Writable
[2017.12.03-00.46.41:638][  0]LogMaterial: Verifying Global Shaders for PCD3D_SM5
[2017.12.03-00.46.41:768][  0]LogSlate: Using Freetype 2.6.0
[2017.12.03-00.46.41:900][  0]LogSlate: SlateFontCache - WITH_FREETYPE: 1, WITH_HARFBUZZ: 1
[2017.12.03-00.46.41:907][  0]LogSlate: SlateFontCache - WITH_FREETYPE: 1, WITH_HARFBUZZ: 1
[2017.12.03-00.46.54:001][  0]LogAssetRegistry: FAssetRegistry took 0.0371 seconds to start up
[2017.12.03-00.46.59:598][  0]LogInit: Selected Device Profile: [Windows]
[2017.12.03-00.47.09:809][  0]LogContentStreaming: Texture pool size is 0.00 MB
[2017.12.03-00.47.11:926][  0]LogSimplygon: Simplygon DLL not present - disabling.
[2017.12.03-00.47.12:138][  0]LogMeshReduction: Using SimplygonSwarm for distributed automatic mesh merging
[2017.12.03-00.47.12:148][  0]LogMeshReduction: Using QuadricMeshReduction for automatic static mesh reduction
[2017.12.03-00.47.12:148][  0]LogMeshReduction: No automatic skeletal mesh reduction module available
[2017.12.03-00.47.12:148][  0]LogMeshReduction: No automatic mesh merging module available
[2017.12.03-00.47.12:148][  0]LogMeshMerging: No automatic mesh merging module available
[2017.12.03-00.47.18:278][  0]LogNetVersion: Caramuru2D , NetCL: 3573198, EngineNetVer: 2, GameNetVer: 0 (Checksum: 1344554375)
[2017.12.03-00.47.22:136][  0]LogPackageLocalizationCache: Processed 5 localized package path(s) for 2 prioritized culture(s) in 0.178586 seconds
[2017.12.03-00.47.22:222][  0]LogUObjectArray: 35825 objects as part of root set at end of initial load.
[2017.12.03-00.47.22:223][  0]LogUObjectAllocator: 7529112 out of 0 bytes used by permanent object pool.
[2017.12.03-00.47.22:237][  0]LogUObjectArray: CloseDisregardForGC: 0/0 objects in disregard for GC pool
[2017.12.03-00.47.22:578][  0]LogInit: WinSock: version 1.1 (2.2), MaxSocks=32767, MaxUdp=65467
[2017.12.03-00.48.12:748][  0]LogTcpMessaging: Initializing TcpMessaging bridge
[2017.12.03-00.48.12:840][  0]LogUdpMessaging: Initializing bridge on interface 0.0.0.0:0 to multicast group 230.0.0.1:6666.
[2017.12.03-00.48.16:934][  0]LogMaterial: Uniform references updated for custom material expression Custom.
[2017.12.03-00.48.19:627][  0]SourceControl: Controle de origem desativado
[2017.12.03-00.48.23:936][  0]LogAndroidPermission: UAndroidPermissionCallbackProxy::GetInstance
[2017.12.03-00.48.24:443][  0]LogOcInput: OculusInput pre-init called
[2017.12.03-00.48.25:696][  0]LogEngine: Initializing Engine...
[2017.12.03-00.48.25:780][  0]LogHMD: Failed to initialize OpenVR with code 110
[2017.12.03-00.48.27:439][  0]LogStats: UGameplayTagsManager::ConstructGameplayTagTree: Construct from data asset -  0.000 s
[2017.12.03-00.48.27:461][  0]LogStats: UGameplayTagsManager::ConstructGameplayTagTree: GameplayTagTreeChangedEvent.Broadcast -  0.020 s
[2017.12.03-00.48.28:653][  0]LogAIModule: Creating AISystem for world Untitled
[2017.12.03-00.48.29:144][  0]LogInit: XAudio2 using 'Fones de ouvido / Alto falantes (Realtek High Definition Audio)' : 2 channels at 48 kHz using 32 bits per sample (channel mask 0x3)
[2017.12.03-00.48.29:261][  0]LogInit: FAudioDevice initialized.
[2017.12.03-00.48.29:546][  0]LogDerivedDataCache: Saved boot cache 0.27s 93MB C:/Users/diego/AppData/Local/UnrealEngine/4.17/DerivedDataCache/Boot.ddc.
[2017.12.03-00.48.29:566][  0]LogInit: Texture streaming: Enabled
[2017.12.03-00.48.29:972][  0]LogEngineSessionManager: EngineSessionManager initialized
[2017.12.03-00.48.31:327][  0]LogInit: Transaction tracking system initialized
[2017.12.03-00.48.32:368][  0]BlueprintLog: New page: Carregar Editor
[2017.12.03-00.48.35:619][  0]LocalizationService: Localization service is disabled
[2017.12.03-00.48.38:242][  0]LogConsoleResponse: Display: 
[2017.12.03-00.48.44:655][  0]LogFileCache: Scanning file cache for directory 'C:/Users/diego/Documents/Unreal Projects/Caramuru2D-4.17/Content/' took 0.02s
[2017.12.03-00.48.44:655][  0]LogCook: Display: Max memory allowance for cook 16384mb min free memory 0mb
[2017.12.03-00.48.44:655][  0]LogCook: Display: Mobile HDR setting 0
[2017.12.03-00.48.44:852][  0]LogGameplayTags: Display: UGameplayTagsManager::DoneAddingNativeTags. DelegateIsBound: 0
[2017.12.03-00.48.51:786][  0]Cmd: MAP LOAD FILE="../../../../../../Users/diego/Documents/Unreal Projects/Caramuru2D-4.17/Content/Menu/Levels/Level_Game_Main_Menu.umap" TEMPLATE=0 SHOWPROGRESS=1 FEATURELEVEL=3
[2017.12.03-00.48.51:829][  0]LightingResults: New page: Compilação de Iluminação
[2017.12.03-00.48.52:219][  0]MapCheck: New page: Verificação de Mapa
[2017.12.03-00.48.52:219][  0]LightingResults: New page: Compilação de Iluminação
[2017.12.03-00.48.56:948][  0]LogAIModule: Creating AISystem for world Level_Game_Main_Menu
[2017.12.03-00.48.57:297][  0]LogEditorServer: Finished looking for orphan Actors (0.000 secs)
[2017.12.03-00.48.57:541][  0]Cmd: MAP CHECKDEP NOCLEARLOG
[2017.12.03-00.48.57:650][  0]MapCheck: Map check complete: 0 Error(s), 0 Warning(s), took 108,286ms to complete.
[2017.12.03-00.48.57:650][  0]LogFileHelpers: Loading map 'Level_Game_Main_Menu' took 5.895
[2017.12.03-00.49.01:411][  0]LogCollectionManager: Loaded 0 collections in 0.001930 seconds
[2017.12.03-00.49.01:887][  0]LogFileCache: Scanning file cache for directory 'C:/Users/diego/Documents/Unreal Projects/Caramuru2D-4.17/Saved/Collections/' took 0.01s
[2017.12.03-00.49.01:887][  0]LogFileCache: Scanning file cache for directory 'C:/Users/diego/Documents/Unreal Projects/Caramuru2D-4.17/Content/Developers/diego/Collections/' took 0.01s
[2017.12.03-00.49.01:887][  0]LogFileCache: Scanning file cache for directory 'C:/Users/diego/Documents/Unreal Projects/Caramuru2D-4.17/Content/Collections/' took 0.01s
[2017.12.03-00.49.01:887][  0]LogCollectionManager: Rebuilt the GUID cache for 0 collections in 0.000001 seconds
[2017.12.03-00.49.01:913][  0]LogContentBrowser: Native class hierarchy populated in 0.0246 seconds. Added 2386 classes and 500 folders.
[2017.12.03-00.49.02:130][  0]LogContentBrowser: Native class hierarchy updated for 'WidgetCarousel' in 0.0009 seconds. Added 0 classes and 0 folders.
[2017.12.03-00.49.03:898][  0]LogContentBrowser: Native class hierarchy updated for 'AddContentDialog' in 0.0008 seconds. Added 0 classes and 0 folders.
[2017.12.03-00.49.04:089][  0]LogContentBrowser: Native class hierarchy updated for 'SceneOutliner' in 0.0014 seconds. Added 1 classes and 2 folders.
[2017.12.03-00.49.06:566][  0]LogSlate: Took 0.024506 seconds to synchronously load lazily loaded font '../../../Engine/Content/Slate/Fonts/Roboto-Regular.ttf' (155K)
[2017.12.03-00.49.06:831][  0]LogSlate: Took 0.021280 seconds to synchronously load lazily loaded font '../../../Engine/Content/Slate/Fonts/Roboto-Bold.ttf' (160K)
[2017.12.03-00.49.06:873][  0]LogSlate: Took 0.016254 seconds to synchronously load lazily loaded font '../../../Engine/Content/Editor/Slate/Fonts/FontAwesome.ttf' (139K)
[2017.12.03-00.49.07:798][  0]LogRenderer: Reallocating scene render targets to support 624x612 Format 10 NumSamples 1 (Frame:1).
[2017.12.03-00.49.10:424][  0]LogContentBrowser: Native class hierarchy updated for 'HierarchicalLODOutliner' in 0.0009 seconds. Added 1 classes and 2 folders.
[2017.12.03-00.49.10:424][  0]LogLoad: (Engine Initialization) Total time: 203.18 seconds
[2017.12.03-00.49.10:424][  0]LogLoad: (Engine Initialization) Total Blueprint compile time: 0.00 seconds
[2017.12.03-00.49.10:445][  0]LogExternalProfiler: Found external profiler: VSPerf
[2017.12.03-00.49.10:445][  0]LogExternalProfiler: Using external profiler: VSPerf
[2017.12.03-00.49.11:450][  0]SourceControl: On branch master
[2017.12.03-00.49.11:450][  0]SourceControl: Your branch is up to date with 'origin/master'.
[2017.12.03-00.49.11:450][  0]SourceControl: Changes not staged for commit:
[2017.12.03-00.49.11:450][  0]SourceControl:   (use "git add/rm <file>..." to update what will be committed)
[2017.12.03-00.49.11:450][  0]SourceControl:   (use "git checkout -- <file>..." to discard changes in working directory)
[2017.12.03-00.49.11:450][  0]SourceControl: 	modified:   Intermediate/CachedAssetRegistry.bin
[2017.12.03-00.49.11:450][  0]SourceControl: 	deleted:    Saved/Config/CrashReportClient/UE4CC-Windows-676AA0E0454BF0CDA0E282AD17705609/CrashReportClient.ini
[2017.12.03-00.49.11:450][  0]SourceControl: 	deleted:    Saved/Config/CrashReportClient/UE4CC-Windows-A142024B45F4DB1F14025CAE5123A6D7/CrashReportClient.ini
[2017.12.03-00.49.11:450][  0]SourceControl: 	deleted:    Saved/Config/CrashReportClient/UE4CC-Windows-B16B55B0421ACF956650658A839B7CD8/CrashReportClient.ini
[2017.12.03-00.49.11:450][  0]SourceControl: 	deleted:    Saved/Config/CrashReportClient/UE4CC-Windows-F168AEA7409DE3BB290CF896822C3F33/CrashReportClient.ini
[2017.12.03-00.49.11:450][  0]SourceControl: 	modified:   Saved/Config/Windows/Editor.ini
[2017.12.03-00.49.11:450][  0]SourceControl: 	modified:   Saved/Config/Windows/Engine.ini
[2017.12.03-00.49.11:450][  0]SourceControl: 	deleted:    Saved/Logs/Caramuru2D-backup-2017.11.28-13.57.33.log
[2017.12.03-00.49.11:450][  0]SourceControl: 	modified:   Saved/Logs/Caramuru2D.log
[2017.12.03-00.49.11:450][  0]SourceControl: Untracked files:
[2017.12.03-00.49.11:450][  0]SourceControl:   (use "git add <file>..." to include in what will be committed)
[2017.12.03-00.49.11:450][  0]SourceControl: 	Saved/Config/CrashReportClient/UE4CC-Windows-08928BEB4A7A66C1AA170BB736A1F030/
[2017.12.03-00.49.11:450][  0]SourceControl: 	Saved/Logs/Caramuru2D-backup-2017.12.02-21.46.04.log
[2017.12.03-00.49.11:450][  0]SourceControl: no changes added to commit (use "git add" and/or "git commit -a")
[2017.12.03-00.49.11:472][  0]LogContentStreaming: Texture pool size now 1000 MB
[2017.12.03-00.49.12:325][  1]LogSlate: Took 0.021084 seconds to synchronously load lazily loaded font '../../../Engine/Content/Slate/Fonts/Roboto-Light.ttf' (159K)
[2017.12.03-00.49.13:054][  3]LogCollectionManager: Rebuilt the object cache for 0 collections in 0.000001 seconds (found 0 objects)
[2017.12.03-00.49.13:210][  4]LogAssetRegistry: Asset discovery search completed in 139.2311 seconds
[2017.12.03-00.49.13:265][  4]LogCollectionManager: Fixed up redirectors for 0 collections in 0.000008 seconds (updated 0 objects)
[2017.12.03-00.49.18:093][ 51]LogRenderer: Reallocating scene render targets to support 632x612 Format 10 NumSamples 1 (Frame:22).
[2017.12.03-00.49.18:148][ 52]LogRenderer: Reallocating scene render targets to support 644x612 Format 10 NumSamples 1 (Frame:24).
[2017.12.03-00.49.18:214][ 53]LogRenderer: Reallocating scene render targets to support 668x612 Format 10 NumSamples 1 (Frame:26).
[2017.12.03-00.49.18:273][ 54]LogRenderer: Reallocating scene render targets to support 700x612 Format 10 NumSamples 1 (Frame:28).
[2017.12.03-00.49.18:327][ 55]LogRenderer: Reallocating scene render targets to support 724x612 Format 10 NumSamples 1 (Frame:30).
[2017.12.03-00.49.18:380][ 56]LogRenderer: Reallocating scene render targets to support 752x612 Format 10 NumSamples 1 (Frame:32).
[2017.12.03-00.49.18:446][ 57]LogRenderer: Reallocating scene render targets to support 772x612 Format 10 NumSamples 1 (Frame:34).
[2017.12.03-00.49.18:499][ 58]LogRenderer: Reallocating scene render targets to support 788x612 Format 10 NumSamples 1 (Frame:36).
[2017.12.03-00.49.18:564][ 59]LogRenderer: Reallocating scene render targets to support 812x612 Format 10 NumSamples 1 (Frame:38).
[2017.12.03-00.49.18:631][ 60]LogRenderer: Reallocating scene render targets to support 820x612 Format 10 NumSamples 1 (Frame:40).
[2017.12.03-00.49.18:745][ 62]LogRenderer: Reallocating scene render targets to support 828x612 Format 10 NumSamples 1 (Frame:44).
[2017.12.03-00.49.18:811][ 63]LogRenderer: Reallocating scene render targets to support 836x612 Format 10 NumSamples 1 (Frame:46).
[2017.12.03-00.49.18:864][ 64]LogRenderer: Reallocating scene render targets to support 916x612 Format 10 NumSamples 1 (Frame:48).
[2017.12.03-00.49.18:920][ 65]LogRenderer: Reallocating scene render targets to support 928x612 Format 10 NumSamples 1 (Frame:50).
[2017.12.03-00.49.21:072][167]LogTemp: Repeating last play command: New Editor Window (PIE)
[2017.12.03-00.49.41:622][167]LogBlueprintUserMessages: Early PlayInEditor Detection: Level '/Game/Menu/Levels/Level_Game_Main_Menu.Level_Game_Main_Menu:PersistentLevel' has LevelScriptBlueprint '/Game/Menu/Levels/Level_Game_Main_Menu.Level_Game_Main_Menu:PersistentLevel.Level_Game_Main_Menu' with GeneratedClass '/Game/Menu/Levels/Level_Game_Main_Menu.Level_Game_Main_Menu_C' with ClassGeneratedBy '/Game/Menu/Levels/Level_Game_Main_Menu.Level_Game_Main_Menu:PersistentLevel.Level_Game_Main_Menu'
[2017.12.03-00.49.41:640][167]LogPlayLevel: PlayLevel: No blueprints needed recompiling
[2017.12.03-00.49.41:800][167]PIE: New page: Sessão de PIE : Level_Game_Main_Menu (02/12/2017 18:49:41)
[2017.12.03-00.49.41:825][167]LogPlayLevel: Creating play world package: /Game/Menu/Levels/UEDPIE_0_Level_Game_Main_Menu
[2017.12.03-00.49.41:934][167]LogPlayLevel: PIE: StaticDuplicateObject took: (0.108415s)
[2017.12.03-00.49.41:952][167]LogAIModule: Creating AISystem for world Level_Game_Main_Menu
[2017.12.03-00.49.41:970][167]LogPlayLevel: PIE: World Init took: (0.035535s)
[2017.12.03-00.49.41:977][167]LogPlayLevel: PIE: Created PIE world by copying editor world from /Game/Menu/Levels/Level_Game_Main_Menu.Level_Game_Main_Menu to /Game/Menu/Levels/UEDPIE_0_Level_Game_Main_Menu.Level_Game_Main_Menu (0.159640s)
[2017.12.03-00.49.42:017][167]LogInit: XAudio2 using 'Fones de ouvido / Alto falantes (Realtek High Definition Audio)' : 2 channels at 48 kHz using 32 bits per sample (channel mask 0x3)
[2017.12.03-00.49.42:033][167]LogInit: FAudioDevice initialized.
[2017.12.03-00.49.42:198][167]LogLoad: Game class is 'GameModeBase'
[2017.12.03-00.49.42:424][167]LogWorld: Bringing World /Game/Menu/Levels/UEDPIE_0_Level_Game_Main_Menu.Level_Game_Main_Menu up for play (max tick rate 0) at 2017.12.02-21.49.42
[2017.12.03-00.49.42:599][167]LogWorld: Bringing up level for play took: 0.201827
[2017.12.03-00.49.43:205][167]LogContentBrowser: Native class hierarchy updated for 'MovieSceneCapture' in 0.0009 seconds. Added 11 classes and 0 folders.
[2017.12.03-00.49.43:814][167]PIE: Momento de início de reprodução no editor para /Game/Menu/Levels/UEDPIE_0_Level_Game_Main_Menu 1,763
[2017.12.03-00.49.43:823][167]LogBlueprintUserMessages: Late PlayInEditor Detection: Level '/Game/Menu/Levels/Level_Game_Main_Menu.Level_Game_Main_Menu:PersistentLevel' has LevelScriptBlueprint '/Game/Menu/Levels/Level_Game_Main_Menu.Level_Game_Main_Menu:PersistentLevel.Level_Game_Main_Menu' with GeneratedClass '/Game/Menu/Levels/Level_Game_Main_Menu.Level_Game_Main_Menu_C' with ClassGeneratedBy '/Game/Menu/Levels/Level_Game_Main_Menu.Level_Game_Main_Menu:PersistentLevel.Level_Game_Main_Menu'
[2017.12.03-00.49.47:039][275]LogRenderer: Reallocating scene render targets to support 1368x704 Format 10 NumSamples 1 (Frame:110).
[2017.12.03-00.49.54:255][498]LogNet: Browse: /Game/2DSideScrollerBP/Maps/Caramuru2D
[2017.12.03-00.49.54:266][498]LogLoad: LoadMap: /Game/2DSideScrollerBP/Maps/Caramuru2D
[2017.12.03-00.49.54:528][498]Cmd: MEM
[2017.12.03-00.49.54:742][498]LogMemory: Platform Memory Stats for Windows
[2017.12.03-00.49.54:742][498]LogMemory: Process Physical Memory: 1020.46 MB used, 1207.18 MB peak
[2017.12.03-00.49.54:742][498]LogMemory: Process Virtual Memory: 1394.86 MB used, 1708.53 MB peak
[2017.12.03-00.49.54:742][498]LogMemory: Physical Memory: 3894.39 MB used,  4201.11 MB free, 8095.50 MB total
[2017.12.03-00.49.54:742][498]LogMemory: Virtual Memory: 2401.64 MB used,  4201.11 MB free, 134217728.00 MB total
[2017.12.03-00.49.54:742][498]LogMemory: 
[2017.12.03-00.49.54:742][498]Allocator Stats for TBB: (not implemented)
[2017.12.03-00.49.56:854][498]LogTexture: Display: Building textures: curacanga_mov (BGRA8, 200X228)
[2017.12.03-00.49.56:854][498]LogTexture: Display: Building textures: bradador_mov (BGRA8, 600X800)
[2017.12.03-00.49.56:854][498]LogTexture: Display: Building textures: respirando__1_ (BGRA8, 1300X100)
[2017.12.03-00.49.56:879][498]LogTexture: Display: Building textures: tumblr_mx18ilSv0x1rv6iido1_250_1 (BGRA8, 480X480)
[2017.12.03-00.49.57:007][498]LogTexture: Display: Building textures: atirando_ (BGRA8, 700X100)
[2017.12.03-00.49.57:007][498]LogTexture: Display: Building textures: FLESHA (BGRA8, 100X100)
[2017.12.03-00.49.59:629][498]LogTexture: Display: Building textures: werewolf_mov (BGRA8, 200X224)
[2017.12.03-00.49.59:629][498]LogTexture: Display: Building textures: mulascabeca_mov (BGRA8, 400X400)
[2017.12.03-00.49.59:629][498]LogTexture: Display: Building textures: correndo (BGRA8, 400X100)
[2017.12.03-00.49.59:629][498]LogTexture: Display: Building textures: pulando (BGRA8, 800X100)
[2017.12.03-00.50.02:987][498]LogAIModule: Creating AISystem for world Caramuru2D
[2017.12.03-00.50.02:988][498]LogLoad: Game class is '2DSideScrollerGameMode_C'
[2017.12.03-00.50.03:508][498]LogWorld: Bringing World /Game/2DSideScrollerBP/Maps/UEDPIE_0_Caramuru2D.Caramuru2D up for play (max tick rate 0) at 2017.12.02-21.50.03
[2017.12.03-00.50.04:231][498]LogWorld: Bringing up level for play took: 1.185695
[2017.12.03-00.50.04:327][498]LogBlueprintUserMessages: [Character] SpreaderGun
[2017.12.03-00.50.04:358][498]LogLoad: Took 10.092055 seconds to LoadMap(/Game/2DSideScrollerBP/Maps/Caramuru2D)
[2017.12.03-00.50.07:446][575]LogCharacterMovement: WerewolfEnemy_520 is stuck and failed to move! Velocity: X=-200.00 Y=0.00 Z=0.00 Location: X=-4601.08 Y=72.66 Z=3944.25 Normal: X=0.66 Y=-0.73 Z=0.17 PenetrationDepth:20.481 Actor:BP_Shoot_C_0 Component:Sphere BoneName:None (0 other events since notify)
[2017.12.03-00.50.07:676][582]LogCharacterMovement: BradadorEnemy_398 is stuck and failed to move! Velocity: X=-200.00 Y=0.00 Z=0.00 Location: X=-4438.86 Y=72.66 Z=3943.14 Normal: X=0.87 Y=-0.49 Z=0.10 PenetrationDepth:1.635 Actor:BP_Shoot_C_0 Component:Sphere BoneName:None (0 other events since notify)
[2017.12.03-00.50.08:870][615]LogCharacterMovement: BradadorEnemy_398 is stuck and failed to move! Velocity: X=82.73 Y=0.00 Z=0.00 Location: X=-4195.42 Y=72.66 Z=3944.33 Normal: X=0.67 Y=-0.72 Z=0.17 PenetrationDepth:20.124 Actor:BP_Shoot_C_1 Component:Sphere BoneName:None (2 other events since notify)
[2017.12.03-00.50.08:923][616]LogCharacterMovement: WerewolfEnemy_520 is stuck and failed to move! Velocity: X=-200.00 Y=0.00 Z=0.00 Location: X=-4613.96 Y=72.66 Z=3945.36 Normal: X=0.78 Y=-0.61 Z=0.17 PenetrationDepth:12.780 Actor:BP_Shoot_C_2 Component:Sphere BoneName:None (1 other events since notify)
[2017.12.03-00.50.08:987][617]LogBlueprintUserMessages: [EnemyCharacter_226] 90
[2017.12.03-00.50.09:215][624]LogCharacterMovement: MulaEnemy_666 is stuck and failed to move! Velocity: X=-200.00 Y=0.00 Z=0.00 Location: X=-3963.42 Y=72.66 Z=3945.87 Normal: X=0.87 Y=-0.48 Z=0.14 PenetrationDepth:0.420 Actor:BP_Shoot_C_1 Component:Sphere BoneName:None (0 other events since notify)
[2017.12.03-00.50.09:789][639]LogBlueprintUserMessages: [EnemyCharacter_226] 80
[2017.12.03-00.50.10:117][648]LogCharacterMovement: BradadorEnemy_398 is stuck and failed to move! Velocity: X=-39.50 Y=0.00 Z=0.00 Location: X=-4195.20 Y=72.66 Z=3942.31 Normal: X=0.64 Y=-0.76 Z=0.13 PenetrationDepth:21.939 Actor:BP_Shoot_C_3 Component:Sphere BoneName:None (2 other events since notify)
[2017.12.03-00.50.10:298][653]LogCharacterMovement: MulaEnemy_666 is stuck and failed to move! Velocity: X=109.42 Y=0.00 Z=0.00 Location: X=-3873.24 Y=72.66 Z=3951.23 Normal: X=-0.85 Y=-0.48 Z=0.24 PenetrationDepth:0.497 Actor:BP_Shoot_C_2 Component:Sphere BoneName:None (4 other events since notify)
[2017.12.03-00.50.10:507][659]LogBlueprintUserMessages: [EnemyCharacter_226] 70
[2017.12.03-00.50.11:134][677]LogCharacterMovement: EnemyCharacter_226 is stuck and failed to move! Velocity: X=-59.59 Y=0.00 Z=0.00 Location: X=-3579.28 Y=100.00 Z=3942.40 Normal: X=0.99 Y=0.00 Z=0.16 PenetrationDepth:28.789 Actor:BP_Shoot_C_3 Component:Sphere BoneName:None (0 other events since notify)
[2017.12.03-00.50.14:130][762]LogCharacterMovement: ENEMY_CuracangaMov_477 is stuck and failed to move! Velocity: X=54.68 Y=0.00 Z=0.00 Location: X=-4959.41 Y=68.66 Z=4050.12 Normal: X=0.71 Y=-0.70 Z=0.10 PenetrationDepth:13.078 Actor:BP_Shoot_C_4 Component:Sphere BoneName:None (0 other events since notify)
[2017.12.03-00.50.15:179][791]LogCharacterMovement: ENEMY_CuracangaMov_477 is stuck and failed to move! Velocity: X=-93.22 Y=0.00 Z=0.00 Location: X=-4959.66 Y=68.66 Z=4051.51 Normal: X=0.17 Y=-0.97 Z=0.18 PenetrationDepth:25.501 Actor:BP_Shoot_C_9 Component:Sphere BoneName:None (6 other events since notify)
[2017.12.03-00.50.16:256][821]LogCharacterMovement: ENEMY_CuracangaMov_477 is stuck and failed to move! Velocity: X=-93.07 Y=0.00 Z=0.00 Location: X=-4959.68 Y=68.66 Z=4052.87 Normal: X=0.18 Y=-0.96 Z=0.22 PenetrationDepth:25.159 Actor:BP_Shoot_C_15 Component:Sphere BoneName:None (6 other events since notify)
[2017.12.03-00.50.17:335][851]LogCharacterMovement: ENEMY_CuracangaMov_477 is stuck and failed to move! Velocity: X=-53.53 Y=0.00 Z=0.00 Location: X=-4961.14 Y=68.66 Z=4050.67 Normal: X=0.83 Y=-0.55 Z=0.09 PenetrationDepth:0.890 Actor:BP_Shoot_C_22 Component:Sphere BoneName:None (11 other events since notify)
[2017.12.03-00.50.18:550][883]LogBlueprintUserMessages: [BP_Check_Point_832] X=-4901.525 Y=100.000 Z=4097.976
[2017.12.03-00.50.24:643][ 51]LogCharacterMovement: MulaEnemy_666 is stuck and failed to move! Velocity: X=-200.00 Y=0.00 Z=0.00 Location: X=-3963.99 Y=72.66 Z=3944.17 Normal: X=0.84 Y=-0.53 Z=0.13 PenetrationDepth:6.554 Actor:BP_Shoot_C_27 Component:Sphere BoneName:None (2 other events since notify)
[2017.12.03-00.50.25:155][ 65]LogBlueprintUserMessages: [EnemyCharacter_226] 60
[2017.12.03-00.50.35:436][348]LogBlueprintUserMessages: [BP_Check_Point2] X=-3390.501 Y=100.000 Z=4009.164
[2017.12.03-00.50.48:011][706]LogBlueprintUserMessages: [Chest_284] You receive 1 Silver Key.
[2017.12.03-00.50.52:150][822]LogCharacterMovement: ENEMY_CuracangaMov_477 is stuck and failed to move! Velocity: X=-115.47 Y=0.00 Z=0.00 Location: X=-5126.88 Y=68.66 Z=4053.58 Normal: X=0.62 Y=-0.76 Z=0.19 PenetrationDepth:16.795 Actor:BP_Shoot_C_29 Component:Sphere BoneName:None (2 other events since notify)
[2017.12.03-00.50.53:648][865]LogCharacterMovement: ENEMY_CuracangaMov_477 is stuck and failed to move! Velocity: X=-200.00 Y=0.00 Z=0.00 Location: X=-5006.36 Y=68.66 Z=4051.14 Normal: X=0.80 Y=-0.59 Z=0.10 PenetrationDepth:4.470 Actor:BP_Shoot_C_30 Component:Sphere BoneName:None (2 other events since notify)
[2017.12.03-00.50.54:671][894]LogCharacterMovement: ENEMY_CuracangaMov_477 is stuck and failed to move! Velocity: X=-4.44 Y=0.00 Z=0.00 Location: X=-4987.90 Y=68.66 Z=4050.90 Normal: X=0.81 Y=-0.57 Z=0.09 PenetrationDepth:3.269 Actor:BP_Shoot_C_33 Component:Sphere BoneName:None (10 other events since notify)
[2017.12.03-00.50.55:805][926]LogCharacterMovement: ENEMY_CuracangaMov_477 is stuck and failed to move! Velocity: X=-60.05 Y=0.00 Z=0.00 Location: X=-4976.85 Y=68.66 Z=4069.19 Normal: X=0.63 Y=-0.62 Z=0.46 PenetrationDepth:7.375 Actor:BP_Shoot_C_40 Component:Sphere BoneName:None (17 other events since notify)
[2017.12.03-00.50.56:447][944]LogBlueprintUserMessages: [EnemyCharacter_226] 50
[2017.12.03-00.50.56:854][955]LogCharacterMovement: ENEMY_CuracangaMov_477 is stuck and failed to move! Velocity: X=52.46 Y=0.00 Z=0.00 Location: X=-5015.54 Y=68.66 Z=4057.11 Normal: X=-0.63 Y=-0.73 Z=0.26 PenetrationDepth:14.784 Actor:BP_Shoot_C_43 Component:Sphere BoneName:None (5 other events since notify)
[2017.12.03-00.51.25:985][762]LogBlueprintUserMessages: Early EndPlayMap Detection: Level '/Game/Menu/Levels/Level_Game_Main_Menu.Level_Game_Main_Menu:PersistentLevel' has LevelScriptBlueprint '/Game/Menu/Levels/Level_Game_Main_Menu.Level_Game_Main_Menu:PersistentLevel.Level_Game_Main_Menu' with GeneratedClass '/Game/Menu/Levels/Level_Game_Main_Menu.Level_Game_Main_Menu_C' with ClassGeneratedBy '/Game/Menu/Levels/Level_Game_Main_Menu.Level_Game_Main_Menu:PersistentLevel.Level_Game_Main_Menu'
[2017.12.03-00.51.26:208][762]LogBlueprintUserMessages: Late EndPlayMap Detection: Level '/Game/Menu/Levels/Level_Game_Main_Menu.Level_Game_Main_Menu:PersistentLevel' has LevelScriptBlueprint '/Game/Menu/Levels/Level_Game_Main_Menu.Level_Game_Main_Menu:PersistentLevel.Level_Game_Main_Menu' with GeneratedClass '/Game/Menu/Levels/Level_Game_Main_Menu.Level_Game_Main_Menu_C' with ClassGeneratedBy '/Game/Menu/Levels/Level_Game_Main_Menu.Level_Game_Main_Menu:PersistentLevel.Level_Game_Main_Menu'
[2017.12.03-00.53.10:053][590]LogEditorViewport: Clicking Background
[2017.12.03-00.53.30:894][750]LogEditorViewport: Clicking Background
[2017.12.03-00.54.13:792][112]LogSlate: Took 0.000186 seconds to synchronously load lazily loaded font '../../../Engine/Content/Slate/Fonts/Roboto-Light.ttf' (159K)
[2017.12.03-00.54.14:497][112]LogAIModule: Creating AISystem for world Caramuru2D
[2017.12.03-00.54.14:567][112]LogSlate: Took 0.000208 seconds to synchronously load lazily loaded font '../../../Engine/Content/Slate/Fonts/Roboto-Regular.ttf' (155K)
[2017.12.03-00.54.14:699][112]Cmd: MAP LOAD FILE="../../../../../../Users/diego/Documents/Unreal Projects/Caramuru2D-4.17/Content/2DSideScrollerBP/Maps/Caramuru2D.umap" TEMPLATE=0 SHOWPROGRESS=1 FEATURELEVEL=3
[2017.12.03-00.54.14:699][112]LightingResults: New page: Compilação de Iluminação
[2017.12.03-00.54.14:700][112]LoadErrors: New page: Carregando mapa: Caramuru2D.umap
[2017.12.03-00.54.14:701][112]MapCheck: New page: Verificação de Mapa
[2017.12.03-00.54.14:701][112]LightingResults: New page: Compilação de Iluminação
[2017.12.03-00.54.14:889][112]LogEditorServer: Finished looking for orphan Actors (0.000 secs)
[2017.12.03-00.54.15:042][112]Cmd: MAP CHECKDEP NOCLEARLOG
[2017.12.03-00.54.15:171][112]MapCheck: Map check complete: 0 Error(s), 0 Warning(s), took 128,406ms to complete.
[2017.12.03-00.54.15:172][112]LogFileHelpers: Loading map 'Caramuru2D' took 0.527
[2017.12.03-00.54.56:867][734]LogEditorViewport: Clicking on Actor (LMB): PaperSpriteActor (tree_4_Sprite6)
[2017.12.03-00.54.58:757][735]LogEditorViewport: Clicking on Actor (LMB): PaperSpriteActor (tree_4_Sprite6)
[2017.12.03-00.54.59:681][765]LogEditorViewport: Clicking on Actor (LMB): PaperSpriteActor (tree_3_Sprite4)
[2017.12.03-00.55.00:634][794]LogEditorViewport: Clicking on Actor (LMB): PaperSpriteActor (tree_4_Sprite6)
[2017.12.03-00.55.01:538][824]LogEditorViewport: Clicking on Actor (context menu): PaperSpriteActor (tree_4_Sprite6)
[2017.12.03-00.55.02:667][887]LogEditorViewport: Clicking on Actor (LMB): PaperSpriteActor (tree_4_Sprite6)
[2017.12.03-00.55.48:158][554]LogContentBrowser: Native class hierarchy updated for 'BlueprintGraph' in 0.0013 seconds. Added 113 classes and 0 folders.
[2017.12.03-00.55.52:039][554]LogSlate: Took 0.000193 seconds to synchronously load lazily loaded font '../../../Engine/Content/Slate/Fonts/Roboto-Light.ttf' (159K)
[2017.12.03-00.55.52:063][554]LogSlate: Took 0.013415 seconds to synchronously load lazily loaded font '../../../Engine/Content/Editor/Slate/Fonts/Roboto-BoldCondensed.ttf' (158K)
[2017.12.03-01.10.09:659][409]LogTemp: Repeating last play command: New Editor Window (PIE)
[2017.12.03-01.10.09:753][409]LogBlueprintUserMessages: Early PlayInEditor Detection: Level '/Game/2DSideScrollerBP/Maps/Caramuru2D.Caramuru2D:PersistentLevel' has LevelScriptBlueprint '/Game/2DSideScrollerBP/Maps/Caramuru2D.Caramuru2D:PersistentLevel.Caramuru2D' with GeneratedClass '/Game/2DSideScrollerBP/Maps/Caramuru2D.Caramuru2D_C' with ClassGeneratedBy '/Game/2DSideScrollerBP/Maps/Caramuru2D.Caramuru2D:PersistentLevel.Caramuru2D'
[2017.12.03-01.10.09:753][409]LogPlayLevel: PlayLevel: No blueprints needed recompiling
[2017.12.03-01.10.09:753][409]PIE: New page: Sessão de PIE : Caramuru2D (02/12/2017 19:10:09)
[2017.12.03-01.10.09:754][409]LogPlayLevel: Creating play world package: /Game/2DSideScrollerBP/Maps/UEDPIE_0_Caramuru2D
[2017.12.03-01.10.09:776][409]LogPlayLevel: PIE: StaticDuplicateObject took: (0.022391s)
[2017.12.03-01.10.09:777][409]LogAIModule: Creating AISystem for world Caramuru2D
[2017.12.03-01.10.09:777][409]LogPlayLevel: PIE: World Init took: (0.001069s)
[2017.12.03-01.10.09:777][409]LogPlayLevel: PIE: Created PIE world by copying editor world from /Game/2DSideScrollerBP/Maps/Caramuru2D.Caramuru2D to /Game/2DSideScrollerBP/Maps/UEDPIE_0_Caramuru2D.Caramuru2D (0.023833s)
[2017.12.03-01.10.09:876][409]LogInit: XAudio2 using 'Fones de ouvido / Alto falantes (Realtek High Definition Audio)' : 2 channels at 48 kHz using 32 bits per sample (channel mask 0x3)
[2017.12.03-01.10.09:895][409]LogInit: FAudioDevice initialized.
[2017.12.03-01.10.09:953][409]LogLoad: Game class is '2DSideScrollerGameMode_C'
[2017.12.03-01.10.09:965][409]LogWorld: Bringing World /Game/2DSideScrollerBP/Maps/UEDPIE_0_Caramuru2D.Caramuru2D up for play (max tick rate 0) at 2017.12.02-22.10.09
[2017.12.03-01.10.09:968][409]LogWorld: Bringing up level for play took: 0.013164
[2017.12.03-01.10.09:972][409]LogBlueprintUserMessages: [Character] SpreaderGun
[2017.12.03-01.10.09:974][409]PIE: Momento de início de reprodução no editor para /Game/2DSideScrollerBP/Maps/UEDPIE_0_Caramuru2D -0,077
[2017.12.03-01.10.09:975][409]LogBlueprintUserMessages: Late PlayInEditor Detection: Level '/Game/2DSideScrollerBP/Maps/Caramuru2D.Caramuru2D:PersistentLevel' has LevelScriptBlueprint '/Game/2DSideScrollerBP/Maps/Caramuru2D.Caramuru2D:PersistentLevel.Caramuru2D' with GeneratedClass '/Game/2DSideScrollerBP/Maps/Caramuru2D.Caramuru2D_C' with ClassGeneratedBy '/Game/2DSideScrollerBP/Maps/Caramuru2D.Caramuru2D:PersistentLevel.Caramuru2D'
[2017.12.03-01.10.12:426][531]LogBlueprintUserMessages: Early EndPlayMap Detection: Level '/Game/2DSideScrollerBP/Maps/Caramuru2D.Caramuru2D:PersistentLevel' has LevelScriptBlueprint '/Game/2DSideScrollerBP/Maps/Caramuru2D.Caramuru2D:PersistentLevel.Caramuru2D' with GeneratedClass '/Game/2DSideScrollerBP/Maps/Caramuru2D.Caramuru2D_C' with ClassGeneratedBy '/Game/2DSideScrollerBP/Maps/Caramuru2D.Caramuru2D:PersistentLevel.Caramuru2D'
[2017.12.03-01.10.12:597][531]LogBlueprintUserMessages: Late EndPlayMap Detection: Level '/Game/2DSideScrollerBP/Maps/Caramuru2D.Caramuru2D:PersistentLevel' has LevelScriptBlueprint '/Game/2DSideScrollerBP/Maps/Caramuru2D.Caramuru2D:PersistentLevel.Caramuru2D' with GeneratedClass '/Game/2DSideScrollerBP/Maps/Caramuru2D.Caramuru2D_C' with ClassGeneratedBy '/Game/2DSideScrollerBP/Maps/Caramuru2D.Caramuru2D:PersistentLevel.Caramuru2D'
[2017.12.03-01.10.19:320][875]LogAIModule: Creating AISystem for world Level_Game_Main_Menu
[2017.12.03-01.10.19:358][875]Cmd: MAP LOAD FILE="../../../../../../Users/diego/Documents/Unreal Projects/Caramuru2D-4.17/Content/Menu/Levels/Level_Game_Main_Menu.umap" TEMPLATE=0 SHOWPROGRESS=1 FEATURELEVEL=3
[2017.12.03-01.10.19:359][875]LightingResults: New page: Compilação de Iluminação
[2017.12.03-01.10.19:360][875]LoadErrors: New page: Carregando mapa: Level_Game_Main_Menu.umap
[2017.12.03-01.10.19:362][875]MapCheck: New page: Verificação de Mapa
[2017.12.03-01.10.19:362][875]LightingResults: New page: Compilação de Iluminação
[2017.12.03-01.10.19:503][875]LogEditorServer: Finished looking for orphan Actors (0.000 secs)
[2017.12.03-01.10.19:633][875]Cmd: MAP CHECKDEP NOCLEARLOG
[2017.12.03-01.10.24:321][875]MapCheck: Map check complete: 0 Error(s), 0 Warning(s), took 4.687,727ms to complete.
[2017.12.03-01.10.24:322][875]LogFileHelpers: Loading map 'Level_Game_Main_Menu' took 4.964
[2017.12.03-01.10.26:148][966]LogTemp: Repeating last play command: New Editor Window (PIE)
[2017.12.03-01.10.26:240][966]LogBlueprintUserMessages: Early PlayInEditor Detection: Level '/Game/Menu/Levels/Level_Game_Main_Menu.Level_Game_Main_Menu:PersistentLevel' has LevelScriptBlueprint '/Game/Menu/Levels/Level_Game_Main_Menu.Level_Game_Main_Menu:PersistentLevel.Level_Game_Main_Menu' with GeneratedClass '/Game/Menu/Levels/Level_Game_Main_Menu.Level_Game_Main_Menu_C' with ClassGeneratedBy '/Game/Menu/Levels/Level_Game_Main_Menu.Level_Game_Main_Menu:PersistentLevel.Level_Game_Main_Menu'
[2017.12.03-01.10.26:240][966]LogPlayLevel: PlayLevel: No blueprints needed recompiling
[2017.12.03-01.10.26:240][966]PIE: New page: Sessão de PIE : Level_Game_Main_Menu (02/12/2017 19:10:26)
[2017.12.03-01.10.26:241][966]LogPlayLevel: Creating play world package: /Game/Menu/Levels/UEDPIE_0_Level_Game_Main_Menu
[2017.12.03-01.10.26:243][966]LogPlayLevel: PIE: StaticDuplicateObject took: (0.002387s)
[2017.12.03-01.10.26:245][966]LogAIModule: Creating AISystem for world Level_Game_Main_Menu
[2017.12.03-01.10.26:245][966]LogPlayLevel: PIE: World Init took: (0.001800s)
[2017.12.03-01.10.26:245][966]LogPlayLevel: PIE: Created PIE world by copying editor world from /Game/Menu/Levels/Level_Game_Main_Menu.Level_Game_Main_Menu to /Game/Menu/Levels/UEDPIE_0_Level_Game_Main_Menu.Level_Game_Main_Menu (0.004786s)
[2017.12.03-01.10.26:309][966]LogInit: XAudio2 using 'Fones de ouvido / Alto falantes (Realtek High Definition Audio)' : 2 channels at 48 kHz using 32 bits per sample (channel mask 0x3)
[2017.12.03-01.10.26:337][966]LogInit: FAudioDevice initialized.
[2017.12.03-01.10.26:421][966]LogLoad: Game class is 'GameModeBase'
[2017.12.03-01.10.26:424][966]LogWorld: Bringing World /Game/Menu/Levels/UEDPIE_0_Level_Game_Main_Menu.Level_Game_Main_Menu up for play (max tick rate 0) at 2017.12.02-22.10.26
[2017.12.03-01.10.26:424][966]LogWorld: Bringing up level for play took: 0.002026
[2017.12.03-01.10.26:439][966]PIE: Momento de início de reprodução no editor para /Game/Menu/Levels/UEDPIE_0_Level_Game_Main_Menu 0,388
[2017.12.03-01.10.26:440][966]LogBlueprintUserMessages: Late PlayInEditor Detection: Level '/Game/Menu/Levels/Level_Game_Main_Menu.Level_Game_Main_Menu:PersistentLevel' has LevelScriptBlueprint '/Game/Menu/Levels/Level_Game_Main_Menu.Level_Game_Main_Menu:PersistentLevel.Level_Game_Main_Menu' with GeneratedClass '/Game/Menu/Levels/Level_Game_Main_Menu.Level_Game_Main_Menu_C' with ClassGeneratedBy '/Game/Menu/Levels/Level_Game_Main_Menu.Level_Game_Main_Menu:PersistentLevel.Level_Game_Main_Menu'
[2017.12.03-01.10.51:847][357]LogBlueprintUserMessages: Early EndPlayMap Detection: Level '/Game/Menu/Levels/Level_Game_Main_Menu.Level_Game_Main_Menu:PersistentLevel' has LevelScriptBlueprint '/Game/Menu/Levels/Level_Game_Main_Menu.Level_Game_Main_Menu:PersistentLevel.Level_Game_Main_Menu' with GeneratedClass '/Game/Menu/Levels/Level_Game_Main_Menu.Level_Game_Main_Menu_C' with ClassGeneratedBy '/Game/Menu/Levels/Level_Game_Main_Menu.Level_Game_Main_Menu:PersistentLevel.Level_Game_Main_Menu'
[2017.12.03-01.10.51:935][357]LogBlueprintUserMessages: Late EndPlayMap Detection: Level '/Game/Menu/Levels/Level_Game_Main_Menu.Level_Game_Main_Menu:PersistentLevel' has LevelScriptBlueprint '/Game/Menu/Levels/Level_Game_Main_Menu.Level_Game_Main_Menu:PersistentLevel.Level_Game_Main_Menu' with GeneratedClass '/Game/Menu/Levels/Level_Game_Main_Menu.Level_Game_Main_Menu_C' with ClassGeneratedBy '/Game/Menu/Levels/Level_Game_Main_Menu.Level_Game_Main_Menu:PersistentLevel.Level_Game_Main_Menu'
[2017.12.03-01.13.53:813][762]LogEditorViewport: Clicking Background
[2017.12.03-01.17.55:566][447]LogTemp: Executing iPhonePackager certificates Engine -bundlename com.YourCompany.Caramuru2D
[2017.12.03-01.17.55:566][447]LogTemp: CWD: C:\Program Files\Epic Games\UE_4.17\Engine\Binaries\DotNET\IOS
[2017.12.03-01.17.55:566][447]LogTemp: Initial Dir: C:\Program Files\Epic Games\UE_4.17
[2017.12.03-01.17.55:566][447]LogTemp: Env CWD: C:\Program Files\Epic Games\UE_4.17\Engine\Binaries\DotNET\IOS
[2017.12.03-01.17.55:681][448]LogTemp: BranchPath = DESKTOP-2FCU6I7/C/Program Files/Epic Games/UE_4.17/Engine/Binaries --- GameBranchPath = DESKTOP-2FCU6I7/C/Program Files/Epic Games/UE_4.17/Engine/Binaries
[2017.12.03-01.17.56:366][448]LogTemp: IPP ERROR: Could not find provision directory 'C:\Users\diego\AppData\Local/Apple Computer/MobileDevice/Provisioning Profiles/'.
[2017.12.03-01.21.31:658][708]SourceControl: Error: fatal: Invalid path '/Script': No such file or directory
[2017.12.03-01.22.31:075][ 26]LogSavePackage: Save=147.36ms
[2017.12.03-01.22.31:075][ 26]LogSavePackage: Moving '../../../../../../Users/diego/Documents/Unreal Projects/Caramuru2D-4.17/Saved/Level_Game_Main_Menu4DCA24C44D47D7DDF51FEC9BF451FD41.tmp' to '../../../../../../Users/diego/Documents/Unreal Projects/Caramuru2D-4.17/Content/Menu/Levels/Level_Game_Main_Menu.umap'
[2017.12.03-01.22.31:089][ 26]LogSavePackage: Display: Finished SavePackage ../../../../../../Users/diego/Documents/Unreal Projects/Caramuru2D-4.17/Content/Menu/Levels/Level_Game_Main_Menu.umap
[2017.12.03-01.22.39:170][378]LogAIModule: Creating AISystem for world Caramuru2D
[2017.12.03-01.22.39:223][378]Cmd: MAP LOAD FILE="../../../../../../Users/diego/Documents/Unreal Projects/Caramuru2D-4.17/Content/2DSideScrollerBP/Maps/Caramuru2D.umap" TEMPLATE=0 SHOWPROGRESS=1 FEATURELEVEL=3
[2017.12.03-01.22.39:223][378]LightingResults: New page: Compilação de Iluminação
[2017.12.03-01.22.39:224][378]LoadErrors: New page: Carregando mapa: Caramuru2D.umap
[2017.12.03-01.22.39:224][378]MapCheck: New page: Verificação de Mapa
[2017.12.03-01.22.39:224][378]LightingResults: New page: Compilação de Iluminação
[2017.12.03-01.22.39:410][378]LogEditorServer: Finished looking for orphan Actors (0.000 secs)
[2017.12.03-01.22.39:539][378]Cmd: MAP CHECKDEP NOCLEARLOG
[2017.12.03-01.22.44:340][378]MapCheck: Map check complete: 0 Error(s), 0 Warning(s), took 4.800,696ms to complete.
[2017.12.03-01.22.44:341][378]LogFileHelpers: Loading map 'Caramuru2D' took 5.119
[2017.12.03-01.22.55:380][803]LogSlate: Took 0.022222 seconds to synchronously load lazily loaded font '../../../Engine/Content/Editor/Slate/Fonts/Roboto-Italic.ttf' (157K)
[2017.12.03-01.24.02:907][609]BlueprintLog: New page: Compilar Caramuru2D
[2017.12.03-01.24.04:773][743]LogSavePackage: Save=282.11ms
[2017.12.03-01.24.04:774][743]LogSavePackage: Moving '../../../../../../Users/diego/Documents/Unreal Projects/Caramuru2D-4.17/Saved/Caramuru2D44893E794D2159358EB86588701AB734.tmp' to '../../../../../../Users/diego/Documents/Unreal Projects/Caramuru2D-4.17/Content/2DSideScrollerBP/Maps/Caramuru2D.umap'
[2017.12.03-01.24.04:778][743]LogSavePackage: Display: Finished SavePackage ../../../../../../Users/diego/Documents/Unreal Projects/Caramuru2D-4.17/Content/2DSideScrollerBP/Maps/Caramuru2D.umap
[2017.12.03-01.24.04:882][743]LogFileHelpers: Saving map 'Caramuru2D' took 0.609
[2017.12.03-01.24.41:326][645]LogAIModule: Creating AISystem for world Level_Game_Main_Menu
[2017.12.03-01.24.52:459][786]SourceControl: rm 'Content/Menu/Levels/Level_Game_Main_Menu.umap'
[2017.12.03-01.24.57:809][981]LogSavePackage: Save=233.36ms
[2017.12.03-01.24.57:810][981]LogSavePackage: Moving '../../../../../../Users/diego/Documents/Unreal Projects/Caramuru2D-4.17/Saved/Caramuru2D309BAF304CED9FCB27A4A99B65C3E059.tmp' to '../../../../../../Users/diego/Documents/Unreal Projects/Caramuru2D-4.17/Content/2DSideScrollerBP/Maps/Caramuru2D.umap'
[2017.12.03-01.24.57:812][981]LogSavePackage: Display: Finished SavePackage ../../../../../../Users/diego/Documents/Unreal Projects/Caramuru2D-4.17/Content/2DSideScrollerBP/Maps/Caramuru2D.umap
[2017.12.03-01.25.05:297][477]LogSlate: Warning: Prevented a slow task dialog from being summoned while a context menu was open
[2017.12.03-01.25.05:360][477]LogLinker: Warning: Não é possível encontrar o arquivo “/Game/Menu/Levels/Level_Game_Main_Menu”
[2017.12.03-01.25.05:360][477]LogLinker: Warning: Não é possível encontrar o arquivo do ativo “../../../../../../Users/diego/Documents/Unreal Projects/Caramuru2D-4.17/Content/Menu/Levels/Level_Game_Main_MenuMenu.umap” ao carregar /Game/Menu/Levels/Level_Game_Main_Menu.
[2017.12.03-01.25.05:360][477]LoadErrors: Error: /Game/Menu/Levels/Level_Game_Main_MenuMenu : Não é possível encontrar o arquivo do ativo. /Game/Menu/Levels/Level_Game_Main_Menu
[2017.12.03-01.25.05:360][477]LogLinker: Warning: Não é possível encontrar o arquivo “/Game/Menu/Levels/Level_Game_Main_Menu”
[2017.12.03-01.25.05:361][477]LogLinker: Warning: Não é possível encontrar o arquivo do ativo “../../../../../../Users/diego/Documents/Unreal Projects/Caramuru2D-4.17/Content/Menu/Levels/Level_Game_Main_MenuMenu.umap” ao carregar /Game/Menu/Levels/Level_Game_Main_Menu.
[2017.12.03-01.25.05:361][477]LogLinker: Warning: Não é possível encontrar o arquivo “/Game/Menu/Levels/Level_Game_Main_Menu”
[2017.12.03-01.25.05:361][477]LogLinker: Warning: Não é possível encontrar o arquivo do ativo “../../../../../../Users/diego/Documents/Unreal Projects/Caramuru2D-4.17/Content/Menu/Levels/Level_Game_Main_MenuMenu.umap” ao carregar /Game/Menu/Levels/Level_Game_Main_Menu.
[2017.12.03-01.25.05:361][477]LogLinker: Warning: Não é possível encontrar o arquivo “/Game/Menu/Levels/Level_Game_Main_Menu”
[2017.12.03-01.25.05:362][477]LoadErrors: Falha ao carregar /Game/Menu/Levels/Level_Game_Main_Menu.Level_Game_Main_Menu Referenciado por Level_Game_Main_MenuMenu
[2017.12.03-01.25.05:362][477]LogLinker: Warning: Não é possível encontrar o arquivo do ativo “../../../../../../Users/diego/Documents/Unreal Projects/Caramuru2D-4.17/Content/Menu/Levels/Level_Game_Menu.umap” ao carregar /Game/Menu/Levels/Level_Game_Main_Menu.
[2017.12.03-01.25.05:362][477]LoadErrors: Error: /Game/Menu/Levels/Level_Game_Menu : Não é possível encontrar o arquivo do ativo. /Game/Menu/Levels/Level_Game_Main_Menu
[2017.12.03-01.25.05:362][477]LogLinker: Warning: Não é possível encontrar o arquivo “/Game/Menu/Levels/Level_Game_Main_Menu”
[2017.12.03-01.25.05:362][477]LoadErrors: Falha ao carregar /Game/Menu/Levels/Level_Game_Main_Menu.Level_Game_Main_Menu_C Referenciado por Level_Game_Main_MenuMenu_C
[2017.12.03-01.25.05:362][477]LogLinker: Warning: Não é possível encontrar o arquivo do ativo “../../../../../../Users/diego/Documents/Unreal Projects/Caramuru2D-4.17/Content/Menu/Levels/Level_Game_Menu.umap” ao carregar /Game/Menu/Levels/Level_Game_Main_Menu.
[2017.12.03-01.25.05:363][477]LogLinker: Warning: Não é possível encontrar o arquivo “/Game/Menu/Levels/Level_Game_Main_Menu”
[2017.12.03-01.25.05:363][477]LogLinker: Warning: Não é possível encontrar o arquivo do ativo “../../../../../../Users/diego/Documents/Unreal Projects/Caramuru2D-4.17/Content/Menu/Levels/Level_Game_Menu.umap” ao carregar /Game/Menu/Levels/Level_Game_Main_Menu.
[2017.12.03-01.25.05:364][477]LogLinker: Warning: Não é possível encontrar o arquivo “/Game/Menu/Levels/Level_Game_Main_Menu”
[2017.12.03-01.25.05:364][477]LogLinker: Warning: Não é possível encontrar o arquivo do ativo “../../../../../../Users/diego/Documents/Unreal Projects/Caramuru2D-4.17/Content/Menu/Levels/Level_Game_Menu.umap” ao carregar /Game/Menu/Levels/Level_Game_Main_Menu.
[2017.12.03-01.25.08:314][477]SourceControl: rm 'Content/Menu/Levels/Level_Game_Main_MenuMenu.umap'
[2017.12.03-01.25.08:314][477]SourceControl: rm 'Content/Menu/Levels/Level_Game_Menu.umap'
[2017.12.03-01.25.08:348][477]LoadErrors: Error: /Game/Menu/Levels/Level_Game_Menu  : Failed import for World /Game/Menu/Levels/Level_Game_Main_MenuMenu.Level_Game_Main_MenuMenu  [redirection] in /Game/Menu/Levels/Level_Game_Menu Referenced by export ObjectRedirector /Game/Menu/Levels/Level_Game_Menu.Level_Game_Menu
[2017.12.03-01.25.27:320][177]SourceControl: rm 'Content/Menu/Sons_Do_Menu/hastad_nha.uasset'
[2017.12.03-01.25.31:171][324]LogSavePackage: Save=248.41ms
[2017.12.03-01.25.31:171][324]LogSavePackage: Moving '../../../../../../Users/diego/Documents/Unreal Projects/Caramuru2D-4.17/Saved/Caramuru2D935D0CB94E433BC14F2B599346059B99.tmp' to '../../../../../../Users/diego/Documents/Unreal Projects/Caramuru2D-4.17/Content/2DSideScrollerBP/Maps/Caramuru2D.umap'
[2017.12.03-01.25.31:173][324]LogSavePackage: Display: Finished SavePackage ../../../../../../Users/diego/Documents/Unreal Projects/Caramuru2D-4.17/Content/2DSideScrollerBP/Maps/Caramuru2D.umap
[2017.12.03-01.25.57:907][654]SourceControl: On branch master
[2017.12.03-01.25.57:907][654]SourceControl: Your branch is up to date with 'origin/master'.
[2017.12.03-01.25.57:907][654]SourceControl: Changes to be committed:
[2017.12.03-01.25.57:907][654]SourceControl:   (use "git reset HEAD <file>..." to unstage)
[2017.12.03-01.25.57:907][654]SourceControl: 	deleted:    Content/Menu/Levels/Level_Game_Main_Menu.umap
[2017.12.03-01.25.57:907][654]SourceControl: 	deleted:    Content/Menu/Levels/Level_Game_Main_MenuMenu.umap
[2017.12.03-01.25.57:907][654]SourceControl: 	deleted:    Content/Menu/Levels/Level_Game_Menu.umap
[2017.12.03-01.25.57:907][654]SourceControl: 	deleted:    Content/Menu/Sons_Do_Menu/hastad_nha.uasset
[2017.12.03-01.25.57:907][654]SourceControl: Changes not staged for commit:
[2017.12.03-01.25.57:907][654]SourceControl:   (use "git add/rm <file>..." to update what will be committed)
[2017.12.03-01.25.57:907][654]SourceControl:   (use "git checkout -- <file>..." to discard changes in working directory)
[2017.12.03-01.25.57:907][654]SourceControl: 	modified:   Config/DefaultEngine.ini
[2017.12.03-01.25.57:907][654]SourceControl: 	modified:   Content/2DSideScrollerBP/Maps/Caramuru2D.umap
[2017.12.03-01.25.57:907][654]SourceControl: 	modified:   Intermediate/AssetRegistryCache/c90e3f55.bin
[2017.12.03-01.25.57:907][654]SourceControl: 	modified:   Intermediate/CachedAssetRegistry.bin
[2017.12.03-01.25.57:907][654]SourceControl: 	modified:   Intermediate/Config/CoalescedSourceConfigs/Engine.ini
[2017.12.03-01.25.57:908][654]SourceControl: 	modified:   Saved/Autosaves/PackageRestoreData.json
[2017.12.03-01.25.57:908][654]SourceControl: 	deleted:    Saved/Config/CrashReportClient/UE4CC-Windows-676AA0E0454BF0CDA0E282AD17705609/CrashReportClient.ini
[2017.12.03-01.25.57:908][654]SourceControl: 	deleted:    Saved/Config/CrashReportClient/UE4CC-Windows-A142024B45F4DB1F14025CAE5123A6D7/CrashReportClient.ini
[2017.12.03-01.25.57:908][654]SourceControl: 	deleted:    Saved/Config/CrashReportClient/UE4CC-Windows-B16B55B0421ACF956650658A839B7CD8/CrashReportClient.ini
[2017.12.03-01.25.57:908][654]SourceControl: 	deleted:    Saved/Config/CrashReportClient/UE4CC-Windows-F168AEA7409DE3BB290CF896822C3F33/CrashReportClient.ini
[2017.12.03-01.25.57:908][654]SourceControl: 	modified:   Saved/Config/Windows/EditorPerProjectUserSettings.ini
[2017.12.03-01.25.57:908][654]SourceControl: 	modified:   Saved/Config/Windows/Engine.ini
[2017.12.03-01.25.57:908][654]SourceControl: 	deleted:    Saved/Logs/Caramuru2D-backup-2017.11.28-13.57.33.log
[2017.12.03-01.25.57:908][654]SourceControl: 	modified:   Saved/Logs/Caramuru2D.log
[2017.12.03-01.25.57:908][654]SourceControl: 	modified:   Saved/SaveGames/Loc.sav
[2017.12.03-01.25.57:908][654]SourceControl: Untracked files:
[2017.12.03-01.25.57:908][654]SourceControl:   (use "git add <file>..." to include in what will be committed)
[2017.12.03-01.25.57:908][654]SourceControl: 	Saved/Backup/Caramuru2D_2017-12-02-22-24-04.umap
[2017.12.03-01.25.57:908][654]SourceControl: 	Saved/Backup/Level_Game_Main_Menu_2017-12-02-22-22-30.umap
[2017.12.03-01.25.57:908][654]SourceControl: 	Saved/Config/CrashReportClient/UE4CC-Windows-08928BEB4A7A66C1AA170BB736A1F030/
[2017.12.03-01.25.57:908][654]SourceControl: 	Saved/Logs/Caramuru2D-backup-2017.12.02-21.46.04.log
[2017.12.03-01.25.58:219][654]LogMetaData: Removing '/Game/Menu/Sons_Do_Menu/Sons_Cue/Pop_Sound_Effect_Cue.Pop_Sound_Effect_Cue:SoundCueGraph_0.SoundCueGraphNode_Root_0' ref from Metadata '/Game/Menu/Sons_Do_Menu/Pop_Sound_Effect_Cue.PackageMetaData'
[2017.12.03-01.25.58:269][654]LogWindows: Windows GetLastError: A operação foi concluída com êxito. (0)
