Log file open, 11/28/17 13:57:33
LogWindows: Failed to load 'aqProf.dll' (GetLastError=126)
LogWindows: File 'aqProf.dll' does not exist
LogWindows: Failed to load 'VtuneApi.dll' (GetLastError=126)
LogWindows: File 'VtuneApi.dll' does not exist
LogWindows: Failed to load 'VtuneApi32e.dll' (GetLastError=126)
LogWindows: File 'VtuneApi32e.dll' does not exist
LogInit: Display: Running engine for game: Caramuru2D
LogPlatformFile: Not using cached read wrapper
LogInit: Display: RandInit(-756553895) SRandInit(-756553895).
LogTaskGraph: Started task graph with 5 named threads and 8 total threads with 3 sets of task threads.
LogStats: Stats thread started at 6.478465
LogD3D11RHI: Aftermath initialized
LogPluginManager: Mounting plugin Paper2D
LogPluginManager: Mounting plugin LightPropagationVolume
LogPluginManager: Mounting plugin CodeLiteSourceCodeAccess
LogPluginManager: Mounting plugin GitSourceControl
LogPluginManager: Mounting plugin KDevelopSourceCodeAccess
LogPluginManager: Mounting plugin NullSourceCodeAccess
LogPluginManager: Mounting plugin PerforceSourceControl
LogPluginManager: Mounting plugin SubversionSourceControl
LogPluginManager: Mounting plugin UObjectPlugin
LogPluginManager: Mounting plugin VisualStudioSourceCodeAccess
LogPluginManager: Mounting plugin XCodeSourceCodeAccess
LogPluginManager: Mounting plugin AssetManagerEditor
LogPluginManager: Mounting plugin AudioCapture
LogPluginManager: Mounting plugin FacialAnimation
LogPluginManager: Mounting plugin GameplayTagsEditor
LogPluginManager: Mounting plugin MobileLauncherProfileWizard
LogPluginManager: Mounting plugin PluginBrowser
LogPluginManager: Mounting plugin SpeedTreeImporter
LogPluginManager: Mounting plugin AlembicImporter
LogPluginManager: Mounting plugin CharacterAI
LogPluginManager: Mounting plugin HTML5Networking
LogPluginManager: Mounting plugin AndroidMedia
LogPluginManager: Mounting plugin AvfMedia
LogPluginManager: Mounting plugin MediaPlayerEditor
LogPluginManager: Mounting plugin WmfMedia
LogPluginManager: Mounting plugin TcpMessaging
LogPluginManager: Mounting plugin UdpMessaging
LogPluginManager: Mounting plugin LevelSequenceEditor
LogPluginManager: Mounting plugin MatineeToLevelSequence
LogPluginManager: Mounting plugin OnlineSubsystemGooglePlay
LogPluginManager: Mounting plugin OnlineSubsystemIOS
LogPluginManager: Mounting plugin OnlineSubsystem
LogPluginManager: Mounting plugin OnlineSubsystemNull
LogPluginManager: Mounting plugin OnlineSubsystemUtils
LogPluginManager: Mounting plugin AndroidDeviceProfileSelector
LogPluginManager: Mounting plugin AndroidMoviePlayer
LogPluginManager: Mounting plugin AndroidPermission
LogPluginManager: Mounting plugin AppleMoviePlayer
LogPluginManager: Mounting plugin ArchVisCharacter
LogPluginManager: Mounting plugin CableComponent
LogPluginManager: Mounting plugin CustomMeshComponent
LogPluginManager: Mounting plugin ExampleDeviceProfileSelector
LogPluginManager: Mounting plugin GoogleCloudMessaging
LogPluginManager: Mounting plugin ImmediatePhysics
LogPluginManager: Mounting plugin IOSDeviceProfileSelector
LogPluginManager: Mounting plugin LinuxDeviceProfileSelector
LogPluginManager: Mounting plugin LocationServicesBPLibrary
LogPluginManager: Mounting plugin MobilePatchingUtils
LogPluginManager: Mounting plugin OculusVR
LogPluginManager: Mounting plugin PhysXVehicles
LogPluginManager: Mounting plugin ProceduralMeshComponent
LogPluginManager: Mounting plugin RuntimePhysXCooking
LogPluginManager: Mounting plugin SteamVR
LogPluginManager: Mounting plugin WindowsMoviePlayer
LogInit: Using libcurl 7.47.1
LogInit:  - built for x86_64-pc-win32
LogInit:  - supports SSL with OpenSSL/1.0.2g
LogInit:  - supports HTTP deflate (compression) using libz 1.2.8
LogInit:  - other features:
LogInit:      CURL_VERSION_SSL
LogInit:      CURL_VERSION_LIBZ
LogInit:      CURL_VERSION_IPV6
LogInit:      CURL_VERSION_ASYNCHDNS
LogInit:      CURL_VERSION_LARGEFILE
LogInit:      CURL_VERSION_IDN
LogInit:  CurlRequestOptions (configurable via config and command line):
LogInit:  - bVerifyPeer = false  - Libcurl will NOT verify peer certificate
LogInit:  - bUseHttpProxy = false  - Libcurl will NOT use HTTP proxy
LogInit:  - bDontReuseConnections = false  - Libcurl will reuse connections
LogInit:  - CertBundlePath = nullptr  - Libcurl will use whatever was configured at build time.
LogInit: Build: ++UE4+Release-4.17-CL-3658906
LogInit: Engine Version: 4.17.2-3658906+++UE4+Release-4.17
LogInit: Compatible Engine Version: 4.17.0-3573198+++UE4+Release-4.17
LogInit: Net CL: 3573198
LogDevObjectVersion: Number of dev versions registered: 16
LogDevObjectVersion:   Dev-Blueprints (B0D832E4-1F89-4F0D-ACCF-7EB736FD4AA2): 10
LogDevObjectVersion:   Dev-Build (E1C64328-A22C-4D53-A36C-8E866417BD8C): 0
LogDevObjectVersion:   Dev-Core (375EC13C-06E4-48FB-B500-84F0262A717E): 2
LogDevObjectVersion:   Dev-Editor (E4B068ED-F494-42E9-A231-DA0B2E46BB41): 20
LogDevObjectVersion:   Dev-Framework (CFFC743F-43B0-4480-9391-14DF171D2073): 28
LogDevObjectVersion:   Dev-Mobile (B02B49B5-BB20-44E9-A304-32B752E40360): 0
LogDevObjectVersion:   Dev-Networking (A4E4105C-59A1-49B5-A7C5-40C4547EDFEE): 0
LogDevObjectVersion:   Dev-Online (39C831C9-5AE6-47DC-9A44-9C173E1C8E7C): 0
LogDevObjectVersion:   Dev-Physics (78F01B33-EBEA-4F98-B9B4-84EACCB95AA2): 0
LogDevObjectVersion:   Dev-Platform (6631380F-2D4D-43E0-8009-CF276956A95A): 0
LogDevObjectVersion:   Dev-Rendering (12F88B9F-8875-4AFC-A67C-D90C383ABD29): 19
LogDevObjectVersion:   Dev-Sequencer (7B5AE74C-D270-4C10-A958-57980B212A5A): 4
LogDevObjectVersion:   Dev-VR (D7296918-1DD6-4BDD-9DE2-64A83CC13884): 0
LogDevObjectVersion:   Dev-LoadTimes (C2A15278-BFE7-4AFE-6C17-90FF531DF755): 1
LogDevObjectVersion:   Private-Geometry (6EACA3D4-40EC-4CC1-B786-8BED09428FC5): 1
LogDevObjectVersion:   Dev-AnimPhys (29E575DD-E0A3-4627-9D10-D276232CDCEA): 7
LogInit: Compiled (64-bit): Sep 22 2017 13:47:16
LogInit: Compiled with Visual C++: 19.00.24215.01
LogInit: Build Configuration: Development
LogInit: Branch Name: ++UE4+Release-4.17
LogInit: Command line:  
LogInit: Base directory: C:/Program Files/Epic Games/UE_4.17/Engine/Binaries/Win64/
LogInit: Installed Engine Build: 1
LogInit: Presizing for max 8388607 objects, including 0 objects not considered by GC, pre-allocating 0 bytes for permanent pool.
LogInit: Object subsystem initialized
[2017.11.28-16.57.36:755][  0]LogInit: Selected Device Profile: [Windows]
[2017.11.28-16.57.36:755][  0]LogInit: Applying CVar settings loaded from the selected device profile: [Windows]
[2017.11.28-16.57.36:903][  0]LogInit: Computer: DESKTOP-2FCU6I7
[2017.11.28-16.57.36:903][  0]LogInit: User: diego
[2017.11.28-16.57.36:903][  0]LogInit: CPU Page size=4096, Cores=2
[2017.11.28-16.57.36:903][  0]LogInit: High frequency timer resolution =1.656321 MHz
[2017.11.28-16.57.36:903][  0]LogMemory: Memory total: Physical=7.9GB (8GB approx)
[2017.11.28-16.57.36:903][  0]LogMemory: Platform Memory Stats for Windows
[2017.11.28-16.57.36:903][  0]LogMemory: Process Physical Memory: 278.60 MB used, 278.60 MB peak
[2017.11.28-16.57.36:904][  0]LogMemory: Process Virtual Memory: 275.93 MB used, 275.93 MB peak
[2017.11.28-16.57.36:904][  0]LogMemory: Physical Memory: 3841.82 MB used,  4253.68 MB free, 8095.50 MB total
[2017.11.28-16.57.36:904][  0]LogMemory: Virtual Memory: 667.22 MB used,  4253.68 MB free, 134217728.00 MB total
[2017.11.28-16.57.38:254][  0]LogInit: Using OS detected language (pt-BR).
[2017.11.28-16.57.38:255][  0]LogInit: Using OS detected locale (pt-BR).
[2017.11.28-16.57.48:035][  0]LogD3D11RHI: D3D11 adapters:
[2017.11.28-16.57.48:110][  0]LogD3D11RHI:    0. 'NVIDIA GeForce 820M' (Feature Level 11_0)
[2017.11.28-16.57.48:110][  0]LogD3D11RHI:       2000/0/4047 MB DedicatedVideo/DedicatedSystem/SharedSystem, Outputs:1, VendorId:0x10de
[2017.11.28-16.57.48:173][  0]LogD3D11RHI:    1. 'Intel(R) HD Graphics Family' (Feature Level 11_0)
[2017.11.28-16.57.48:173][  0]LogD3D11RHI:       112/0/2048 MB DedicatedVideo/DedicatedSystem/SharedSystem, Outputs:0, VendorId:0x8086
[2017.11.28-16.57.48:175][  0]LogD3D11RHI:    2. 'Microsoft Basic Render Driver' (Feature Level 11_0)
[2017.11.28-16.57.48:175][  0]LogD3D11RHI:       0/0/4047 MB DedicatedVideo/DedicatedSystem/SharedSystem, Outputs:0, VendorId:0x1414
[2017.11.28-16.57.48:175][  0]LogD3D11RHI: Chosen D3D11 Adapter: 0
[2017.11.28-16.57.48:216][  0]LogD3D11RHI: Creating new Direct3DDevice
[2017.11.28-16.57.48:216][  0]LogD3D11RHI:     GPU DeviceId: 0x1140 (for the marketing name, search the web for "GPU Device Id")
[2017.11.28-16.57.48:216][  0]LogWindows: EnumDisplayDevices:
[2017.11.28-16.57.48:216][  0]LogWindows:    0. 'Intel(R) HD Graphics Family' (P:1 D:1)
[2017.11.28-16.57.48:216][  0]LogWindows:    1. 'Intel(R) HD Graphics Family' (P:0 D:0)
[2017.11.28-16.57.48:217][  0]LogWindows:    2. 'Intel(R) HD Graphics Family' (P:0 D:0)
[2017.11.28-16.57.48:217][  0]LogWindows: DebugString: PrimaryIsNotTheChoosenAdapter PrimaryIsNotTheChoosenAdapter PrimaryIsNotTheChoosenAdapter FoundDriverCount:0 
[2017.11.28-16.57.48:217][  0]LogD3D11RHI:     Adapter Name: NVIDIA GeForce 820M
[2017.11.28-16.57.48:217][  0]LogD3D11RHI:   Driver Version: Unknown (internal:Unknown, unified:Unknown)
[2017.11.28-16.57.48:217][  0]LogD3D11RHI:      Driver Date: Unknown
[2017.11.28-16.57.48:217][  0]LogRHI: Texture pool is 1361 MB (70% of 1945 MB)
[2017.11.28-16.57.48:287][  0]LogD3D11RHI: Display: Timestamp queries are currently disabled on this hardware due to instability. Realtime GPU stats will not be available. You can override this behaviour by setting r.NVIDIATimestampWorkaround to 0
[2017.11.28-16.57.48:288][  0]LogD3D11RHI: Async texture creation enabled
[2017.11.28-16.57.48:727][  0]LogD3D11RHI: GPU Timing Frequency: 1000.000000 (Debug: 2 2)
[2017.11.28-16.57.48:885][  0]LogShaderCompilers: Guid format shader working directory is -25 characters bigger than the processId version (../../../../../../Users/diego/Documents/Unreal Projects/Caramuru2D-4.17/Intermediate/Shaders/WorkingDirectory/1904/).
[2017.11.28-16.57.48:885][  0]LogShaderCompilers: Cleaned the shader compiler working directory 'C:/Users/diego/AppData/Local/Temp/UnrealShaderWorkingDir/1057B0C24C142AABAFCA6EA7C24796FA/'.
[2017.11.28-16.57.48:892][  0]LogShaderCompilers: Display: Using Local Shader Compiler.
[2017.11.28-16.57.57:050][  0]LogTemp: Display: Loaded TP AllDesktopTargetPlatform
[2017.11.28-16.57.57:156][  0]LogTemp: Display: Loaded TP MacClientTargetPlatform
[2017.11.28-16.57.57:229][  0]LogTemp: Display: Loaded TP MacNoEditorTargetPlatform
[2017.11.28-16.57.57:312][  0]LogTemp: Display: Loaded TP MacServerTargetPlatform
[2017.11.28-16.57.57:417][  0]LogTemp: Display: Loaded TP MacTargetPlatform
[2017.11.28-16.57.57:518][  0]LogTemp: Display: Loaded TP WindowsClientTargetPlatform
[2017.11.28-16.57.57:590][  0]LogTemp: Display: Loaded TP WindowsNoEditorTargetPlatform
[2017.11.28-16.57.57:674][  0]LogTemp: Display: Loaded TP WindowsServerTargetPlatform
[2017.11.28-16.57.57:783][  0]LogTemp: Display: Loaded TP WindowsTargetPlatform
[2017.11.28-16.57.57:875][  0]LogTemp: Display: Loaded TP AndroidTargetPlatform
[2017.11.28-16.57.57:982][  0]LogTemp: Display: Loaded TP Android_ASTCTargetPlatform
[2017.11.28-16.57.58:059][  0]LogTemp: Display: Loaded TP Android_ATCTargetPlatform
[2017.11.28-16.57.58:129][  0]LogTemp: Display: Loaded TP Android_DXTTargetPlatform
[2017.11.28-16.57.58:199][  0]LogTemp: Display: Loaded TP Android_ETC1TargetPlatform
[2017.11.28-16.57.58:270][  0]LogTemp: Display: Loaded TP Android_ETC2TargetPlatform
[2017.11.28-16.57.58:412][  0]LogTemp: Display: Loaded TP Android_MultiTargetPlatform
[2017.11.28-16.57.58:412][  0]LogTemp: Display: Loaded TP Android_PVRTCTargetPlatform
[2017.11.28-16.57.58:476][  0]LogTemp: Display: Loaded TP HTML5TargetPlatform
[2017.11.28-16.57.58:741][  0]LogTemp: Display: Loaded TP IOSTargetPlatform
[2017.11.28-16.57.58:795][  0]LogTemp: Display: Loaded TP TVOSTargetPlatform
[2017.11.28-16.57.58:877][  0]LogTemp: Display: Loaded TP LinuxClientTargetPlatform
[2017.11.28-16.57.58:959][  0]LogTemp: Display: Loaded TP LinuxNoEditorTargetPlatform
[2017.11.28-16.57.59:080][  0]LogTemp: Display: Loaded TP LinuxServerTargetPlatform
[2017.11.28-16.57.59:189][  0]LogTemp: Display: Loaded TP LinuxTargetPlatform
[2017.11.28-16.57.59:190][  0]LogTargetPlatformManager: Display: Building Assets For Windows
[2017.11.28-16.58.00:869][  0]LogDerivedDataCache: Display: Max Cache Size: 512 MB
[2017.11.28-16.58.01:958][  0]LogDerivedDataCache: Loaded boot cache 1.09s 93MB C:/Users/diego/AppData/Local/UnrealEngine/4.17/DerivedDataCache/Boot.ddc.
[2017.11.28-16.58.01:958][  0]LogDerivedDataCache: Display: Loaded Boot cache: C:/Users/diego/AppData/Local/UnrealEngine/4.17/DerivedDataCache/Boot.ddc
[2017.11.28-16.58.01:958][  0]LogDerivedDataCache: FDerivedDataBackendGraph:  Pak pak cache file ../../../../../../Users/diego/Documents/Unreal Projects/Caramuru2D-4.17/DerivedDataCache/DDC.ddp not found, will not use a pak cache.
[2017.11.28-16.58.01:958][  0]LogDerivedDataCache: Unable to find inner node Pak for hierarchical cache Hierarchy.
[2017.11.28-16.58.01:958][  0]LogDerivedDataCache: FDerivedDataBackendGraph:  CompressedPak pak cache file ../../../../../../Users/diego/Documents/Unreal Projects/Caramuru2D-4.17/DerivedDataCache/Compressed.ddp not found, will not use a pak cache.
[2017.11.28-16.58.01:958][  0]LogDerivedDataCache: Unable to find inner node CompressedPak for hierarchical cache Hierarchy.
[2017.11.28-16.58.02:286][  0]LogDerivedDataCache: Display: Pak cache opened for reading ../../../Engine/DerivedDataCache/Compressed.ddp.
[2017.11.28-16.58.02:311][  0]LogDerivedDataCache: Using Local data cache path C:/Users/diego/AppData/Local/UnrealEngine/Common/DerivedDataCache: Writable
[2017.11.28-16.58.02:398][  0]LogMaterial: Verifying Global Shaders for PCD3D_SM5
[2017.11.28-16.58.02:518][  0]LogSlate: Using Freetype 2.6.0
[2017.11.28-16.58.02:634][  0]LogSlate: SlateFontCache - WITH_FREETYPE: 1, WITH_HARFBUZZ: 1
[2017.11.28-16.58.02:646][  0]LogSlate: SlateFontCache - WITH_FREETYPE: 1, WITH_HARFBUZZ: 1
[2017.11.28-16.58.12:941][  0]LogAssetRegistry: FAssetRegistry took 0.0743 seconds to start up
[2017.11.28-16.58.16:029][  0]LogInit: Selected Device Profile: [Windows]
[2017.11.28-16.58.19:782][  0]LogContentStreaming: Texture pool size is 0.00 MB
[2017.11.28-16.58.21:506][  0]LogSimplygon: Simplygon DLL not present - disabling.
[2017.11.28-16.58.21:642][  0]LogMeshReduction: Using SimplygonSwarm for distributed automatic mesh merging
[2017.11.28-16.58.21:664][  0]LogMeshReduction: Using QuadricMeshReduction for automatic static mesh reduction
[2017.11.28-16.58.21:664][  0]LogMeshReduction: No automatic skeletal mesh reduction module available
[2017.11.28-16.58.21:664][  0]LogMeshReduction: No automatic mesh merging module available
[2017.11.28-16.58.21:665][  0]LogMeshMerging: No automatic mesh merging module available
[2017.11.28-16.58.25:866][  0]LogNetVersion: Caramuru2D , NetCL: 3573198, EngineNetVer: 2, GameNetVer: 0 (Checksum: 1344554375)
[2017.11.28-16.58.28:112][  0]LogPackageLocalizationCache: Processed 5 localized package path(s) for 2 prioritized culture(s) in 0.193607 seconds
[2017.11.28-16.58.28:139][  0]LogUObjectArray: 35825 objects as part of root set at end of initial load.
[2017.11.28-16.58.28:139][  0]LogUObjectAllocator: 7529104 out of 0 bytes used by permanent object pool.
[2017.11.28-16.58.28:139][  0]LogUObjectArray: CloseDisregardForGC: 0/0 objects in disregard for GC pool
[2017.11.28-16.58.28:282][  0]LogInit: WinSock: version 1.1 (2.2), MaxSocks=32767, MaxUdp=65467
[2017.11.28-16.59.00:171][  0]LogTcpMessaging: Initializing TcpMessaging bridge
[2017.11.28-16.59.00:288][  0]LogUdpMessaging: Initializing bridge on interface 0.0.0.0:0 to multicast group 230.0.0.1:6666.
[2017.11.28-16.59.02:679][  0]LogMaterial: Uniform references updated for custom material expression Custom.
[2017.11.28-16.59.03:944][  0]SourceControl: Controle de origem desativado
[2017.11.28-16.59.06:867][  0]LogAndroidPermission: UAndroidPermissionCallbackProxy::GetInstance
[2017.11.28-16.59.07:312][  0]LogOcInput: OculusInput pre-init called
[2017.11.28-16.59.08:316][  0]LogEngine: Initializing Engine...
[2017.11.28-16.59.08:360][  0]LogHMD: Failed to initialize OpenVR with code 110
[2017.11.28-16.59.09:717][  0]LogStats: UGameplayTagsManager::ConstructGameplayTagTree: Construct from data asset -  0.000 s
[2017.11.28-16.59.09:718][  0]LogStats: UGameplayTagsManager::ConstructGameplayTagTree: GameplayTagTreeChangedEvent.Broadcast -  0.000 s
[2017.11.28-16.59.10:532][  0]LogAIModule: Creating AISystem for world Untitled
[2017.11.28-16.59.10:718][  0]LogInit: XAudio2 using 'Fones de ouvido / Alto falantes (Realtek High Definition Audio)' : 2 channels at 48 kHz using 32 bits per sample (channel mask 0x3)
[2017.11.28-16.59.10:811][  0]LogInit: FAudioDevice initialized.
[2017.11.28-16.59.11:063][  0]LogDerivedDataCache: Saved boot cache 0.25s 93MB C:/Users/diego/AppData/Local/UnrealEngine/4.17/DerivedDataCache/Boot.ddc.
[2017.11.28-16.59.11:088][  0]LogInit: Texture streaming: Enabled
[2017.11.28-16.59.11:433][  0]LogEngineSessionManager: EngineSessionManager initialized
[2017.11.28-16.59.12:461][  0]LogInit: Transaction tracking system initialized
[2017.11.28-16.59.13:277][  0]BlueprintLog: New page: Carregar Editor
[2017.11.28-16.59.16:331][  0]LocalizationService: Localization service is disabled
[2017.11.28-16.59.19:067][  0]LogConsoleResponse: Display: 
[2017.11.28-16.59.24:222][  0]LogFileCache: Scanning file cache for directory 'C:/Users/diego/Documents/Unreal Projects/Caramuru2D-4.17/Content/' took 0.02s
[2017.11.28-16.59.24:222][  0]LogCook: Display: Max memory allowance for cook 16384mb min free memory 0mb
[2017.11.28-16.59.24:222][  0]LogCook: Display: Mobile HDR setting 1
[2017.11.28-16.59.24:362][  0]LogGameplayTags: Display: UGameplayTagsManager::DoneAddingNativeTags. DelegateIsBound: 0
[2017.11.28-16.59.31:487][  0]Cmd: MAP LOAD FILE="../../../../../../Users/diego/Documents/Unreal Projects/Caramuru2D-4.17/Content/Menu/Levels/Level_Game_Main_Menu.umap" TEMPLATE=0 SHOWPROGRESS=1 FEATURELEVEL=3
[2017.11.28-16.59.31:518][  0]LightingResults: New page: Compilação de Iluminação
[2017.11.28-16.59.31:695][  0]MapCheck: New page: Verificação de Mapa
[2017.11.28-16.59.31:695][  0]LightingResults: New page: Compilação de Iluminação
[2017.11.28-16.59.32:348][  0]LogLinker: Warning: Não é possível encontrar o arquivo “/Game/Menu/Imagens/imagem_Felipe”
[2017.11.28-16.59.32:348][  0]LogLinker: Warning: Não é possível encontrar o arquivo do ativo “../../../../../../Users/diego/Documents/Unreal Projects/Caramuru2D-4.17/Content/Menu/HUD/HUD_Creditos_Menu_Principal.uasset” ao carregar /Game/Menu/Imagens/imagem_Felipe.
[2017.11.28-16.59.32:348][  0]LoadErrors: Error: /Game/Menu/HUD/HUD_Creditos_Menu_Principal : Não é possível encontrar o arquivo do ativo. /Game/Menu/Imagens/imagem_Felipe
[2017.11.28-16.59.32:348][  0]LogLinker: Warning: Não é possível encontrar o arquivo “/Game/Menu/Imagens/imagem_Felipe”
[2017.11.28-16.59.32:348][  0]LogLinker: Warning: Não é possível encontrar o arquivo do ativo “../../../../../../Users/diego/Documents/Unreal Projects/Caramuru2D-4.17/Content/Menu/HUD/HUD_Creditos_Menu_Principal.uasset” ao carregar /Game/Menu/Imagens/imagem_Felipe.
[2017.11.28-16.59.32:348][  0]LoadErrors: Error: /Game/Menu/HUD/HUD_Creditos_Menu_Principal : Não é possível encontrar o arquivo do ativo. /Game/Menu/Imagens/imagem_Felipe
[2017.11.28-16.59.32:349][  0]LogLinker: Warning: Não é possível encontrar o arquivo “/Game/Menu/Imagens/imagem_Felipe”
[2017.11.28-16.59.32:349][  0]LoadErrors: Falha ao carregar /Game/Menu/Imagens/imagem_Felipe.imagem_Felipe Referenciado por Teste_Imagem
[2017.11.28-16.59.32:349][  0]LogLinker: Warning: Não é possível encontrar o arquivo do ativo “../../../../../../Users/diego/Documents/Unreal Projects/Caramuru2D-4.17/Content/Menu/HUD/HUD_Creditos_Menu_Principal.uasset” ao carregar /Game/Menu/Imagens/imagem_Felipe.
[2017.11.28-16.59.32:349][  0]LoadErrors: Falha ao carregar /Game/Menu/Imagens/imagem_Felipe.imagem_Felipe Referenciado por Teste_Imagem
[2017.11.28-16.59.32:349][  0]LoadErrors: Error: /Game/Menu/HUD/HUD_Creditos_Menu_Principal : Não é possível encontrar o arquivo do ativo. /Game/Menu/Imagens/imagem_Felipe
[2017.11.28-16.59.32:904][  0]LogLinker: Warning: Não é possível encontrar o arquivo “/Game/Menu/Imagens/imagem_Felipe”
[2017.11.28-16.59.32:904][  0]LogLinker: Warning: Não é possível encontrar o arquivo do ativo “../../../../../../Users/diego/Documents/Unreal Projects/Caramuru2D-4.17/Content/Menu/HUD/HUD_Caramuru.uasset” ao carregar /Game/Menu/Imagens/imagem_Felipe.
[2017.11.28-16.59.32:905][  0]LoadErrors: Error: /Game/Menu/HUD/HUD_Caramuru : Não é possível encontrar o arquivo do ativo. /Game/Menu/Imagens/imagem_Felipe
[2017.11.28-16.59.32:905][  0]LogLinker: Warning: Não é possível encontrar o arquivo “/Game/Menu/Imagens/imagem_Felipe”
[2017.11.28-16.59.32:905][  0]LogLinker: Warning: Não é possível encontrar o arquivo do ativo “../../../../../../Users/diego/Documents/Unreal Projects/Caramuru2D-4.17/Content/Menu/HUD/HUD_Caramuru.uasset” ao carregar /Game/Menu/Imagens/imagem_Felipe.
[2017.11.28-16.59.32:905][  0]LoadErrors: Error: /Game/Menu/HUD/HUD_Caramuru : Não é possível encontrar o arquivo do ativo. /Game/Menu/Imagens/imagem_Felipe
[2017.11.28-16.59.34:025][  0]LogAIModule: Creating AISystem for world Level_Game_Main_Menu
[2017.11.28-16.59.34:188][  0]LogEditorServer: Finished looking for orphan Actors (0.000 secs)
[2017.11.28-16.59.34:300][  0]Cmd: MAP CHECKDEP NOCLEARLOG
[2017.11.28-16.59.34:368][  0]MapCheck: Map check complete: 0 Error(s), 0 Warning(s), took 68,13ms to complete.
[2017.11.28-16.59.34:368][  0]LogFileHelpers: Loading map 'Level_Game_Main_Menu' took 2.911
[2017.11.28-16.59.35:061][  0]LogWindowsTextInputMethodSystem: Display: IME system now deactivated.
[2017.11.28-16.59.36:511][  0]LogCollectionManager: Loaded 0 collections in 0.001869 seconds
[2017.11.28-16.59.36:824][  0]LogFileCache: Scanning file cache for directory 'C:/Users/diego/Documents/Unreal Projects/Caramuru2D-4.17/Saved/Collections/' took 0.01s
[2017.11.28-16.59.36:824][  0]LogFileCache: Scanning file cache for directory 'C:/Users/diego/Documents/Unreal Projects/Caramuru2D-4.17/Content/Developers/diego/Collections/' took 0.01s
[2017.11.28-16.59.36:824][  0]LogFileCache: Scanning file cache for directory 'C:/Users/diego/Documents/Unreal Projects/Caramuru2D-4.17/Content/Collections/' took 0.01s
[2017.11.28-16.59.36:824][  0]LogCollectionManager: Rebuilt the GUID cache for 0 collections in 0.000001 seconds
[2017.11.28-16.59.36:849][  0]LogContentBrowser: Native class hierarchy populated in 0.0237 seconds. Added 2386 classes and 500 folders.
[2017.11.28-16.59.37:145][  0]LogContentBrowser: Native class hierarchy updated for 'WidgetCarousel' in 0.0187 seconds. Added 0 classes and 0 folders.
[2017.11.28-16.59.38:775][  0]LogContentBrowser: Native class hierarchy updated for 'AddContentDialog' in 0.0008 seconds. Added 0 classes and 0 folders.
[2017.11.28-16.59.39:018][  0]LogContentBrowser: Native class hierarchy updated for 'SceneOutliner' in 0.0008 seconds. Added 1 classes and 2 folders.
[2017.11.28-16.59.40:434][  0]LogSlate: Took 0.034880 seconds to synchronously load lazily loaded font '../../../Engine/Content/Slate/Fonts/Roboto-Regular.ttf' (155K)
[2017.11.28-16.59.40:490][  0]LogSlate: Took 0.016011 seconds to synchronously load lazily loaded font '../../../Engine/Content/Slate/Fonts/Roboto-Bold.ttf' (160K)
[2017.11.28-16.59.40:554][  0]LogSlate: Took 0.024291 seconds to synchronously load lazily loaded font '../../../Engine/Content/Editor/Slate/Fonts/FontAwesome.ttf' (139K)
[2017.11.28-16.59.40:905][  0]LogRenderer: Reallocating scene render targets to support 824x612 Format 10 NumSamples 1 (Frame:1).
[2017.11.28-16.59.43:186][  0]LogContentBrowser: Native class hierarchy updated for 'HierarchicalLODOutliner' in 0.0008 seconds. Added 1 classes and 2 folders.
[2017.11.28-16.59.43:186][  0]LogLoad: (Engine Initialization) Total time: 146.90 seconds
[2017.11.28-16.59.43:186][  0]LogLoad: (Engine Initialization) Total Blueprint compile time: 0.00 seconds
[2017.11.28-16.59.43:218][  0]LogExternalProfiler: Found external profiler: VSPerf
[2017.11.28-16.59.43:218][  0]LogExternalProfiler: Using external profiler: VSPerf
[2017.11.28-16.59.43:563][  0]SourceControl: On branch master
[2017.11.28-16.59.43:563][  0]SourceControl: Your branch is up to date with 'origin/master'.
[2017.11.28-16.59.43:563][  0]SourceControl: Changes not staged for commit:
[2017.11.28-16.59.43:563][  0]SourceControl:   (use "git add/rm <file>..." to update what will be committed)
[2017.11.28-16.59.43:563][  0]SourceControl:   (use "git checkout -- <file>..." to discard changes in working directory)
[2017.11.28-16.59.43:563][  0]SourceControl: 	modified:   Intermediate/CachedAssetRegistry.bin
[2017.11.28-16.59.43:563][  0]SourceControl: 	deleted:    Saved/Config/CrashReportClient/UE4CC-Windows-21E54AB0416B2F5D351F2DB272A4E34E/CrashReportClient.ini
[2017.11.28-16.59.43:563][  0]SourceControl: 	deleted:    Saved/Config/CrashReportClient/UE4CC-Windows-327EC5D548787B9358466C9B1EE7A7DC/CrashReportClient.ini
[2017.11.28-16.59.43:563][  0]SourceControl: 	deleted:    Saved/Config/CrashReportClient/UE4CC-Windows-415A22D14E5BE6B14FC881B8F752DB0F/CrashReportClient.ini
[2017.11.28-16.59.43:563][  0]SourceControl: 	deleted:    Saved/Config/CrashReportClient/UE4CC-Windows-4AF13F394EA21F1E9C3BCD838DD4F077/CrashReportClient.ini
[2017.11.28-16.59.43:563][  0]SourceControl: 	deleted:    Saved/Config/CrashReportClient/UE4CC-Windows-673BA3E4445BE1CDA361549D052038CE/CrashReportClient.ini
[2017.11.28-16.59.43:563][  0]SourceControl: 	deleted:    Saved/Config/CrashReportClient/UE4CC-Windows-7B698E8A431E7050091CC5A893CADDD1/CrashReportClient.ini
[2017.11.28-16.59.43:563][  0]SourceControl: 	deleted:    Saved/Config/CrashReportClient/UE4CC-Windows-A7F1B8BC47F68AE5C10C46A27195F35A/CrashReportClient.ini
[2017.11.28-16.59.43:564][  0]SourceControl: 	deleted:    Saved/Config/CrashReportClient/UE4CC-Windows-AF9CF47A482323A45EF9508D43FF44F0/CrashReportClient.ini
[2017.11.28-16.59.43:564][  0]SourceControl: 	deleted:    Saved/Config/CrashReportClient/UE4CC-Windows-DFD7705649655319D1154694479D9EAA/CrashReportClient.ini
[2017.11.28-16.59.43:564][  0]SourceControl: 	deleted:    Saved/Config/CrashReportClient/UE4CC-Windows-F09C12664AFE8F4ED818FEBA5C5205D8/CrashReportClient.ini
[2017.11.28-16.59.43:564][  0]SourceControl: 	modified:   Saved/Config/Windows/Editor.ini
[2017.11.28-16.59.43:564][  0]SourceControl: 	modified:   Saved/Config/Windows/Engine.ini
[2017.11.28-16.59.43:564][  0]SourceControl: 	deleted:    Saved/Logs/Caramuru2D-backup-2017.11.19-10.30.03.log
[2017.11.28-16.59.43:564][  0]SourceControl: 	deleted:    Saved/Logs/Caramuru2D-backup-2017.11.19-14.01.49.log
[2017.11.28-16.59.43:564][  0]SourceControl: 	deleted:    Saved/Logs/Caramuru2D-backup-2017.11.19-19.46.07.log
[2017.11.28-16.59.43:564][  0]SourceControl: 	deleted:    Saved/Logs/Caramuru2D-backup-2017.11.21-15.02.00.log
[2017.11.28-16.59.43:564][  0]SourceControl: 	modified:   Saved/Logs/Caramuru2D.log
[2017.11.28-16.59.43:564][  0]SourceControl: Untracked files:
[2017.11.28-16.59.43:564][  0]SourceControl:   (use "git add <file>..." to include in what will be committed)
[2017.11.28-16.59.43:564][  0]SourceControl: 	Saved/Config/CrashReportClient/UE4CC-Windows-A142024B45F4DB1F14025CAE5123A6D7/
[2017.11.28-16.59.43:564][  0]SourceControl: 	Saved/Logs/Caramuru2D-backup-2017.11.28-13.57.33.log
[2017.11.28-16.59.43:564][  0]SourceControl: no changes added to commit (use "git add" and/or "git commit -a")
[2017.11.28-16.59.43:582][  0]LogContentStreaming: Texture pool size now 1000 MB
[2017.11.28-16.59.43:948][  0]LogSlate: Took 0.017580 seconds to synchronously load lazily loaded font '../../../Engine/Content/Slate/Fonts/Roboto-Light.ttf' (159K)
[2017.11.28-16.59.44:396][  3]LogAssetRegistry: Asset discovery search completed in 91.4768 seconds
[2017.11.28-16.59.44:429][  3]LogCollectionManager: Rebuilt the object cache for 0 collections in 0.000004 seconds (found 0 objects)
[2017.11.28-16.59.44:429][  3]LogCollectionManager: Fixed up redirectors for 0 collections in 0.000435 seconds (updated 0 objects)
[2017.11.28-17.06.50:777][871]LogSlate: Took 0.020021 seconds to synchronously load lazily loaded font '../../../Engine/Content/Slate/Fonts/Roboto-Light.ttf' (159K)
[2017.11.28-17.06.51:883][871]LogSlate: Took 0.032446 seconds to synchronously load lazily loaded font '../../../Engine/Content/Slate/Fonts/Roboto-Regular.ttf' (155K)
[2017.11.28-17.06.54:324][871]LogLinker: Warning: Não é possível encontrar o arquivo “/Game/Menu/Imagens/Caramuru_Background_Menu_corrigido_Sprite”
[2017.11.28-17.06.54:325][871]LogLinker: Warning: Não é possível encontrar o arquivo do ativo “../../../../../../Users/diego/Documents/Unreal Projects/Caramuru2D-4.17/Content/Menu/HUD/HUD_Pausa.uasset” ao carregar /Game/Menu/Imagens/Caramuru_Background_Menu_corrigido_Sprite.
[2017.11.28-17.06.54:325][871]LoadErrors: Error: /Game/Menu/HUD/HUD_Pausa : Não é possível encontrar o arquivo do ativo. /Game/Menu/Imagens/Caramuru_Background_Menu_corrigido_Sprite
[2017.11.28-17.06.54:325][871]LogLinker: Warning: Não é possível encontrar o arquivo “/Game/Menu/Imagens/Caramuru_Background_Menu_corrigido_Sprite”
[2017.11.28-17.06.54:325][871]LogLinker: Warning: Não é possível encontrar o arquivo do ativo “../../../../../../Users/diego/Documents/Unreal Projects/Caramuru2D-4.17/Content/Menu/HUD/HUD_Pausa.uasset” ao carregar /Game/Menu/Imagens/Caramuru_Background_Menu_corrigido_Sprite.
[2017.11.28-17.06.54:327][871]LogLinker: Warning: Não é possível encontrar o arquivo “/Game/Menu/Imagens/Caramuru_Background_Menu_corrigido_Sprite”
[2017.11.28-17.06.54:327][871]LogLinker: Warning: Não é possível encontrar o arquivo do ativo “../../../../../../Users/diego/Documents/Unreal Projects/Caramuru2D-4.17/Content/2DSideScrollerBP/Maps/Caramuru2D.umap” ao carregar /Game/Menu/Imagens/Caramuru_Background_Menu_corrigido_Sprite.
[2017.11.28-17.06.54:327][871]LoadErrors: Error: /Game/2DSideScrollerBP/Maps/Caramuru2D : Não é possível encontrar o arquivo do ativo. /Game/Menu/Imagens/Caramuru_Background_Menu_corrigido_Sprite
[2017.11.28-17.06.54:328][871]LogLinker: Warning: Não é possível encontrar o arquivo “/Game/Menu/Imagens/Caramuru_Background_Menu_corrigido_Sprite”
[2017.11.28-17.06.54:328][871]LogLinker: Warning: Não é possível encontrar o arquivo do ativo “../../../../../../Users/diego/Documents/Unreal Projects/Caramuru2D-4.17/Content/2DSideScrollerBP/Maps/Caramuru2D.umap” ao carregar /Game/Menu/Imagens/Caramuru_Background_Menu_corrigido_Sprite.
[2017.11.28-17.06.54:329][871]LogLinker: Warning: Não é possível encontrar o arquivo “/Game/Menu/Imagens/Caramuru_Background_Menu_corrigido_Sprite”
[2017.11.28-17.06.54:329][871]LoadErrors: Falha ao carregar /Game/Menu/Imagens/Caramuru_Background_Menu_corrigido_Sprite.Caramuru_Background_Menu_corrigido_Sprite Referenciado por Image_24
[2017.11.28-17.06.54:329][871]LogLinker: Warning: Não é possível encontrar o arquivo do ativo “../../../../../../Users/diego/Documents/Unreal Projects/Caramuru2D-4.17/Content/2DSideScrollerBP/Maps/Caramuru2D.umap” ao carregar /Game/Menu/Imagens/Caramuru_Background_Menu_corrigido_Sprite.
[2017.11.28-17.06.55:512][871]LogTexture: Display: Building textures: caramuru_correndo_esse_aqui__1_ (BGRA8, 800X100)
[2017.11.28-17.06.56:649][871]LogTexture: Display: Building textures: caramuru__1_ (BGRA8, 100X100)
[2017.11.28-17.06.57:453][871]LogAIModule: Creating AISystem for world Caramuru2D
[2017.11.28-17.06.58:225][871]Cmd: MAP LOAD FILE="../../../../../../Users/diego/Documents/Unreal Projects/Caramuru2D-4.17/Content/2DSideScrollerBP/Maps/Caramuru2D.umap" TEMPLATE=0 SHOWPROGRESS=1 FEATURELEVEL=3
[2017.11.28-17.06.58:225][871]LightingResults: New page: Compilação de Iluminação
[2017.11.28-17.06.58:227][871]LoadErrors: New page: Carregando mapa: Caramuru2D.umap
[2017.11.28-17.06.58:227][871]MapCheck: New page: Verificação de Mapa
[2017.11.28-17.06.58:227][871]LightingResults: New page: Compilação de Iluminação
[2017.11.28-17.06.58:739][871]LogEditorServer: Finished looking for orphan Actors (0.000 secs)
[2017.11.28-17.06.58:916][871]Cmd: MAP CHECKDEP NOCLEARLOG
[2017.11.28-17.06.59:009][871]MapCheck: Map check complete: 0 Error(s), 0 Warning(s), took 93,047ms to complete.
[2017.11.28-17.06.59:020][871]LogFileHelpers: Loading map 'Caramuru2D' took 0.908
[2017.11.28-17.07.07:643][246]LogRenderer: Reallocating scene render targets to support 916x612 Format 10 NumSamples 1 (Frame:348).
[2017.11.28-17.07.07:709][247]LogRenderer: Reallocating scene render targets to support 940x612 Format 10 NumSamples 1 (Frame:350).
[2017.11.28-17.07.07:815][248]LogRenderer: Reallocating scene render targets to support 944x612 Format 10 NumSamples 1 (Frame:352).
[2017.11.28-17.07.07:884][249]LogRenderer: Reallocating scene render targets to support 952x612 Format 10 NumSamples 1 (Frame:354).
[2017.11.28-17.07.07:953][250]LogRenderer: Reallocating scene render targets to support 956x612 Format 10 NumSamples 1 (Frame:356).
[2017.11.28-17.07.09:899][333]LogTemp: Repeating last play command: New Editor Window (PIE)
[2017.11.28-17.07.10:653][333]LogBlueprintUserMessages: Early PlayInEditor Detection: Level '/Game/2DSideScrollerBP/Maps/Caramuru2D.Caramuru2D:PersistentLevel' has LevelScriptBlueprint '/Game/2DSideScrollerBP/Maps/Caramuru2D.Caramuru2D:PersistentLevel.Caramuru2D' with GeneratedClass '/Game/2DSideScrollerBP/Maps/Caramuru2D.Caramuru2D_C' with ClassGeneratedBy '/Game/2DSideScrollerBP/Maps/Caramuru2D.Caramuru2D:PersistentLevel.Caramuru2D'
[2017.11.28-17.07.10:671][333]LogPlayLevel: PlayLevel: No blueprints needed recompiling
[2017.11.28-17.07.10:754][333]PIE: New page: Sessão de PIE : Caramuru2D (28/11/2017 11:07:10)
[2017.11.28-17.07.10:769][333]LogPlayLevel: Creating play world package: /Game/2DSideScrollerBP/Maps/UEDPIE_0_Caramuru2D
[2017.11.28-17.07.10:871][333]LogPlayLevel: PIE: StaticDuplicateObject took: (0.101827s)
[2017.11.28-17.07.10:872][333]LogAIModule: Creating AISystem for world Caramuru2D
[2017.11.28-17.07.10:872][333]LogPlayLevel: PIE: World Init took: (0.001168s)
[2017.11.28-17.07.10:908][333]LogPlayLevel: PIE: Created PIE world by copying editor world from /Game/2DSideScrollerBP/Maps/Caramuru2D.Caramuru2D to /Game/2DSideScrollerBP/Maps/UEDPIE_0_Caramuru2D.Caramuru2D (0.146601s)
[2017.11.28-17.07.10:974][333]LogInit: XAudio2 using 'Fones de ouvido / Alto falantes (Realtek High Definition Audio)' : 2 channels at 48 kHz using 32 bits per sample (channel mask 0x3)
[2017.11.28-17.07.10:990][333]LogInit: FAudioDevice initialized.
[2017.11.28-17.07.11:185][333]LogLoad: Game class is '2DSideScrollerGameMode_C'
[2017.11.28-17.07.11:368][333]LogWorld: Bringing World /Game/2DSideScrollerBP/Maps/UEDPIE_0_Caramuru2D.Caramuru2D up for play (max tick rate 0) at 2017.11.28-14.07.11
[2017.11.28-17.07.11:526][333]LogWorld: Bringing up level for play took: 0.174113
[2017.11.28-17.07.11:729][333]LogContentBrowser: Native class hierarchy updated for 'MovieSceneCapture' in 0.0011 seconds. Added 11 classes and 0 folders.
[2017.11.28-17.07.11:884][333]LogBlueprintUserMessages: [Character] SpreaderGun
[2017.11.28-17.07.11:914][333]PIE: Momento de início de reprodução no editor para /Game/2DSideScrollerBP/Maps/UEDPIE_0_Caramuru2D 1,833
[2017.11.28-17.07.11:928][333]LogBlueprintUserMessages: Late PlayInEditor Detection: Level '/Game/2DSideScrollerBP/Maps/Caramuru2D.Caramuru2D:PersistentLevel' has LevelScriptBlueprint '/Game/2DSideScrollerBP/Maps/Caramuru2D.Caramuru2D:PersistentLevel.Caramuru2D' with GeneratedClass '/Game/2DSideScrollerBP/Maps/Caramuru2D.Caramuru2D_C' with ClassGeneratedBy '/Game/2DSideScrollerBP/Maps/Caramuru2D.Caramuru2D:PersistentLevel.Caramuru2D'
[2017.11.28-17.07.12:591][334]LogCharacterMovement: Warning: GetSimulationTimeStep() - Max iterations 8 hit while remaining time 0.074910 > MaxSimulationTimeStep (0.050) for 'EnemyCharacter_226', movement 'Walking'
[2017.11.28-17.07.21:201][724]LogBlueprintUserMessages: [BP_Check_Point_832] X=-5056.213 Y=100.000 Z=4013.677
[2017.11.28-17.07.23:080][806]LogBlueprintUserMessages: [Chest_284] You receive 1 Silver Key.
[2017.11.28-17.07.37:079][439]LogBlueprintUserMessages: [BP_Check_Point2] X=-3671.105 Y=100.000 Z=3967.841
[2017.11.28-17.08.16:811][253]LogBlueprintUserMessages: Early EndPlayMap Detection: Level '/Game/2DSideScrollerBP/Maps/Caramuru2D.Caramuru2D:PersistentLevel' has LevelScriptBlueprint '/Game/2DSideScrollerBP/Maps/Caramuru2D.Caramuru2D:PersistentLevel.Caramuru2D' with GeneratedClass '/Game/2DSideScrollerBP/Maps/Caramuru2D.Caramuru2D_C' with ClassGeneratedBy '/Game/2DSideScrollerBP/Maps/Caramuru2D.Caramuru2D:PersistentLevel.Caramuru2D'
[2017.11.28-17.08.16:959][253]LogBlueprintUserMessages: Late EndPlayMap Detection: Level '/Game/2DSideScrollerBP/Maps/Caramuru2D.Caramuru2D:PersistentLevel' has LevelScriptBlueprint '/Game/2DSideScrollerBP/Maps/Caramuru2D.Caramuru2D:PersistentLevel.Caramuru2D' with GeneratedClass '/Game/2DSideScrollerBP/Maps/Caramuru2D.Caramuru2D_C' with ClassGeneratedBy '/Game/2DSideScrollerBP/Maps/Caramuru2D.Caramuru2D:PersistentLevel.Caramuru2D'
[2017.11.28-17.08.21:083][395]LogWindowsTextInputMethodSystem: Display: IME system now deactivated.
[2017.11.28-17.08.21:642][396]Cmd: QUIT_EDITOR
[2017.11.28-17.08.22:426][396]LogExit: Preparing to exit.
[2017.11.28-17.08.22:908][396]LogDirectoryWatcher: A directory notification for 'C:/Users/diego/Documents/Unreal Projects/Caramuru2D-4.17/Content/' was aborted.
[2017.11.28-17.08.23:059][396]LogExit: Editor shut down
[2017.11.28-17.08.23:069][396]LogExit: Transaction tracking system shut down
[2017.11.28-17.08.23:485][396]LogDirectoryWatcher: A directory notification for '../../../Engine/Content/' was aborted.
[2017.11.28-17.08.23:485][396]LogDirectoryWatcher: A directory notification for '../../../../../../Users/diego/Documents/Unreal Projects/Caramuru2D-4.17/Content/' was aborted.
[2017.11.28-17.08.23:485][396]LogDirectoryWatcher: A directory notification for '../../../Engine/Plugins/2D/Paper2D/Content/' was aborted.
[2017.11.28-17.08.23:485][396]LogDirectoryWatcher: A directory notification for '../../../Engine/Plugins/Runtime/Oculus/OculusVR/Content/' was aborted.
[2017.11.28-17.08.23:485][396]LogDirectoryWatcher: A directory notification for '../../../Engine/Plugins/Runtime/Steam/SteamVR/Content/' was aborted.
[2017.11.28-17.08.25:053][396]LogExit: Object subsystem successfully closed.
[2017.11.28-17.08.25:265][396]LogD3D11RHI: Shutdown
[2017.11.28-17.08.25:274][396]LogD3D11RHI: CleanupD3DDevice
[2017.11.28-17.08.25:467][396]LogD3D11RHI: ~FD3D11DynamicRHI
[2017.11.28-17.08.26:193][396]LogModuleManager: Shutting down and abandoning module MovieSceneCapture (532)
[2017.11.28-17.08.26:193][396]LogModuleManager: Shutting down and abandoning module HierarchicalLODOutliner (530)
[2017.11.28-17.08.26:193][396]LogModuleManager: Shutting down and abandoning module SceneOutliner (528)
[2017.11.28-17.08.26:193][396]LogModuleManager: Shutting down and abandoning module AddContentDialog (526)
[2017.11.28-17.08.26:193][396]LogDirectoryWatcher: A directory notification for 'C:/Program Files/Epic Games/UE_4.17/FeaturePacks/' was aborted.
[2017.11.28-17.08.26:211][396]LogModuleManager: Shutting down and abandoning module WidgetCarousel (525)
[2017.11.28-17.08.26:211][396]LogModuleManager: Shutting down and abandoning module EditorWidgets (522)
[2017.11.28-17.08.26:211][396]LogModuleManager: Shutting down and abandoning module CollectionManager (520)
[2017.11.28-17.08.26:212][396]LogDirectoryWatcher: A directory notification for 'C:/Users/diego/Documents/Unreal Projects/Caramuru2D-4.17/Content/Collections/' was aborted.
[2017.11.28-17.08.26:212][396]LogDirectoryWatcher: A directory notification for 'C:/Users/diego/Documents/Unreal Projects/Caramuru2D-4.17/Content/Developers/diego/Collections/' was aborted.
[2017.11.28-17.08.26:212][396]LogDirectoryWatcher: A directory notification for 'C:/Users/diego/Documents/Unreal Projects/Caramuru2D-4.17/Saved/Collections/' was aborted.
[2017.11.28-17.08.26:212][396]LogModuleManager: Shutting down and abandoning module StatsViewer (518)
[2017.11.28-17.08.26:220][396]LogModuleManager: Shutting down and abandoning module FoliageEdit (516)
[2017.11.28-17.08.26:220][396]LogModuleManager: Shutting down and abandoning module LandscapeEditor (514)
[2017.11.28-17.08.26:252][396]LogModuleManager: Shutting down and abandoning module MeshPaintMode (512)
[2017.11.28-17.08.26:252][396]LogModuleManager: Shutting down and abandoning module SceneDepthPickerMode (510)
[2017.11.28-17.08.26:252][396]LogModuleManager: Shutting down and abandoning module ActorPickerMode (508)
[2017.11.28-17.08.26:252][396]LogModuleManager: Shutting down and abandoning module GeometryMode (506)
[2017.11.28-17.08.26:252][396]LogModuleManager: Shutting down and abandoning module TextureAlignMode (504)
[2017.11.28-17.08.26:252][396]LogModuleManager: Shutting down and abandoning module BspMode (502)
[2017.11.28-17.08.26:252][396]LogModuleManager: Shutting down and abandoning module PIEPreviewDeviceProfileSelector (500)
[2017.11.28-17.08.26:252][396]LogModuleManager: Shutting down and abandoning module HardwareSurvey (498)
[2017.11.28-17.08.26:252][396]LogModuleManager: Shutting down and abandoning module SequenceRecorderSections (496)
[2017.11.28-17.08.26:252][396]LogModuleManager: Shutting down and abandoning module AutomationWorker (494)
[2017.11.28-17.08.26:252][396]LogModuleManager: Shutting down and abandoning module MatineeToLevelSequence (492)
[2017.11.28-17.08.26:252][396]LogModuleManager: Shutting down and abandoning module LevelSequenceEditor (490)
[2017.11.28-17.08.26:270][396]LogModuleManager: Shutting down and abandoning module PlacementMode (489)
[2017.11.28-17.08.26:270][396]LogModuleManager: Shutting down and abandoning module WmfMediaFactory (486)
[2017.11.28-17.08.26:270][396]LogModuleManager: Shutting down and abandoning module WmfMediaEditor (484)
[2017.11.28-17.08.26:270][396]LogModuleManager: Shutting down and abandoning module AvfMediaFactory (482)
[2017.11.28-17.08.26:270][396]LogModuleManager: Shutting down and abandoning module AvfMediaEditor (480)
[2017.11.28-17.08.26:270][396]LogModuleManager: Shutting down and abandoning module AndroidMediaFactory (478)
[2017.11.28-17.08.26:270][396]LogModuleManager: Shutting down and abandoning module Media (477)
[2017.11.28-17.08.26:270][396]LogModuleManager: Shutting down and abandoning module AndroidMediaEditor (474)
[2017.11.28-17.08.26:270][396]LogModuleManager: Shutting down and abandoning module CharacterAI (472)
[2017.11.28-17.08.26:270][396]LogModuleManager: Shutting down and abandoning module AudioCapture (470)
[2017.11.28-17.08.26:270][396]LogModuleManager: Shutting down and abandoning module SequenceRecorder (469)
[2017.11.28-17.08.26:282][396]LogModuleManager: Shutting down and abandoning module SmartSnapping (466)
[2017.11.28-17.08.26:282][396]LogModuleManager: Shutting down and abandoning module SessionServices (464)
[2017.11.28-17.08.26:282][396]LogModuleManager: Shutting down and abandoning module ViewportSnapping (462)
[2017.11.28-17.08.26:282][396]LogModuleManager: Shutting down and abandoning module ViewportInteraction (460)
[2017.11.28-17.08.26:282][396]LogModuleManager: Shutting down and abandoning module ClothPainter (458)
[2017.11.28-17.08.26:300][396]LogModuleManager: Shutting down and abandoning module LogVisualizer (456)
[2017.11.28-17.08.26:300][396]LogModuleManager: Shutting down and abandoning module IntroTutorials (454)
[2017.11.28-17.08.26:312][396]LogModuleManager: Shutting down and abandoning module GameProjectGeneration (453)
[2017.11.28-17.08.26:330][396]LogModuleManager: Shutting down and abandoning module IOSPlatformEditor (450)
[2017.11.28-17.08.26:330][396]LogModuleManager: Shutting down and abandoning module HTML5PlatformEditor (448)
[2017.11.28-17.08.26:330][396]LogModuleManager: Shutting down and abandoning module AndroidPlatformEditor (446)
[2017.11.28-17.08.26:330][396]LogModuleManager: Shutting down and abandoning module AndroidDeviceDetection (445)
[2017.11.28-17.08.26:899][396]LogModuleManager: Shutting down and abandoning module WindowsPlatformEditor (442)
[2017.11.28-17.08.26:899][396]LogModuleManager: Shutting down and abandoning module IOSRuntimeSettings (440)
[2017.11.28-17.08.26:899][396]LogModuleManager: Shutting down and abandoning module AndroidRuntimeSettings (438)
[2017.11.28-17.08.26:899][396]LogModuleManager: Shutting down and abandoning module InputBindingEditor (436)
[2017.11.28-17.08.26:926][396]LogModuleManager: Shutting down and abandoning module MergeActors (434)
[2017.11.28-17.08.26:936][396]LogModuleManager: Shutting down and abandoning module SizeMap (432)
[2017.11.28-17.08.26:936][396]LogModuleManager: Shutting down and abandoning module TreeMap (430)
[2017.11.28-17.08.26:936][396]LogModuleManager: Shutting down and abandoning module ReferenceViewer (428)
[2017.11.28-17.08.26:936][396]LogModuleManager: Shutting down and abandoning module LocalizationDashboard (426)
[2017.11.28-17.08.26:947][396]LogModuleManager: Shutting down and abandoning module LocalizationService (425)
[2017.11.28-17.08.26:947][396]LogModuleManager: Shutting down and abandoning module HardwareTargeting (422)
[2017.11.28-17.08.26:947][396]LogModuleManager: Shutting down and abandoning module DeviceProfileEditor (420)
[2017.11.28-17.08.26:947][396]LogModuleManager: Shutting down and abandoning module UndoHistory (418)
[2017.11.28-17.08.26:947][396]LogModuleManager: Shutting down and abandoning module XmlParser (416)
[2017.11.28-17.08.26:947][396]LogModuleManager: Shutting down and abandoning module Blutility (414)
[2017.11.28-17.08.26:947][396]LogModuleManager: Shutting down and abandoning module ProjectSettingsViewer (412)
[2017.11.28-17.08.26:947][396]LogModuleManager: Shutting down and abandoning module ProjectTargetPlatformEditor (411)
[2017.11.28-17.08.26:947][396]LogModuleManager: Shutting down and abandoning module EditorSettingsViewer (408)
[2017.11.28-17.08.26:947][396]LogModuleManager: Shutting down and abandoning module SettingsEditor (406)
[2017.11.28-17.08.26:954][396]LogModuleManager: Shutting down and abandoning module ProjectLauncher (404)
[2017.11.28-17.08.26:976][396]LogModuleManager: Shutting down and abandoning module SessionFrontend (402)
[2017.11.28-17.08.26:976][396]LogModuleManager: Shutting down and abandoning module ProfilerClient (400)
[2017.11.28-17.08.26:983][396]LogModuleManager: Shutting down and abandoning module DeviceManager (398)
[2017.11.28-17.08.26:983][396]LogModuleManager: Shutting down and abandoning module TargetDeviceServices (397)
[2017.11.28-17.08.27:036][396]LogModuleManager: Shutting down and abandoning module AutomationController (394)
[2017.11.28-17.08.27:036][396]LogModuleManager: Shutting down and abandoning module AutomationWindow (392)
[2017.11.28-17.08.27:086][396]LogModuleManager: Shutting down and abandoning module Layers (390)
[2017.11.28-17.08.27:102][396]LogModuleManager: Shutting down and abandoning module ComponentVisualizers (388)
[2017.11.28-17.08.27:102][396]LogModuleManager: Shutting down and abandoning module DetailCustomizations (386)
[2017.11.28-17.08.27:102][396]LogModuleManager: Shutting down and abandoning module PackagesDialog (384)
[2017.11.28-17.08.27:118][396]LogModuleManager: Shutting down and abandoning module Persona (382)
[2017.11.28-17.08.27:138][396]LogModuleManager: Shutting down and abandoning module AdvancedPreviewScene (381)
[2017.11.28-17.08.27:138][396]LogModuleManager: Shutting down and abandoning module AnimGraph (379)
[2017.11.28-17.08.27:143][396]LogModuleManager: Shutting down and abandoning module Kismet (376)
[2017.11.28-17.08.27:144][396]LogModuleManager: Shutting down and abandoning module ClassViewer (374)
[2017.11.28-17.08.27:145][396]LogModuleManager: Shutting down and abandoning module Toolbox (372)
[2017.11.28-17.08.27:145][396]LogModuleManager: Shutting down and abandoning module ModuleUI (370)
[2017.11.28-17.08.27:152][396]LogModuleManager: Shutting down and abandoning module MovieSceneTools (368)
[2017.11.28-17.08.27:173][396]LogModuleManager: Shutting down and abandoning module OutputLog (366)
[2017.11.28-17.08.27:173][396]LogModuleManager: Shutting down and abandoning module GammaUI (364)
[2017.11.28-17.08.27:191][396]LogModuleManager: Shutting down and abandoning module Documentation (362)
[2017.11.28-17.08.27:191][396]LogModuleManager: Shutting down and abandoning module MovieSceneTracks (360)
[2017.11.28-17.08.27:191][396]LogModuleManager: Shutting down and abandoning module MovieScene (358)
[2017.11.28-17.08.27:191][396]LogModuleManager: Shutting down and abandoning module Niagara (356)
[2017.11.28-17.08.27:191][396]LogModuleManager: Shutting down and abandoning module NiagaraEditor (355)
[2017.11.28-17.08.27:224][396]LogModuleManager: Shutting down and abandoning module StreamingPauseRendering (352)
[2017.11.28-17.08.27:224][396]LogModuleManager: Shutting down and abandoning module LauncherPlatform (350)
[2017.11.28-17.08.27:224][396]LogModuleManager: Shutting down and abandoning module AnalyticsET (348)
[2017.11.28-17.08.27:224][396]LogModuleManager: Shutting down and abandoning module PortalServices (346)
[2017.11.28-17.08.27:224][396]LogModuleManager: Shutting down and abandoning module PortalRpc (344)
[2017.11.28-17.08.27:224][396]LogModuleManager: Shutting down and abandoning module MessagingRpc (342)
[2017.11.28-17.08.27:224][396]LogModuleManager: Shutting down and abandoning module AIModule (340)
[2017.11.28-17.08.27:224][396]LogModuleManager: Shutting down and abandoning module GameplayDebugger (339)
[2017.11.28-17.08.27:225][396]LogModuleManager: Shutting down and abandoning module AITestSuite (337)
[2017.11.28-17.08.27:225][396]LogModuleManager: Shutting down and abandoning module ProfilerService (334)
[2017.11.28-17.08.27:388][396]LogModuleManager: Shutting down and abandoning module TaskGraph (332)
[2017.11.28-17.08.27:412][396]LogModuleManager: Shutting down and abandoning module SteamVRController (330)
[2017.11.28-17.08.27:412][396]LogModuleManager: Shutting down and abandoning module ProceduralMeshComponentEditor (328)
[2017.11.28-17.08.27:412][396]LogModuleManager: Shutting down and abandoning module ProceduralMeshComponent (326)
[2017.11.28-17.08.27:412][396]LogModuleManager: Shutting down and abandoning module OculusInput (324)
[2017.11.28-17.08.27:412][396]LogModuleManager: Shutting down and abandoning module MobilePatchingUtils (322)
[2017.11.28-17.08.27:412][396]LogModuleManager: Shutting down and abandoning module CustomMeshComponent (320)
[2017.11.28-17.08.27:413][396]LogModuleManager: Shutting down and abandoning module CableComponent (318)
[2017.11.28-17.08.27:413][396]LogModuleManager: Shutting down and abandoning module ArchVisCharacter (316)
[2017.11.28-17.08.27:413][396]LogModuleManager: Shutting down and abandoning module AndroidPermission (314)
[2017.11.28-17.08.27:413][396]LogModuleManager: Shutting down and abandoning module MediaPlayerEditor (310)
[2017.11.28-17.08.27:430][396]LogModuleManager: Shutting down and abandoning module HTML5Networking (308)
[2017.11.28-17.08.27:430][396]LogModuleManager: Shutting down and abandoning module AlembicImporter (306)
[2017.11.28-17.08.27:444][396]LogModuleManager: Shutting down and abandoning module AlembicLibrary (305)
[2017.11.28-17.08.27:444][396]LogModuleManager: Shutting down and abandoning module GeometryCache (304)
[2017.11.28-17.08.27:444][396]LogModuleManager: Shutting down and abandoning module GeometryCacheEd (303)
[2017.11.28-17.08.27:444][396]LogModuleManager: Shutting down and abandoning module SpeedTreeImporter (298)
[2017.11.28-17.08.27:444][396]LogModuleManager: Shutting down and abandoning module PluginBrowser (296)
[2017.11.28-17.08.27:484][396]LogModuleManager: Shutting down and abandoning module MobileLauncherProfileWizard (294)
[2017.11.28-17.08.27:513][396]LogModuleManager: Shutting down and abandoning module VisualStudioSourceCodeAccess (292)
[2017.11.28-17.08.27:513][396]LogModuleManager: Shutting down and abandoning module DesktopPlatform (291)
[2017.11.28-17.08.27:526][396]LogModuleManager: Shutting down and abandoning module UObjectPlugin (288)
[2017.11.28-17.08.27:526][396]LogModuleManager: Shutting down and abandoning module SubversionSourceControl (286)
[2017.11.28-17.08.27:566][396]LogModuleManager: Shutting down and abandoning module PerforceSourceControl (284)
[2017.11.28-17.08.27:589][396]LogModuleManager: Shutting down and abandoning module GitSourceControl (282)
[2017.11.28-17.08.27:589][396]LogModuleManager: Shutting down and abandoning module SourceControl (281)
[2017.11.28-17.08.27:602][396]LogModuleManager: Shutting down and abandoning module LightPropagationVolumeEditor (278)
[2017.11.28-17.08.27:602][396]LogModuleManager: Shutting down and abandoning module PaperTiledImporter (276)
[2017.11.28-17.08.27:602][396]LogModuleManager: Shutting down and abandoning module PaperSpriteSheetImporter (274)
[2017.11.28-17.08.27:602][396]LogModuleManager: Shutting down and abandoning module Paper2DEditor (272)
[2017.11.28-17.08.27:620][396]LogModuleManager: Shutting down and abandoning module MeshPaint (271)
[2017.11.28-17.08.27:636][396]LogModuleManager: Shutting down and abandoning module LevelEditor (269)
[2017.11.28-17.08.27:637][396]LogModuleManager: Shutting down and abandoning module PixelInspectorModule (268)
[2017.11.28-17.08.27:651][396]LogModuleManager: Shutting down and abandoning module MainFrame (266)
[2017.11.28-17.08.27:651][396]LogModuleManager: Shutting down and abandoning module HotReload (265)
[2017.11.28-17.08.27:684][396]LogModuleManager: Shutting down and abandoning module RuntimePhysXCooking (260)
[2017.11.28-17.08.27:684][396]LogModuleManager: Shutting down and abandoning module PhysXVehiclesEditor (258)
[2017.11.28-17.08.27:684][396]LogModuleManager: Shutting down and abandoning module PhysXVehicles (256)
[2017.11.28-17.08.27:684][396]LogModuleManager: Shutting down and abandoning module OculusEditor (254)
[2017.11.28-17.08.27:684][396]LogModuleManager: Shutting down and abandoning module LocationServicesBPLibrary (252)
[2017.11.28-17.08.27:684][396]LogModuleManager: Shutting down and abandoning module ImmediatePhysicsEditor (250)
[2017.11.28-17.08.27:684][396]LogModuleManager: Shutting down and abandoning module ImmediatePhysics (248)
[2017.11.28-17.08.27:694][396]LogModuleManager: Shutting down and abandoning module UdpMessaging (246)
[2017.11.28-17.08.27:794][396]LogModuleManager: Shutting down and abandoning module TcpMessaging (244)
[2017.11.28-17.08.27:910][396]LogModuleManager: Shutting down and abandoning module GameplayTagsEditor (242)
[2017.11.28-17.08.27:947][396]LogModuleManager: Shutting down and abandoning module FacialAnimationEditor (240)
[2017.11.28-17.08.27:947][396]LogModuleManager: Shutting down and abandoning module FacialAnimation (238)
[2017.11.28-17.08.27:947][396]LogModuleManager: Shutting down and abandoning module AssetManagerEditor (236)
[2017.11.28-17.08.27:972][396]LogModuleManager: Shutting down and abandoning module GraphEditor (235)
[2017.11.28-17.08.28:028][396]LogModuleManager: Shutting down and abandoning module ContentBrowser (233)
[2017.11.28-17.08.28:029][396]LogModuleManager: Shutting down and abandoning module LightPropagationVolumeRuntime (230)
[2017.11.28-17.08.28:029][396]LogModuleManager: Shutting down and abandoning module Paper2D (228)
[2017.11.28-17.08.28:029][396]LogModuleManager: Shutting down and abandoning module WindowsMoviePlayer (226)
[2017.11.28-17.08.28:029][396]LogModuleManager: Shutting down and abandoning module WmfMedia (224)
[2017.11.28-17.08.28:030][396]LogModuleManager: Shutting down and abandoning module PacketHandler (222)
[2017.11.28-17.08.28:030][396]LogModuleManager: Shutting down and abandoning module ClothingSystemEditor (220)
[2017.11.28-17.08.28:030][396]LogModuleManager: Shutting down and abandoning module ClothingSystemRuntime (218)
[2017.11.28-17.08.28:058][396]LogModuleManager: Shutting down and abandoning module Overlay (216)
[2017.11.28-17.08.28:059][396]LogModuleManager: Shutting down and abandoning module OverlayEditor (215)
[2017.11.28-17.08.28:059][396]LogModuleManager: Shutting down and abandoning module MediaAssets (212)
[2017.11.28-17.08.28:059][396]LogModuleManager: Shutting down and abandoning module VREditor (210)
[2017.11.28-17.08.28:079][396]LogModuleManager: Shutting down and abandoning module StringTableEditor (208)
[2017.11.28-17.08.28:095][396]LogModuleManager: Shutting down and abandoning module GameplayTasksEditor (206)
[2017.11.28-17.08.28:095][396]LogModuleManager: Shutting down and abandoning module BehaviorTreeEditor (204)
[2017.11.28-17.08.28:145][396]LogModuleManager: Shutting down and abandoning module FunctionalTesting (202)
[2017.11.28-17.08.28:145][396]LogModuleManager: Shutting down and abandoning module CollisionAnalyzer (200)
[2017.11.28-17.08.28:160][396]LogModuleManager: Shutting down and abandoning module WorkspaceMenuStructure (199)
[2017.11.28-17.08.28:160][396]LogModuleManager: Shutting down and abandoning module UMG (196)
[2017.11.28-17.08.28:160][396]LogModuleManager: Shutting down and abandoning module UMGEditor (195)
[2017.11.28-17.08.28:184][396]LogModuleManager: Shutting down and abandoning module Sequencer (194)
[2017.11.28-17.08.28:204][396]LogModuleManager: Shutting down and abandoning module MessageLog (191)
[2017.11.28-17.08.28:204][396]LogModuleManager: Shutting down and abandoning module SlateReflector (186)
[2017.11.28-17.08.28:235][396]LogModuleManager: Shutting down and abandoning module Slate (184)
[2017.11.28-17.08.28:235][396]LogModuleManager: Shutting down and abandoning module EditorStyle (182)
[2017.11.28-17.08.28:240][396]LogModuleManager: Shutting down and abandoning module MRMesh (180)
[2017.11.28-17.08.28:240][396]LogModuleManager: Shutting down and abandoning module SourceCodeAccess (178)
[2017.11.28-17.08.28:240][396]LogModuleManager: Shutting down and abandoning module HeadMountedDisplay (176)
[2017.11.28-17.08.28:240][396]LogModuleManager: Shutting down and abandoning module XAudio2 (174)
[2017.11.28-17.08.28:240][396]LogModuleManager: Shutting down and abandoning module Networking (172)
[2017.11.28-17.08.28:240][396]LogModuleManager: Shutting down and abandoning module Core (168)
[2017.11.28-17.08.28:240][396]LogModuleManager: Shutting down and abandoning module KismetCompiler (164)
[2017.11.28-17.08.28:240][396]LogModuleManager: Shutting down and abandoning module LevelSequence (162)
[2017.11.28-17.08.28:240][396]LogModuleManager: Shutting down and abandoning module MeshUtilities (160)
[2017.11.28-17.08.28:263][396]LogModuleManager: Shutting down and abandoning module MeshMergeUtilities (159)
[2017.11.28-17.08.28:277][396]LogModuleManager: Shutting down and abandoning module MeshReductionInterface (158)
[2017.11.28-17.08.28:277][396]LogModuleManager: Shutting down and abandoning module SimplygonSwarm (157)
[2017.11.28-17.08.28:291][396]LogModuleManager: Shutting down and abandoning module SimplygonMeshReduction (155)
[2017.11.28-17.08.28:291][396]LogModuleManager: Shutting down and abandoning module QuadricMeshReduction (153)
[2017.11.28-17.08.28:303][396]LogModuleManager: Shutting down and abandoning module MaterialBaking (149)
[2017.11.28-17.08.28:308][396]LogModuleManager: Shutting down and abandoning module DirectoryWatcher (146)
[2017.11.28-17.08.28:310][396]LogModuleManager: Shutting down and abandoning module DerivedDataCache (144)
[2017.11.28-17.08.28:359][396]LogDerivedDataCache: Shutdown
[2017.11.28-17.08.28:359][396]LogModuleManager: Shutting down and abandoning module TargetPlatform (142)
[2017.11.28-17.08.28:359][396]LogModuleManager: Shutting down and abandoning module VulkanShaderFormat (141)
[2017.11.28-17.08.28:410][396]LogModuleManager: Shutting down and abandoning module ShaderFormatVectorVM (139)
[2017.11.28-17.08.28:416][396]LogModuleManager: Shutting down and abandoning module ShaderFormatOpenGL (137)
[2017.11.28-17.08.28:422][396]LogModuleManager: Shutting down and abandoning module ShaderFormatD3D (135)
[2017.11.28-17.08.28:423][396]LogModuleManager: Shutting down and abandoning module MetalShaderFormat (133)
[2017.11.28-17.08.28:442][396]LogModuleManager: Shutting down and abandoning module TextureFormatUncompressed (131)
[2017.11.28-17.08.28:442][396]LogModuleManager: Shutting down and abandoning module TextureFormatPVR (129)
[2017.11.28-17.08.28:442][396]LogModuleManager: Shutting down and abandoning module TextureFormatDXT (127)
[2017.11.28-17.08.28:442][396]LogModuleManager: Shutting down and abandoning module TextureFormatIntelISPCTexComp (125)
[2017.11.28-17.08.28:442][396]LogModuleManager: Shutting down and abandoning module TextureFormatASTC (123)
[2017.11.28-17.08.28:442][396]LogModuleManager: Shutting down and abandoning module ImageWrapper (122)
[2017.11.28-17.08.28:442][396]LogModuleManager: Shutting down and abandoning module TextureFormatAndroid (119)
[2017.11.28-17.08.28:442][396]LogModuleManager: Shutting down and abandoning module AudioFormatOpus (117)
[2017.11.28-17.08.28:442][396]LogModuleManager: Shutting down and abandoning module AudioFormatOgg (115)
[2017.11.28-17.08.28:442][396]LogModuleManager: Shutting down and abandoning module AudioFormatADPCM (113)
[2017.11.28-17.08.28:442][396]LogModuleManager: Shutting down and abandoning module LinuxTargetPlatform (111)
[2017.11.28-17.08.28:442][396]LogModuleManager: Shutting down and abandoning module LinuxServerTargetPlatform (109)
[2017.11.28-17.08.28:442][396]LogModuleManager: Shutting down and abandoning module LinuxNoEditorTargetPlatform (107)
[2017.11.28-17.08.28:442][396]LogModuleManager: Shutting down and abandoning module LinuxClientTargetPlatform (105)
[2017.11.28-17.08.28:442][396]LogModuleManager: Shutting down and abandoning module TVOSTargetPlatform (103)
[2017.11.28-17.08.28:442][396]LogModuleManager: Shutting down and abandoning module Messaging (101)
[2017.11.28-17.08.28:442][396]LogModuleManager: Shutting down and abandoning module IOSTargetPlatform (99)
[2017.11.28-17.08.28:442][396]LogModuleManager: Shutting down and abandoning module HTML5TargetPlatform (97)
[2017.11.28-17.08.28:442][396]LogModuleManager: Shutting down and abandoning module Android_PVRTCTargetPlatform (95)
[2017.11.28-17.08.28:442][396]LogModuleManager: Shutting down and abandoning module Android_MultiTargetPlatform (93)
[2017.11.28-17.08.28:442][396]LogModuleManager: Shutting down and abandoning module Android_ETC2TargetPlatform (91)
[2017.11.28-17.08.28:442][396]LogModuleManager: Shutting down and abandoning module Android_ETC1TargetPlatform (89)
[2017.11.28-17.08.28:443][396]LogModuleManager: Shutting down and abandoning module Android_DXTTargetPlatform (87)
[2017.11.28-17.08.28:443][396]LogModuleManager: Shutting down and abandoning module Android_ATCTargetPlatform (85)
[2017.11.28-17.08.28:443][396]LogModuleManager: Shutting down and abandoning module Android_ASTCTargetPlatform (83)
[2017.11.28-17.08.28:443][396]LogModuleManager: Shutting down and abandoning module AndroidTargetPlatform (81)
[2017.11.28-17.08.28:443][396]LogModuleManager: Shutting down and abandoning module WindowsTargetPlatform (79)
[2017.11.28-17.08.28:443][396]LogModuleManager: Shutting down and abandoning module WindowsServerTargetPlatform (77)
[2017.11.28-17.08.28:443][396]LogModuleManager: Shutting down and abandoning module WindowsNoEditorTargetPlatform (75)
[2017.11.28-17.08.28:443][396]LogModuleManager: Shutting down and abandoning module WindowsClientTargetPlatform (73)
[2017.11.28-17.08.28:443][396]LogModuleManager: Shutting down and abandoning module MacTargetPlatform (71)
[2017.11.28-17.08.28:443][396]LogModuleManager: Shutting down and abandoning module MacServerTargetPlatform (69)
[2017.11.28-17.08.28:443][396]LogModuleManager: Shutting down and abandoning module MacNoEditorTargetPlatform (67)
[2017.11.28-17.08.28:443][396]LogModuleManager: Shutting down and abandoning module MacClientTargetPlatform (65)
[2017.11.28-17.08.28:443][396]LogModuleManager: Shutting down and abandoning module AllDesktopTargetPlatform (63)
[2017.11.28-17.08.28:443][396]LogModuleManager: Shutting down and abandoning module InputCore (60)
[2017.11.28-17.08.28:443][396]LogModuleManager: Shutting down and abandoning module Settings (58)
[2017.11.28-17.08.28:443][396]LogModuleManager: Shutting down and abandoning module PhysXCooking (56)
[2017.11.28-17.08.28:443][396]LogModuleManager: Shutting down and abandoning module SteamVR (54)
[2017.11.28-17.08.28:443][396]LogModuleManager: Shutting down and abandoning module OculusHMD (52)
[2017.11.28-17.08.28:449][396]LogModuleManager: Shutting down and abandoning module ExampleDeviceProfileSelector (50)
[2017.11.28-17.08.28:449][396]LogModuleManager: Shutting down and abandoning module OnlineBlueprintSupport (48)
[2017.11.28-17.08.28:449][396]LogModuleManager: Shutting down and abandoning module OnlineSubsystem (44)
[2017.11.28-17.08.28:449][396]LogOnline: Display: Unloading online subsystem: NULL
[2017.11.28-17.08.28:470][396]LogModuleManager: Shutting down and abandoning module XMPP (43)
[2017.11.28-17.08.28:500][396]LogModuleManager: Shutting down and abandoning module HTTP (41)
[2017.11.28-17.08.28:500][396]LogHttp: Display: Http module shutting down, but needs to wait on 1 outstanding Http requests:
[2017.11.28-17.08.28:500][396]LogHttp: Display: 	verb=[POST] url=[https://datarouter.ol.epicgames.com/datarouter/api/v1/public/data?SessionID=%7BE91E6118-46B4-5EF8-99C5-229E56CD76DC%7D&AppID=UEEditor.Rocket.Release&AppVersion=4.17.2-3658906%2B%2B%2BUE4%2BRelease-4.17&UserID=2aab83e14946491e259d00a43371bfcc%7C832bdc86503a47c68d117857f6f350dc%7C8fb4980a-9253-4352-97c0-970524508ed9&AppEnvironment=datacollector-binary&UploadType=eteventstream] status=Processing
[2017.11.28-17.08.28:517][396]LogModuleManager: Shutting down and abandoning module SSL (40)
[2017.11.28-17.08.28:540][396]LogModuleManager: Shutting down and abandoning module AnimationModifiers (36)
[2017.11.28-17.08.28:546][396]LogModuleManager: Shutting down and abandoning module PropertyEditor (35)
[2017.11.28-17.08.28:546][396]LogModuleManager: Shutting down and abandoning module AudioEditor (32)
[2017.11.28-17.08.28:590][396]LogModuleManager: Shutting down and abandoning module TextureCompressor (30)
[2017.11.28-17.08.28:590][396]LogModuleManager: Shutting down and abandoning module ShaderCore (28)
[2017.11.28-17.08.28:590][396]LogModuleManager: Shutting down and abandoning module Landscape (26)
[2017.11.28-17.08.28:590][396]LogModuleManager: Shutting down and abandoning module SlateRHIRenderer (24)
[2017.11.28-17.08.28:610][396]LogModuleManager: Shutting down and abandoning module OpenGLDrv (22)
[2017.11.28-17.08.28:624][396]LogModuleManager: Shutting down and abandoning module D3D11RHI (20)
[2017.11.28-17.08.28:624][396]LogModuleManager: Shutting down and abandoning module AnimGraphRuntime (18)
[2017.11.28-17.08.28:636][396]LogModuleManager: Shutting down and abandoning module Renderer (16)
[2017.11.28-17.08.28:636][396]LogModuleManager: Shutting down and abandoning module Engine (14)
[2017.11.28-17.08.28:636][396]LogModuleManager: Shutting down and abandoning module CoreUObject (12)
[2017.11.28-17.08.28:636][396]LogModuleManager: Shutting down and abandoning module NetworkFile (10)
[2017.11.28-17.08.28:636][396]LogModuleManager: Shutting down and abandoning module CookedIterativeFile (8)
[2017.11.28-17.08.28:636][396]LogModuleManager: Shutting down and abandoning module StreamingFile (6)
[2017.11.28-17.08.28:636][396]LogModuleManager: Shutting down and abandoning module SandboxFile (4)
[2017.11.28-17.08.28:636][396]LogModuleManager: Shutting down and abandoning module PakFile (2)
[2017.11.28-17.08.28:656][396]LogExit: Exiting.
[2017.11.28-17.08.28:710][396]Log file closed, 11/28/17 14:08:28
