Log file open, 11/18/17 21:46:54
LogWindows: Failed to load 'aqProf.dll' (GetLastError=126)
LogWindows: File 'aqProf.dll' does not exist
LogWindows: Failed to load 'VtuneApi.dll' (GetLastError=126)
LogWindows: File 'VtuneApi.dll' does not exist
LogWindows: Failed to load 'VtuneApi32e.dll' (GetLastError=126)
LogWindows: File 'VtuneApi32e.dll' does not exist
LogInit: Display: Running engine for game: Caramuru2D
LogPlatformFile: Not using cached read wrapper
LogInit: Display: RandInit(-1046667753) SRandInit(-1046667753).
LogTaskGraph: Started task graph with 5 named threads and 8 total threads with 3 sets of task threads.
LogStats: Stats thread started at 0.129657
LogD3D11RHI: Aftermath initialized
LogPluginManager: Mounting plugin Paper2D
LogPluginManager: Mounting plugin LightPropagationVolume
LogPluginManager: Mounting plugin CodeLiteSourceCodeAccess
LogPluginManager: Mounting plugin GitSourceControl
LogPluginManager: Mounting plugin KDevelopSourceCodeAccess
LogPluginManager: Mounting plugin NullSourceCodeAccess
LogPluginManager: Mounting plugin PerforceSourceControl
LogPluginManager: Mounting plugin SubversionSourceControl
LogPluginManager: Mounting plugin UObjectPlugin
LogPluginManager: Mounting plugin VisualStudioSourceCodeAccess
LogPluginManager: Mounting plugin XCodeSourceCodeAccess
LogPluginManager: Mounting plugin AssetManagerEditor
LogPluginManager: Mounting plugin AudioCapture
LogPluginManager: Mounting plugin FacialAnimation
LogPluginManager: Mounting plugin GameplayTagsEditor
LogPluginManager: Mounting plugin MobileLauncherProfileWizard
LogPluginManager: Mounting plugin PluginBrowser
LogPluginManager: Mounting plugin SpeedTreeImporter
LogPluginManager: Mounting plugin AlembicImporter
LogPluginManager: Mounting plugin CharacterAI
LogPluginManager: Mounting plugin HTML5Networking
LogPluginManager: Mounting plugin AndroidMedia
LogPluginManager: Mounting plugin AvfMedia
LogPluginManager: Mounting plugin MediaPlayerEditor
LogPluginManager: Mounting plugin WmfMedia
LogPluginManager: Mounting plugin TcpMessaging
LogPluginManager: Mounting plugin UdpMessaging
LogPluginManager: Mounting plugin LevelSequenceEditor
LogPluginManager: Mounting plugin MatineeToLevelSequence
LogPluginManager: Mounting plugin OnlineSubsystemGooglePlay
LogPluginManager: Mounting plugin OnlineSubsystemIOS
LogPluginManager: Mounting plugin OnlineSubsystem
LogPluginManager: Mounting plugin OnlineSubsystemNull
LogPluginManager: Mounting plugin OnlineSubsystemUtils
LogPluginManager: Mounting plugin AndroidDeviceProfileSelector
LogPluginManager: Mounting plugin AndroidMoviePlayer
LogPluginManager: Mounting plugin AndroidPermission
LogPluginManager: Mounting plugin AppleMoviePlayer
LogPluginManager: Mounting plugin ArchVisCharacter
LogPluginManager: Mounting plugin CableComponent
LogPluginManager: Mounting plugin CustomMeshComponent
LogPluginManager: Mounting plugin ExampleDeviceProfileSelector
LogPluginManager: Mounting plugin GoogleCloudMessaging
LogPluginManager: Mounting plugin ImmediatePhysics
LogPluginManager: Mounting plugin IOSDeviceProfileSelector
LogPluginManager: Mounting plugin LinuxDeviceProfileSelector
LogPluginManager: Mounting plugin LocationServicesBPLibrary
LogPluginManager: Mounting plugin MobilePatchingUtils
LogPluginManager: Mounting plugin OculusVR
LogPluginManager: Mounting plugin PhysXVehicles
LogPluginManager: Mounting plugin ProceduralMeshComponent
LogPluginManager: Mounting plugin RuntimePhysXCooking
LogPluginManager: Mounting plugin SteamVR
LogPluginManager: Mounting plugin WindowsMoviePlayer
LogInit: Using libcurl 7.47.1
LogInit:  - built for x86_64-pc-win32
LogInit:  - supports SSL with OpenSSL/1.0.2g
LogInit:  - supports HTTP deflate (compression) using libz 1.2.8
LogInit:  - other features:
LogInit:      CURL_VERSION_SSL
LogInit:      CURL_VERSION_LIBZ
LogInit:      CURL_VERSION_IPV6
LogInit:      CURL_VERSION_ASYNCHDNS
LogInit:      CURL_VERSION_LARGEFILE
LogInit:      CURL_VERSION_IDN
LogInit:  CurlRequestOptions (configurable via config and command line):
LogInit:  - bVerifyPeer = false  - Libcurl will NOT verify peer certificate
LogInit:  - bUseHttpProxy = false  - Libcurl will NOT use HTTP proxy
LogInit:  - bDontReuseConnections = false  - Libcurl will reuse connections
LogInit:  - CertBundlePath = nullptr  - Libcurl will use whatever was configured at build time.
LogInit: Build: ++UE4+Release-4.17-CL-3658906
LogInit: Engine Version: 4.17.2-3658906+++UE4+Release-4.17
LogInit: Compatible Engine Version: 4.17.0-3573198+++UE4+Release-4.17
LogInit: Net CL: 3573198
LogDevObjectVersion: Number of dev versions registered: 16
LogDevObjectVersion:   Dev-Blueprints (B0D832E4-1F89-4F0D-ACCF-7EB736FD4AA2): 10
LogDevObjectVersion:   Dev-Build (E1C64328-A22C-4D53-A36C-8E866417BD8C): 0
LogDevObjectVersion:   Dev-Core (375EC13C-06E4-48FB-B500-84F0262A717E): 2
LogDevObjectVersion:   Dev-Editor (E4B068ED-F494-42E9-A231-DA0B2E46BB41): 20
LogDevObjectVersion:   Dev-Framework (CFFC743F-43B0-4480-9391-14DF171D2073): 28
LogDevObjectVersion:   Dev-Mobile (B02B49B5-BB20-44E9-A304-32B752E40360): 0
LogDevObjectVersion:   Dev-Networking (A4E4105C-59A1-49B5-A7C5-40C4547EDFEE): 0
LogDevObjectVersion:   Dev-Online (39C831C9-5AE6-47DC-9A44-9C173E1C8E7C): 0
LogDevObjectVersion:   Dev-Physics (78F01B33-EBEA-4F98-B9B4-84EACCB95AA2): 0
LogDevObjectVersion:   Dev-Platform (6631380F-2D4D-43E0-8009-CF276956A95A): 0
LogDevObjectVersion:   Dev-Rendering (12F88B9F-8875-4AFC-A67C-D90C383ABD29): 19
LogDevObjectVersion:   Dev-Sequencer (7B5AE74C-D270-4C10-A958-57980B212A5A): 4
LogDevObjectVersion:   Dev-VR (D7296918-1DD6-4BDD-9DE2-64A83CC13884): 0
LogDevObjectVersion:   Dev-LoadTimes (C2A15278-BFE7-4AFE-6C17-90FF531DF755): 1
LogDevObjectVersion:   Private-Geometry (6EACA3D4-40EC-4CC1-B786-8BED09428FC5): 1
LogDevObjectVersion:   Dev-AnimPhys (29E575DD-E0A3-4627-9D10-D276232CDCEA): 7
LogInit: Compiled (64-bit): Sep 22 2017 13:47:16
LogInit: Compiled with Visual C++: 19.00.24215.01
LogInit: Build Configuration: Development
LogInit: Branch Name: ++UE4+Release-4.17
LogInit: Command line: -EpicPortal 
LogInit: Base directory: C:/Program Files/Epic Games/UE_4.17/Engine/Binaries/Win64/
LogInit: Installed Engine Build: 1
LogInit: Presizing for max 8388607 objects, including 0 objects not considered by GC, pre-allocating 0 bytes for permanent pool.
LogInit: Object subsystem initialized
[2017.11.19-00.46.55:946][  0]LogInit: Selected Device Profile: [Windows]
[2017.11.19-00.46.55:946][  0]LogInit: Applying CVar settings loaded from the selected device profile: [Windows]
[2017.11.19-00.46.56:055][  0]LogInit: Computer: DESKTOP-2FCU6I7
[2017.11.19-00.46.56:055][  0]LogInit: User: diego
[2017.11.19-00.46.56:055][  0]LogInit: CPU Page size=4096, Cores=2
[2017.11.19-00.46.56:055][  0]LogInit: High frequency timer resolution =1.656322 MHz
[2017.11.19-00.46.56:055][  0]LogMemory: Memory total: Physical=7.9GB (8GB approx)
[2017.11.19-00.46.56:055][  0]LogMemory: Platform Memory Stats for Windows
[2017.11.19-00.46.56:055][  0]LogMemory: Process Physical Memory: 280.68 MB used, 280.68 MB peak
[2017.11.19-00.46.56:055][  0]LogMemory: Process Virtual Memory: 275.97 MB used, 275.97 MB peak
[2017.11.19-00.46.56:055][  0]LogMemory: Physical Memory: 4661.54 MB used,  3433.96 MB free, 8095.50 MB total
[2017.11.19-00.46.56:055][  0]LogMemory: Virtual Memory: 667.22 MB used,  3433.96 MB free, 134217728.00 MB total
[2017.11.19-00.46.56:306][  0]LogInit: Using OS detected language (pt-BR).
[2017.11.19-00.46.56:306][  0]LogInit: Using OS detected locale (pt-BR).
[2017.11.19-00.47.11:456][  0]LogD3D11RHI: D3D11 adapters:
[2017.11.19-00.47.11:529][  0]LogD3D11RHI:    0. 'NVIDIA GeForce 820M' (Feature Level 11_0)
[2017.11.19-00.47.11:529][  0]LogD3D11RHI:       2000/0/4047 MB DedicatedVideo/DedicatedSystem/SharedSystem, Outputs:2, VendorId:0x10de
[2017.11.19-00.47.11:605][  0]LogD3D11RHI:    1. 'Intel(R) HD Graphics Family' (Feature Level 11_0)
[2017.11.19-00.47.11:605][  0]LogD3D11RHI:       112/0/2048 MB DedicatedVideo/DedicatedSystem/SharedSystem, Outputs:0, VendorId:0x8086
[2017.11.19-00.47.11:607][  0]LogD3D11RHI:    2. 'Microsoft Basic Render Driver' (Feature Level 11_0)
[2017.11.19-00.47.11:607][  0]LogD3D11RHI:       0/0/4047 MB DedicatedVideo/DedicatedSystem/SharedSystem, Outputs:0, VendorId:0x1414
[2017.11.19-00.47.11:607][  0]LogD3D11RHI: Chosen D3D11 Adapter: 0
[2017.11.19-00.47.11:612][  0]LogD3D11RHI: Creating new Direct3DDevice
[2017.11.19-00.47.11:612][  0]LogD3D11RHI:     GPU DeviceId: 0x1140 (for the marketing name, search the web for "GPU Device Id")
[2017.11.19-00.47.11:612][  0]LogWindows: EnumDisplayDevices:
[2017.11.19-00.47.11:612][  0]LogWindows:    0. 'Intel(R) HD Graphics Family' (P:0 D:1)
[2017.11.19-00.47.11:612][  0]LogWindows:    1. 'Intel(R) HD Graphics Family' (P:1 D:1)
[2017.11.19-00.47.11:612][  0]LogWindows:    2. 'Intel(R) HD Graphics Family' (P:0 D:0)
[2017.11.19-00.47.11:613][  0]LogWindows: DebugString: PrimaryIsNotTheChoosenAdapter PrimaryIsNotTheChoosenAdapter PrimaryIsNotTheChoosenAdapter FoundDriverCount:0 
[2017.11.19-00.47.11:613][  0]LogD3D11RHI:     Adapter Name: NVIDIA GeForce 820M
[2017.11.19-00.47.11:613][  0]LogD3D11RHI:   Driver Version: Unknown (internal:Unknown, unified:Unknown)
[2017.11.19-00.47.11:613][  0]LogD3D11RHI:      Driver Date: Unknown
[2017.11.19-00.47.11:613][  0]LogRHI: Texture pool is 1361 MB (70% of 1945 MB)
[2017.11.19-00.47.11:648][  0]LogD3D11RHI: Display: Timestamp queries are currently disabled on this hardware due to instability. Realtime GPU stats will not be available. You can override this behaviour by setting r.NVIDIATimestampWorkaround to 0
[2017.11.19-00.47.11:649][  0]LogD3D11RHI: Async texture creation enabled
[2017.11.19-00.47.11:668][  0]LogD3D11RHI: GPU Timing Frequency: 1000.000000 (Debug: 2 2)
[2017.11.19-00.47.11:670][  0]LogShaderCompilers: Guid format shader working directory is -25 characters bigger than the processId version (../../../../../../Users/diego/Documents/Unreal Projects/Caramuru2D-4.17/Intermediate/Shaders/WorkingDirectory/1480/).
[2017.11.19-00.47.11:670][  0]LogShaderCompilers: Cleaned the shader compiler working directory 'C:/Users/diego/AppData/Local/Temp/UnrealShaderWorkingDir/A1A3F1ED452642B16FD958986F9D6614/'.
[2017.11.19-00.47.11:670][  0]LogShaderCompilers: Display: Using Local Shader Compiler.
[2017.11.19-00.47.15:439][  0]LogTemp: Display: Loaded TP AllDesktopTargetPlatform
[2017.11.19-00.47.15:512][  0]LogTemp: Display: Loaded TP MacClientTargetPlatform
[2017.11.19-00.47.15:588][  0]LogTemp: Display: Loaded TP MacNoEditorTargetPlatform
[2017.11.19-00.47.15:665][  0]LogTemp: Display: Loaded TP MacServerTargetPlatform
[2017.11.19-00.47.15:791][  0]LogTemp: Display: Loaded TP MacTargetPlatform
[2017.11.19-00.47.15:863][  0]LogTemp: Display: Loaded TP WindowsClientTargetPlatform
[2017.11.19-00.47.15:940][  0]LogTemp: Display: Loaded TP WindowsNoEditorTargetPlatform
[2017.11.19-00.47.16:016][  0]LogTemp: Display: Loaded TP WindowsServerTargetPlatform
[2017.11.19-00.47.16:080][  0]LogTemp: Display: Loaded TP WindowsTargetPlatform
[2017.11.19-00.47.16:155][  0]LogTemp: Display: Loaded TP AndroidTargetPlatform
[2017.11.19-00.47.16:228][  0]LogTemp: Display: Loaded TP Android_ASTCTargetPlatform
[2017.11.19-00.47.16:308][  0]LogTemp: Display: Loaded TP Android_ATCTargetPlatform
[2017.11.19-00.47.16:379][  0]LogTemp: Display: Loaded TP Android_DXTTargetPlatform
[2017.11.19-00.47.16:448][  0]LogTemp: Display: Loaded TP Android_ETC1TargetPlatform
[2017.11.19-00.47.16:520][  0]LogTemp: Display: Loaded TP Android_ETC2TargetPlatform
[2017.11.19-00.47.16:675][  0]LogTemp: Display: Loaded TP Android_MultiTargetPlatform
[2017.11.19-00.47.16:675][  0]LogTemp: Display: Loaded TP Android_PVRTCTargetPlatform
[2017.11.19-00.47.16:731][  0]LogTemp: Display: Loaded TP HTML5TargetPlatform
[2017.11.19-00.47.16:856][  0]LogTemp: Display: Loaded TP IOSTargetPlatform
[2017.11.19-00.47.16:898][  0]LogTemp: Display: Loaded TP TVOSTargetPlatform
[2017.11.19-00.47.16:980][  0]LogTemp: Display: Loaded TP LinuxClientTargetPlatform
[2017.11.19-00.47.17:049][  0]LogTemp: Display: Loaded TP LinuxNoEditorTargetPlatform
[2017.11.19-00.47.17:118][  0]LogTemp: Display: Loaded TP LinuxServerTargetPlatform
[2017.11.19-00.47.17:191][  0]LogTemp: Display: Loaded TP LinuxTargetPlatform
[2017.11.19-00.47.17:191][  0]LogTargetPlatformManager: Display: Building Assets For Windows
[2017.11.19-00.47.17:876][  0]LogDerivedDataCache: Display: Max Cache Size: 512 MB
[2017.11.19-00.47.18:007][  0]LogDerivedDataCache: Loaded boot cache 0.13s 93MB C:/Users/diego/AppData/Local/UnrealEngine/4.17/DerivedDataCache/Boot.ddc.
[2017.11.19-00.47.18:008][  0]LogDerivedDataCache: Display: Loaded Boot cache: C:/Users/diego/AppData/Local/UnrealEngine/4.17/DerivedDataCache/Boot.ddc
[2017.11.19-00.47.18:008][  0]LogDerivedDataCache: FDerivedDataBackendGraph:  Pak pak cache file ../../../../../../Users/diego/Documents/Unreal Projects/Caramuru2D-4.17/DerivedDataCache/DDC.ddp not found, will not use a pak cache.
[2017.11.19-00.47.18:008][  0]LogDerivedDataCache: Unable to find inner node Pak for hierarchical cache Hierarchy.
[2017.11.19-00.47.18:008][  0]LogDerivedDataCache: FDerivedDataBackendGraph:  CompressedPak pak cache file ../../../../../../Users/diego/Documents/Unreal Projects/Caramuru2D-4.17/DerivedDataCache/Compressed.ddp not found, will not use a pak cache.
[2017.11.19-00.47.18:008][  0]LogDerivedDataCache: Unable to find inner node CompressedPak for hierarchical cache Hierarchy.
[2017.11.19-00.47.18:033][  0]LogDerivedDataCache: Display: Pak cache opened for reading ../../../Engine/DerivedDataCache/Compressed.ddp.
[2017.11.19-00.47.18:046][  0]LogDerivedDataCache: Using Local data cache path C:/Users/diego/AppData/Local/UnrealEngine/Common/DerivedDataCache: Writable
[2017.11.19-00.47.18:060][  0]LogMaterial: Verifying Global Shaders for PCD3D_SM5
[2017.11.19-00.47.18:061][  0]LogSlate: Using Freetype 2.6.0
[2017.11.19-00.47.18:124][  0]LogSlate: SlateFontCache - WITH_FREETYPE: 1, WITH_HARFBUZZ: 1
[2017.11.19-00.47.18:125][  0]LogSlate: SlateFontCache - WITH_FREETYPE: 1, WITH_HARFBUZZ: 1
[2017.11.19-00.47.18:736][  0]LogAssetRegistry: FAssetRegistry took 0.0274 seconds to start up
[2017.11.19-00.47.18:944][  0]LogInit: Selected Device Profile: [Windows]
[2017.11.19-00.47.19:503][  0]LogSimplygon: Simplygon DLL not present - disabling.
[2017.11.19-00.47.19:563][  0]LogMeshReduction: Using SimplygonSwarm for distributed automatic mesh merging
[2017.11.19-00.47.19:563][  0]LogMeshReduction: Using QuadricMeshReduction for automatic static mesh reduction
[2017.11.19-00.47.19:563][  0]LogMeshReduction: No automatic skeletal mesh reduction module available
[2017.11.19-00.47.19:563][  0]LogMeshReduction: No automatic mesh merging module available
[2017.11.19-00.47.19:563][  0]LogMeshMerging: No automatic mesh merging module available
[2017.11.19-00.47.19:565][  0]LogContentStreaming: Texture pool size is 0.00 MB
[2017.11.19-00.47.20:200][  0]LogNetVersion: Caramuru2D , NetCL: 3573198, EngineNetVer: 2, GameNetVer: 0 (Checksum: 1344554375)
[2017.11.19-00.47.20:539][  0]LogPackageLocalizationCache: Processed 5 localized package path(s) for 2 prioritized culture(s) in 0.074620 seconds
[2017.11.19-00.47.20:548][  0]LogUObjectArray: 35825 objects as part of root set at end of initial load.
[2017.11.19-00.47.20:548][  0]LogUObjectAllocator: 7529112 out of 0 bytes used by permanent object pool.
[2017.11.19-00.47.20:548][  0]LogUObjectArray: CloseDisregardForGC: 0/0 objects in disregard for GC pool
[2017.11.19-00.47.20:640][  0]LogInit: WinSock: version 1.1 (2.2), MaxSocks=32767, MaxUdp=65467
[2017.11.19-00.47.28:098][  0]LogTcpMessaging: Initializing TcpMessaging bridge
[2017.11.19-00.47.28:150][  0]LogUdpMessaging: Initializing bridge on interface 0.0.0.0:0 to multicast group 230.0.0.1:6666.
[2017.11.19-00.47.29:151][  0]LogMaterial: Uniform references updated for custom material expression Custom.
[2017.11.19-00.47.29:753][  0]SourceControl: Controle de origem desativado
[2017.11.19-00.47.31:382][  0]LogAndroidPermission: UAndroidPermissionCallbackProxy::GetInstance
[2017.11.19-00.47.31:730][  0]LogOcInput: OculusInput pre-init called
[2017.11.19-00.47.32:185][  0]LogEngine: Initializing Engine...
[2017.11.19-00.47.32:189][  0]LogHMD: Failed to initialize OpenVR with code 110
[2017.11.19-00.47.32:510][  0]LogStats: UGameplayTagsManager::ConstructGameplayTagTree: Construct from data asset -  0.000 s
[2017.11.19-00.47.32:510][  0]LogStats: UGameplayTagsManager::ConstructGameplayTagTree: GameplayTagTreeChangedEvent.Broadcast -  0.000 s
[2017.11.19-00.47.32:709][  0]LogAIModule: Creating AISystem for world Untitled
[2017.11.19-00.47.32:720][  0]LogInit: XAudio2 using 'Philips TV (Áudio Intel(R) para telas)' : 2 channels at 48 kHz using 16 bits per sample (channel mask 0x3)
[2017.11.19-00.47.32:733][  0]LogInit: FAudioDevice initialized.
[2017.11.19-00.47.32:978][  0]LogDerivedDataCache: Saved boot cache 0.24s 93MB C:/Users/diego/AppData/Local/UnrealEngine/4.17/DerivedDataCache/Boot.ddc.
[2017.11.19-00.47.33:005][  0]LogInit: Texture streaming: Enabled
[2017.11.19-00.47.33:176][  0]LogEngineSessionManager: EngineSessionManager initialized
[2017.11.19-00.47.33:509][  0]LogInit: Transaction tracking system initialized
[2017.11.19-00.47.33:982][  0]BlueprintLog: New page: Carregar Editor
[2017.11.19-00.47.35:357][  0]LocalizationService: Localization service is disabled
[2017.11.19-00.47.36:770][  0]LogConsoleResponse: Display: 
[2017.11.19-00.47.37:072][  0]LogCook: Display: Max memory allowance for cook 16384mb min free memory 0mb
[2017.11.19-00.47.37:073][  0]LogCook: Display: Mobile HDR setting 1
[2017.11.19-00.47.37:073][  0]LogGameplayTags: Display: UGameplayTagsManager::DoneAddingNativeTags. DelegateIsBound: 0
[2017.11.19-00.47.37:173][  0]LogFileCache: Scanning file cache for directory 'C:/Users/diego/Documents/Unreal Projects/Caramuru2D-4.17/Content/' took 0.02s
[2017.11.19-00.47.38:650][  0]Cmd: MAP LOAD FILE="../../../../../../Users/diego/Documents/Unreal Projects/Caramuru2D-4.17/Content/Menu/Levels/Level_Game_Main_Menu.umap" TEMPLATE=0 SHOWPROGRESS=1 FEATURELEVEL=3
[2017.11.19-00.47.38:651][  0]LightingResults: New page: Compilação de Iluminação
[2017.11.19-00.47.38:711][  0]MapCheck: New page: Verificação de Mapa
[2017.11.19-00.47.38:711][  0]LightingResults: New page: Compilação de Iluminação
[2017.11.19-00.47.38:749][  0]LogLinker: Warning: Não é possível encontrar o arquivo “/Game/Menu/Imagens/Background”
[2017.11.19-00.47.38:749][  0]LoadErrors: Falha ao carregar /Game/Menu/Imagens/Sprites/Background_Sprite Referenciado por HUD_Creditos
[2017.11.19-00.47.38:749][  0]LogLinker: Warning: Não é possível encontrar o arquivo do ativo “../../../../../../Users/diego/Documents/Unreal Projects/Caramuru2D-4.17/Content/Menu/Imagens/Sprites/Background_Sprite.uasset” ao carregar /Game/Menu/Imagens/Background.
[2017.11.19-00.47.38:749][  0]LoadErrors: Falha ao carregar /Game/Menu/Imagens/Sprites/Background_Sprite Referenciado por HUD_Creditos
[2017.11.19-00.47.38:749][  0]LoadErrors: Error: /Game/Menu/Imagens/Sprites/Background_Sprite : Não é possível encontrar o arquivo do ativo. /Game/Menu/Imagens/Background
[2017.11.19-00.47.38:750][  0]LogLinker: Warning: Não é possível encontrar o arquivo “/Game/Menu/Imagens/Background”
[2017.11.19-00.47.38:750][  0]LoadErrors: Falha ao carregar /Game/Menu/Imagens/Sprites/Background_Sprite Referenciado por HUD_Creditos
[2017.11.19-00.47.38:750][  0]LogLinker: Warning: Não é possível encontrar o arquivo do ativo “../../../../../../Users/diego/Documents/Unreal Projects/Caramuru2D-4.17/Content/Menu/Imagens/Sprites/Background_Sprite.uasset” ao carregar /Game/Menu/Imagens/Background.
[2017.11.19-00.47.38:750][  0]LoadErrors: Falha ao carregar /Game/Menu/Imagens/Sprites/Background_Sprite Referenciado por HUD_Creditos
[2017.11.19-00.47.38:750][  0]LoadErrors: Error: /Game/Menu/Imagens/Sprites/Background_Sprite : Não é possível encontrar o arquivo do ativo. /Game/Menu/Imagens/Background
[2017.11.19-00.47.38:755][  0]LogLinker: Warning: Não é possível encontrar o arquivo “/Game/Menu/Imagens/Caramuru_Background_Menu_corrigido_Sprite”
[2017.11.19-00.47.38:755][  0]LoadErrors: Falha ao carregar /Game/Menu/HUD/HUD_Opções.HUD_Opções_C Referenciado por HUD_Creditos
[2017.11.19-00.47.38:755][  0]LogLinker: Warning: Não é possível encontrar o arquivo do ativo “../../../../../../Users/diego/Documents/Unreal Projects/Caramuru2D-4.17/Content/Menu/HUD/HUD_Opções.uasset” ao carregar /Game/Menu/Imagens/Caramuru_Background_Menu_corrigido_Sprite.
[2017.11.19-00.47.38:755][  0]LoadErrors: Falha ao carregar /Game/Menu/HUD/HUD_Opções.HUD_Opções_C Referenciado por HUD_Creditos
[2017.11.19-00.47.38:755][  0]LoadErrors: Error: /Game/Menu/HUD/HUD_Opções : Não é possível encontrar o arquivo do ativo. /Game/Menu/Imagens/Caramuru_Background_Menu_corrigido_Sprite
[2017.11.19-00.47.38:755][  0]LogLinker: Warning: Não é possível encontrar o arquivo “/Game/Menu/Imagens/Caramuru_Background_Menu_corrigido_Sprite”
[2017.11.19-00.47.38:755][  0]LoadErrors: Falha ao carregar /Game/Menu/HUD/HUD_Opções.HUD_Opções_C Referenciado por HUD_Creditos
[2017.11.19-00.47.38:756][  0]LogLinker: Warning: Não é possível encontrar o arquivo do ativo “../../../../../../Users/diego/Documents/Unreal Projects/Caramuru2D-4.17/Content/Menu/HUD/HUD_Opções.uasset” ao carregar /Game/Menu/Imagens/Caramuru_Background_Menu_corrigido_Sprite.
[2017.11.19-00.47.38:756][  0]LoadErrors: Falha ao carregar /Game/Menu/HUD/HUD_Opções.HUD_Opções_C Referenciado por HUD_Creditos
[2017.11.19-00.47.38:756][  0]LoadErrors: Error: /Game/Menu/HUD/HUD_Opções : Não é possível encontrar o arquivo do ativo. /Game/Menu/Imagens/Caramuru_Background_Menu_corrigido_Sprite
[2017.11.19-00.47.38:756][  0]LogLinker: Warning: Não é possível encontrar o arquivo “/Game/Menu/Imagens/Caramuru_Background_Menu_corrigido_Sprite”
[2017.11.19-00.47.38:756][  0]LoadErrors: Falha ao carregar /Game/Menu/Imagens/Caramuru_Background_Menu_corrigido_Sprite Referenciado por HUD_Creditos
[2017.11.19-00.47.38:757][  0]LogLinker: Warning: Não é possível encontrar o arquivo do ativo “../../../../../../Users/diego/Documents/Unreal Projects/Caramuru2D-4.17/Content/Menu/HUD/HUD_Creditos_Menu_Principal.uasset” ao carregar /Game/Menu/Imagens/Caramuru_Background_Menu_corrigido_Sprite.
[2017.11.19-00.47.38:757][  0]LoadErrors: Falha ao carregar /Game/Menu/Imagens/Caramuru_Background_Menu_corrigido_Sprite Referenciado por HUD_Creditos
[2017.11.19-00.47.38:757][  0]LoadErrors: Error: /Game/Menu/HUD/HUD_Creditos_Menu_Principal : Não é possível encontrar o arquivo do ativo. /Game/Menu/Imagens/Caramuru_Background_Menu_corrigido_Sprite
[2017.11.19-00.47.38:757][  0]LogLinker: Warning: Não é possível encontrar o arquivo “/Game/Menu/Imagens/Caramuru_Background_Menu_corrigido_Sprite”
[2017.11.19-00.47.38:757][  0]LoadErrors: Falha ao carregar /Game/Menu/Imagens/Caramuru_Background_Menu_corrigido_Sprite.Caramuru_Background_Menu_corrigido_Sprite Referenciado por HUD_Creditos
[2017.11.19-00.47.38:757][  0]LogLinker: Warning: Não é possível encontrar o arquivo do ativo “../../../../../../Users/diego/Documents/Unreal Projects/Caramuru2D-4.17/Content/Menu/HUD/HUD_Creditos_Menu_Principal.uasset” ao carregar /Game/Menu/Imagens/Caramuru_Background_Menu_corrigido_Sprite.
[2017.11.19-00.47.38:757][  0]LoadErrors: Falha ao carregar /Game/Menu/Imagens/Caramuru_Background_Menu_corrigido_Sprite.Caramuru_Background_Menu_corrigido_Sprite Referenciado por HUD_Creditos
[2017.11.19-00.47.38:757][  0]LoadErrors: Error: /Game/Menu/HUD/HUD_Creditos_Menu_Principal : Não é possível encontrar o arquivo do ativo. /Game/Menu/Imagens/Caramuru_Background_Menu_corrigido_Sprite
[2017.11.19-00.47.38:758][  0]LogLinker: Warning: Não é possível encontrar o arquivo “/Game/Menu/Imagens/Caramuru_Background_Menu_corrigido_Sprite”
[2017.11.19-00.47.38:758][  0]LoadErrors: Falha ao carregar /Game/Menu/Imagens/Caramuru_Background_Menu_corrigido_Sprite.Caramuru_Background_Menu_corrigido_Sprite Referenciado por Image_129
[2017.11.19-00.47.38:758][  0]LogLinker: Warning: Não é possível encontrar o arquivo do ativo “../../../../../../Users/diego/Documents/Unreal Projects/Caramuru2D-4.17/Content/Menu/HUD/HUD_Creditos_Menu_Principal.uasset” ao carregar /Game/Menu/Imagens/Caramuru_Background_Menu_corrigido_Sprite.
[2017.11.19-00.47.38:758][  0]LoadErrors: Falha ao carregar /Game/Menu/Imagens/Caramuru_Background_Menu_corrigido_Sprite.Caramuru_Background_Menu_corrigido_Sprite Referenciado por Image_129
[2017.11.19-00.47.38:758][  0]LoadErrors: Error: /Game/Menu/HUD/HUD_Creditos_Menu_Principal : Não é possível encontrar o arquivo do ativo. /Game/Menu/Imagens/Caramuru_Background_Menu_corrigido_Sprite
[2017.11.19-00.47.38:761][  0]LogLinker: Warning: Não é possível encontrar o arquivo “/Game/Menu/Imagens/imagem_Felipe”
[2017.11.19-00.47.38:761][  0]LogLinker: Warning: Não é possível encontrar o arquivo do ativo “../../../../../../Users/diego/Documents/Unreal Projects/Caramuru2D-4.17/Content/Menu/HUD/HUD_Creditos_Menu_Principal.uasset” ao carregar /Game/Menu/Imagens/imagem_Felipe.
[2017.11.19-00.47.38:762][  0]LoadErrors: Error: /Game/Menu/HUD/HUD_Creditos_Menu_Principal : Não é possível encontrar o arquivo do ativo. /Game/Menu/Imagens/imagem_Felipe
[2017.11.19-00.47.38:762][  0]LogLinker: Warning: Não é possível encontrar o arquivo “/Game/Menu/Imagens/imagem_Felipe”
[2017.11.19-00.47.38:762][  0]LogLinker: Warning: Não é possível encontrar o arquivo do ativo “../../../../../../Users/diego/Documents/Unreal Projects/Caramuru2D-4.17/Content/Menu/HUD/HUD_Creditos_Menu_Principal.uasset” ao carregar /Game/Menu/Imagens/imagem_Felipe.
[2017.11.19-00.47.38:762][  0]LoadErrors: Error: /Game/Menu/HUD/HUD_Creditos_Menu_Principal : Não é possível encontrar o arquivo do ativo. /Game/Menu/Imagens/imagem_Felipe
[2017.11.19-00.47.38:763][  0]LogLinker: Warning: Não é possível encontrar o arquivo “/Game/Menu/Imagens/imagem_Felipe”
[2017.11.19-00.47.38:763][  0]LoadErrors: Falha ao carregar /Game/Menu/Imagens/imagem_Felipe.imagem_Felipe Referenciado por Teste_Imagem
[2017.11.19-00.47.38:763][  0]LogLinker: Warning: Não é possível encontrar o arquivo do ativo “../../../../../../Users/diego/Documents/Unreal Projects/Caramuru2D-4.17/Content/Menu/HUD/HUD_Creditos_Menu_Principal.uasset” ao carregar /Game/Menu/Imagens/imagem_Felipe.
[2017.11.19-00.47.38:763][  0]LoadErrors: Falha ao carregar /Game/Menu/Imagens/imagem_Felipe.imagem_Felipe Referenciado por Teste_Imagem
[2017.11.19-00.47.38:763][  0]LoadErrors: Error: /Game/Menu/HUD/HUD_Creditos_Menu_Principal : Não é possível encontrar o arquivo do ativo. /Game/Menu/Imagens/imagem_Felipe
[2017.11.19-00.47.38:780][  0]LogLinker: Warning: Não é possível encontrar o arquivo “/Game/Menu/Imagens/imagem_Felipe”
[2017.11.19-00.47.38:780][  0]LogLinker: Warning: Não é possível encontrar o arquivo do ativo “../../../../../../Users/diego/Documents/Unreal Projects/Caramuru2D-4.17/Content/Menu/HUD/HUD_Caramuru.uasset” ao carregar /Game/Menu/Imagens/imagem_Felipe.
[2017.11.19-00.47.38:780][  0]LoadErrors: Error: /Game/Menu/HUD/HUD_Caramuru : Não é possível encontrar o arquivo do ativo. /Game/Menu/Imagens/imagem_Felipe
[2017.11.19-00.47.38:781][  0]LogLinker: Warning: Não é possível encontrar o arquivo “/Game/Menu/Imagens/imagem_Felipe”
[2017.11.19-00.47.38:781][  0]LogLinker: Warning: Não é possível encontrar o arquivo do ativo “../../../../../../Users/diego/Documents/Unreal Projects/Caramuru2D-4.17/Content/Menu/HUD/HUD_Caramuru.uasset” ao carregar /Game/Menu/Imagens/imagem_Felipe.
[2017.11.19-00.47.38:781][  0]LoadErrors: Error: /Game/Menu/HUD/HUD_Caramuru : Não é possível encontrar o arquivo do ativo. /Game/Menu/Imagens/imagem_Felipe
[2017.11.19-00.47.38:788][  0]LogLinker: Warning: Não é possível encontrar o arquivo “/Game/Menu/Imagens/Background”
[2017.11.19-00.47.38:788][  0]LoadErrors: Falha ao carregar /Game/Menu/Imagens/Background.Background Referenciado por Background_Sprite
[2017.11.19-00.47.38:788][  0]LogLinker: Warning: Não é possível encontrar o arquivo do ativo “NULL” ao carregar /Game/Menu/Imagens/Background.
[2017.11.19-00.47.38:788][  0]LoadErrors: Falha ao carregar /Game/Menu/Imagens/Background.Background Referenciado por Background_Sprite
[2017.11.19-00.47.38:804][  0]LogAIModule: Creating AISystem for world Level_Game_Main_Menu
[2017.11.19-00.47.38:806][  0]LogEditorServer: Finished looking for orphan Actors (0.000 secs)
[2017.11.19-00.47.38:824][  0]Cmd: MAP CHECKDEP NOCLEARLOG
[2017.11.19-00.47.38:897][  0]MapCheck: Map check complete: 0 Error(s), 0 Warning(s), took 72,995ms to complete.
[2017.11.19-00.47.38:897][  0]LogFileHelpers: Loading map 'Level_Game_Main_Menu' took 0.247
[2017.11.19-00.47.39:145][  0]LogCollectionManager: Loaded 0 collections in 0.002754 seconds
[2017.11.19-00.47.39:258][  0]LogFileCache: Scanning file cache for directory 'C:/Users/diego/Documents/Unreal Projects/Caramuru2D-4.17/Saved/Collections/' took 0.01s
[2017.11.19-00.47.39:258][  0]LogFileCache: Scanning file cache for directory 'C:/Users/diego/Documents/Unreal Projects/Caramuru2D-4.17/Content/Developers/diego/Collections/' took 0.01s
[2017.11.19-00.47.39:258][  0]LogFileCache: Scanning file cache for directory 'C:/Users/diego/Documents/Unreal Projects/Caramuru2D-4.17/Content/Collections/' took 0.01s
[2017.11.19-00.47.39:258][  0]LogCollectionManager: Rebuilt the GUID cache for 0 collections in 0.000001 seconds
[2017.11.19-00.47.39:270][  0]LogContentBrowser: Native class hierarchy populated in 0.0120 seconds. Added 2386 classes and 500 folders.
[2017.11.19-00.47.39:368][  0]LogContentBrowser: Native class hierarchy updated for 'WidgetCarousel' in 0.0009 seconds. Added 0 classes and 0 folders.
[2017.11.19-00.47.39:421][  0]LogContentBrowser: Native class hierarchy updated for 'AddContentDialog' in 0.0009 seconds. Added 0 classes and 0 folders.
[2017.11.19-00.47.39:481][  0]LogContentBrowser: Native class hierarchy updated for 'SceneOutliner' in 0.0010 seconds. Added 1 classes and 2 folders.
[2017.11.19-00.47.39:570][  0]LogSlate: Took 0.000651 seconds to synchronously load lazily loaded font '../../../Engine/Content/Slate/Fonts/Roboto-Regular.ttf' (155K)
[2017.11.19-00.47.39:580][  0]LogSlate: Took 0.000619 seconds to synchronously load lazily loaded font '../../../Engine/Content/Slate/Fonts/Roboto-Bold.ttf' (160K)
[2017.11.19-00.47.39:587][  0]LogSlate: Took 0.000396 seconds to synchronously load lazily loaded font '../../../Engine/Content/Editor/Slate/Fonts/FontAwesome.ttf' (139K)
[2017.11.19-00.47.39:748][  0]LogRenderer: Reallocating scene render targets to support 824x924 Format 9 NumSamples 1 (Frame:1).
[2017.11.19-00.47.40:078][  0]LogContentBrowser: Native class hierarchy updated for 'HierarchicalLODOutliner' in 0.0009 seconds. Added 1 classes and 2 folders.
[2017.11.19-00.47.40:078][  0]LogLoad: (Engine Initialization) Total time: 48.78 seconds
[2017.11.19-00.47.40:078][  0]LogLoad: (Engine Initialization) Total Blueprint compile time: 0.00 seconds
[2017.11.19-00.47.40:078][  0]LogExternalProfiler: Found external profiler: VSPerf
[2017.11.19-00.47.40:078][  0]LogExternalProfiler: Using external profiler: VSPerf
[2017.11.19-00.47.40:105][  0]SourceControl: On branch master
[2017.11.19-00.47.40:106][  0]SourceControl: Your branch is up to date with 'origin/master'.
[2017.11.19-00.47.40:106][  0]SourceControl: Changes not staged for commit:
[2017.11.19-00.47.40:106][  0]SourceControl:   (use "git add/rm <file>..." to update what will be committed)
[2017.11.19-00.47.40:106][  0]SourceControl:   (use "git checkout -- <file>..." to discard changes in working directory)
[2017.11.19-00.47.40:106][  0]SourceControl: 	modified:   Content/Menu/HUD/HUD_Caramuru.uasset
[2017.11.19-00.47.40:106][  0]SourceControl: 	modified:   Content/Menu/HUD/HUD_Pausa.uasset
[2017.11.19-00.47.40:106][  0]SourceControl: 	modified:   Intermediate/CachedAssetRegistry.bin
[2017.11.19-00.47.40:106][  0]SourceControl: 	modified:   Saved/Autosaves/PackageRestoreData.json
[2017.11.19-00.47.40:106][  0]SourceControl: 	modified:   Saved/Config/Windows/Editor.ini
[2017.11.19-00.47.40:106][  0]SourceControl: 	modified:   Saved/Config/Windows/EditorPerProjectUserSettings.ini
[2017.11.19-00.47.40:106][  0]SourceControl: 	deleted:    Saved/Logs/Caramuru2D-backup-2017.11.16-09.21.40.log
[2017.11.19-00.47.40:106][  0]SourceControl: 	modified:   Saved/Logs/Caramuru2D.log
[2017.11.19-00.47.40:106][  0]SourceControl: 	modified:   Saved/Logs/Caramuru2D_2.log
[2017.11.19-00.47.40:106][  0]SourceControl: Untracked files:
[2017.11.19-00.47.40:106][  0]SourceControl:   (use "git add <file>..." to include in what will be committed)
[2017.11.19-00.47.40:106][  0]SourceControl: 	Saved/Config/CrashReportClient/UE4CC-Windows-32B1844240FC028C62CFB795FDD1A670/
[2017.11.19-00.47.40:106][  0]SourceControl: 	Saved/Config/CrashReportClient/UE4CC-Windows-F99458F44F8F4ED64BBE2AA212AB3F3E/
[2017.11.19-00.47.40:106][  0]SourceControl: 	Saved/Logs/Caramuru2D-backup-2017.11.18-21.39.34.log
[2017.11.19-00.47.40:106][  0]SourceControl: 	Saved/Logs/Caramuru2D_2-backup-2017.11.18-21.46.54.log
[2017.11.19-00.47.40:106][  0]SourceControl: no changes added to commit (use "git add" and/or "git commit -a")
[2017.11.19-00.47.40:106][  0]LogContentStreaming: Texture pool size now 400 MB
[2017.11.19-00.47.40:182][  0]LogSlate: Took 0.000222 seconds to synchronously load lazily loaded font '../../../Engine/Content/Slate/Fonts/Roboto-Light.ttf' (159K)
[2017.11.19-00.47.40:351][  3]LogAssetRegistry: Asset discovery search completed in 21.6364 seconds
[2017.11.19-00.47.40:356][  3]LogCollectionManager: Rebuilt the object cache for 0 collections in 0.000001 seconds (found 0 objects)
[2017.11.19-00.47.40:356][  3]LogCollectionManager: Fixed up redirectors for 0 collections in 0.000119 seconds (updated 0 objects)
[2017.11.19-00.48.20:020][188]LogSlate: Took 0.001332 seconds to synchronously load lazily loaded font '../../../Engine/Content/Slate/Fonts/Roboto-Light.ttf' (159K)
[2017.11.19-00.48.22:013][188]SourceControl: Error: fatal: git rm: 'Content/Menu/Imagens/Sprites/Background_Sprite.uasset': Invalid argument
[2017.11.19-00.48.22:013][188]SourceControl: rm 'Content/Menu/Imagens/Sprites/Background_Sprite.uasset'
[2017.11.19-00.48.22:021][188]LogObjectTools: Warning: SCC failed to open the selected files for deletion.
[2017.11.19-00.48.23:284][235]LogLinker: Warning: Não é possível encontrar o arquivo “/Game/Menu/Imagens/PLACA_MADEIRA”
[2017.11.19-00.48.23:284][235]LogLinker: Warning: Não é possível encontrar o arquivo do ativo “../../../../../../Users/diego/Documents/Unreal Projects/Caramuru2D-4.17/Content/Menu/Imagens/Sprites/PLACA_MADEIRA_Sprite.uasset” ao carregar /Game/Menu/Imagens/PLACA_MADEIRA.
[2017.11.19-00.48.23:284][235]LoadErrors: Error: /Game/Menu/Imagens/Sprites/PLACA_MADEIRA_Sprite : Não é possível encontrar o arquivo do ativo. /Game/Menu/Imagens/PLACA_MADEIRA
[2017.11.19-00.48.23:285][235]LogLinker: Warning: Não é possível encontrar o arquivo “/Game/Menu/Imagens/PLACA_MADEIRA”
[2017.11.19-00.48.23:285][235]LogLinker: Warning: Não é possível encontrar o arquivo do ativo “../../../../../../Users/diego/Documents/Unreal Projects/Caramuru2D-4.17/Content/Menu/Imagens/Sprites/PLACA_MADEIRA_Sprite.uasset” ao carregar /Game/Menu/Imagens/PLACA_MADEIRA.
[2017.11.19-00.48.23:286][235]LogLinker: Warning: Não é possível encontrar o arquivo “/Game/Menu/Imagens/PLACA_MADEIRA”
[2017.11.19-00.48.23:286][235]LoadErrors: Falha ao carregar /Game/Menu/Imagens/PLACA_MADEIRA.PLACA_MADEIRA Referenciado por PLACA_MADEIRA_Sprite
[2017.11.19-00.48.23:287][235]LogLinker: Warning: Não é possível encontrar o arquivo do ativo “NULL” ao carregar /Game/Menu/Imagens/PLACA_MADEIRA.
[2017.11.19-00.48.25:610][235]SourceControl: rm 'Content/Menu/Imagens/Sprites/PLACA_MADEIRA_Sprite.uasset'
[2017.11.19-00.48.31:770][442]LogSlate: Took 0.000305 seconds to synchronously load lazily loaded font '../../../Engine/Content/Slate/Fonts/Roboto-Regular.ttf' (155K)
[2017.11.19-00.48.32:584][442]LogContentBrowser: Native class hierarchy updated for 'BlueprintGraph' in 0.0015 seconds. Added 113 classes and 0 folders.
[2017.11.19-00.48.35:495][442]LogSlate: Took 0.000214 seconds to synchronously load lazily loaded font '../../../Engine/Content/Slate/Fonts/Roboto-Light.ttf' (159K)
[2017.11.19-00.48.35:519][442]LogSlate: Took 0.023826 seconds to synchronously load lazily loaded font '../../../Engine/Content/Editor/Slate/Fonts/Roboto-BoldCondensed.ttf' (158K)
[2017.11.19-00.49.02:426][871]LogFactory: FactoryCreateFile: Texture with ReimportTextureFactory (0 0 C:\Users\diego\Desktop\Background.png)
[2017.11.19-00.49.02:540][871]LogTexture: Display: Building textures: Background (BGRA8, 500X313)
[2017.11.19-00.49.10:177][269]SourceControl: On branch master
[2017.11.19-00.49.10:177][269]SourceControl: Your branch is up to date with 'origin/master'.
[2017.11.19-00.49.10:177][269]SourceControl: Changes to be committed:
[2017.11.19-00.49.10:177][269]SourceControl:   (use "git reset HEAD <file>..." to unstage)
[2017.11.19-00.49.10:177][269]SourceControl: 	deleted:    Content/Menu/Imagens/Sprites/PLACA_MADEIRA_Sprite.uasset
[2017.11.19-00.49.10:177][269]SourceControl: Changes not staged for commit:
[2017.11.19-00.49.10:177][269]SourceControl:   (use "git add/rm <file>..." to update what will be committed)
[2017.11.19-00.49.10:177][269]SourceControl:   (use "git checkout -- <file>..." to discard changes in working directory)
[2017.11.19-00.49.10:177][269]SourceControl: 	modified:   Content/Menu/HUD/HUD_Caramuru.uasset
[2017.11.19-00.49.10:177][269]SourceControl: 	modified:   Content/Menu/HUD/HUD_Pausa.uasset
[2017.11.19-00.49.10:177][269]SourceControl: 	modified:   Intermediate/CachedAssetRegistry.bin
[2017.11.19-00.49.10:177][269]SourceControl: 	modified:   Saved/AutoScreenshot.png
[2017.11.19-00.49.10:177][269]SourceControl: 	modified:   Saved/Autosaves/PackageRestoreData.json
[2017.11.19-00.49.10:177][269]SourceControl: 	modified:   Saved/Config/Windows/Editor.ini
[2017.11.19-00.49.10:177][269]SourceControl: 	modified:   Saved/Config/Windows/EditorPerProjectUserSettings.ini
[2017.11.19-00.49.10:178][269]SourceControl: 	modified:   Saved/Config/Windows/Engine.ini
[2017.11.19-00.49.10:178][269]SourceControl: 	deleted:    Saved/Logs/Caramuru2D-backup-2017.11.16-09.21.40.log
[2017.11.19-00.49.10:178][269]SourceControl: 	modified:   Saved/Logs/Caramuru2D.log
[2017.11.19-00.49.10:178][269]SourceControl: 	modified:   Saved/Logs/Caramuru2D_2.log
[2017.11.19-00.49.10:178][269]SourceControl: Untracked files:
[2017.11.19-00.49.10:178][269]SourceControl:   (use "git add <file>..." to include in what will be committed)
[2017.11.19-00.49.10:178][269]SourceControl: 	Saved/Config/CrashReportClient/UE4CC-Windows-32B1844240FC028C62CFB795FDD1A670/
[2017.11.19-00.49.10:178][269]SourceControl: 	Saved/Config/CrashReportClient/UE4CC-Windows-F99458F44F8F4ED64BBE2AA212AB3F3E/
[2017.11.19-00.49.10:178][269]SourceControl: 	Saved/Logs/Caramuru2D-backup-2017.11.18-21.39.34.log
[2017.11.19-00.49.10:178][269]SourceControl: 	Saved/Logs/Caramuru2D_2-backup-2017.11.18-21.46.54.log
[2017.11.19-00.49.31:275][150]SourceControl: On branch master
[2017.11.19-00.49.31:275][150]SourceControl: Your branch is up to date with 'origin/master'.
[2017.11.19-00.49.31:276][150]SourceControl: Changes to be committed:
[2017.11.19-00.49.31:276][150]SourceControl:   (use "git reset HEAD <file>..." to unstage)
[2017.11.19-00.49.31:276][150]SourceControl: 	deleted:    Content/Menu/Imagens/Sprites/PLACA_MADEIRA_Sprite.uasset
[2017.11.19-00.49.31:276][150]SourceControl: Changes not staged for commit:
[2017.11.19-00.49.31:276][150]SourceControl:   (use "git add/rm <file>..." to update what will be committed)
[2017.11.19-00.49.31:276][150]SourceControl:   (use "git checkout -- <file>..." to discard changes in working directory)
[2017.11.19-00.49.31:276][150]SourceControl: 	modified:   Content/Menu/HUD/HUD_Caramuru.uasset
[2017.11.19-00.49.31:276][150]SourceControl: 	modified:   Content/Menu/HUD/HUD_Pausa.uasset
[2017.11.19-00.49.31:276][150]SourceControl: 	modified:   Intermediate/CachedAssetRegistry.bin
[2017.11.19-00.49.31:276][150]SourceControl: 	modified:   Saved/AutoScreenshot.png
[2017.11.19-00.49.31:276][150]SourceControl: 	modified:   Saved/Autosaves/PackageRestoreData.json
[2017.11.19-00.49.31:276][150]SourceControl: 	modified:   Saved/Config/Windows/Editor.ini
[2017.11.19-00.49.31:277][150]SourceControl: 	modified:   Saved/Config/Windows/EditorPerProjectUserSettings.ini
[2017.11.19-00.49.31:277][150]SourceControl: 	modified:   Saved/Config/Windows/Engine.ini
[2017.11.19-00.49.31:277][150]SourceControl: 	deleted:    Saved/Logs/Caramuru2D-backup-2017.11.16-09.21.40.log
[2017.11.19-00.49.31:277][150]SourceControl: 	modified:   Saved/Logs/Caramuru2D.log
[2017.11.19-00.49.31:277][150]SourceControl: 	modified:   Saved/Logs/Caramuru2D_2.log
[2017.11.19-00.49.31:277][150]SourceControl: Untracked files:
[2017.11.19-00.49.31:277][150]SourceControl:   (use "git add <file>..." to include in what will be committed)
[2017.11.19-00.49.31:277][150]SourceControl: 	Saved/Config/CrashReportClient/UE4CC-Windows-32B1844240FC028C62CFB795FDD1A670/
[2017.11.19-00.49.31:277][150]SourceControl: 	Saved/Config/CrashReportClient/UE4CC-Windows-F99458F44F8F4ED64BBE2AA212AB3F3E/
[2017.11.19-00.49.31:277][150]SourceControl: 	Saved/Logs/Caramuru2D-backup-2017.11.18-21.39.34.log
[2017.11.19-00.49.31:277][150]SourceControl: 	Saved/Logs/Caramuru2D_2-backup-2017.11.18-21.46.54.log
[2017.11.19-00.49.31:852][150]LogSavePackage: Save=70.67ms
[2017.11.19-00.49.31:852][150]LogSavePackage: Moving '../../../../../../Users/diego/Documents/Unreal Projects/Caramuru2D-4.17/Saved/background_caramuru277E8EDB45AF790259BE849BF8539BC7.tmp' to '../../../../../../Users/diego/Documents/Unreal Projects/Caramuru2D-4.17/Content/Menu/Imagens/background_caramuru.uasset'
[2017.11.19-00.49.31:857][150]LogSavePackage: Display: Finished SavePackage ../../../../../../Users/diego/Documents/Unreal Projects/Caramuru2D-4.17/Content/Menu/Imagens/background_caramuru.uasset
[2017.11.19-00.49.35:050][289]SourceControl: On branch master
[2017.11.19-00.49.35:050][289]SourceControl: Your branch is up to date with 'origin/master'.
[2017.11.19-00.49.35:050][289]SourceControl: Changes to be committed:
[2017.11.19-00.49.35:050][289]SourceControl:   (use "git reset HEAD <file>..." to unstage)
[2017.11.19-00.49.35:050][289]SourceControl: 	deleted:    Content/Menu/Imagens/Sprites/PLACA_MADEIRA_Sprite.uasset
[2017.11.19-00.49.35:050][289]SourceControl: 	new file:   Content/Menu/Imagens/background_caramuru.uasset
[2017.11.19-00.49.35:050][289]SourceControl: Changes not staged for commit:
[2017.11.19-00.49.35:050][289]SourceControl:   (use "git add/rm <file>..." to update what will be committed)
[2017.11.19-00.49.35:050][289]SourceControl:   (use "git checkout -- <file>..." to discard changes in working directory)
[2017.11.19-00.49.35:050][289]SourceControl: 	modified:   Content/Menu/HUD/HUD_Caramuru.uasset
[2017.11.19-00.49.35:050][289]SourceControl: 	modified:   Content/Menu/HUD/HUD_Pausa.uasset
[2017.11.19-00.49.35:050][289]SourceControl: 	modified:   Intermediate/CachedAssetRegistry.bin
[2017.11.19-00.49.35:050][289]SourceControl: 	modified:   Saved/AutoScreenshot.png
[2017.11.19-00.49.35:050][289]SourceControl: 	modified:   Saved/Autosaves/PackageRestoreData.json
[2017.11.19-00.49.35:050][289]SourceControl: 	modified:   Saved/Config/Windows/Editor.ini
[2017.11.19-00.49.35:050][289]SourceControl: 	modified:   Saved/Config/Windows/EditorPerProjectUserSettings.ini
[2017.11.19-00.49.35:050][289]SourceControl: 	modified:   Saved/Config/Windows/Engine.ini
[2017.11.19-00.49.35:051][289]SourceControl: 	deleted:    Saved/Logs/Caramuru2D-backup-2017.11.16-09.21.40.log
[2017.11.19-00.49.35:051][289]SourceControl: 	modified:   Saved/Logs/Caramuru2D.log
[2017.11.19-00.49.35:051][289]SourceControl: 	modified:   Saved/Logs/Caramuru2D_2.log
[2017.11.19-00.49.35:051][289]SourceControl: Untracked files:
[2017.11.19-00.49.35:051][289]SourceControl:   (use "git add <file>..." to include in what will be committed)
[2017.11.19-00.49.35:051][289]SourceControl: 	Saved/Config/CrashReportClient/UE4CC-Windows-32B1844240FC028C62CFB795FDD1A670/
[2017.11.19-00.49.35:051][289]SourceControl: 	Saved/Config/CrashReportClient/UE4CC-Windows-F99458F44F8F4ED64BBE2AA212AB3F3E/
[2017.11.19-00.49.35:051][289]SourceControl: 	Saved/Logs/Caramuru2D-backup-2017.11.18-21.39.34.log
[2017.11.19-00.49.35:051][289]SourceControl: 	Saved/Logs/Caramuru2D_2-backup-2017.11.18-21.46.54.log
[2017.11.19-00.49.35:363][289]LogSavePackage: Save=19.65ms
[2017.11.19-00.49.35:363][289]LogSavePackage: Moving '../../../../../../Users/diego/Documents/Unreal Projects/Caramuru2D-4.17/Saved/background_caramuruF5C4CAD34606006FF17C319806B04543.tmp' to '../../../../../../Users/diego/Documents/Unreal Projects/Caramuru2D-4.17/Content/Menu/Imagens/Sprites/background_caramuru.uasset'
[2017.11.19-00.49.35:368][289]LogSavePackage: Display: Finished SavePackage ../../../../../../Users/diego/Documents/Unreal Projects/Caramuru2D-4.17/Content/Menu/Imagens/Sprites/background_caramuru.uasset
[2017.11.19-00.49.42:967][498]SourceControl: rm 'Content/Menu/Imagens/Sprites/Background_Sprite.uasset'
[2017.11.19-00.49.46:619][554]LogSavePackage: Save=69.85ms
[2017.11.19-00.49.46:619][554]LogSavePackage: Moving '../../../../../../Users/diego/Documents/Unreal Projects/Caramuru2D-4.17/Saved/HUD_Creditos_Menu_Principal970A7D064EE3DAFDE8EE24AEAA998032.tmp' to '../../../../../../Users/diego/Documents/Unreal Projects/Caramuru2D-4.17/Content/Menu/HUD/HUD_Creditos_Menu_Principal.uasset'
[2017.11.19-00.49.46:624][554]LogSavePackage: Display: Finished SavePackage ../../../../../../Users/diego/Documents/Unreal Projects/Caramuru2D-4.17/Content/Menu/HUD/HUD_Creditos_Menu_Principal.uasset
[2017.11.19-00.49.46:636][554]Cmd: OBJ SAVEPACKAGE PACKAGE="/Game/Menu/Imagens/Background" FILE="../../../../../../Users/diego/Documents/Unreal Projects/Caramuru2D-4.17/Content/Menu/Imagens/Background.uasset" SILENT=true
[2017.11.19-00.49.46:688][554]LogSavePackage: Save=48.81ms
[2017.11.19-00.49.46:688][554]LogSavePackage: Moving '../../../../../../Users/diego/Documents/Unreal Projects/Caramuru2D-4.17/Saved/Background19B7E08840CBBC92B8D83E964CE9AE09.tmp' to '../../../../../../Users/diego/Documents/Unreal Projects/Caramuru2D-4.17/Content/Menu/Imagens/Background.uasset'
[2017.11.19-00.49.46:693][554]LogSavePackage: Display: Finished SavePackage ../../../../../../Users/diego/Documents/Unreal Projects/Caramuru2D-4.17/Content/Menu/Imagens/Background.uasset
[2017.11.19-00.50.09:031][473]LogSlate: Took 0.021816 seconds to synchronously load lazily loaded font '../../../Engine/Content/Editor/Slate/Fonts/Roboto-Italic.ttf' (157K)
[2017.11.19-00.50.32:922][170]LogLinker: Warning: Não é possível encontrar o arquivo “/Game/Menu/Imagens/Caramuru_Background_Menu_corrigido_Sprite”
[2017.11.19-00.50.32:922][170]LogLinker: Warning: Não é possível encontrar o arquivo do ativo “../../../../../../Users/diego/Documents/Unreal Projects/Caramuru2D-4.17/Content/Menu/HUD/HUD_Pausa.uasset” ao carregar /Game/Menu/Imagens/Caramuru_Background_Menu_corrigido_Sprite.
[2017.11.19-00.50.32:922][170]LoadErrors: Error: /Game/Menu/HUD/HUD_Pausa : Não é possível encontrar o arquivo do ativo. /Game/Menu/Imagens/Caramuru_Background_Menu_corrigido_Sprite
[2017.11.19-00.50.32:922][170]LogLinker: Warning: Não é possível encontrar o arquivo “/Game/Menu/Imagens/Caramuru_Background_Menu_corrigido_Sprite”
[2017.11.19-00.50.32:922][170]LogLinker: Warning: Não é possível encontrar o arquivo do ativo “../../../../../../Users/diego/Documents/Unreal Projects/Caramuru2D-4.17/Content/Menu/HUD/HUD_Pausa.uasset” ao carregar /Game/Menu/Imagens/Caramuru_Background_Menu_corrigido_Sprite.
[2017.11.19-00.50.32:924][170]LogLinker: Warning: Não é possível encontrar o arquivo “/Game/Menu/Imagens/Caramuru_Background_Menu_corrigido_Sprite”
[2017.11.19-00.50.32:924][170]LogLinker: Warning: Não é possível encontrar o arquivo do ativo “NULL” ao carregar /Game/Menu/Imagens/Caramuru_Background_Menu_corrigido_Sprite.
[2017.11.19-00.50.32:925][170]LogLinker: Warning: Não é possível encontrar o arquivo “/Game/Menu/Imagens/Caramuru_Background_Menu_corrigido_Sprite”
[2017.11.19-00.50.32:925][170]LogLinker: Warning: Não é possível encontrar o arquivo do ativo “NULL” ao carregar /Game/Menu/Imagens/Caramuru_Background_Menu_corrigido_Sprite.
[2017.11.19-00.50.32:926][170]LogLinker: Warning: Não é possível encontrar o arquivo “/Game/Menu/Imagens/Caramuru_Background_Menu_corrigido_Sprite”
[2017.11.19-00.50.32:926][170]LoadErrors: Falha ao carregar /Game/Menu/Imagens/Caramuru_Background_Menu_corrigido_Sprite.Caramuru_Background_Menu_corrigido_Sprite Referenciado por Image_24
[2017.11.19-00.50.32:926][170]LogLinker: Warning: Não é possível encontrar o arquivo do ativo “NULL” ao carregar /Game/Menu/Imagens/Caramuru_Background_Menu_corrigido_Sprite.
[2017.11.19-00.51.31:024][613]BlueprintLog: New page: Compilar HUD_Caramuru
[2017.11.19-00.51.32:048][655]Cmd: OBJ SAVEPACKAGE PACKAGE="/Game/Menu/HUD/HUD_Caramuru" FILE="../../../../../../Users/diego/Documents/Unreal Projects/Caramuru2D-4.17/Content/Menu/HUD/HUD_Caramuru.uasset" SILENT=true
[2017.11.19-00.51.32:165][655]LogSavePackage: Save=66.68ms
[2017.11.19-00.51.32:165][655]LogSavePackage: Moving '../../../../../../Users/diego/Documents/Unreal Projects/Caramuru2D-4.17/Saved/HUD_Caramuru2CE5B71642802D34D29F65B162B0E131.tmp' to '../../../../../../Users/diego/Documents/Unreal Projects/Caramuru2D-4.17/Content/Menu/HUD/HUD_Caramuru.uasset'
[2017.11.19-00.51.32:170][655]LogSavePackage: Display: Finished SavePackage ../../../../../../Users/diego/Documents/Unreal Projects/Caramuru2D-4.17/Content/Menu/HUD/HUD_Caramuru.uasset
[2017.11.19-00.52.07:187][415]BlueprintLog: New page: Compilar HUD_Creditos_Menu_Principal
[2017.11.19-00.52.07:953][432]LogSavePackage: Save=51.38ms
[2017.11.19-00.52.07:953][432]LogSavePackage: Moving '../../../../../../Users/diego/Documents/Unreal Projects/Caramuru2D-4.17/Saved/HUD_Creditos_Menu_PrincipalA7271DF540D7B947136A5D896B48B859.tmp' to '../../../../../../Users/diego/Documents/Unreal Projects/Caramuru2D-4.17/Content/Menu/HUD/HUD_Creditos_Menu_Principal.uasset'
[2017.11.19-00.52.07:957][432]LogSavePackage: Display: Finished SavePackage ../../../../../../Users/diego/Documents/Unreal Projects/Caramuru2D-4.17/Content/Menu/HUD/HUD_Creditos_Menu_Principal.uasset
[2017.11.19-00.52.21:940][744]BlueprintLog: New page: Compilar HUD_Opções
[2017.11.19-00.52.22:764][787]LogTemp: Repeating last play command: Selected Viewport
[2017.11.19-00.52.32:778][787]LogBlueprintUserMessages: Early PlayInEditor Detection: Level '/Game/Menu/Levels/Level_Game_Main_Menu.Level_Game_Main_Menu:PersistentLevel' has LevelScriptBlueprint '/Game/Menu/Levels/Level_Game_Main_Menu.Level_Game_Main_Menu:PersistentLevel.Level_Game_Main_Menu' with GeneratedClass '/Game/Menu/Levels/Level_Game_Main_Menu.Level_Game_Main_Menu_C' with ClassGeneratedBy '/Game/Menu/Levels/Level_Game_Main_Menu.Level_Game_Main_Menu:PersistentLevel.Level_Game_Main_Menu'
[2017.11.19-00.52.32:784][787]BlueprintLog: New page: Pre-Play auto-recompile
[2017.11.19-00.52.32:787][787]LogPlayLevel: [PlayLevel] Compiling HUD_Pausa before play...
[2017.11.19-00.52.32:939][787]LogPlayLevel: PlayLevel: Blueprint regeneration took 155 ms (1 blueprints)
[2017.11.19-00.52.33:021][787]PIE: New page: Sessão de PIE : Level_Game_Main_Menu (18/11/2017 18:52:33)
[2017.11.19-00.52.33:048][787]LogPlayLevel: Creating play world package: /Game/Menu/Levels/UEDPIE_0_Level_Game_Main_Menu
[2017.11.19-00.52.33:105][787]LogPlayLevel: PIE: StaticDuplicateObject took: (0.056740s)
[2017.11.19-00.52.33:106][787]LogAIModule: Creating AISystem for world Level_Game_Main_Menu
[2017.11.19-00.52.33:106][787]LogPlayLevel: PIE: World Init took: (0.001096s)
[2017.11.19-00.52.33:106][787]LogPlayLevel: PIE: Created PIE world by copying editor world from /Game/Menu/Levels/Level_Game_Main_Menu.Level_Game_Main_Menu to /Game/Menu/Levels/UEDPIE_0_Level_Game_Main_Menu.Level_Game_Main_Menu (0.066209s)
[2017.11.19-00.52.33:160][787]LogInit: XAudio2 using 'Philips TV (Áudio Intel(R) para telas)' : 2 channels at 48 kHz using 16 bits per sample (channel mask 0x3)
[2017.11.19-00.52.33:170][787]LogInit: FAudioDevice initialized.
[2017.11.19-00.52.33:367][787]LogLoad: Game class is 'GameModeBase'
[2017.11.19-00.52.33:380][787]LogWorld: Bringing World /Game/Menu/Levels/UEDPIE_0_Level_Game_Main_Menu.Level_Game_Main_Menu up for play (max tick rate 0) at 2017.11.18-21.52.33
[2017.11.19-00.52.33:398][787]LogWorld: Bringing up level for play took: 0.019013
[2017.11.19-00.52.33:516][787]LogGameMode: FindPlayerStart: PATHS NOT DEFINED or NO PLAYERSTART with positive rating
[2017.11.19-00.52.33:832][787]LogContentBrowser: Native class hierarchy updated for 'MovieSceneCapture' in 0.0010 seconds. Added 11 classes and 0 folders.
[2017.11.19-00.52.34:050][787]PIE: Momento de início de reprodução no editor para /Game/Menu/Levels/UEDPIE_0_Level_Game_Main_Menu 1,967
[2017.11.19-00.52.34:057][787]LogBlueprintUserMessages: Late PlayInEditor Detection: Level '/Game/Menu/Levels/Level_Game_Main_Menu.Level_Game_Main_Menu:PersistentLevel' has LevelScriptBlueprint '/Game/Menu/Levels/Level_Game_Main_Menu.Level_Game_Main_Menu:PersistentLevel.Level_Game_Main_Menu' with GeneratedClass '/Game/Menu/Levels/Level_Game_Main_Menu.Level_Game_Main_Menu_C' with ClassGeneratedBy '/Game/Menu/Levels/Level_Game_Main_Menu.Level_Game_Main_Menu:PersistentLevel.Level_Game_Main_Menu'
[2017.11.19-00.52.37:859][955]LogBlueprintUserMessages: Early EndPlayMap Detection: Level '/Game/Menu/Levels/Level_Game_Main_Menu.Level_Game_Main_Menu:PersistentLevel' has LevelScriptBlueprint '/Game/Menu/Levels/Level_Game_Main_Menu.Level_Game_Main_Menu:PersistentLevel.Level_Game_Main_Menu' with GeneratedClass '/Game/Menu/Levels/Level_Game_Main_Menu.Level_Game_Main_Menu_C' with ClassGeneratedBy '/Game/Menu/Levels/Level_Game_Main_Menu.Level_Game_Main_Menu:PersistentLevel.Level_Game_Main_Menu'
[2017.11.19-00.52.37:971][955]LogBlueprintUserMessages: Late EndPlayMap Detection: Level '/Game/Menu/Levels/Level_Game_Main_Menu.Level_Game_Main_Menu:PersistentLevel' has LevelScriptBlueprint '/Game/Menu/Levels/Level_Game_Main_Menu.Level_Game_Main_Menu:PersistentLevel.Level_Game_Main_Menu' with GeneratedClass '/Game/Menu/Levels/Level_Game_Main_Menu.Level_Game_Main_Menu_C' with ClassGeneratedBy '/Game/Menu/Levels/Level_Game_Main_Menu.Level_Game_Main_Menu:PersistentLevel.Level_Game_Main_Menu'
[2017.11.19-00.52.55:073][486]BlueprintLog: New page: Compilar HUD_Pausa
[2017.11.19-00.52.57:667][641]LogTemp: Repeating last play command: Selected Viewport
[2017.11.19-00.52.57:759][641]LogBlueprintUserMessages: Early PlayInEditor Detection: Level '/Game/Menu/Levels/Level_Game_Main_Menu.Level_Game_Main_Menu:PersistentLevel' has LevelScriptBlueprint '/Game/Menu/Levels/Level_Game_Main_Menu.Level_Game_Main_Menu:PersistentLevel.Level_Game_Main_Menu' with GeneratedClass '/Game/Menu/Levels/Level_Game_Main_Menu.Level_Game_Main_Menu_C' with ClassGeneratedBy '/Game/Menu/Levels/Level_Game_Main_Menu.Level_Game_Main_Menu:PersistentLevel.Level_Game_Main_Menu'
[2017.11.19-00.52.57:759][641]LogPlayLevel: PlayLevel: No blueprints needed recompiling
[2017.11.19-00.52.57:760][641]PIE: New page: Sessão de PIE : Level_Game_Main_Menu (18/11/2017 18:52:57)
[2017.11.19-00.52.57:760][641]LogPlayLevel: Creating play world package: /Game/Menu/Levels/UEDPIE_0_Level_Game_Main_Menu
[2017.11.19-00.52.57:762][641]LogPlayLevel: PIE: StaticDuplicateObject took: (0.002397s)
[2017.11.19-00.52.57:763][641]LogAIModule: Creating AISystem for world Level_Game_Main_Menu
[2017.11.19-00.52.57:764][641]LogPlayLevel: PIE: World Init took: (0.001430s)
[2017.11.19-00.52.57:764][641]LogPlayLevel: PIE: Created PIE world by copying editor world from /Game/Menu/Levels/Level_Game_Main_Menu.Level_Game_Main_Menu to /Game/Menu/Levels/UEDPIE_0_Level_Game_Main_Menu.Level_Game_Main_Menu (0.004358s)
[2017.11.19-00.52.57:823][641]LogInit: XAudio2 using 'Philips TV (Áudio Intel(R) para telas)' : 2 channels at 48 kHz using 16 bits per sample (channel mask 0x3)
[2017.11.19-00.52.57:837][641]LogInit: FAudioDevice initialized.
[2017.11.19-00.52.57:936][641]LogLoad: Game class is 'GameModeBase'
[2017.11.19-00.52.57:938][641]LogWorld: Bringing World /Game/Menu/Levels/UEDPIE_0_Level_Game_Main_Menu.Level_Game_Main_Menu up for play (max tick rate 0) at 2017.11.18-21.52.57
[2017.11.19-00.52.57:938][641]LogWorld: Bringing up level for play took: 0.001644
[2017.11.19-00.52.57:942][641]PIE: Momento de início de reprodução no editor para /Game/Menu/Levels/UEDPIE_0_Level_Game_Main_Menu -0,14
[2017.11.19-00.52.57:943][641]LogBlueprintUserMessages: Late PlayInEditor Detection: Level '/Game/Menu/Levels/Level_Game_Main_Menu.Level_Game_Main_Menu:PersistentLevel' has LevelScriptBlueprint '/Game/Menu/Levels/Level_Game_Main_Menu.Level_Game_Main_Menu:PersistentLevel.Level_Game_Main_Menu' with GeneratedClass '/Game/Menu/Levels/Level_Game_Main_Menu.Level_Game_Main_Menu_C' with ClassGeneratedBy '/Game/Menu/Levels/Level_Game_Main_Menu.Level_Game_Main_Menu:PersistentLevel.Level_Game_Main_Menu'
[2017.11.19-00.53.16:543][732]LogNet: Browse: /Game/2DSideScrollerBP/Maps/Caramuru2D
[2017.11.19-00.53.16:617][732]LogLoad: LoadMap: /Game/2DSideScrollerBP/Maps/Caramuru2D
[2017.11.19-00.53.16:667][732]Cmd: MEM
[2017.11.19-00.53.16:852][732]LogMemory: Platform Memory Stats for Windows
[2017.11.19-00.53.16:852][732]LogMemory: Process Physical Memory: 1485.53 MB used, 1498.98 MB peak
[2017.11.19-00.53.16:852][732]LogMemory: Process Virtual Memory: 2269.35 MB used, 2304.31 MB peak
[2017.11.19-00.53.16:852][732]LogMemory: Physical Memory: 4364.64 MB used,  3730.86 MB free, 8095.50 MB total
[2017.11.19-00.53.16:852][732]LogMemory: Virtual Memory: 3139.25 MB used,  3730.86 MB free, 134217728.00 MB total
[2017.11.19-00.53.16:852][732]LogMemory: 
[2017.11.19-00.53.16:852][732]Allocator Stats for TBB: (not implemented)
[2017.11.19-00.53.17:829][732]LogLinker: Warning: Não é possível encontrar o arquivo “/Game/Menu/Imagens/Caramuru_Background_Menu_corrigido_Sprite”
[2017.11.19-00.53.17:829][732]LogLinker: Warning: Não é possível encontrar o arquivo do ativo “../../../../../../Users/diego/Documents/Unreal Projects/Caramuru2D-4.17/Content/Menu/HUD/HUD_Pausa.uasset” ao carregar /Game/Menu/Imagens/Caramuru_Background_Menu_corrigido_Sprite.
[2017.11.19-00.53.17:829][732]LogLinker: Warning: Não é possível encontrar o arquivo “/Game/Menu/Imagens/Caramuru_Background_Menu_corrigido_Sprite”
[2017.11.19-00.53.17:829][732]LogLinker: Warning: Não é possível encontrar o arquivo do ativo “../../../../../../Users/diego/Documents/Unreal Projects/Caramuru2D-4.17/Content/Menu/HUD/HUD_Pausa.uasset” ao carregar /Game/Menu/Imagens/Caramuru_Background_Menu_corrigido_Sprite.
[2017.11.19-00.53.20:923][732]LogAIModule: Creating AISystem for world Caramuru2D
[2017.11.19-00.53.20:923][732]LogLoad: Game class is '2DSideScrollerGameMode_C'
[2017.11.19-00.53.20:975][732]LogWorld: Bringing World /Game/2DSideScrollerBP/Maps/UEDPIE_0_Caramuru2D.Caramuru2D up for play (max tick rate 0) at 2017.11.18-21.53.20
[2017.11.19-00.53.21:087][732]LogWorld: Bringing up level for play took: 0.162912
[2017.11.19-00.53.21:144][732]LogBlueprintUserMessages: [Character] SpreaderGun
[2017.11.19-00.53.21:144][732]LogLoad: Took 4.526643 seconds to LoadMap(/Game/2DSideScrollerBP/Maps/Caramuru2D)
[2017.11.19-00.53.21:518][733]LogCharacterMovement: Warning: GetSimulationTimeStep() - Max iterations 8 hit while remaining time 0.064746 > MaxSimulationTimeStep (0.050) for 'EnemyCharacter_226', movement 'Walking'
[2017.11.19-00.53.28:507][113]LogBlueprintUserMessages: [BP_Check_Point_832] X=-5059.840 Y=100.000 Z=4019.697
[2017.11.19-00.53.39:829][735]LogBlueprintUserMessages: [EnemyCharacter_226] 90
[2017.11.19-00.53.40:078][749]LogCharacterMovement: EnemyCharacter_226 is stuck and failed to move! Velocity: X=139.35 Y=0.00 Z=0.00 Location: X=-3889.14 Y=100.00 Z=3942.31 Normal: X=0.99 Y=0.00 Z=-0.14 PenetrationDepth:8.513 Actor:BP_Shoot_C_5 Component:Sphere BoneName:None (0 other events since notify)
[2017.11.19-00.53.40:191][755]LogBlueprintUserMessages: [EnemyCharacter_226] 80
[2017.11.19-00.53.40:339][763]LogBlueprintUserMessages: [EnemyCharacter_226] 70
[2017.11.19-00.53.40:615][778]LogBlueprintUserMessages: [EnemyCharacter_226] 60
[2017.11.19-00.53.40:967][797]LogBlueprintUserMessages: [EnemyCharacter_226] 50
[2017.11.19-00.53.41:226][811]LogCharacterMovement: EnemyCharacter_226 is stuck and failed to move! Velocity: X=-38.05 Y=0.00 Z=0.00 Location: X=-3889.14 Y=100.00 Z=3942.19 Normal: X=0.97 Y=0.00 Z=-0.23 PenetrationDepth:28.018 Actor:BP_Shoot_C_9 Component:Sphere BoneName:None (5 other events since notify)
[2017.11.19-00.53.41:300][815]LogBlueprintUserMessages: [EnemyCharacter_226] 40
[2017.11.19-00.53.41:337][817]LogBlueprintUserMessages: [EnemyCharacter_226] 30
[2017.11.19-00.53.41:470][824]LogBlueprintUserMessages: [EnemyCharacter_226] 20
[2017.11.19-00.53.41:710][834]LogBlueprintUserMessages: [EnemyCharacter_226] 10
[2017.11.19-00.53.43:439][927]LogBlueprintUserMessages: [ExpSphereActor_C_0] You earned 30 EXP
[2017.11.19-00.54.37:840][994]LogNet: Browse: /Game/2DSideScrollerBP/Maps/Caramuru2D
[2017.11.19-00.54.37:855][994]LogLoad: LoadMap: /Game/2DSideScrollerBP/Maps/Caramuru2D
[2017.11.19-00.54.37:981][994]Cmd: MEM
[2017.11.19-00.54.38:034][994]LogMemory: Platform Memory Stats for Windows
[2017.11.19-00.54.38:034][994]LogMemory: Process Physical Memory: 1730.67 MB used, 1809.03 MB peak
[2017.11.19-00.54.38:034][994]LogMemory: Process Virtual Memory: 2488.07 MB used, 2702.46 MB peak
[2017.11.19-00.54.38:034][994]LogMemory: Physical Memory: 4610.33 MB used,  3485.17 MB free, 8095.50 MB total
[2017.11.19-00.54.38:034][994]LogMemory: Virtual Memory: 3378.31 MB used,  3485.17 MB free, 134217728.00 MB total
[2017.11.19-00.54.38:034][994]LogMemory: 
[2017.11.19-00.54.38:034][994]Allocator Stats for TBB: (not implemented)
[2017.11.19-00.54.38:530][994]LogLinker: Warning: Não é possível encontrar o arquivo “/Game/Menu/Imagens/Caramuru_Background_Menu_corrigido_Sprite”
[2017.11.19-00.54.38:531][994]LogLinker: Warning: Não é possível encontrar o arquivo do ativo “../../../../../../Users/diego/Documents/Unreal Projects/Caramuru2D-4.17/Content/Menu/HUD/HUD_Pausa.uasset” ao carregar /Game/Menu/Imagens/Caramuru_Background_Menu_corrigido_Sprite.
[2017.11.19-00.54.38:531][994]LogLinker: Warning: Não é possível encontrar o arquivo “/Game/Menu/Imagens/Caramuru_Background_Menu_corrigido_Sprite”
[2017.11.19-00.54.38:531][994]LogLinker: Warning: Não é possível encontrar o arquivo do ativo “../../../../../../Users/diego/Documents/Unreal Projects/Caramuru2D-4.17/Content/Menu/HUD/HUD_Pausa.uasset” ao carregar /Game/Menu/Imagens/Caramuru_Background_Menu_corrigido_Sprite.
[2017.11.19-00.54.38:630][994]LogAIModule: Creating AISystem for world Caramuru2D
[2017.11.19-00.54.38:631][994]LogLoad: Game class is '2DSideScrollerGameMode_C'
[2017.11.19-00.54.38:642][994]LogWorld: Bringing World /Game/2DSideScrollerBP/Maps/UEDPIE_0_Caramuru2D.Caramuru2D up for play (max tick rate 0) at 2017.11.18-21.54.38
[2017.11.19-00.54.38:644][994]LogWorld: Bringing up level for play took: 0.012644
[2017.11.19-00.54.38:646][994]LogBlueprintUserMessages: [Character] SpreaderGun
[2017.11.19-00.54.38:647][994]LogLoad: Took 0.791451 seconds to LoadMap(/Game/2DSideScrollerBP/Maps/Caramuru2D)
[2017.11.19-00.54.38:778][995]LogCharacterMovement: Warning: GetSimulationTimeStep() - Max iterations 8 hit while remaining time 0.066774 > MaxSimulationTimeStep (0.050) for 'EnemyCharacter_226', movement 'Walking'
[2017.11.19-00.54.46:812][424]LogBlueprintUserMessages: Early EndPlayMap Detection: Level '/Game/Menu/Levels/Level_Game_Main_Menu.Level_Game_Main_Menu:PersistentLevel' has LevelScriptBlueprint '/Game/Menu/Levels/Level_Game_Main_Menu.Level_Game_Main_Menu:PersistentLevel.Level_Game_Main_Menu' with GeneratedClass '/Game/Menu/Levels/Level_Game_Main_Menu.Level_Game_Main_Menu_C' with ClassGeneratedBy '/Game/Menu/Levels/Level_Game_Main_Menu.Level_Game_Main_Menu:PersistentLevel.Level_Game_Main_Menu'
[2017.11.19-00.54.46:893][424]LogBlueprintUserMessages: Late EndPlayMap Detection: Level '/Game/Menu/Levels/Level_Game_Main_Menu.Level_Game_Main_Menu:PersistentLevel' has LevelScriptBlueprint '/Game/Menu/Levels/Level_Game_Main_Menu.Level_Game_Main_Menu:PersistentLevel.Level_Game_Main_Menu' with GeneratedClass '/Game/Menu/Levels/Level_Game_Main_Menu.Level_Game_Main_Menu_C' with ClassGeneratedBy '/Game/Menu/Levels/Level_Game_Main_Menu.Level_Game_Main_Menu:PersistentLevel.Level_Game_Main_Menu'
[2017.11.19-00.54.47:019][424]LogRenderer: Reallocating scene render targets to support 1484x924 Format 9 NumSamples 1 (Frame:5150).
[2017.11.19-00.55.06:778][491]LogSavePackage: Save=112.97ms
[2017.11.19-00.55.06:778][491]LogSavePackage: Moving '../../../../../../Users/diego/Documents/Unreal Projects/Caramuru2D-4.17/Saved/Level_Game_Main_MenuA0CB3032420FAD55D18FA19E55C568C3.tmp' to '../../../../../../Users/diego/Documents/Unreal Projects/Caramuru2D-4.17/Content/Menu/Levels/Level_Game_Main_Menu.umap'
[2017.11.19-00.55.06:783][491]LogSavePackage: Display: Finished SavePackage ../../../../../../Users/diego/Documents/Unreal Projects/Caramuru2D-4.17/Content/Menu/Levels/Level_Game_Main_Menu.umap
[2017.11.19-00.55.10:491][595]Cmd: OBJ SAVEPACKAGE PACKAGE="/Game/Menu/HUD/HUD_Opções" FILE="../../../../../../Users/diego/Documents/Unreal Projects/Caramuru2D-4.17/Content/Menu/HUD/HUD_Opções.uasset" SILENT=true
[2017.11.19-00.55.10:651][595]LogSavePackage: Save=39.37ms
[2017.11.19-00.55.10:651][595]LogSavePackage: Moving '../../../../../../Users/diego/Documents/Unreal Projects/Caramuru2D-4.17/Saved/HUD_Opções50ACBC634F4A6D398FF8F8BF2B73EF4A.tmp' to '../../../../../../Users/diego/Documents/Unreal Projects/Caramuru2D-4.17/Content/Menu/HUD/HUD_Opções.uasset'
[2017.11.19-00.55.10:659][595]LogSavePackage: Display: Finished SavePackage ../../../../../../Users/diego/Documents/Unreal Projects/Caramuru2D-4.17/Content/Menu/HUD/HUD_Opções.uasset
[2017.11.19-00.55.10:668][595]Cmd: OBJ SAVEPACKAGE PACKAGE="/Game/Menu/HUD/HUD_Pausa" FILE="../../../../../../Users/diego/Documents/Unreal Projects/Caramuru2D-4.17/Content/Menu/HUD/HUD_Pausa.uasset" SILENT=true
[2017.11.19-00.55.10:902][595]LogSavePackage: Save=115.98ms
[2017.11.19-00.55.10:903][595]LogSavePackage: Moving '../../../../../../Users/diego/Documents/Unreal Projects/Caramuru2D-4.17/Saved/HUD_Pausa898649834B5048466DCE8A849BCF3B4E.tmp' to '../../../../../../Users/diego/Documents/Unreal Projects/Caramuru2D-4.17/Content/Menu/HUD/HUD_Pausa.uasset'
[2017.11.19-00.55.10:912][595]LogSavePackage: Display: Finished SavePackage ../../../../../../Users/diego/Documents/Unreal Projects/Caramuru2D-4.17/Content/Menu/HUD/HUD_Pausa.uasset
[2017.11.19-00.55.20:580][936]SourceControl: fatal: C:/Program Files/Epic Games/UE_4.17/Engine/Content/: 'C:/Program Files/Epic Games/UE_4.17/Engine/Content/' is outside repository
[2017.11.19-00.55.33:100][936]LogSourceControl: FGitCheckInWorker: commit successful
[2017.11.19-00.55.33:322][936]SourceControl: [master 1102064] imagens do menu corrigidas
[2017.11.19-00.55.33:322][936]SourceControl:  8 files changed, 0 insertions(+), 0 deletions(-)
[2017.11.19-00.55.33:322][936]SourceControl:  rewrite Content/Menu/HUD/HUD_Caramuru.uasset (81%)
[2017.11.19-00.55.33:322][936]SourceControl:  rewrite Content/Menu/HUD/HUD_Creditos_Menu_Principal.uasset (61%)
[2017.11.19-00.55.33:322][936]SourceControl:  rewrite Content/Menu/HUD/HUD_Pausa.uasset (84%)
[2017.11.19-00.55.33:322][936]SourceControl:  create mode 100644 Content/Menu/Imagens/Background.uasset
[2017.11.19-00.55.33:322][936]SourceControl:  delete mode 100644 Content/Menu/Imagens/Sprites/PLACA_MADEIRA_Sprite.uasset
[2017.11.19-00.55.33:322][936]SourceControl:  create mode 100644 Content/Menu/Imagens/Sprites/background_caramuru.uasset
[2017.11.19-00.55.33:322][936]SourceControl:  create mode 100644 Content/Menu/Imagens/background_caramuru.uasset
[2017.11.19-00.55.33:332][936]SourceControl: Commited [master 1102064] imagens do menu corrigidas.
[2017.11.19-00.56.04:185][ 41]LogAIModule: Creating AISystem for world Caramuru2D
[2017.11.19-00.56.04:329][ 41]Cmd: MAP LOAD FILE="../../../../../../Users/diego/Documents/Unreal Projects/Caramuru2D-4.17/Content/2DSideScrollerBP/Maps/Caramuru2D.umap" TEMPLATE=0 SHOWPROGRESS=1 FEATURELEVEL=3
[2017.11.19-00.56.04:329][ 41]LightingResults: New page: Compilação de Iluminação
[2017.11.19-00.56.04:330][ 41]LoadErrors: New page: Carregando mapa: Caramuru2D.umap
[2017.11.19-00.56.04:331][ 41]MapCheck: New page: Verificação de Mapa
[2017.11.19-00.56.04:331][ 41]LightingResults: New page: Compilação de Iluminação
[2017.11.19-00.56.04:513][ 41]LogEditorServer: Finished looking for orphan Actors (0.000 secs)
[2017.11.19-00.56.04:638][ 41]Cmd: MAP CHECKDEP NOCLEARLOG
[2017.11.19-00.56.05:825][ 41]MapCheck: Map check complete: 0 Error(s), 0 Warning(s), took 1.187,15ms to complete.
[2017.11.19-00.56.05:827][ 41]LogFileHelpers: Loading map 'Caramuru2D' took 1.499
[2017.11.19-00.56.38:782][348]LogTemp: Repeating last play command: Selected Viewport
[2017.11.19-00.56.38:845][348]LogBlueprintUserMessages: Early PlayInEditor Detection: Level '/Game/2DSideScrollerBP/Maps/Caramuru2D.Caramuru2D:PersistentLevel' has LevelScriptBlueprint '/Game/2DSideScrollerBP/Maps/Caramuru2D.Caramuru2D:PersistentLevel.Caramuru2D' with GeneratedClass '/Game/2DSideScrollerBP/Maps/Caramuru2D.Caramuru2D_C' with ClassGeneratedBy '/Game/2DSideScrollerBP/Maps/Caramuru2D.Caramuru2D:PersistentLevel.Caramuru2D'
[2017.11.19-00.56.38:846][348]LogPlayLevel: PlayLevel: No blueprints needed recompiling
[2017.11.19-00.56.38:846][348]PIE: New page: Sessão de PIE : Caramuru2D (18/11/2017 18:56:38)
[2017.11.19-00.56.38:846][348]LogPlayLevel: Creating play world package: /Game/2DSideScrollerBP/Maps/UEDPIE_0_Caramuru2D
[2017.11.19-00.56.38:856][348]LogPlayLevel: PIE: StaticDuplicateObject took: (0.010030s)
[2017.11.19-00.56.38:857][348]LogAIModule: Creating AISystem for world Caramuru2D
[2017.11.19-00.56.38:857][348]LogPlayLevel: PIE: World Init took: (0.001163s)
[2017.11.19-00.56.38:858][348]LogPlayLevel: PIE: Created PIE world by copying editor world from /Game/2DSideScrollerBP/Maps/Caramuru2D.Caramuru2D to /Game/2DSideScrollerBP/Maps/UEDPIE_0_Caramuru2D.Caramuru2D (0.011672s)
[2017.11.19-00.56.38:896][348]LogInit: XAudio2 using 'Philips TV (Áudio Intel(R) para telas)' : 2 channels at 48 kHz using 16 bits per sample (channel mask 0x3)
[2017.11.19-00.56.38:907][348]LogInit: FAudioDevice initialized.
[2017.11.19-00.56.38:942][348]LogLoad: Game class is '2DSideScrollerGameMode_C'
[2017.11.19-00.56.38:949][348]LogWorld: Bringing World /Game/2DSideScrollerBP/Maps/UEDPIE_0_Caramuru2D.Caramuru2D up for play (max tick rate 0) at 2017.11.18-21.56.38
[2017.11.19-00.56.38:951][348]LogWorld: Bringing up level for play took: 0.007753
[2017.11.19-00.56.38:953][348]LogBlueprintUserMessages: [Character] SpreaderGun
[2017.11.19-00.56.38:953][348]PIE: Momento de início de reprodução no editor para /Game/2DSideScrollerBP/Maps/UEDPIE_0_Caramuru2D 0,87
[2017.11.19-00.56.38:953][348]LogBlueprintUserMessages: Late PlayInEditor Detection: Level '/Game/2DSideScrollerBP/Maps/Caramuru2D.Caramuru2D:PersistentLevel' has LevelScriptBlueprint '/Game/2DSideScrollerBP/Maps/Caramuru2D.Caramuru2D:PersistentLevel.Caramuru2D' with GeneratedClass '/Game/2DSideScrollerBP/Maps/Caramuru2D.Caramuru2D_C' with ClassGeneratedBy '/Game/2DSideScrollerBP/Maps/Caramuru2D.Caramuru2D:PersistentLevel.Caramuru2D'
[2017.11.19-00.56.45:486][710]LogBlueprintUserMessages: Early EndPlayMap Detection: Level '/Game/2DSideScrollerBP/Maps/Caramuru2D.Caramuru2D:PersistentLevel' has LevelScriptBlueprint '/Game/2DSideScrollerBP/Maps/Caramuru2D.Caramuru2D:PersistentLevel.Caramuru2D' with GeneratedClass '/Game/2DSideScrollerBP/Maps/Caramuru2D.Caramuru2D_C' with ClassGeneratedBy '/Game/2DSideScrollerBP/Maps/Caramuru2D.Caramuru2D:PersistentLevel.Caramuru2D'
[2017.11.19-00.56.45:536][710]LogBlueprintUserMessages: Late EndPlayMap Detection: Level '/Game/2DSideScrollerBP/Maps/Caramuru2D.Caramuru2D:PersistentLevel' has LevelScriptBlueprint '/Game/2DSideScrollerBP/Maps/Caramuru2D.Caramuru2D:PersistentLevel.Caramuru2D' with GeneratedClass '/Game/2DSideScrollerBP/Maps/Caramuru2D.Caramuru2D_C' with ClassGeneratedBy '/Game/2DSideScrollerBP/Maps/Caramuru2D.Caramuru2D:PersistentLevel.Caramuru2D'
[2017.11.19-00.56.47:393][776]LogTemp: Repeating last play command: Selected Viewport
[2017.11.19-00.56.47:486][776]LogBlueprintUserMessages: Early PlayInEditor Detection: Level '/Game/2DSideScrollerBP/Maps/Caramuru2D.Caramuru2D:PersistentLevel' has LevelScriptBlueprint '/Game/2DSideScrollerBP/Maps/Caramuru2D.Caramuru2D:PersistentLevel.Caramuru2D' with GeneratedClass '/Game/2DSideScrollerBP/Maps/Caramuru2D.Caramuru2D_C' with ClassGeneratedBy '/Game/2DSideScrollerBP/Maps/Caramuru2D.Caramuru2D:PersistentLevel.Caramuru2D'
[2017.11.19-00.56.47:487][776]LogPlayLevel: PlayLevel: No blueprints needed recompiling
[2017.11.19-00.56.47:487][776]PIE: New page: Sessão de PIE : Caramuru2D (18/11/2017 18:56:47)
[2017.11.19-00.56.47:487][776]LogPlayLevel: Creating play world package: /Game/2DSideScrollerBP/Maps/UEDPIE_0_Caramuru2D
[2017.11.19-00.56.47:494][776]LogPlayLevel: PIE: StaticDuplicateObject took: (0.007288s)
[2017.11.19-00.56.47:495][776]LogAIModule: Creating AISystem for world Caramuru2D
[2017.11.19-00.56.47:496][776]LogPlayLevel: PIE: World Init took: (0.000863s)
[2017.11.19-00.56.47:497][776]LogPlayLevel: PIE: Created PIE world by copying editor world from /Game/2DSideScrollerBP/Maps/Caramuru2D.Caramuru2D to /Game/2DSideScrollerBP/Maps/UEDPIE_0_Caramuru2D.Caramuru2D (0.009269s)
[2017.11.19-00.56.47:544][776]LogInit: XAudio2 using 'Philips TV (Áudio Intel(R) para telas)' : 2 channels at 48 kHz using 16 bits per sample (channel mask 0x3)
[2017.11.19-00.56.47:553][776]LogInit: FAudioDevice initialized.
[2017.11.19-00.56.47:588][776]LogLoad: Game class is '2DSideScrollerGameMode_C'
[2017.11.19-00.56.47:596][776]LogWorld: Bringing World /Game/2DSideScrollerBP/Maps/UEDPIE_0_Caramuru2D.Caramuru2D up for play (max tick rate 0) at 2017.11.18-21.56.47
[2017.11.19-00.56.47:598][776]LogWorld: Bringing up level for play took: 0.009420
[2017.11.19-00.56.47:600][776]LogBlueprintUserMessages: [Character] SpreaderGun
[2017.11.19-00.56.47:600][776]PIE: Momento de início de reprodução no editor para /Game/2DSideScrollerBP/Maps/UEDPIE_0_Caramuru2D -0,482
[2017.11.19-00.56.47:601][776]LogBlueprintUserMessages: Late PlayInEditor Detection: Level '/Game/2DSideScrollerBP/Maps/Caramuru2D.Caramuru2D:PersistentLevel' has LevelScriptBlueprint '/Game/2DSideScrollerBP/Maps/Caramuru2D.Caramuru2D:PersistentLevel.Caramuru2D' with GeneratedClass '/Game/2DSideScrollerBP/Maps/Caramuru2D.Caramuru2D_C' with ClassGeneratedBy '/Game/2DSideScrollerBP/Maps/Caramuru2D.Caramuru2D:PersistentLevel.Caramuru2D'
[2017.11.19-00.56.52:824][ 67]LogBlueprintUserMessages: Early EndPlayMap Detection: Level '/Game/2DSideScrollerBP/Maps/Caramuru2D.Caramuru2D:PersistentLevel' has LevelScriptBlueprint '/Game/2DSideScrollerBP/Maps/Caramuru2D.Caramuru2D:PersistentLevel.Caramuru2D' with GeneratedClass '/Game/2DSideScrollerBP/Maps/Caramuru2D.Caramuru2D_C' with ClassGeneratedBy '/Game/2DSideScrollerBP/Maps/Caramuru2D.Caramuru2D:PersistentLevel.Caramuru2D'
[2017.11.19-00.56.52:873][ 67]LogBlueprintUserMessages: Late EndPlayMap Detection: Level '/Game/2DSideScrollerBP/Maps/Caramuru2D.Caramuru2D:PersistentLevel' has LevelScriptBlueprint '/Game/2DSideScrollerBP/Maps/Caramuru2D.Caramuru2D:PersistentLevel.Caramuru2D' with GeneratedClass '/Game/2DSideScrollerBP/Maps/Caramuru2D.Caramuru2D_C' with ClassGeneratedBy '/Game/2DSideScrollerBP/Maps/Caramuru2D.Caramuru2D:PersistentLevel.Caramuru2D'
[2017.11.19-01.01.04:056][415]LogEditorViewport: Clicking Background
[2017.11.19-01.02.04:533][356]LogStreaming: Warning: Failed to read file '../../../Engine/Content/Slate/Fonts/Fonts/Roboto-Bold.ttf' error.
[2017.11.19-01.02.04:533][356]LogSlate: Warning: GetFontFace failed to load or process '../../../Engine/Content/Slate/Fonts/Fonts/Roboto-Bold.ttf'
[2017.11.19-01.02.04:691][356]LogSlate: Took 0.157813 seconds to synchronously load lazily loaded font '../../../Engine/Content/Slate/Fonts/DroidSansFallback.ttf' (3848K)
[2017.11.19-01.02.04:691][356]LogStreaming: Warning: Failed to read file '../../../Engine/Content/Slate/Fonts/Fonts/Roboto-Bold.ttf' error.
[2017.11.19-01.02.04:691][356]LogSlate: Warning: GetFontFace failed to load or process '../../../Engine/Content/Slate/Fonts/Fonts/Roboto-Bold.ttf'
[2017.11.19-01.02.04:691][356]LogStreaming: Warning: Failed to read file '../../../Engine/Content/Slate/Fonts/Fonts/Roboto-Bold.ttf' error.
[2017.11.19-01.02.04:691][356]LogSlate: Warning: GetFontFace failed to load or process '../../../Engine/Content/Slate/Fonts/Fonts/Roboto-Bold.ttf'
[2017.11.19-01.02.04:691][356]LogStreaming: Warning: Failed to read file '../../../Engine/Content/Slate/Fonts/Fonts/Roboto-Bold.ttf' error.
[2017.11.19-01.02.04:691][356]LogSlate: Warning: GetFontFace failed to load or process '../../../Engine/Content/Slate/Fonts/Fonts/Roboto-Bold.ttf'
[2017.11.19-01.02.04:691][356]LogStreaming: Warning: Failed to read file '../../../Engine/Content/Slate/Fonts/Fonts/Roboto-Bold.ttf' error.
[2017.11.19-01.02.04:691][356]LogSlate: Warning: GetFontFace failed to load or process '../../../Engine/Content/Slate/Fonts/Fonts/Roboto-Bold.ttf'
[2017.11.19-01.02.04:691][356]LogStreaming: Warning: Failed to read file '../../../Engine/Content/Slate/Fonts/Fonts/Roboto-Bold.ttf' error.
[2017.11.19-01.02.04:691][356]LogSlate: Warning: GetFontFace failed to load or process '../../../Engine/Content/Slate/Fonts/Fonts/Roboto-Bold.ttf'
[2017.11.19-01.02.04:692][356]LogStreaming: Warning: Failed to read file '../../../Engine/Content/Slate/Fonts/Fonts/Roboto-Bold.ttf' error.
[2017.11.19-01.02.04:692][356]LogSlate: Warning: GetFontFace failed to load or process '../../../Engine/Content/Slate/Fonts/Fonts/Roboto-Bold.ttf'
[2017.11.19-01.02.04:692][356]LogStreaming: Warning: Failed to read file '../../../Engine/Content/Slate/Fonts/Fonts/Roboto-Bold.ttf' error.
[2017.11.19-01.02.04:692][356]LogSlate: Warning: GetFontFace failed to load or process '../../../Engine/Content/Slate/Fonts/Fonts/Roboto-Bold.ttf'
[2017.11.19-01.02.04:692][356]LogStreaming: Warning: Failed to read file '../../../Engine/Content/Slate/Fonts/Fonts/Roboto-Bold.ttf' error.
[2017.11.19-01.02.04:692][356]LogSlate: Warning: GetFontFace failed to load or process '../../../Engine/Content/Slate/Fonts/Fonts/Roboto-Bold.ttf'
[2017.11.19-01.02.04:692][356]LogStreaming: Warning: Failed to read file '../../../Engine/Content/Slate/Fonts/Fonts/Roboto-Bold.ttf' error.
[2017.11.19-01.02.04:692][356]LogSlate: Warning: GetFontFace failed to load or process '../../../Engine/Content/Slate/Fonts/Fonts/Roboto-Bold.ttf'
[2017.11.19-01.02.04:692][356]LogStreaming: Warning: Failed to read file '../../../Engine/Content/Slate/Fonts/Fonts/Roboto-Bold.ttf' error.
[2017.11.19-01.02.04:692][356]LogSlate: Warning: GetFontFace failed to load or process '../../../Engine/Content/Slate/Fonts/Fonts/Roboto-Bold.ttf'
[2017.11.19-01.02.04:692][356]LogStreaming: Warning: Failed to read file '../../../Engine/Content/Slate/Fonts/Fonts/Roboto-Bold.ttf' error.
[2017.11.19-01.02.04:692][356]LogSlate: Warning: GetFontFace failed to load or process '../../../Engine/Content/Slate/Fonts/Fonts/Roboto-Bold.ttf'
[2017.11.19-01.02.04:692][356]LogStreaming: Warning: Failed to read file '../../../Engine/Content/Slate/Fonts/Fonts/Roboto-Bold.ttf' error.
[2017.11.19-01.02.04:692][356]LogSlate: Warning: GetFontFace failed to load or process '../../../Engine/Content/Slate/Fonts/Fonts/Roboto-Bold.ttf'
[2017.11.19-01.02.04:692][356]LogStreaming: Warning: Failed to read file '../../../Engine/Content/Slate/Fonts/Fonts/Roboto-Bold.ttf' error.
[2017.11.19-01.02.04:692][356]LogSlate: Warning: GetFontFace failed to load or process '../../../Engine/Content/Slate/Fonts/Fonts/Roboto-Bold.ttf'
[2017.11.19-01.02.04:692][356]LogStreaming: Warning: Failed to read file '../../../Engine/Content/Slate/Fonts/Fonts/Roboto-Bold.ttf' error.
[2017.11.19-01.02.04:692][356]LogSlate: Warning: GetFontFace failed to load or process '../../../Engine/Content/Slate/Fonts/Fonts/Roboto-Bold.ttf'
[2017.11.19-01.02.04:692][356]LogStreaming: Warning: Failed to read file '../../../Engine/Content/Slate/Fonts/Fonts/Roboto-Bold.ttf' error.
[2017.11.19-01.02.04:692][356]LogSlate: Warning: GetFontFace failed to load or process '../../../Engine/Content/Slate/Fonts/Fonts/Roboto-Bold.ttf'
[2017.11.19-01.02.04:692][356]LogStreaming: Warning: Failed to read file '../../../Engine/Content/Slate/Fonts/Fonts/Roboto-Bold.ttf' error.
[2017.11.19-01.02.04:692][356]LogSlate: Warning: GetFontFace failed to load or process '../../../Engine/Content/Slate/Fonts/Fonts/Roboto-Bold.ttf'
[2017.11.19-01.02.04:692][356]LogStreaming: Warning: Failed to read file '../../../Engine/Content/Slate/Fonts/Fonts/Roboto-Bold.ttf' error.
[2017.11.19-01.02.04:692][356]LogSlate: Warning: GetFontFace failed to load or process '../../../Engine/Content/Slate/Fonts/Fonts/Roboto-Bold.ttf'
[2017.11.19-01.02.04:693][356]LogStreaming: Warning: Failed to read file '../../../Engine/Content/Slate/Fonts/Fonts/Roboto-Bold.ttf' error.
[2017.11.19-01.02.04:693][356]LogSlate: Warning: GetFontFace failed to load or process '../../../Engine/Content/Slate/Fonts/Fonts/Roboto-Bold.ttf'
[2017.11.19-01.02.04:693][356]LogStreaming: Warning: Failed to read file '../../../Engine/Content/Slate/Fonts/Fonts/Roboto-Bold.ttf' error.
[2017.11.19-01.02.04:693][356]LogSlate: Warning: GetFontFace failed to load or process '../../../Engine/Content/Slate/Fonts/Fonts/Roboto-Bold.ttf'
[2017.11.19-01.02.04:693][356]LogStreaming: Warning: Failed to read file '../../../Engine/Content/Slate/Fonts/Fonts/Roboto-Bold.ttf' error.
[2017.11.19-01.02.04:693][356]LogSlate: Warning: GetFontFace failed to load or process '../../../Engine/Content/Slate/Fonts/Fonts/Roboto-Bold.ttf'
[2017.11.19-01.02.04:693][356]LogStreaming: Warning: Failed to read file '../../../Engine/Content/Slate/Fonts/Fonts/Roboto-Bold.ttf' error.
[2017.11.19-01.02.04:693][356]LogSlate: Warning: GetFontFace failed to load or process '../../../Engine/Content/Slate/Fonts/Fonts/Roboto-Bold.ttf'
[2017.11.19-01.02.04:693][356]LogStreaming: Warning: Failed to read file '../../../Engine/Content/Slate/Fonts/Fonts/Roboto-Bold.ttf' error.
[2017.11.19-01.02.04:693][356]LogSlate: Warning: GetFontFace failed to load or process '../../../Engine/Content/Slate/Fonts/Fonts/Roboto-Bold.ttf'
[2017.11.19-01.02.04:693][356]LogStreaming: Warning: Failed to read file '../../../Engine/Content/Slate/Fonts/Fonts/Roboto-Bold.ttf' error.
[2017.11.19-01.02.04:693][356]LogSlate: Warning: GetFontFace failed to load or process '../../../Engine/Content/Slate/Fonts/Fonts/Roboto-Bold.ttf'
[2017.11.19-01.02.04:693][356]LogStreaming: Warning: Failed to read file '../../../Engine/Content/Slate/Fonts/Fonts/Roboto-Bold.ttf' error.
[2017.11.19-01.02.04:693][356]LogSlate: Warning: GetFontFace failed to load or process '../../../Engine/Content/Slate/Fonts/Fonts/Roboto-Bold.ttf'
[2017.11.19-01.02.04:693][356]LogStreaming: Warning: Failed to read file '../../../Engine/Content/Slate/Fonts/Fonts/Roboto-Bold.ttf' error.
[2017.11.19-01.02.04:693][356]LogSlate: Warning: GetFontFace failed to load or process '../../../Engine/Content/Slate/Fonts/Fonts/Roboto-Bold.ttf'
[2017.11.19-01.02.24:724][763]LogEditorTransaction: Undo Clicando no Fundo
[2017.11.19-01.02.26:434][855]LogEditorTransaction: Undo Delete current selection
[2017.11.19-01.02.52:029][652]LogEditorTransaction: Undo Resize Widget
[2017.11.19-01.06.15:955][716]LogFileHelpers: Editor autosave (incl. sublevels) for '/Game/2DSideScrollerBP/Maps/Caramuru2D' took 0.056
[2017.11.19-01.06.15:977][716]OBJ SavePackage: Generating thumbnails for [0] asset(s) in package [/Game/Menu/HUD/HUD_Pausa] ([1] browsable assets)...
[2017.11.19-01.06.15:977][716]OBJ SavePackage: Finished generating thumbnails for package [/Game/Menu/HUD/HUD_Pausa]
[2017.11.19-01.06.16:142][716]LogSavePackage: Save=41.24ms
[2017.11.19-01.06.16:142][716]LogSavePackage: Moving '../../../../../../Users/diego/Documents/Unreal Projects/Caramuru2D-4.17/Saved/HUD_Pausa_Auto1108F97784149111412939E9F9E8F368A.tmp' to '../../../../../../Users/diego/Documents/Unreal Projects/Caramuru2D-4.17/Saved/Autosaves/Game/Menu/HUD/HUD_Pausa_Auto1.uasset'
[2017.11.19-01.06.16:144][716]LogSavePackage: Display: Finished SavePackage ../../../../../../Users/diego/Documents/Unreal Projects/Caramuru2D-4.17/Saved/Autosaves/Game/Menu/HUD/HUD_Pausa_Auto1.uasset
[2017.11.19-01.06.16:145][716]OBJ SavePackage: Generating thumbnails for [0] asset(s) in package [/Game/2DSideScrollerBP/hud] ([1] browsable assets)...
[2017.11.19-01.06.16:145][716]OBJ SavePackage: Finished generating thumbnails for package [/Game/2DSideScrollerBP/hud]
[2017.11.19-01.06.16:261][716]LogSavePackage: Save=49.92ms
[2017.11.19-01.06.16:261][716]LogSavePackage: Moving '../../../../../../Users/diego/Documents/Unreal Projects/Caramuru2D-4.17/Saved/hud_Auto18962BD2C403D5ABDFB046990D2A22B74.tmp' to '../../../../../../Users/diego/Documents/Unreal Projects/Caramuru2D-4.17/Saved/Autosaves/Game/2DSideScrollerBP/hud_Auto1.uasset'
[2017.11.19-01.06.16:262][716]LogSavePackage: Display: Finished SavePackage ../../../../../../Users/diego/Documents/Unreal Projects/Caramuru2D-4.17/Saved/Autosaves/Game/2DSideScrollerBP/hud_Auto1.uasset
[2017.11.19-01.06.16:263][716]LogFileHelpers: Auto-saving content packages took 0.293
[2017.11.19-01.06.33:024][750]BlueprintLog: New page: Compilar HUD_Pausa
[2017.11.19-01.06.33:741][763]Cmd: OBJ SAVEPACKAGE PACKAGE="/Game/Menu/HUD/HUD_Pausa" FILE="../../../../../../Users/diego/Documents/Unreal Projects/Caramuru2D-4.17/Content/Menu/HUD/HUD_Pausa.uasset" SILENT=true
[2017.11.19-01.06.33:832][763]LogSavePackage: Save=46.74ms
[2017.11.19-01.06.33:832][763]LogSavePackage: Moving '../../../../../../Users/diego/Documents/Unreal Projects/Caramuru2D-4.17/Saved/HUD_PausaF2544A96444C472B2278AE8F94D44E3E.tmp' to '../../../../../../Users/diego/Documents/Unreal Projects/Caramuru2D-4.17/Content/Menu/HUD/HUD_Pausa.uasset'
[2017.11.19-01.06.33:839][763]LogSavePackage: Display: Finished SavePackage ../../../../../../Users/diego/Documents/Unreal Projects/Caramuru2D-4.17/Content/Menu/HUD/HUD_Pausa.uasset
[2017.11.19-01.06.35:337][893]LogTemp: Repeating last play command: Selected Viewport
[2017.11.19-01.06.35:391][893]LogBlueprintUserMessages: Early PlayInEditor Detection: Level '/Game/2DSideScrollerBP/Maps/Caramuru2D.Caramuru2D:PersistentLevel' has LevelScriptBlueprint '/Game/2DSideScrollerBP/Maps/Caramuru2D.Caramuru2D:PersistentLevel.Caramuru2D' with GeneratedClass '/Game/2DSideScrollerBP/Maps/Caramuru2D.Caramuru2D_C' with ClassGeneratedBy '/Game/2DSideScrollerBP/Maps/Caramuru2D.Caramuru2D:PersistentLevel.Caramuru2D'
[2017.11.19-01.06.35:391][893]BlueprintLog: New page: Pre-Play auto-recompile
[2017.11.19-01.06.35:403][893]LogPlayLevel: [PlayLevel] Compiling hud before play...
[2017.11.19-01.06.35:493][893]LogPlayLevel: [PlayLevel]   Compiling Caramuru as a dependent...
[2017.11.19-01.06.35:866][893]LogPlayLevel: PlayLevel: Blueprint regeneration took 474 ms (2 blueprints)
[2017.11.19-01.06.35:866][893]PIE: New page: Sessão de PIE : Caramuru2D (18/11/2017 19:06:35)
[2017.11.19-01.06.35:866][893]LogPlayLevel: Creating play world package: /Game/2DSideScrollerBP/Maps/UEDPIE_0_Caramuru2D
[2017.11.19-01.06.35:872][893]LogPlayLevel: PIE: StaticDuplicateObject took: (0.005876s)
[2017.11.19-01.06.35:873][893]LogAIModule: Creating AISystem for world Caramuru2D
[2017.11.19-01.06.35:873][893]LogPlayLevel: PIE: World Init took: (0.001012s)
[2017.11.19-01.06.35:874][893]LogPlayLevel: PIE: Created PIE world by copying editor world from /Game/2DSideScrollerBP/Maps/Caramuru2D.Caramuru2D to /Game/2DSideScrollerBP/Maps/UEDPIE_0_Caramuru2D.Caramuru2D (0.007285s)
[2017.11.19-01.06.35:909][893]LogInit: XAudio2 using 'Philips TV (Áudio Intel(R) para telas)' : 2 channels at 48 kHz using 16 bits per sample (channel mask 0x3)
[2017.11.19-01.06.35:919][893]LogInit: FAudioDevice initialized.
[2017.11.19-01.06.35:972][893]LogLoad: Game class is '2DSideScrollerGameMode_C'
[2017.11.19-01.06.35:980][893]LogWorld: Bringing World /Game/2DSideScrollerBP/Maps/UEDPIE_0_Caramuru2D.Caramuru2D up for play (max tick rate 0) at 2017.11.18-22.06.35
[2017.11.19-01.06.35:983][893]LogWorld: Bringing up level for play took: 0.009731
[2017.11.19-01.06.35:985][893]LogBlueprintUserMessages: [Character] SpreaderGun
[2017.11.19-01.06.35:987][893]PIE: Momento de início de reprodução no editor para /Game/2DSideScrollerBP/Maps/UEDPIE_0_Caramuru2D -0,095
[2017.11.19-01.06.35:987][893]LogBlueprintUserMessages: Late PlayInEditor Detection: Level '/Game/2DSideScrollerBP/Maps/Caramuru2D.Caramuru2D:PersistentLevel' has LevelScriptBlueprint '/Game/2DSideScrollerBP/Maps/Caramuru2D.Caramuru2D:PersistentLevel.Caramuru2D' with GeneratedClass '/Game/2DSideScrollerBP/Maps/Caramuru2D.Caramuru2D_C' with ClassGeneratedBy '/Game/2DSideScrollerBP/Maps/Caramuru2D.Caramuru2D:PersistentLevel.Caramuru2D'
[2017.11.19-01.06.36:189][894]LogCharacterMovement: Warning: GetSimulationTimeStep() - Max iterations 8 hit while remaining time 0.055718 > MaxSimulationTimeStep (0.050) for 'EnemyCharacter_226', movement 'Walking'
[2017.11.19-01.06.40:566][ 69]LogBlueprintUserMessages: Early EndPlayMap Detection: Level '/Game/2DSideScrollerBP/Maps/Caramuru2D.Caramuru2D:PersistentLevel' has LevelScriptBlueprint '/Game/2DSideScrollerBP/Maps/Caramuru2D.Caramuru2D:PersistentLevel.Caramuru2D' with GeneratedClass '/Game/2DSideScrollerBP/Maps/Caramuru2D.Caramuru2D_C' with ClassGeneratedBy '/Game/2DSideScrollerBP/Maps/Caramuru2D.Caramuru2D:PersistentLevel.Caramuru2D'
[2017.11.19-01.06.40:658][ 69]LogBlueprintUserMessages: Late EndPlayMap Detection: Level '/Game/2DSideScrollerBP/Maps/Caramuru2D.Caramuru2D:PersistentLevel' has LevelScriptBlueprint '/Game/2DSideScrollerBP/Maps/Caramuru2D.Caramuru2D:PersistentLevel.Caramuru2D' with GeneratedClass '/Game/2DSideScrollerBP/Maps/Caramuru2D.Caramuru2D_C' with ClassGeneratedBy '/Game/2DSideScrollerBP/Maps/Caramuru2D.Caramuru2D:PersistentLevel.Caramuru2D'
[2017.11.19-01.06.57:415][ 18]LogTemp: Repeating last play command: Selected Viewport
[2017.11.19-01.06.57:471][ 18]LogBlueprintUserMessages: Early PlayInEditor Detection: Level '/Game/2DSideScrollerBP/Maps/Caramuru2D.Caramuru2D:PersistentLevel' has LevelScriptBlueprint '/Game/2DSideScrollerBP/Maps/Caramuru2D.Caramuru2D:PersistentLevel.Caramuru2D' with GeneratedClass '/Game/2DSideScrollerBP/Maps/Caramuru2D.Caramuru2D_C' with ClassGeneratedBy '/Game/2DSideScrollerBP/Maps/Caramuru2D.Caramuru2D:PersistentLevel.Caramuru2D'
[2017.11.19-01.06.57:471][ 18]LogPlayLevel: PlayLevel: No blueprints needed recompiling
[2017.11.19-01.06.57:471][ 18]PIE: New page: Sessão de PIE : Caramuru2D (18/11/2017 19:06:57)
[2017.11.19-01.06.57:471][ 18]LogPlayLevel: Creating play world package: /Game/2DSideScrollerBP/Maps/UEDPIE_0_Caramuru2D
[2017.11.19-01.06.57:480][ 18]LogPlayLevel: PIE: StaticDuplicateObject took: (0.008265s)
[2017.11.19-01.06.57:481][ 18]LogAIModule: Creating AISystem for world Caramuru2D
[2017.11.19-01.06.57:481][ 18]LogPlayLevel: PIE: World Init took: (0.001032s)
[2017.11.19-01.06.57:481][ 18]LogPlayLevel: PIE: Created PIE world by copying editor world from /Game/2DSideScrollerBP/Maps/Caramuru2D.Caramuru2D to /Game/2DSideScrollerBP/Maps/UEDPIE_0_Caramuru2D.Caramuru2D (0.009793s)
[2017.11.19-01.06.57:527][ 18]LogInit: XAudio2 using 'Philips TV (Áudio Intel(R) para telas)' : 2 channels at 48 kHz using 16 bits per sample (channel mask 0x3)
[2017.11.19-01.06.57:538][ 18]LogInit: FAudioDevice initialized.
[2017.11.19-01.06.57:596][ 18]LogLoad: Game class is '2DSideScrollerGameMode_C'
[2017.11.19-01.06.57:604][ 18]LogWorld: Bringing World /Game/2DSideScrollerBP/Maps/UEDPIE_0_Caramuru2D.Caramuru2D up for play (max tick rate 0) at 2017.11.18-22.06.57
[2017.11.19-01.06.57:606][ 18]LogWorld: Bringing up level for play took: 0.009720
[2017.11.19-01.06.57:608][ 18]LogBlueprintUserMessages: [Character] SpreaderGun
[2017.11.19-01.06.57:610][ 18]PIE: Momento de início de reprodução no editor para /Game/2DSideScrollerBP/Maps/UEDPIE_0_Caramuru2D -0,473
[2017.11.19-01.06.57:611][ 18]LogBlueprintUserMessages: Late PlayInEditor Detection: Level '/Game/2DSideScrollerBP/Maps/Caramuru2D.Caramuru2D:PersistentLevel' has LevelScriptBlueprint '/Game/2DSideScrollerBP/Maps/Caramuru2D.Caramuru2D:PersistentLevel.Caramuru2D' with GeneratedClass '/Game/2DSideScrollerBP/Maps/Caramuru2D.Caramuru2D_C' with ClassGeneratedBy '/Game/2DSideScrollerBP/Maps/Caramuru2D.Caramuru2D:PersistentLevel.Caramuru2D'
[2017.11.19-01.07.08:119][496]LogBlueprintUserMessages: Early EndPlayMap Detection: Level '/Game/2DSideScrollerBP/Maps/Caramuru2D.Caramuru2D:PersistentLevel' has LevelScriptBlueprint '/Game/2DSideScrollerBP/Maps/Caramuru2D.Caramuru2D:PersistentLevel.Caramuru2D' with GeneratedClass '/Game/2DSideScrollerBP/Maps/Caramuru2D.Caramuru2D_C' with ClassGeneratedBy '/Game/2DSideScrollerBP/Maps/Caramuru2D.Caramuru2D:PersistentLevel.Caramuru2D'
[2017.11.19-01.07.08:213][496]LogBlueprintUserMessages: Late EndPlayMap Detection: Level '/Game/2DSideScrollerBP/Maps/Caramuru2D.Caramuru2D:PersistentLevel' has LevelScriptBlueprint '/Game/2DSideScrollerBP/Maps/Caramuru2D.Caramuru2D:PersistentLevel.Caramuru2D' with GeneratedClass '/Game/2DSideScrollerBP/Maps/Caramuru2D.Caramuru2D_C' with ClassGeneratedBy '/Game/2DSideScrollerBP/Maps/Caramuru2D.Caramuru2D:PersistentLevel.Caramuru2D'
[2017.11.19-01.07.14:812][ 52]LogSavePackage: Save=201.77ms
[2017.11.19-01.07.14:812][ 52]LogSavePackage: Moving '../../../../../../Users/diego/Documents/Unreal Projects/Caramuru2D-4.17/Saved/Caramuru2D0FC222274ACC81FCB2FD87AE38BED134.tmp' to '../../../../../../Users/diego/Documents/Unreal Projects/Caramuru2D-4.17/Content/2DSideScrollerBP/Maps/Caramuru2D.umap'
[2017.11.19-01.07.14:817][ 52]LogSavePackage: Display: Finished SavePackage ../../../../../../Users/diego/Documents/Unreal Projects/Caramuru2D-4.17/Content/2DSideScrollerBP/Maps/Caramuru2D.umap
[2017.11.19-01.17.14:659][814]LogFileHelpers: Editor autosave (incl. sublevels) for '/Game/2DSideScrollerBP/Maps/Caramuru2D' took 0.052
[2017.11.19-01.17.14:662][814]OBJ SavePackage: Generating thumbnails for [0] asset(s) in package [/Game/2DSideScrollerBP/hud] ([1] browsable assets)...
[2017.11.19-01.17.14:662][814]OBJ SavePackage: Finished generating thumbnails for package [/Game/2DSideScrollerBP/hud]
[2017.11.19-01.17.14:797][814]LogSavePackage: Save=36.96ms
[2017.11.19-01.17.14:797][814]LogSavePackage: Moving '../../../../../../Users/diego/Documents/Unreal Projects/Caramuru2D-4.17/Saved/hud_Auto214DF488C48D07E51B22E77B1ABCC92EE.tmp' to '../../../../../../Users/diego/Documents/Unreal Projects/Caramuru2D-4.17/Saved/Autosaves/Game/2DSideScrollerBP/hud_Auto2.uasset'
[2017.11.19-01.17.14:799][814]LogSavePackage: Display: Finished SavePackage ../../../../../../Users/diego/Documents/Unreal Projects/Caramuru2D-4.17/Saved/Autosaves/Game/2DSideScrollerBP/hud_Auto2.uasset
[2017.11.19-01.17.14:799][814]LogFileHelpers: Auto-saving content packages took 0.139
[2017.11.19-01.18.19:563][210]LogAIModule: Creating AISystem for world Level_Game_Main_Menu
[2017.11.19-01.18.21:867][210]Cmd: MAP LOAD FILE="../../../../../../Users/diego/Documents/Unreal Projects/Caramuru2D-4.17/Content/Menu/Levels/Level_Game_Main_Menu.umap" TEMPLATE=0 SHOWPROGRESS=1 FEATURELEVEL=3
[2017.11.19-01.18.21:870][210]LightingResults: New page: Compilação de Iluminação
[2017.11.19-01.18.21:871][210]LoadErrors: New page: Carregando mapa: Level_Game_Main_Menu.umap
[2017.11.19-01.18.21:956][210]MapCheck: New page: Verificação de Mapa
[2017.11.19-01.18.21:956][210]LightingResults: New page: Compilação de Iluminação
[2017.11.19-01.18.22:127][210]LogEditorServer: Finished looking for orphan Actors (0.000 secs)
[2017.11.19-01.18.22:234][210]Cmd: MAP CHECKDEP NOCLEARLOG
[2017.11.19-01.18.26:044][210]MapCheck: Map check complete: 0 Error(s), 0 Warning(s), took 3.809,04ms to complete.
[2017.11.19-01.18.26:048][210]LogFileHelpers: Loading map 'Level_Game_Main_Menu' took 4.183
[2017.11.19-01.19.42:116][252]Cmd: OBJ SAVEPACKAGE PACKAGE="/Game/Menu/HUD/HUD_Pausa" FILE="../../../../../../Users/diego/Documents/Unreal Projects/Caramuru2D-4.17/Content/Menu/HUD/HUD_Pausa.uasset" SILENT=true
[2017.11.19-01.19.42:221][252]LogSavePackage: Save=45.50ms
[2017.11.19-01.19.42:222][252]LogSavePackage: Moving '../../../../../../Users/diego/Documents/Unreal Projects/Caramuru2D-4.17/Saved/HUD_PausaAC14BBDB423CBD31A2D41FB358072620.tmp' to '../../../../../../Users/diego/Documents/Unreal Projects/Caramuru2D-4.17/Content/Menu/HUD/HUD_Pausa.uasset'
[2017.11.19-01.19.42:224][252]LogSavePackage: Display: Finished SavePackage ../../../../../../Users/diego/Documents/Unreal Projects/Caramuru2D-4.17/Content/Menu/HUD/HUD_Pausa.uasset
[2017.11.19-01.19.42:602][281]BlueprintLog: New page: Compilar HUD_Pausa
[2017.11.19-01.19.45:433][379]LogSavePackage: Save=86.17ms
[2017.11.19-01.19.45:434][379]LogSavePackage: Moving '../../../../../../Users/diego/Documents/Unreal Projects/Caramuru2D-4.17/Saved/Level_Game_Main_MenuFBEFE2B747AA207651916E9E6CA70E4B.tmp' to '../../../../../../Users/diego/Documents/Unreal Projects/Caramuru2D-4.17/Content/Menu/Levels/Level_Game_Main_Menu.umap'
[2017.11.19-01.19.45:438][379]LogSavePackage: Display: Finished SavePackage ../../../../../../Users/diego/Documents/Unreal Projects/Caramuru2D-4.17/Content/Menu/Levels/Level_Game_Main_Menu.umap
[2017.11.19-01.19.46:988][428]Cmd: OBJ SAVEPACKAGE PACKAGE="/Game/2DSideScrollerBP/hud" FILE="../../../../../../Users/diego/Documents/Unreal Projects/Caramuru2D-4.17/Content/2DSideScrollerBP/hud.uasset" SILENT=true
[2017.11.19-01.19.47:060][428]LogSavePackage: Save=29.65ms
[2017.11.19-01.19.47:061][428]LogSavePackage: Moving '../../../../../../Users/diego/Documents/Unreal Projects/Caramuru2D-4.17/Saved/hud3412737743CD94FEA71ACE96A0F572A8.tmp' to '../../../../../../Users/diego/Documents/Unreal Projects/Caramuru2D-4.17/Content/2DSideScrollerBP/hud.uasset'
[2017.11.19-01.19.47:065][428]LogSavePackage: Display: Finished SavePackage ../../../../../../Users/diego/Documents/Unreal Projects/Caramuru2D-4.17/Content/2DSideScrollerBP/hud.uasset
[2017.11.19-01.19.49:459][520]SourceControl: fatal: C:/Program Files/Epic Games/UE_4.17/Engine/Content/: 'C:/Program Files/Epic Games/UE_4.17/Engine/Content/' is outside repository
[2017.11.19-01.20.02:942][520]LogSourceControl: FGitCheckInWorker: commit successful
[2017.11.19-01.20.03:164][520]SourceControl: [master f3afae3] menu corrigido e pausa corrigida
[2017.11.19-01.20.03:164][520]SourceControl:  4 files changed, 0 insertions(+), 0 deletions(-)
[2017.11.19-01.20.03:174][520]SourceControl: Commited [master f3afae3] menu corrigido e pausa corrigida.
