Log file open, 11/16/17 23:37:55
LogWindows: Failed to load 'aqProf.dll' (GetLastError=126)
LogWindows: File 'aqProf.dll' does not exist
LogWindows: Failed to load 'VSPerf140.dll' (GetLastError=126)
LogWindows: File 'VSPerf140.dll' does not exist
LogWindows: Failed to load 'VtuneApi.dll' (GetLastError=126)
LogWindows: File 'VtuneApi.dll' does not exist
LogWindows: Failed to load 'VtuneApi32e.dll' (GetLastError=126)
LogWindows: File 'VtuneApi32e.dll' does not exist
LogInit: Display: Running engine for game: Caramuru2D
LogPlatformFile: Not using cached read wrapper
LogInit: Display: RandInit(1162123521) SRandInit(1162123521).
LogTaskGraph: Started task graph with 5 named threads and 14 total threads with 3 sets of task threads.
LogStats: Stats thread started at 0.277488
LogD3D11RHI: Aftermath initialized
LogPluginManager: Mounting plugin Paper2D
LogPluginManager: Mounting plugin LightPropagationVolume
LogPluginManager: Mounting plugin CodeLiteSourceCodeAccess
LogPluginManager: Mounting plugin GitSourceControl
LogPluginManager: Mounting plugin KDevelopSourceCodeAccess
LogPluginManager: Mounting plugin NullSourceCodeAccess
LogPluginManager: Mounting plugin PerforceSourceControl
LogPluginManager: Mounting plugin SubversionSourceControl
LogPluginManager: Mounting plugin UObjectPlugin
LogPluginManager: Mounting plugin VisualStudioSourceCodeAccess
LogPluginManager: Mounting plugin XCodeSourceCodeAccess
LogPluginManager: Mounting plugin AssetManagerEditor
LogPluginManager: Mounting plugin AudioCapture
LogPluginManager: Mounting plugin FacialAnimation
LogPluginManager: Mounting plugin GameplayTagsEditor
LogPluginManager: Mounting plugin MobileLauncherProfileWizard
LogPluginManager: Mounting plugin PluginBrowser
LogPluginManager: Mounting plugin SpeedTreeImporter
LogPluginManager: Mounting plugin AlembicImporter
LogPluginManager: Mounting plugin CharacterAI
LogPluginManager: Mounting plugin HTML5Networking
LogPluginManager: Mounting plugin AndroidMedia
LogPluginManager: Mounting plugin AvfMedia
LogPluginManager: Mounting plugin MediaPlayerEditor
LogPluginManager: Mounting plugin WmfMedia
LogPluginManager: Mounting plugin TcpMessaging
LogPluginManager: Mounting plugin UdpMessaging
LogPluginManager: Mounting plugin LevelSequenceEditor
LogPluginManager: Mounting plugin MatineeToLevelSequence
LogPluginManager: Mounting plugin OnlineSubsystemGooglePlay
LogPluginManager: Mounting plugin OnlineSubsystemIOS
LogPluginManager: Mounting plugin OnlineSubsystem
LogPluginManager: Mounting plugin OnlineSubsystemNull
LogPluginManager: Mounting plugin OnlineSubsystemUtils
LogPluginManager: Mounting plugin AndroidDeviceProfileSelector
LogPluginManager: Mounting plugin AndroidMoviePlayer
LogPluginManager: Mounting plugin AndroidPermission
LogPluginManager: Mounting plugin AppleMoviePlayer
LogPluginManager: Mounting plugin ArchVisCharacter
LogPluginManager: Mounting plugin CableComponent
LogPluginManager: Mounting plugin CustomMeshComponent
LogPluginManager: Mounting plugin ExampleDeviceProfileSelector
LogPluginManager: Mounting plugin GoogleCloudMessaging
LogPluginManager: Mounting plugin ImmediatePhysics
LogPluginManager: Mounting plugin IOSDeviceProfileSelector
LogPluginManager: Mounting plugin LinuxDeviceProfileSelector
LogPluginManager: Mounting plugin LocationServicesBPLibrary
LogPluginManager: Mounting plugin MobilePatchingUtils
LogPluginManager: Mounting plugin OculusVR
LogPluginManager: Mounting plugin PhysXVehicles
LogPluginManager: Mounting plugin ProceduralMeshComponent
LogPluginManager: Mounting plugin RuntimePhysXCooking
LogPluginManager: Mounting plugin SteamVR
LogPluginManager: Mounting plugin WindowsMoviePlayer
LogInit: Using libcurl 7.47.1
LogInit:  - built for x86_64-pc-win32
LogInit:  - supports SSL with OpenSSL/1.0.2g
LogInit:  - supports HTTP deflate (compression) using libz 1.2.8
LogInit:  - other features:
LogInit:      CURL_VERSION_SSL
LogInit:      CURL_VERSION_LIBZ
LogInit:      CURL_VERSION_IPV6
LogInit:      CURL_VERSION_ASYNCHDNS
LogInit:      CURL_VERSION_LARGEFILE
LogInit:      CURL_VERSION_IDN
LogInit:  CurlRequestOptions (configurable via config and command line):
LogInit:  - bVerifyPeer = false  - Libcurl will NOT verify peer certificate
LogInit:  - bUseHttpProxy = false  - Libcurl will NOT use HTTP proxy
LogInit:  - bDontReuseConnections = false  - Libcurl will reuse connections
LogInit:  - CertBundlePath = nullptr  - Libcurl will use whatever was configured at build time.
LogInit: Build: ++UE4+Release-4.17-CL-3658906
LogInit: Engine Version: 4.17.2-3658906+++UE4+Release-4.17
LogInit: Compatible Engine Version: 4.17.0-3573198+++UE4+Release-4.17
LogInit: Net CL: 3573198
LogDevObjectVersion: Number of dev versions registered: 16
LogDevObjectVersion:   Dev-Blueprints (B0D832E4-1F89-4F0D-ACCF-7EB736FD4AA2): 10
LogDevObjectVersion:   Dev-Build (E1C64328-A22C-4D53-A36C-8E866417BD8C): 0
LogDevObjectVersion:   Dev-Core (375EC13C-06E4-48FB-B500-84F0262A717E): 2
LogDevObjectVersion:   Dev-Editor (E4B068ED-F494-42E9-A231-DA0B2E46BB41): 20
LogDevObjectVersion:   Dev-Framework (CFFC743F-43B0-4480-9391-14DF171D2073): 28
LogDevObjectVersion:   Dev-Mobile (B02B49B5-BB20-44E9-A304-32B752E40360): 0
LogDevObjectVersion:   Dev-Networking (A4E4105C-59A1-49B5-A7C5-40C4547EDFEE): 0
LogDevObjectVersion:   Dev-Online (39C831C9-5AE6-47DC-9A44-9C173E1C8E7C): 0
LogDevObjectVersion:   Dev-Physics (78F01B33-EBEA-4F98-B9B4-84EACCB95AA2): 0
LogDevObjectVersion:   Dev-Platform (6631380F-2D4D-43E0-8009-CF276956A95A): 0
LogDevObjectVersion:   Dev-Rendering (12F88B9F-8875-4AFC-A67C-D90C383ABD29): 19
LogDevObjectVersion:   Dev-Sequencer (7B5AE74C-D270-4C10-A958-57980B212A5A): 4
LogDevObjectVersion:   Dev-VR (D7296918-1DD6-4BDD-9DE2-64A83CC13884): 0
LogDevObjectVersion:   Dev-LoadTimes (C2A15278-BFE7-4AFE-6C17-90FF531DF755): 1
LogDevObjectVersion:   Private-Geometry (6EACA3D4-40EC-4CC1-B786-8BED09428FC5): 1
LogDevObjectVersion:   Dev-AnimPhys (29E575DD-E0A3-4627-9D10-D276232CDCEA): 7
LogInit: Compiled (64-bit): Sep 22 2017 13:47:16
LogInit: Compiled with Visual C++: 19.00.24215.01
LogInit: Build Configuration: Development
LogInit: Branch Name: ++UE4+Release-4.17
LogInit: Command line:  
LogInit: Base directory: C:/Program Files/Epic Games/UE_4.17/Engine/Binaries/Win64/
LogInit: Installed Engine Build: 1
LogInit: Presizing for max 8388607 objects, including 0 objects not considered by GC, pre-allocating 0 bytes for permanent pool.
LogInit: Object subsystem initialized
[2017.11.17-02.37.59:829][  0]LogInit: Selected Device Profile: [Windows]
[2017.11.17-02.37.59:829][  0]LogInit: Applying CVar settings loaded from the selected device profile: [Windows]
[2017.11.17-02.38.00:097][  0]LogInit: Computer: MARCELOM
[2017.11.17-02.38.00:097][  0]LogInit: User: Marcelo
[2017.11.17-02.38.00:097][  0]LogInit: CPU Page size=4096, Cores=4
[2017.11.17-02.38.00:097][  0]LogInit: High frequency timer resolution =3.020346 MHz
[2017.11.17-02.38.00:098][  0]LogMemory: Memory total: Physical=7.9GB (8GB approx)
[2017.11.17-02.38.00:143][  0]LogMemory: Platform Memory Stats for Windows
[2017.11.17-02.38.00:143][  0]LogMemory: Process Physical Memory: 276.98 MB used, 276.98 MB peak
[2017.11.17-02.38.00:143][  0]LogMemory: Process Virtual Memory: 289.86 MB used, 289.86 MB peak
[2017.11.17-02.38.00:143][  0]LogMemory: Physical Memory: 4141.98 MB used,  3987.87 MB free, 8129.85 MB total
[2017.11.17-02.38.00:143][  0]LogMemory: Virtual Memory: 667.25 MB used,  3987.87 MB free, 134217728.00 MB total
[2017.11.17-02.38.04:550][  0]LogInit: Overriding language with editor language configuration option (en).
[2017.11.17-02.38.04:550][  0]LogInit: Overriding locale with editor locale configuration option (en).
[2017.11.17-02.38.22:671][  0]LogD3D11RHI: D3D11 adapters:
[2017.11.17-02.38.22:860][  0]LogD3D11RHI:    0. 'NVIDIA GeForce GTX 1050 Ti' (Feature Level 11_0)
[2017.11.17-02.38.22:860][  0]LogD3D11RHI:       3992/0/4064 MB DedicatedVideo/DedicatedSystem/SharedSystem, Outputs:1, VendorId:0x10de
[2017.11.17-02.38.22:895][  0]LogD3D11RHI:    1. 'Microsoft Basic Render Driver' (Feature Level 11_0)
[2017.11.17-02.38.22:895][  0]LogD3D11RHI:       0/0/256 MB DedicatedVideo/DedicatedSystem/SharedSystem, Outputs:0, VendorId:0x1414
[2017.11.17-02.38.22:896][  0]LogD3D11RHI: Chosen D3D11 Adapter: 0
[2017.11.17-02.38.22:949][  0]LogD3D11RHI: Creating new Direct3DDevice
[2017.11.17-02.38.22:949][  0]LogD3D11RHI:     GPU DeviceId: 0x1c82 (for the marketing name, search the web for "GPU Device Id")
[2017.11.17-02.38.22:977][  0]LogWindows: EnumDisplayDevices:
[2017.11.17-02.38.22:977][  0]LogWindows:    0. 'NVIDIA GeForce GTX 1050 Ti' (P:1 D:1)
[2017.11.17-02.38.22:977][  0]LogWindows:    1. 'NVIDIA GeForce GTX 1050 Ti' (P:0 D:0)
[2017.11.17-02.38.22:977][  0]LogWindows:    2. 'NVIDIA GeForce GTX 1050 Ti' (P:0 D:0)
[2017.11.17-02.38.22:977][  0]LogWindows:    3. 'NVIDIA GeForce GTX 1050 Ti' (P:0 D:0)
[2017.11.17-02.38.22:977][  0]LogWindows: DebugString: FoundDriverCount:4 
[2017.11.17-02.38.22:977][  0]LogD3D11RHI:     Adapter Name: NVIDIA GeForce GTX 1050 Ti
[2017.11.17-02.38.23:016][  0]LogD3D11RHI:   Driver Version: 387.92 (internal:23.21.13.8792, unified:387.92)
[2017.11.17-02.38.23:016][  0]LogD3D11RHI:      Driver Date: 10-6-2017
[2017.11.17-02.38.23:016][  0]LogRHI: Texture pool is 1361 MB (70% of 1945 MB)
[2017.11.17-02.38.23:164][  0]LogD3D11RHI: Async texture creation enabled
[2017.11.17-02.38.24:648][  0]LogD3D11RHI: GPU Timing Frequency: 1000.000000 (Debug: 2 9)
[2017.11.17-02.38.25:444][  0]LogShaderCompilers: Guid format shader working directory is -24 characters bigger than the processId version (../../../../../../Users/Marcelo/Documents/Unreal Projects/Caramuru2D 4.17/Intermediate/Shaders/WorkingDirectory/516/).
[2017.11.17-02.38.25:445][  0]LogShaderCompilers: Cleaned the shader compiler working directory 'C:/Users/Marcelo/AppData/Local/Temp/UnrealShaderWorkingDir/BB4A7A42401C44A2ABD7428D917E2C45/'.
[2017.11.17-02.38.25:465][  0]LogShaderCompilers: Display: Using Local Shader Compiler.
[2017.11.17-02.39.11:090][  0]LogTemp: Display: Loaded TP AllDesktopTargetPlatform
[2017.11.17-02.39.11:251][  0]LogTemp: Display: Loaded TP MacClientTargetPlatform
[2017.11.17-02.39.11:351][  0]LogTemp: Display: Loaded TP MacNoEditorTargetPlatform
[2017.11.17-02.39.11:422][  0]LogTemp: Display: Loaded TP MacServerTargetPlatform
[2017.11.17-02.39.11:631][  0]LogTemp: Display: Loaded TP MacTargetPlatform
[2017.11.17-02.39.11:695][  0]LogTemp: Display: Loaded TP WindowsClientTargetPlatform
[2017.11.17-02.39.11:790][  0]LogTemp: Display: Loaded TP WindowsNoEditorTargetPlatform
[2017.11.17-02.39.11:865][  0]LogTemp: Display: Loaded TP WindowsServerTargetPlatform
[2017.11.17-02.39.11:921][  0]LogTemp: Display: Loaded TP WindowsTargetPlatform
[2017.11.17-02.39.12:032][  0]LogTemp: Display: Loaded TP AndroidTargetPlatform
[2017.11.17-02.39.12:108][  0]LogTemp: Display: Loaded TP Android_ASTCTargetPlatform
[2017.11.17-02.39.12:278][  0]LogTemp: Display: Loaded TP Android_ATCTargetPlatform
[2017.11.17-02.39.12:335][  0]LogTemp: Display: Loaded TP Android_DXTTargetPlatform
[2017.11.17-02.39.12:393][  0]LogTemp: Display: Loaded TP Android_ETC1TargetPlatform
[2017.11.17-02.39.12:508][  0]LogTemp: Display: Loaded TP Android_ETC2TargetPlatform
[2017.11.17-02.39.12:681][  0]LogTemp: Display: Loaded TP Android_MultiTargetPlatform
[2017.11.17-02.39.12:681][  0]LogTemp: Display: Loaded TP Android_PVRTCTargetPlatform
[2017.11.17-02.39.12:732][  0]LogTemp: Display: Loaded TP HTML5TargetPlatform
[2017.11.17-02.39.12:953][  0]LogTemp: Display: Loaded TP IOSTargetPlatform
[2017.11.17-02.39.13:041][  0]LogTemp: Display: Loaded TP TVOSTargetPlatform
[2017.11.17-02.39.13:133][  0]LogTemp: Display: Loaded TP LinuxClientTargetPlatform
[2017.11.17-02.39.13:200][  0]LogTemp: Display: Loaded TP LinuxNoEditorTargetPlatform
[2017.11.17-02.39.13:262][  0]LogTemp: Display: Loaded TP LinuxServerTargetPlatform
[2017.11.17-02.39.13:371][  0]LogTemp: Display: Loaded TP LinuxTargetPlatform
[2017.11.17-02.39.13:398][  0]LogTargetPlatformManager: Display: Building Assets For Windows
[2017.11.17-02.39.16:184][  0]LogDerivedDataCache: Display: Max Cache Size: 512 MB
[2017.11.17-02.39.17:067][  0]LogDerivedDataCache: Loaded boot cache 0.86s 93MB C:/Users/Marcelo/AppData/Local/UnrealEngine/4.17/DerivedDataCache/Boot.ddc.
[2017.11.17-02.39.17:067][  0]LogDerivedDataCache: Display: Loaded Boot cache: C:/Users/Marcelo/AppData/Local/UnrealEngine/4.17/DerivedDataCache/Boot.ddc
[2017.11.17-02.39.17:068][  0]LogDerivedDataCache: FDerivedDataBackendGraph:  Pak pak cache file ../../../../../../Users/Marcelo/Documents/Unreal Projects/Caramuru2D 4.17/DerivedDataCache/DDC.ddp not found, will not use a pak cache.
[2017.11.17-02.39.17:068][  0]LogDerivedDataCache: Unable to find inner node Pak for hierarchical cache Hierarchy.
[2017.11.17-02.39.17:068][  0]LogDerivedDataCache: FDerivedDataBackendGraph:  CompressedPak pak cache file ../../../../../../Users/Marcelo/Documents/Unreal Projects/Caramuru2D 4.17/DerivedDataCache/Compressed.ddp not found, will not use a pak cache.
[2017.11.17-02.39.17:068][  0]LogDerivedDataCache: Unable to find inner node CompressedPak for hierarchical cache Hierarchy.
[2017.11.17-02.39.17:154][  0]LogDerivedDataCache: Display: Pak cache opened for reading ../../../Engine/DerivedDataCache/Compressed.ddp.
[2017.11.17-02.39.17:210][  0]LogDerivedDataCache: Using Local data cache path C:/Users/Marcelo/AppData/Local/UnrealEngine/Common/DerivedDataCache: Writable
[2017.11.17-02.39.17:364][  0]LogMaterial: Verifying Global Shaders for PCD3D_SM5
[2017.11.17-02.39.17:524][  0]LogSlate: Using Freetype 2.6.0
[2017.11.17-02.39.17:625][  0]LogSlate: SlateFontCache - WITH_FREETYPE: 1, WITH_HARFBUZZ: 1
[2017.11.17-02.39.17:625][  0]LogSlate: SlateFontCache - WITH_FREETYPE: 1, WITH_HARFBUZZ: 1
[2017.11.17-02.39.29:349][  0]LogAssetRegistry: FAssetRegistry took 0.0289 seconds to start up
[2017.11.17-02.39.31:191][  0]LogInit: Selected Device Profile: [Windows]
[2017.11.17-02.39.36:646][  0]LogContentStreaming: Texture pool size is 0.00 MB
[2017.11.17-02.39.37:849][  0]LogSimplygon: Simplygon DLL not present - disabling.
[2017.11.17-02.39.37:908][  0]LogMeshReduction: Using SimplygonSwarm for distributed automatic mesh merging
[2017.11.17-02.39.37:931][  0]LogMeshReduction: Using QuadricMeshReduction for automatic static mesh reduction
[2017.11.17-02.39.37:931][  0]LogMeshReduction: No automatic skeletal mesh reduction module available
[2017.11.17-02.39.37:931][  0]LogMeshReduction: No automatic mesh merging module available
[2017.11.17-02.39.37:931][  0]LogMeshMerging: No automatic mesh merging module available
[2017.11.17-02.39.41:909][  0]LogNetVersion: Caramuru2D , NetCL: 3573198, EngineNetVer: 2, GameNetVer: 0 (Checksum: 1344554375)
[2017.11.17-02.39.44:072][  0]LogPackageLocalizationCache: Processed 5 localized package path(s) for 1 prioritized culture(s) in 0.138059 seconds
[2017.11.17-02.39.44:078][  0]LogUObjectArray: 35825 objects as part of root set at end of initial load.
[2017.11.17-02.39.44:078][  0]LogUObjectAllocator: 7529112 out of 0 bytes used by permanent object pool.
[2017.11.17-02.39.44:104][  0]LogUObjectArray: CloseDisregardForGC: 0/0 objects in disregard for GC pool
[2017.11.17-02.39.44:199][  0]LogInit: WinSock: version 1.1 (2.2), MaxSocks=32767, MaxUdp=65467
[2017.11.17-02.40.09:494][  0]LogTcpMessaging: Initializing TcpMessaging bridge
[2017.11.17-02.40.09:549][  0]LogUdpMessaging: Initializing bridge on interface 0.0.0.0:0 to multicast group 230.0.0.1:6666.
[2017.11.17-02.40.11:445][  0]LogMaterial: Uniform references updated for custom material expression Custom.
[2017.11.17-02.40.12:642][  0]SourceControl: Source control is disabled
[2017.11.17-02.40.15:732][  0]LogAndroidPermission: UAndroidPermissionCallbackProxy::GetInstance
[2017.11.17-02.40.16:027][  0]LogOcInput: OculusInput pre-init called
[2017.11.17-02.40.16:940][  0]LogEngine: Initializing Engine...
[2017.11.17-02.40.16:983][  0]LogHMD: Failed to initialize OpenVR with code 110
[2017.11.17-02.40.18:085][  0]LogStats: UGameplayTagsManager::ConstructGameplayTagTree: Construct from data asset -  0.000 s
[2017.11.17-02.40.18:085][  0]LogStats: UGameplayTagsManager::ConstructGameplayTagTree: GameplayTagTreeChangedEvent.Broadcast -  0.000 s
[2017.11.17-02.40.18:737][  0]LogAIModule: Creating AISystem for world Untitled
[2017.11.17-02.40.18:934][  0]LogInit: XAudio2 using 'Alto-falantes (2- Realtek High Definition Audio)' : 2 channels at 48 kHz using 32 bits per sample (channel mask 0x3)
[2017.11.17-02.40.18:943][  0]LogInit: FAudioDevice initialized.
[2017.11.17-02.40.19:170][  0]LogDerivedDataCache: Saved boot cache 0.21s 93MB C:/Users/Marcelo/AppData/Local/UnrealEngine/4.17/DerivedDataCache/Boot.ddc.
[2017.11.17-02.40.19:211][  0]LogInit: Texture streaming: Enabled
[2017.11.17-02.40.19:684][  0]LogEngineSessionManager: EngineSessionManager initialized
[2017.11.17-02.40.20:316][  0]LogInit: Transaction tracking system initialized
[2017.11.17-02.40.20:858][  0]BlueprintLog: New page: Editor Load
[2017.11.17-02.40.22:586][  0]LocalizationService: Localization service is disabled
[2017.11.17-02.40.24:179][  0]LogConsoleResponse: Display: 
[2017.11.17-02.40.27:522][  0]LogFileCache: Scanning file cache for directory 'C:/Users/Marcelo/Documents/Unreal Projects/Caramuru2D 4.17/Content/' took 0.04s
[2017.11.17-02.40.27:522][  0]LogCook: Display: Max memory allowance for cook 16384mb min free memory 0mb
[2017.11.17-02.40.27:522][  0]LogCook: Display: Mobile HDR setting 1
[2017.11.17-02.40.27:597][  0]LogGameplayTags: Display: UGameplayTagsManager::DoneAddingNativeTags. DelegateIsBound: 0
[2017.11.17-02.40.30:164][  0]LogWindowsTextInputMethodSystem: Display: IME system now deactivated.
[2017.11.17-02.40.30:247][  0]LogSlate: Took 0.032553 seconds to synchronously load lazily loaded font '../../../Engine/Content/Slate/Fonts/Roboto-Regular.ttf' (155K)
[2017.11.17-02.40.47:363][  0]LogWindowsTextInputMethodSystem: Display: IME system now deactivated.
[2017.11.17-02.40.47:365][  0]LogWindowsTextInputMethodSystem: Display: IME system now deactivated.
[2017.11.17-02.40.47:535][  0]LogWindowsTextInputMethodSystem: Display: IME system now deactivated.
[2017.11.17-02.40.47:536][  0]LogWindowsTextInputMethodSystem: Display: IME system now deactivated.
[2017.11.17-02.40.47:688][  0]Cmd: MAP LOAD FILE="../../../../../../Users/Marcelo/Documents/Unreal Projects/Caramuru2D 4.17/Content/Menu/Levels/Level_Game_Main_Menu.umap" TEMPLATE=0 SHOWPROGRESS=1 FEATURELEVEL=3
[2017.11.17-02.40.47:702][  0]LightingResults: New page: Lighting Build
[2017.11.17-02.40.47:864][  0]MapCheck: New page: Map Check
[2017.11.17-02.40.47:864][  0]LightingResults: New page: Lighting Build
[2017.11.17-02.40.48:236][  0]LogLinker: Warning: Can't find file '/Game/Menu/Imagens/Background'
[2017.11.17-02.40.48:236][  0]LoadErrors: Failed to load /Game/Menu/Imagens/Sprites/Background_Sprite Referenced by HUD_Creditos
[2017.11.17-02.40.48:236][  0]LogLinker: Warning: Can't find file for asset '/Game/Menu/Imagens/Background' while loading ../../../../../../Users/Marcelo/Documents/Unreal Projects/Caramuru2D 4.17/Content/Menu/Imagens/Sprites/Background_Sprite.uasset.
[2017.11.17-02.40.48:236][  0]LoadErrors: Failed to load /Game/Menu/Imagens/Sprites/Background_Sprite Referenced by HUD_Creditos
[2017.11.17-02.40.48:236][  0]LoadErrors: Error: /Game/Menu/Imagens/Sprites/Background_Sprite : Can't find file for asset. /Game/Menu/Imagens/Background
[2017.11.17-02.40.48:236][  0]LogLinker: Warning: Can't find file '/Game/Menu/Imagens/Background'
[2017.11.17-02.40.48:236][  0]LoadErrors: Failed to load /Game/Menu/Imagens/Sprites/Background_Sprite Referenced by HUD_Creditos
[2017.11.17-02.40.48:237][  0]LogLinker: Warning: Can't find file for asset '/Game/Menu/Imagens/Background' while loading ../../../../../../Users/Marcelo/Documents/Unreal Projects/Caramuru2D 4.17/Content/Menu/Imagens/Sprites/Background_Sprite.uasset.
[2017.11.17-02.40.48:237][  0]LoadErrors: Failed to load /Game/Menu/Imagens/Sprites/Background_Sprite Referenced by HUD_Creditos
[2017.11.17-02.40.48:237][  0]LoadErrors: Error: /Game/Menu/Imagens/Sprites/Background_Sprite : Can't find file for asset. /Game/Menu/Imagens/Background
[2017.11.17-02.40.48:240][  0]LogLinker: Warning: Can't find file '/Game/Menu/Imagens/Caramuru_Background_Menu_corrigido_Sprite'
[2017.11.17-02.40.48:241][  0]LoadErrors: Failed to load /Game/Menu/HUD/HUD_Opções.HUD_Opções_C Referenced by HUD_Creditos
[2017.11.17-02.40.48:241][  0]LogLinker: Warning: Can't find file for asset '/Game/Menu/Imagens/Caramuru_Background_Menu_corrigido_Sprite' while loading ../../../../../../Users/Marcelo/Documents/Unreal Projects/Caramuru2D 4.17/Content/Menu/HUD/HUD_Opções.uasset.
[2017.11.17-02.40.48:241][  0]LoadErrors: Failed to load /Game/Menu/HUD/HUD_Opções.HUD_Opções_C Referenced by HUD_Creditos
[2017.11.17-02.40.48:241][  0]LoadErrors: Error: /Game/Menu/HUD/HUD_Opções : Can't find file for asset. /Game/Menu/Imagens/Caramuru_Background_Menu_corrigido_Sprite
[2017.11.17-02.40.48:241][  0]LogLinker: Warning: Can't find file '/Game/Menu/Imagens/Caramuru_Background_Menu_corrigido_Sprite'
[2017.11.17-02.40.48:241][  0]LoadErrors: Failed to load /Game/Menu/HUD/HUD_Opções.HUD_Opções_C Referenced by HUD_Creditos
[2017.11.17-02.40.48:241][  0]LogLinker: Warning: Can't find file for asset '/Game/Menu/Imagens/Caramuru_Background_Menu_corrigido_Sprite' while loading ../../../../../../Users/Marcelo/Documents/Unreal Projects/Caramuru2D 4.17/Content/Menu/HUD/HUD_Opções.uasset.
[2017.11.17-02.40.48:241][  0]LoadErrors: Failed to load /Game/Menu/HUD/HUD_Opções.HUD_Opções_C Referenced by HUD_Creditos
[2017.11.17-02.40.48:241][  0]LoadErrors: Error: /Game/Menu/HUD/HUD_Opções : Can't find file for asset. /Game/Menu/Imagens/Caramuru_Background_Menu_corrigido_Sprite
[2017.11.17-02.40.48:242][  0]LogLinker: Warning: Can't find file '/Game/Menu/Imagens/Caramuru_Background_Menu_corrigido_Sprite'
[2017.11.17-02.40.48:242][  0]LoadErrors: Failed to load /Game/Menu/Imagens/Caramuru_Background_Menu_corrigido_Sprite Referenced by HUD_Creditos
[2017.11.17-02.40.48:242][  0]LogLinker: Warning: Can't find file for asset '/Game/Menu/Imagens/Caramuru_Background_Menu_corrigido_Sprite' while loading ../../../../../../Users/Marcelo/Documents/Unreal Projects/Caramuru2D 4.17/Content/Menu/HUD/HUD_Creditos_Menu_Principal.uasset.
[2017.11.17-02.40.48:242][  0]LoadErrors: Failed to load /Game/Menu/Imagens/Caramuru_Background_Menu_corrigido_Sprite Referenced by HUD_Creditos
[2017.11.17-02.40.48:242][  0]LoadErrors: Error: /Game/Menu/HUD/HUD_Creditos_Menu_Principal : Can't find file for asset. /Game/Menu/Imagens/Caramuru_Background_Menu_corrigido_Sprite
[2017.11.17-02.40.48:243][  0]LogLinker: Warning: Can't find file '/Game/Menu/Imagens/Caramuru_Background_Menu_corrigido_Sprite'
[2017.11.17-02.40.48:243][  0]LoadErrors: Failed to load /Game/Menu/Imagens/Caramuru_Background_Menu_corrigido_Sprite.Caramuru_Background_Menu_corrigido_Sprite Referenced by HUD_Creditos
[2017.11.17-02.40.48:243][  0]LogLinker: Warning: Can't find file for asset '/Game/Menu/Imagens/Caramuru_Background_Menu_corrigido_Sprite' while loading ../../../../../../Users/Marcelo/Documents/Unreal Projects/Caramuru2D 4.17/Content/Menu/HUD/HUD_Creditos_Menu_Principal.uasset.
[2017.11.17-02.40.48:243][  0]LoadErrors: Failed to load /Game/Menu/Imagens/Caramuru_Background_Menu_corrigido_Sprite.Caramuru_Background_Menu_corrigido_Sprite Referenced by HUD_Creditos
[2017.11.17-02.40.48:243][  0]LoadErrors: Error: /Game/Menu/HUD/HUD_Creditos_Menu_Principal : Can't find file for asset. /Game/Menu/Imagens/Caramuru_Background_Menu_corrigido_Sprite
[2017.11.17-02.40.48:243][  0]LogLinker: Warning: Can't find file '/Game/Menu/Imagens/Caramuru_Background_Menu_corrigido_Sprite'
[2017.11.17-02.40.48:243][  0]LoadErrors: Failed to load /Game/Menu/Imagens/Caramuru_Background_Menu_corrigido_Sprite.Caramuru_Background_Menu_corrigido_Sprite Referenced by Image_129
[2017.11.17-02.40.48:243][  0]LogLinker: Warning: Can't find file for asset '/Game/Menu/Imagens/Caramuru_Background_Menu_corrigido_Sprite' while loading ../../../../../../Users/Marcelo/Documents/Unreal Projects/Caramuru2D 4.17/Content/Menu/HUD/HUD_Creditos_Menu_Principal.uasset.
[2017.11.17-02.40.48:244][  0]LoadErrors: Failed to load /Game/Menu/Imagens/Caramuru_Background_Menu_corrigido_Sprite.Caramuru_Background_Menu_corrigido_Sprite Referenced by Image_129
[2017.11.17-02.40.48:244][  0]LoadErrors: Error: /Game/Menu/HUD/HUD_Creditos_Menu_Principal : Can't find file for asset. /Game/Menu/Imagens/Caramuru_Background_Menu_corrigido_Sprite
[2017.11.17-02.40.48:322][  0]LogLinker: Warning: Can't find file '/Game/Menu/Imagens/imagem_Felipe'
[2017.11.17-02.40.48:322][  0]LogLinker: Warning: Can't find file for asset '/Game/Menu/Imagens/imagem_Felipe' while loading ../../../../../../Users/Marcelo/Documents/Unreal Projects/Caramuru2D 4.17/Content/Menu/HUD/HUD_Creditos_Menu_Principal.uasset.
[2017.11.17-02.40.48:322][  0]LoadErrors: Error: /Game/Menu/HUD/HUD_Creditos_Menu_Principal : Can't find file for asset. /Game/Menu/Imagens/imagem_Felipe
[2017.11.17-02.40.48:322][  0]LogLinker: Warning: Can't find file '/Game/Menu/Imagens/imagem_Felipe'
[2017.11.17-02.40.48:323][  0]LogLinker: Warning: Can't find file for asset '/Game/Menu/Imagens/imagem_Felipe' while loading ../../../../../../Users/Marcelo/Documents/Unreal Projects/Caramuru2D 4.17/Content/Menu/HUD/HUD_Creditos_Menu_Principal.uasset.
[2017.11.17-02.40.48:323][  0]LoadErrors: Error: /Game/Menu/HUD/HUD_Creditos_Menu_Principal : Can't find file for asset. /Game/Menu/Imagens/imagem_Felipe
[2017.11.17-02.40.48:323][  0]LogLinker: Warning: Can't find file '/Game/Menu/Imagens/imagem_Felipe'
[2017.11.17-02.40.48:323][  0]LoadErrors: Failed to load /Game/Menu/Imagens/imagem_Felipe.imagem_Felipe Referenced by Teste_Imagem
[2017.11.17-02.40.48:323][  0]LogLinker: Warning: Can't find file for asset '/Game/Menu/Imagens/imagem_Felipe' while loading ../../../../../../Users/Marcelo/Documents/Unreal Projects/Caramuru2D 4.17/Content/Menu/HUD/HUD_Creditos_Menu_Principal.uasset.
[2017.11.17-02.40.48:323][  0]LoadErrors: Failed to load /Game/Menu/Imagens/imagem_Felipe.imagem_Felipe Referenced by Teste_Imagem
[2017.11.17-02.40.48:323][  0]LoadErrors: Error: /Game/Menu/HUD/HUD_Creditos_Menu_Principal : Can't find file for asset. /Game/Menu/Imagens/imagem_Felipe
[2017.11.17-02.40.48:718][  0]LogLinker: Warning: Can't find file '/Game/Menu/Imagens/imagem_Felipe'
[2017.11.17-02.40.48:718][  0]LogLinker: Warning: Can't find file for asset '/Game/Menu/Imagens/imagem_Felipe' while loading ../../../../../../Users/Marcelo/Documents/Unreal Projects/Caramuru2D 4.17/Content/Menu/HUD/HUD_Caramuru.uasset.
[2017.11.17-02.40.48:718][  0]LoadErrors: Error: /Game/Menu/HUD/HUD_Caramuru : Can't find file for asset. /Game/Menu/Imagens/imagem_Felipe
[2017.11.17-02.40.48:718][  0]LogLinker: Warning: Can't find file '/Game/Menu/Imagens/imagem_Felipe'
[2017.11.17-02.40.48:718][  0]LogLinker: Warning: Can't find file for asset '/Game/Menu/Imagens/imagem_Felipe' while loading ../../../../../../Users/Marcelo/Documents/Unreal Projects/Caramuru2D 4.17/Content/Menu/HUD/HUD_Caramuru.uasset.
[2017.11.17-02.40.48:718][  0]LoadErrors: Error: /Game/Menu/HUD/HUD_Caramuru : Can't find file for asset. /Game/Menu/Imagens/imagem_Felipe
[2017.11.17-02.40.48:759][  0]LogLinker: Warning: Can't find file '/Game/Menu/Imagens/Background'
[2017.11.17-02.40.48:759][  0]LoadErrors: Failed to load /Game/Menu/Imagens/Background.Background Referenced by Background_Sprite
[2017.11.17-02.40.48:759][  0]LogLinker: Warning: Can't find file for asset '/Game/Menu/Imagens/Background' while loading NULL.
[2017.11.17-02.40.48:759][  0]LoadErrors: Failed to load /Game/Menu/Imagens/Background.Background Referenced by Background_Sprite
[2017.11.17-02.40.48:815][  0]LogAIModule: Creating AISystem for world Level_Game_Main_Menu
[2017.11.17-02.40.48:973][  0]LogEditorServer: Finished looking for orphan Actors (0.000 secs)
[2017.11.17-02.40.49:125][  0]Cmd: MAP CHECKDEP NOCLEARLOG
[2017.11.17-02.40.49:170][  0]MapCheck: Map check complete: 0 Error(s), 0 Warning(s), took 44.74ms to complete.
[2017.11.17-02.40.49:170][  0]LogFileHelpers: Loading map 'Level_Game_Main_Menu' took 1.487
[2017.11.17-02.40.51:969][  0]LogStats: Warning: MetaData mismatch. Did you assign a stat to two groups? New //STATGROUP_Threads//SplashScreenThread///Thread_f58_0///####STATCAT_Advanced#### old //STATGROUP_Threads//SplashScreenThread///Thread_1a40_0///####STATCAT_Advanced####
[2017.11.17-02.40.51:969][  0]LogCollectionManager: Loaded 0 collections in 0.001346 seconds
[2017.11.17-02.40.52:453][  0]LogFileCache: Scanning file cache for directory 'C:/Users/Marcelo/Documents/Unreal Projects/Caramuru2D 4.17/Saved/Collections/' took 0.01s
[2017.11.17-02.40.52:453][  0]LogFileCache: Scanning file cache for directory 'C:/Users/Marcelo/Documents/Unreal Projects/Caramuru2D 4.17/Content/Developers/Marcelo/Collections/' took 0.01s
[2017.11.17-02.40.52:453][  0]LogFileCache: Scanning file cache for directory 'C:/Users/Marcelo/Documents/Unreal Projects/Caramuru2D 4.17/Content/Collections/' took 0.01s
[2017.11.17-02.40.52:453][  0]LogCollectionManager: Rebuilt the GUID cache for 0 collections in 0.000000 seconds
[2017.11.17-02.40.52:477][  0]LogContentBrowser: Native class hierarchy populated in 0.0230 seconds. Added 2386 classes and 500 folders.
[2017.11.17-02.40.52:621][  0]LogContentBrowser: Native class hierarchy updated for 'WidgetCarousel' in 0.0175 seconds. Added 0 classes and 0 folders.
[2017.11.17-02.40.53:991][  0]LogContentBrowser: Native class hierarchy updated for 'AddContentDialog' in 0.0007 seconds. Added 0 classes and 0 folders.
[2017.11.17-02.40.54:082][  0]LogContentBrowser: Native class hierarchy updated for 'SceneOutliner' in 0.0009 seconds. Added 1 classes and 2 folders.
[2017.11.17-02.40.55:358][  0]LogSlate: Took 0.020475 seconds to synchronously load lazily loaded font '../../../Engine/Content/Slate/Fonts/Roboto-Bold.ttf' (160K)
[2017.11.17-02.40.55:410][  0]LogSlate: Took 0.025133 seconds to synchronously load lazily loaded font '../../../Engine/Content/Editor/Slate/Fonts/FontAwesome.ttf' (139K)
[2017.11.17-02.40.55:851][  0]LogRenderer: Reallocating scene render targets to support 808x336 Format 10 NumSamples 1 (Frame:1).
[2017.11.17-02.40.56:780][  0]LogContentBrowser: Native class hierarchy updated for 'HierarchicalLODOutliner' in 0.0007 seconds. Added 1 classes and 2 folders.
[2017.11.17-02.40.56:780][  0]LogLoad: (Engine Initialization) Total time: 184.02 seconds
[2017.11.17-02.40.56:780][  0]LogLoad: (Engine Initialization) Total Blueprint compile time: 0.00 seconds
[2017.11.17-02.40.56:807][  0]LogExternalProfiler: No external profilers were discovered.  External profiling features will not be available.
[2017.11.17-02.40.57:195][  0]SourceControl: On branch master
[2017.11.17-02.40.57:195][  0]SourceControl: Your branch is up to date with 'origin/master'.
[2017.11.17-02.40.57:195][  0]SourceControl: Changes not staged for commit:
[2017.11.17-02.40.57:195][  0]SourceControl:   (use "git add/rm <file>..." to update what will be committed)
[2017.11.17-02.40.57:195][  0]SourceControl:   (use "git checkout -- <file>..." to discard changes in working directory)
[2017.11.17-02.40.57:195][  0]SourceControl: 	modified:   Content/Menu/HUD/HUD_Caramuru.uasset
[2017.11.17-02.40.57:195][  0]SourceControl: 	modified:   Content/Menu/HUD/HUD_Pausa.uasset
[2017.11.17-02.40.57:195][  0]SourceControl: 	modified:   Intermediate/CachedAssetRegistry.bin
[2017.11.17-02.40.57:195][  0]SourceControl: 	modified:   Saved/Autosaves/PackageRestoreData.json
[2017.11.17-02.40.57:195][  0]SourceControl: 	deleted:    Saved/Config/CrashReportClient/UE4CC-Windows-23D3958541D2037D187E34BED8D672A9/CrashReportClient.ini
[2017.11.17-02.40.57:195][  0]SourceControl: 	deleted:    Saved/Config/CrashReportClient/UE4CC-Windows-2F0F6FD743E766E1EC7C2882DA5D2E56/CrashReportClient.ini
[2017.11.17-02.40.57:195][  0]SourceControl: 	modified:   Saved/Config/Windows/Editor.ini
[2017.11.17-02.40.57:195][  0]SourceControl: 	modified:   Saved/Logs/Caramuru2D.log
[2017.11.17-02.40.57:195][  0]SourceControl: Untracked files:
[2017.11.17-02.40.57:195][  0]SourceControl:   (use "git add <file>..." to include in what will be committed)
[2017.11.17-02.40.57:195][  0]SourceControl: 	Saved/Config/CrashReportClient/UE4CC-Windows-DDC2AE9B4770765A0C6938A7985D5F1C/
[2017.11.17-02.40.57:195][  0]SourceControl: 	Saved/Logs/Caramuru2D-backup-2017.11.16-23.37.55.log
[2017.11.17-02.40.57:195][  0]SourceControl: no changes added to commit (use "git add" and/or "git commit -a")
[2017.11.17-02.40.57:203][  0]LogContentStreaming: Texture pool size now 1000 MB
[2017.11.17-02.40.57:324][  0]LogSlate: Took 0.022322 seconds to synchronously load lazily loaded font '../../../Engine/Content/Slate/Fonts/Roboto-Light.ttf' (159K)
[2017.11.17-02.40.57:787][  3]LogAssetRegistry: Asset discovery search completed in 88.4602 seconds
[2017.11.17-02.40.57:789][  3]LogCollectionManager: Rebuilt the object cache for 0 collections in 0.000001 seconds (found 0 objects)
[2017.11.17-02.40.57:789][  3]LogCollectionManager: Fixed up redirectors for 0 collections in 0.000033 seconds (updated 0 objects)
[2017.11.17-02.41.06:423][997]LogTemp: Repeating last play command: Selected Viewport
[2017.11.17-02.41.06:590][997]LogBlueprintUserMessages: Early PlayInEditor Detection: Level '/Game/Menu/Levels/Level_Game_Main_Menu.Level_Game_Main_Menu:PersistentLevel' has LevelScriptBlueprint '/Game/Menu/Levels/Level_Game_Main_Menu.Level_Game_Main_Menu:PersistentLevel.Level_Game_Main_Menu' with GeneratedClass '/Game/Menu/Levels/Level_Game_Main_Menu.Level_Game_Main_Menu_C' with ClassGeneratedBy '/Game/Menu/Levels/Level_Game_Main_Menu.Level_Game_Main_Menu:PersistentLevel.Level_Game_Main_Menu'
[2017.11.17-02.41.06:590][997]LogPlayLevel: PlayLevel: No blueprints needed recompiling
[2017.11.17-02.41.06:700][997]PIE: New page: PIE session: Level_Game_Main_Menu (Nov 16, 2017, 8:41:06 PM)
[2017.11.17-02.41.06:700][997]LogPlayLevel: Creating play world package: /Game/Menu/Levels/UEDPIE_0_Level_Game_Main_Menu
[2017.11.17-02.41.06:732][997]LogPlayLevel: PIE: StaticDuplicateObject took: (0.032643s)
[2017.11.17-02.41.06:733][997]LogAIModule: Creating AISystem for world Level_Game_Main_Menu
[2017.11.17-02.41.06:733][997]LogPlayLevel: PIE: World Init took: (0.000812s)
[2017.11.17-02.41.06:733][997]LogPlayLevel: PIE: Created PIE world by copying editor world from /Game/Menu/Levels/Level_Game_Main_Menu.Level_Game_Main_Menu to /Game/Menu/Levels/UEDPIE_0_Level_Game_Main_Menu.Level_Game_Main_Menu (0.033722s)
[2017.11.17-02.41.06:779][997]LogInit: XAudio2 using 'Alto-falantes (2- Realtek High Definition Audio)' : 2 channels at 48 kHz using 32 bits per sample (channel mask 0x3)
[2017.11.17-02.41.06:789][997]LogInit: FAudioDevice initialized.
[2017.11.17-02.41.06:857][997]LogLoad: Game class is 'GameModeBase'
[2017.11.17-02.41.06:947][997]LogWorld: Bringing World /Game/Menu/Levels/UEDPIE_0_Level_Game_Main_Menu.Level_Game_Main_Menu up for play (max tick rate 0) at 2017.11.16-23.41.06
[2017.11.17-02.41.06:986][997]LogWorld: Bringing up level for play took: 0.039072
[2017.11.17-02.41.07:157][997]LogContentBrowser: Native class hierarchy updated for 'MovieSceneCapture' in 0.0007 seconds. Added 11 classes and 0 folders.
[2017.11.17-02.41.07:346][997]PIE: Play in editor start time for /Game/Menu/Levels/UEDPIE_0_Level_Game_Main_Menu 1.21
[2017.11.17-02.41.07:346][997]LogBlueprintUserMessages: Late PlayInEditor Detection: Level '/Game/Menu/Levels/Level_Game_Main_Menu.Level_Game_Main_Menu:PersistentLevel' has LevelScriptBlueprint '/Game/Menu/Levels/Level_Game_Main_Menu.Level_Game_Main_Menu:PersistentLevel.Level_Game_Main_Menu' with GeneratedClass '/Game/Menu/Levels/Level_Game_Main_Menu.Level_Game_Main_Menu_C' with ClassGeneratedBy '/Game/Menu/Levels/Level_Game_Main_Menu.Level_Game_Main_Menu:PersistentLevel.Level_Game_Main_Menu'
[2017.11.17-02.41.11:038][397]LogNet: Browse: /Game/2DSideScrollerBP/Maps/Caramuru2D
[2017.11.17-02.41.11:038][397]LogLoad: LoadMap: /Game/2DSideScrollerBP/Maps/Caramuru2D
[2017.11.17-02.41.11:080][397]Cmd: MEM
[2017.11.17-02.41.11:144][397]LogMemory: Platform Memory Stats for Windows
[2017.11.17-02.41.11:144][397]LogMemory: Process Physical Memory: 961.26 MB used, 1082.54 MB peak
[2017.11.17-02.41.11:144][397]LogMemory: Process Virtual Memory: 1251.03 MB used, 1296.82 MB peak
[2017.11.17-02.41.11:144][397]LogMemory: Physical Memory: 3651.93 MB used,  4477.91 MB free, 8129.85 MB total
[2017.11.17-02.41.11:144][397]LogMemory: Virtual Memory: 1968.73 MB used,  4477.91 MB free, 134217728.00 MB total
[2017.11.17-02.41.11:144][397]LogMemory: 
[2017.11.17-02.41.11:144][397]Allocator Stats for TBB: (not implemented)
[2017.11.17-02.41.15:677][397]LogLinker: Warning: Can't find file '/Game/Menu/Imagens/Caramuru_Background_Menu_corrigido_Sprite'
[2017.11.17-02.41.15:677][397]LogLinker: Warning: Can't find file for asset '/Game/Menu/Imagens/Caramuru_Background_Menu_corrigido_Sprite' while loading ../../../../../../Users/Marcelo/Documents/Unreal Projects/Caramuru2D 4.17/Content/Menu/HUD/HUD_Pausa.uasset.
[2017.11.17-02.41.15:677][397]LoadErrors: Error: /Game/Menu/HUD/HUD_Pausa : Can't find file for asset. /Game/Menu/Imagens/Caramuru_Background_Menu_corrigido_Sprite
[2017.11.17-02.41.15:677][397]LogLinker: Warning: Can't find file '/Game/Menu/Imagens/Caramuru_Background_Menu_corrigido_Sprite'
[2017.11.17-02.41.15:677][397]LogLinker: Warning: Can't find file for asset '/Game/Menu/Imagens/Caramuru_Background_Menu_corrigido_Sprite' while loading ../../../../../../Users/Marcelo/Documents/Unreal Projects/Caramuru2D 4.17/Content/Menu/HUD/HUD_Pausa.uasset.
[2017.11.17-02.41.15:679][397]LogLinker: Warning: Can't find file '/Game/Menu/Imagens/Caramuru_Background_Menu_corrigido_Sprite'
[2017.11.17-02.41.15:679][397]LogLinker: Warning: Can't find file for asset '/Game/Menu/Imagens/Caramuru_Background_Menu_corrigido_Sprite' while loading ../../../../../../Users/Marcelo/Documents/Unreal Projects/Caramuru2D 4.17/Content/2DSideScrollerBP/Maps/Caramuru2D.umap.
[2017.11.17-02.41.15:679][397]LoadErrors: Error: /Game/2DSideScrollerBP/Maps/Caramuru2D : Can't find file for asset. /Game/Menu/Imagens/Caramuru_Background_Menu_corrigido_Sprite
[2017.11.17-02.41.15:679][397]LogLinker: Warning: Can't find file '/Game/Menu/Imagens/Caramuru_Background_Menu_corrigido_Sprite'
[2017.11.17-02.41.15:679][397]LogLinker: Warning: Can't find file for asset '/Game/Menu/Imagens/Caramuru_Background_Menu_corrigido_Sprite' while loading ../../../../../../Users/Marcelo/Documents/Unreal Projects/Caramuru2D 4.17/Content/2DSideScrollerBP/Maps/Caramuru2D.umap.
[2017.11.17-02.41.15:680][397]LogLinker: Warning: Can't find file '/Game/Menu/Imagens/Caramuru_Background_Menu_corrigido_Sprite'
[2017.11.17-02.41.15:680][397]LoadErrors: Failed to load /Game/Menu/Imagens/Caramuru_Background_Menu_corrigido_Sprite.Caramuru_Background_Menu_corrigido_Sprite Referenced by Image_24
[2017.11.17-02.41.15:680][397]LogLinker: Warning: Can't find file for asset '/Game/Menu/Imagens/Caramuru_Background_Menu_corrigido_Sprite' while loading ../../../../../../Users/Marcelo/Documents/Unreal Projects/Caramuru2D 4.17/Content/2DSideScrollerBP/Maps/Caramuru2D.umap.
[2017.11.17-02.41.20:605][397]LogAIModule: Creating AISystem for world Caramuru2D
[2017.11.17-02.41.20:605][397]LogLoad: Game class is '2DSideScrollerGameMode_C'
[2017.11.17-02.41.20:840][397]LogWorld: Bringing World /Game/2DSideScrollerBP/Maps/UEDPIE_0_Caramuru2D.Caramuru2D up for play (max tick rate 0) at 2017.11.16-23.41.20
[2017.11.17-02.41.20:967][397]LogWorld: Bringing up level for play took: 0.300558
[2017.11.17-02.41.21:071][397]LogBlueprintUserMessages: [Character] SpreaderGun
[2017.11.17-02.41.21:098][397]LogLoad: Took 10.060396 seconds to LoadMap(/Game/2DSideScrollerBP/Maps/Caramuru2D)
[2017.11.17-02.41.21:604][398]LogCharacterMovement: Warning: GetSimulationTimeStep() - Max iterations 8 hit while remaining time 0.055718 > MaxSimulationTimeStep (0.050) for 'EnemyCharacter_226', movement 'Walking'
[2017.11.17-02.41.23:500][594]Cmd: LevelEditor.ToggleImmersive
[2017.11.17-02.41.23:645][595]LogRenderer: Reallocating scene render targets to support 1196x612 Format 10 NumSamples 1 (Frame:199).
[2017.11.17-02.41.23:694][596]LogRenderer: Reallocating scene render targets to support 1360x728 Format 10 NumSamples 1 (Frame:201).
[2017.11.17-02.41.27:005][974]LogBlueprintUserMessages: [BP_Check_Point_832] X=-5060.579 Y=100.000 Z=4019.697
[2017.11.17-02.41.28:112][ 99]LogBlueprintUserMessages: [EnemyCharacter_226] 90
[2017.11.17-02.41.28:206][109]LogBlueprintUserMessages: [EnemyCharacter_226] 80
[2017.11.17-02.41.29:714][290]LogCharacterMovement: EnemyCharacter_226 is stuck and failed to move! Velocity: X=-17.07 Y=0.00 Z=0.00 Location: X=-3888.94 Y=100.00 Z=3941.97 Normal: X=0.99 Y=0.00 Z=-0.15 PenetrationDepth:10.179 Actor:BP_Shoot_C_3 Component:Sphere BoneName:None (0 other events since notify)
[2017.11.17-02.41.29:806][301]LogBlueprintUserMessages: [EnemyCharacter_226] 70
[2017.11.17-02.41.29:856][307]LogBlueprintUserMessages: [EnemyCharacter_226] 60
[2017.11.17-02.41.29:989][321]LogBlueprintUserMessages: [EnemyCharacter_226] 50
[2017.11.17-02.41.30:542][386]LogBlueprintUserMessages: [EnemyCharacter_226] 40
[2017.11.17-02.41.30:833][421]LogCharacterMovement: EnemyCharacter_226 is stuck and failed to move! Velocity: X=-17.07 Y=0.00 Z=0.00 Location: X=-3888.94 Y=100.00 Z=3942.00 Normal: X=0.99 Y=0.00 Z=-0.15 PenetrationDepth:10.450 Actor:BP_Shoot_C_7 Component:Sphere BoneName:None (8 other events since notify)
[2017.11.17-02.41.30:925][432]LogBlueprintUserMessages: [EnemyCharacter_226] 30
[2017.11.17-02.41.31:000][441]LogBlueprintUserMessages: [EnemyCharacter_226] 20
[2017.11.17-02.41.31:242][470]LogBlueprintUserMessages: [EnemyCharacter_226] 10
[2017.11.17-02.41.32:517][621]LogBlueprintUserMessages: [ExpSphereActor_C_0] You earned 30 EXP
[2017.11.17-02.41.59:108][807]LogBlueprintUserMessages: [Door_269] Voce não tem uma chave
[2017.11.17-02.42.05:067][522]LogBlueprintUserMessages: [Chest_284] You receive 1 Silver Key.
[2017.11.17-02.42.15:503][765]LogBlueprintUserMessages: Early EndPlayMap Detection: Level '/Game/Menu/Levels/Level_Game_Main_Menu.Level_Game_Main_Menu:PersistentLevel' has LevelScriptBlueprint '/Game/Menu/Levels/Level_Game_Main_Menu.Level_Game_Main_Menu:PersistentLevel.Level_Game_Main_Menu' with GeneratedClass '/Game/Menu/Levels/Level_Game_Main_Menu.Level_Game_Main_Menu_C' with ClassGeneratedBy '/Game/Menu/Levels/Level_Game_Main_Menu.Level_Game_Main_Menu:PersistentLevel.Level_Game_Main_Menu'
[2017.11.17-02.42.15:746][765]LogBlueprintUserMessages: Late EndPlayMap Detection: Level '/Game/Menu/Levels/Level_Game_Main_Menu.Level_Game_Main_Menu:PersistentLevel' has LevelScriptBlueprint '/Game/Menu/Levels/Level_Game_Main_Menu.Level_Game_Main_Menu:PersistentLevel.Level_Game_Main_Menu' with GeneratedClass '/Game/Menu/Levels/Level_Game_Main_Menu.Level_Game_Main_Menu_C' with ClassGeneratedBy '/Game/Menu/Levels/Level_Game_Main_Menu.Level_Game_Main_Menu:PersistentLevel.Level_Game_Main_Menu'
[2017.11.17-02.42.16:922][887]Cmd: SELECT NONE
[2017.11.17-02.42.20:397][278]LogTemp: Repeating last play command: Selected Viewport
[2017.11.17-02.42.20:428][278]LogBlueprintUserMessages: Early PlayInEditor Detection: Level '/Game/Menu/Levels/Level_Game_Main_Menu.Level_Game_Main_Menu:PersistentLevel' has LevelScriptBlueprint '/Game/Menu/Levels/Level_Game_Main_Menu.Level_Game_Main_Menu:PersistentLevel.Level_Game_Main_Menu' with GeneratedClass '/Game/Menu/Levels/Level_Game_Main_Menu.Level_Game_Main_Menu_C' with ClassGeneratedBy '/Game/Menu/Levels/Level_Game_Main_Menu.Level_Game_Main_Menu:PersistentLevel.Level_Game_Main_Menu'
[2017.11.17-02.42.20:428][278]LogPlayLevel: PlayLevel: No blueprints needed recompiling
[2017.11.17-02.42.20:429][278]PIE: New page: PIE session: Level_Game_Main_Menu (Nov 16, 2017, 8:42:20 PM)
[2017.11.17-02.42.20:429][278]LogPlayLevel: Creating play world package: /Game/Menu/Levels/UEDPIE_0_Level_Game_Main_Menu
[2017.11.17-02.42.20:430][278]LogPlayLevel: PIE: StaticDuplicateObject took: (0.000903s)
[2017.11.17-02.42.20:430][278]LogAIModule: Creating AISystem for world Level_Game_Main_Menu
[2017.11.17-02.42.20:430][278]LogPlayLevel: PIE: World Init took: (0.000723s)
[2017.11.17-02.42.20:430][278]LogPlayLevel: PIE: Created PIE world by copying editor world from /Game/Menu/Levels/Level_Game_Main_Menu.Level_Game_Main_Menu to /Game/Menu/Levels/UEDPIE_0_Level_Game_Main_Menu.Level_Game_Main_Menu (0.001860s)
[2017.11.17-02.42.20:445][278]LogInit: XAudio2 using 'Alto-falantes (2- Realtek High Definition Audio)' : 2 channels at 48 kHz using 32 bits per sample (channel mask 0x3)
[2017.11.17-02.42.20:453][278]LogInit: FAudioDevice initialized.
[2017.11.17-02.42.20:486][278]LogLoad: Game class is 'GameModeBase'
[2017.11.17-02.42.20:488][278]LogWorld: Bringing World /Game/Menu/Levels/UEDPIE_0_Level_Game_Main_Menu.Level_Game_Main_Menu up for play (max tick rate 0) at 2017.11.16-23.42.20
[2017.11.17-02.42.20:488][278]LogWorld: Bringing up level for play took: 0.000911
[2017.11.17-02.42.20:490][278]PIE: Play in editor start time for /Game/Menu/Levels/UEDPIE_0_Level_Game_Main_Menu 0.354
[2017.11.17-02.42.20:490][278]LogBlueprintUserMessages: Late PlayInEditor Detection: Level '/Game/Menu/Levels/Level_Game_Main_Menu.Level_Game_Main_Menu:PersistentLevel' has LevelScriptBlueprint '/Game/Menu/Levels/Level_Game_Main_Menu.Level_Game_Main_Menu:PersistentLevel.Level_Game_Main_Menu' with GeneratedClass '/Game/Menu/Levels/Level_Game_Main_Menu.Level_Game_Main_Menu_C' with ClassGeneratedBy '/Game/Menu/Levels/Level_Game_Main_Menu.Level_Game_Main_Menu:PersistentLevel.Level_Game_Main_Menu'
[2017.11.17-02.42.30:248][441]LogBlueprintUserMessages: Early EndPlayMap Detection: Level '/Game/Menu/Levels/Level_Game_Main_Menu.Level_Game_Main_Menu:PersistentLevel' has LevelScriptBlueprint '/Game/Menu/Levels/Level_Game_Main_Menu.Level_Game_Main_Menu:PersistentLevel.Level_Game_Main_Menu' with GeneratedClass '/Game/Menu/Levels/Level_Game_Main_Menu.Level_Game_Main_Menu_C' with ClassGeneratedBy '/Game/Menu/Levels/Level_Game_Main_Menu.Level_Game_Main_Menu:PersistentLevel.Level_Game_Main_Menu'
[2017.11.17-02.42.30:277][441]LogBlueprintUserMessages: Late EndPlayMap Detection: Level '/Game/Menu/Levels/Level_Game_Main_Menu.Level_Game_Main_Menu:PersistentLevel' has LevelScriptBlueprint '/Game/Menu/Levels/Level_Game_Main_Menu.Level_Game_Main_Menu:PersistentLevel.Level_Game_Main_Menu' with GeneratedClass '/Game/Menu/Levels/Level_Game_Main_Menu.Level_Game_Main_Menu_C' with ClassGeneratedBy '/Game/Menu/Levels/Level_Game_Main_Menu.Level_Game_Main_Menu:PersistentLevel.Level_Game_Main_Menu'
[2017.11.17-02.42.32:258][622]LogWindowsTextInputMethodSystem: Display: IME system now deactivated.
[2017.11.17-02.42.33:088][623]Cmd: QUIT_EDITOR
[2017.11.17-02.42.34:684][623]LogExit: Preparing to exit.
[2017.11.17-02.42.39:584][623]LogDirectoryWatcher: A directory notification for 'C:/Users/Marcelo/Documents/Unreal Projects/Caramuru2D 4.17/Content/' was aborted.
[2017.11.17-02.42.40:330][623]LogExit: Editor shut down
[2017.11.17-02.42.40:335][623]LogExit: Transaction tracking system shut down
[2017.11.17-02.42.41:321][623]LogDirectoryWatcher: A directory notification for '../../../Engine/Content/' was aborted.
[2017.11.17-02.42.41:321][623]LogDirectoryWatcher: A directory notification for '../../../../../../Users/Marcelo/Documents/Unreal Projects/Caramuru2D 4.17/Content/' was aborted.
[2017.11.17-02.42.41:321][623]LogDirectoryWatcher: A directory notification for '../../../Engine/Plugins/2D/Paper2D/Content/' was aborted.
[2017.11.17-02.42.41:321][623]LogDirectoryWatcher: A directory notification for '../../../Engine/Plugins/Runtime/Oculus/OculusVR/Content/' was aborted.
[2017.11.17-02.42.41:321][623]LogDirectoryWatcher: A directory notification for '../../../Engine/Plugins/Runtime/Steam/SteamVR/Content/' was aborted.
[2017.11.17-02.42.48:367][623]LogExit: Object subsystem successfully closed.
[2017.11.17-02.42.48:907][623]LogD3D11RHI: Shutdown
[2017.11.17-02.42.48:931][623]LogD3D11RHI: CleanupD3DDevice
[2017.11.17-02.42.49:027][623]LogD3D11RHI: ~FD3D11DynamicRHI
[2017.11.17-02.42.51:803][623]LogModuleManager: Shutting down and abandoning module MovieSceneCapture (532)
[2017.11.17-02.42.51:820][623]LogModuleManager: Shutting down and abandoning module HierarchicalLODOutliner (530)
[2017.11.17-02.42.51:820][623]LogModuleManager: Shutting down and abandoning module SceneOutliner (528)
[2017.11.17-02.42.51:854][623]LogModuleManager: Shutting down and abandoning module AddContentDialog (526)
[2017.11.17-02.42.51:903][623]LogDirectoryWatcher: A directory notification for 'C:/Program Files/Epic Games/UE_4.17/FeaturePacks/' was aborted.
[2017.11.17-02.42.51:935][623]LogModuleManager: Shutting down and abandoning module WidgetCarousel (525)
[2017.11.17-02.42.51:936][623]LogModuleManager: Shutting down and abandoning module EditorWidgets (522)
[2017.11.17-02.42.51:936][623]LogModuleManager: Shutting down and abandoning module CollectionManager (520)
[2017.11.17-02.42.51:957][623]LogDirectoryWatcher: A directory notification for 'C:/Users/Marcelo/Documents/Unreal Projects/Caramuru2D 4.17/Content/Collections/' was aborted.
[2017.11.17-02.42.51:957][623]LogDirectoryWatcher: A directory notification for 'C:/Users/Marcelo/Documents/Unreal Projects/Caramuru2D 4.17/Content/Developers/Marcelo/Collections/' was aborted.
[2017.11.17-02.42.51:957][623]LogDirectoryWatcher: A directory notification for 'C:/Users/Marcelo/Documents/Unreal Projects/Caramuru2D 4.17/Saved/Collections/' was aborted.
[2017.11.17-02.42.51:957][623]LogModuleManager: Shutting down and abandoning module StatsViewer (518)
[2017.11.17-02.42.51:982][623]LogModuleManager: Shutting down and abandoning module FoliageEdit (516)
[2017.11.17-02.42.51:982][623]LogModuleManager: Shutting down and abandoning module LandscapeEditor (514)
[2017.11.17-02.42.52:079][623]LogModuleManager: Shutting down and abandoning module MeshPaintMode (512)
[2017.11.17-02.42.52:079][623]LogModuleManager: Shutting down and abandoning module SceneDepthPickerMode (510)
[2017.11.17-02.42.52:079][623]LogModuleManager: Shutting down and abandoning module ActorPickerMode (508)
[2017.11.17-02.42.52:079][623]LogModuleManager: Shutting down and abandoning module GeometryMode (506)
[2017.11.17-02.42.52:079][623]LogModuleManager: Shutting down and abandoning module TextureAlignMode (504)
[2017.11.17-02.42.52:079][623]LogModuleManager: Shutting down and abandoning module BspMode (502)
[2017.11.17-02.42.52:100][623]LogModuleManager: Shutting down and abandoning module PIEPreviewDeviceProfileSelector (500)
[2017.11.17-02.42.52:100][623]LogModuleManager: Shutting down and abandoning module HardwareSurvey (498)
[2017.11.17-02.42.52:100][623]LogModuleManager: Shutting down and abandoning module SequenceRecorderSections (496)
[2017.11.17-02.42.52:100][623]LogModuleManager: Shutting down and abandoning module AutomationWorker (494)
[2017.11.17-02.42.52:143][623]LogModuleManager: Shutting down and abandoning module MatineeToLevelSequence (492)
[2017.11.17-02.42.52:181][623]LogModuleManager: Shutting down and abandoning module LevelSequenceEditor (490)
[2017.11.17-02.42.52:270][623]LogModuleManager: Shutting down and abandoning module PlacementMode (489)
[2017.11.17-02.42.52:270][623]LogModuleManager: Shutting down and abandoning module WmfMediaFactory (486)
[2017.11.17-02.42.52:270][623]LogModuleManager: Shutting down and abandoning module WmfMediaEditor (484)
[2017.11.17-02.42.52:270][623]LogModuleManager: Shutting down and abandoning module AvfMediaFactory (482)
[2017.11.17-02.42.52:270][623]LogModuleManager: Shutting down and abandoning module AvfMediaEditor (480)
[2017.11.17-02.42.52:270][623]LogModuleManager: Shutting down and abandoning module AndroidMediaFactory (478)
[2017.11.17-02.42.52:270][623]LogModuleManager: Shutting down and abandoning module Media (477)
[2017.11.17-02.42.52:270][623]LogModuleManager: Shutting down and abandoning module AndroidMediaEditor (474)
[2017.11.17-02.42.52:270][623]LogModuleManager: Shutting down and abandoning module CharacterAI (472)
[2017.11.17-02.42.52:270][623]LogModuleManager: Shutting down and abandoning module AudioCapture (470)
[2017.11.17-02.42.52:270][623]LogModuleManager: Shutting down and abandoning module SequenceRecorder (469)
[2017.11.17-02.42.52:301][623]LogModuleManager: Shutting down and abandoning module SmartSnapping (466)
[2017.11.17-02.42.52:301][623]LogModuleManager: Shutting down and abandoning module SessionServices (464)
[2017.11.17-02.42.52:301][623]LogModuleManager: Shutting down and abandoning module ViewportSnapping (462)
[2017.11.17-02.42.52:301][623]LogModuleManager: Shutting down and abandoning module ViewportInteraction (460)
[2017.11.17-02.42.52:301][623]LogModuleManager: Shutting down and abandoning module ClothPainter (458)
[2017.11.17-02.42.52:408][623]LogModuleManager: Shutting down and abandoning module LogVisualizer (456)
[2017.11.17-02.42.52:508][623]LogModuleManager: Shutting down and abandoning module IntroTutorials (454)
[2017.11.17-02.42.52:626][623]LogModuleManager: Shutting down and abandoning module GameProjectGeneration (453)
[2017.11.17-02.42.52:692][623]LogModuleManager: Shutting down and abandoning module IOSPlatformEditor (450)
[2017.11.17-02.42.52:730][623]LogModuleManager: Shutting down and abandoning module HTML5PlatformEditor (448)
[2017.11.17-02.42.52:730][623]LogModuleManager: Shutting down and abandoning module AndroidPlatformEditor (446)
[2017.11.17-02.42.52:730][623]LogModuleManager: Shutting down and abandoning module AndroidDeviceDetection (445)
[2017.11.17-02.42.53:222][623]LogModuleManager: Shutting down and abandoning module WindowsPlatformEditor (442)
[2017.11.17-02.42.53:222][623]LogModuleManager: Shutting down and abandoning module IOSRuntimeSettings (440)
[2017.11.17-02.42.53:222][623]LogModuleManager: Shutting down and abandoning module AndroidRuntimeSettings (438)
[2017.11.17-02.42.53:222][623]LogModuleManager: Shutting down and abandoning module InputBindingEditor (436)
[2017.11.17-02.42.53:263][623]LogModuleManager: Shutting down and abandoning module MergeActors (434)
[2017.11.17-02.42.53:309][623]LogModuleManager: Shutting down and abandoning module SizeMap (432)
[2017.11.17-02.42.53:309][623]LogModuleManager: Shutting down and abandoning module TreeMap (430)
[2017.11.17-02.42.53:362][623]LogModuleManager: Shutting down and abandoning module ReferenceViewer (428)
[2017.11.17-02.42.53:362][623]LogModuleManager: Shutting down and abandoning module LocalizationDashboard (426)
[2017.11.17-02.42.53:381][623]LogModuleManager: Shutting down and abandoning module LocalizationService (425)
[2017.11.17-02.42.53:418][623]LogModuleManager: Shutting down and abandoning module HardwareTargeting (422)
[2017.11.17-02.42.53:418][623]LogModuleManager: Shutting down and abandoning module DeviceProfileEditor (420)
[2017.11.17-02.42.53:451][623]LogModuleManager: Shutting down and abandoning module UndoHistory (418)
[2017.11.17-02.42.53:451][623]LogModuleManager: Shutting down and abandoning module XmlParser (416)
[2017.11.17-02.42.53:451][623]LogModuleManager: Shutting down and abandoning module Blutility (414)
[2017.11.17-02.42.53:451][623]LogModuleManager: Shutting down and abandoning module ProjectSettingsViewer (412)
[2017.11.17-02.42.53:451][623]LogModuleManager: Shutting down and abandoning module ProjectTargetPlatformEditor (411)
[2017.11.17-02.42.53:452][623]LogModuleManager: Shutting down and abandoning module EditorSettingsViewer (408)
[2017.11.17-02.42.53:452][623]LogModuleManager: Shutting down and abandoning module SettingsEditor (406)
[2017.11.17-02.42.53:536][623]LogModuleManager: Shutting down and abandoning module ProjectLauncher (404)
[2017.11.17-02.42.53:596][623]LogModuleManager: Shutting down and abandoning module SessionFrontend (402)
[2017.11.17-02.42.53:618][623]LogModuleManager: Shutting down and abandoning module ProfilerClient (400)
[2017.11.17-02.42.53:659][623]LogModuleManager: Shutting down and abandoning module DeviceManager (398)
[2017.11.17-02.42.53:713][623]LogModuleManager: Shutting down and abandoning module TargetDeviceServices (397)
[2017.11.17-02.42.53:756][623]LogModuleManager: Shutting down and abandoning module AutomationController (394)
[2017.11.17-02.42.53:844][623]LogModuleManager: Shutting down and abandoning module AutomationWindow (392)
[2017.11.17-02.42.53:933][623]LogModuleManager: Shutting down and abandoning module Layers (390)
[2017.11.17-02.42.54:031][623]LogModuleManager: Shutting down and abandoning module ComponentVisualizers (388)
[2017.11.17-02.42.54:031][623]LogModuleManager: Shutting down and abandoning module DetailCustomizations (386)
[2017.11.17-02.42.54:152][623]LogModuleManager: Shutting down and abandoning module PackagesDialog (384)
[2017.11.17-02.42.54:176][623]LogModuleManager: Shutting down and abandoning module Persona (382)
[2017.11.17-02.42.54:324][623]LogModuleManager: Shutting down and abandoning module AdvancedPreviewScene (381)
[2017.11.17-02.42.54:324][623]LogModuleManager: Shutting down and abandoning module AnimGraph (379)
[2017.11.17-02.42.54:335][623]LogModuleManager: Shutting down and abandoning module Kismet (376)
[2017.11.17-02.42.54:337][623]LogModuleManager: Shutting down and abandoning module ClassViewer (374)
[2017.11.17-02.42.54:337][623]LogModuleManager: Shutting down and abandoning module Toolbox (372)
[2017.11.17-02.42.54:337][623]LogModuleManager: Shutting down and abandoning module ModuleUI (370)
[2017.11.17-02.42.54:354][623]LogModuleManager: Shutting down and abandoning module MovieSceneTools (368)
[2017.11.17-02.42.54:401][623]LogModuleManager: Shutting down and abandoning module OutputLog (366)
[2017.11.17-02.42.54:422][623]LogModuleManager: Shutting down and abandoning module GammaUI (364)
[2017.11.17-02.42.54:463][623]LogModuleManager: Shutting down and abandoning module Documentation (362)
[2017.11.17-02.42.54:463][623]LogModuleManager: Shutting down and abandoning module MovieSceneTracks (360)
[2017.11.17-02.42.54:463][623]LogModuleManager: Shutting down and abandoning module MovieScene (358)
[2017.11.17-02.42.54:463][623]LogModuleManager: Shutting down and abandoning module Niagara (356)
[2017.11.17-02.42.54:463][623]LogModuleManager: Shutting down and abandoning module NiagaraEditor (355)
[2017.11.17-02.42.54:584][623]LogModuleManager: Shutting down and abandoning module StreamingPauseRendering (352)
[2017.11.17-02.42.54:584][623]LogModuleManager: Shutting down and abandoning module LauncherPlatform (350)
[2017.11.17-02.42.54:584][623]LogModuleManager: Shutting down and abandoning module AnalyticsET (348)
[2017.11.17-02.42.54:584][623]LogModuleManager: Shutting down and abandoning module PortalServices (346)
[2017.11.17-02.42.54:584][623]LogModuleManager: Shutting down and abandoning module PortalRpc (344)
[2017.11.17-02.42.54:584][623]LogModuleManager: Shutting down and abandoning module MessagingRpc (342)
[2017.11.17-02.42.54:584][623]LogModuleManager: Shutting down and abandoning module AIModule (340)
[2017.11.17-02.42.54:584][623]LogModuleManager: Shutting down and abandoning module GameplayDebugger (339)
[2017.11.17-02.42.54:584][623]LogModuleManager: Shutting down and abandoning module AITestSuite (337)
[2017.11.17-02.42.54:609][623]LogModuleManager: Shutting down and abandoning module ProfilerService (334)
[2017.11.17-02.42.54:698][623]LogModuleManager: Shutting down and abandoning module TaskGraph (332)
[2017.11.17-02.42.54:736][623]LogModuleManager: Shutting down and abandoning module SteamVRController (330)
[2017.11.17-02.42.54:736][623]LogModuleManager: Shutting down and abandoning module ProceduralMeshComponentEditor (328)
[2017.11.17-02.42.54:736][623]LogModuleManager: Shutting down and abandoning module ProceduralMeshComponent (326)
[2017.11.17-02.42.54:736][623]LogModuleManager: Shutting down and abandoning module OculusInput (324)
[2017.11.17-02.42.54:767][623]LogModuleManager: Shutting down and abandoning module MobilePatchingUtils (322)
[2017.11.17-02.42.54:767][623]LogModuleManager: Shutting down and abandoning module CustomMeshComponent (320)
[2017.11.17-02.42.54:767][623]LogModuleManager: Shutting down and abandoning module CableComponent (318)
[2017.11.17-02.42.54:829][623]LogModuleManager: Shutting down and abandoning module ArchVisCharacter (316)
[2017.11.17-02.42.54:829][623]LogModuleManager: Shutting down and abandoning module AndroidPermission (314)
[2017.11.17-02.42.54:829][623]LogModuleManager: Shutting down and abandoning module MediaPlayerEditor (310)
[2017.11.17-02.42.54:949][623]LogModuleManager: Shutting down and abandoning module HTML5Networking (308)
[2017.11.17-02.42.54:949][623]LogModuleManager: Shutting down and abandoning module AlembicImporter (306)
[2017.11.17-02.42.55:018][623]LogModuleManager: Shutting down and abandoning module AlembicLibrary (305)
[2017.11.17-02.42.55:019][623]LogModuleManager: Shutting down and abandoning module GeometryCache (304)
[2017.11.17-02.42.55:019][623]LogModuleManager: Shutting down and abandoning module GeometryCacheEd (303)
[2017.11.17-02.42.55:019][623]LogModuleManager: Shutting down and abandoning module SpeedTreeImporter (298)
[2017.11.17-02.42.55:019][623]LogModuleManager: Shutting down and abandoning module PluginBrowser (296)
[2017.11.17-02.42.55:125][623]LogModuleManager: Shutting down and abandoning module MobileLauncherProfileWizard (294)
[2017.11.17-02.42.55:138][623]LogModuleManager: Shutting down and abandoning module VisualStudioSourceCodeAccess (292)
[2017.11.17-02.42.55:138][623]LogModuleManager: Shutting down and abandoning module DesktopPlatform (291)
[2017.11.17-02.42.55:184][623]LogModuleManager: Shutting down and abandoning module UObjectPlugin (288)
[2017.11.17-02.42.55:184][623]LogModuleManager: Shutting down and abandoning module SubversionSourceControl (286)
[2017.11.17-02.42.55:206][623]LogModuleManager: Shutting down and abandoning module PerforceSourceControl (284)
[2017.11.17-02.42.55:275][623]LogModuleManager: Shutting down and abandoning module GitSourceControl (282)
[2017.11.17-02.42.55:301][623]LogModuleManager: Shutting down and abandoning module SourceControl (281)
[2017.11.17-02.42.55:301][623]LogModuleManager: Shutting down and abandoning module LightPropagationVolumeEditor (278)
[2017.11.17-02.42.55:301][623]LogModuleManager: Shutting down and abandoning module PaperTiledImporter (276)
[2017.11.17-02.42.55:301][623]LogModuleManager: Shutting down and abandoning module PaperSpriteSheetImporter (274)
[2017.11.17-02.42.55:301][623]LogModuleManager: Shutting down and abandoning module Paper2DEditor (272)
[2017.11.17-02.42.55:347][623]LogModuleManager: Shutting down and abandoning module MeshPaint (271)
[2017.11.17-02.42.55:381][623]LogModuleManager: Shutting down and abandoning module LevelEditor (269)
[2017.11.17-02.42.55:432][623]LogModuleManager: Shutting down and abandoning module PixelInspectorModule (268)
[2017.11.17-02.42.55:493][623]LogModuleManager: Shutting down and abandoning module MainFrame (266)
[2017.11.17-02.42.55:493][623]LogModuleManager: Shutting down and abandoning module HotReload (265)
[2017.11.17-02.42.55:518][623]LogModuleManager: Shutting down and abandoning module RuntimePhysXCooking (260)
[2017.11.17-02.42.55:518][623]LogModuleManager: Shutting down and abandoning module PhysXVehiclesEditor (258)
[2017.11.17-02.42.55:518][623]LogModuleManager: Shutting down and abandoning module PhysXVehicles (256)
[2017.11.17-02.42.55:518][623]LogModuleManager: Shutting down and abandoning module OculusEditor (254)
[2017.11.17-02.42.55:518][623]LogModuleManager: Shutting down and abandoning module LocationServicesBPLibrary (252)
[2017.11.17-02.42.55:518][623]LogModuleManager: Shutting down and abandoning module ImmediatePhysicsEditor (250)
[2017.11.17-02.42.55:518][623]LogModuleManager: Shutting down and abandoning module ImmediatePhysics (248)
[2017.11.17-02.42.55:582][623]LogModuleManager: Shutting down and abandoning module UdpMessaging (246)
[2017.11.17-02.42.55:683][623]LogModuleManager: Shutting down and abandoning module TcpMessaging (244)
[2017.11.17-02.42.55:807][623]LogModuleManager: Shutting down and abandoning module GameplayTagsEditor (242)
[2017.11.17-02.42.55:835][623]LogModuleManager: Shutting down and abandoning module FacialAnimationEditor (240)
[2017.11.17-02.42.55:835][623]LogModuleManager: Shutting down and abandoning module FacialAnimation (238)
[2017.11.17-02.42.55:835][623]LogModuleManager: Shutting down and abandoning module AssetManagerEditor (236)
[2017.11.17-02.42.55:877][623]LogModuleManager: Shutting down and abandoning module GraphEditor (235)
[2017.11.17-02.42.55:980][623]LogModuleManager: Shutting down and abandoning module ContentBrowser (233)
[2017.11.17-02.42.55:981][623]LogModuleManager: Shutting down and abandoning module LightPropagationVolumeRuntime (230)
[2017.11.17-02.42.55:981][623]LogModuleManager: Shutting down and abandoning module Paper2D (228)
[2017.11.17-02.42.55:981][623]LogModuleManager: Shutting down and abandoning module WindowsMoviePlayer (226)
[2017.11.17-02.42.56:022][623]LogModuleManager: Shutting down and abandoning module WmfMedia (224)
[2017.11.17-02.42.56:080][623]LogModuleManager: Shutting down and abandoning module PacketHandler (222)
[2017.11.17-02.42.56:080][623]LogModuleManager: Shutting down and abandoning module ClothingSystemEditor (220)
[2017.11.17-02.42.56:101][623]LogModuleManager: Shutting down and abandoning module ClothingSystemRuntime (218)
[2017.11.17-02.42.56:166][623]LogModuleManager: Shutting down and abandoning module Overlay (216)
[2017.11.17-02.42.56:166][623]LogModuleManager: Shutting down and abandoning module OverlayEditor (215)
[2017.11.17-02.42.56:166][623]LogModuleManager: Shutting down and abandoning module MediaAssets (212)
[2017.11.17-02.42.56:166][623]LogModuleManager: Shutting down and abandoning module VREditor (210)
[2017.11.17-02.42.56:214][623]LogModuleManager: Shutting down and abandoning module StringTableEditor (208)
[2017.11.17-02.42.56:256][623]LogModuleManager: Shutting down and abandoning module GameplayTasksEditor (206)
[2017.11.17-02.42.56:256][623]LogModuleManager: Shutting down and abandoning module BehaviorTreeEditor (204)
[2017.11.17-02.42.56:429][623]LogModuleManager: Shutting down and abandoning module FunctionalTesting (202)
[2017.11.17-02.42.56:429][623]LogModuleManager: Shutting down and abandoning module CollisionAnalyzer (200)
[2017.11.17-02.42.56:458][623]LogModuleManager: Shutting down and abandoning module WorkspaceMenuStructure (199)
[2017.11.17-02.42.56:458][623]LogModuleManager: Shutting down and abandoning module UMG (196)
[2017.11.17-02.42.56:458][623]LogModuleManager: Shutting down and abandoning module UMGEditor (195)
[2017.11.17-02.42.56:536][623]LogModuleManager: Shutting down and abandoning module Sequencer (194)
[2017.11.17-02.42.56:600][623]LogModuleManager: Shutting down and abandoning module MessageLog (191)
[2017.11.17-02.42.56:600][623]LogModuleManager: Shutting down and abandoning module SlateReflector (186)
[2017.11.17-02.42.56:670][623]LogModuleManager: Shutting down and abandoning module Slate (184)
[2017.11.17-02.42.56:670][623]LogModuleManager: Shutting down and abandoning module EditorStyle (182)
[2017.11.17-02.42.56:673][623]LogModuleManager: Shutting down and abandoning module MRMesh (180)
[2017.11.17-02.42.56:673][623]LogModuleManager: Shutting down and abandoning module SourceCodeAccess (178)
[2017.11.17-02.42.56:673][623]LogModuleManager: Shutting down and abandoning module HeadMountedDisplay (176)
[2017.11.17-02.42.56:673][623]LogModuleManager: Shutting down and abandoning module XAudio2 (174)
[2017.11.17-02.42.56:673][623]LogModuleManager: Shutting down and abandoning module Networking (172)
[2017.11.17-02.42.56:673][623]LogModuleManager: Shutting down and abandoning module Core (168)
[2017.11.17-02.42.56:673][623]LogModuleManager: Shutting down and abandoning module KismetCompiler (164)
[2017.11.17-02.42.56:673][623]LogModuleManager: Shutting down and abandoning module LevelSequence (162)
[2017.11.17-02.42.56:673][623]LogModuleManager: Shutting down and abandoning module MeshUtilities (160)
[2017.11.17-02.42.56:752][623]LogModuleManager: Shutting down and abandoning module MeshMergeUtilities (159)
[2017.11.17-02.42.56:801][623]LogModuleManager: Shutting down and abandoning module MeshReductionInterface (158)
[2017.11.17-02.42.56:801][623]LogModuleManager: Shutting down and abandoning module SimplygonSwarm (157)
[2017.11.17-02.42.56:816][623]LogModuleManager: Shutting down and abandoning module SimplygonMeshReduction (155)
[2017.11.17-02.42.56:816][623]LogModuleManager: Shutting down and abandoning module QuadricMeshReduction (153)
[2017.11.17-02.42.56:841][623]LogModuleManager: Shutting down and abandoning module MaterialBaking (149)
[2017.11.17-02.42.56:876][623]LogModuleManager: Shutting down and abandoning module DirectoryWatcher (146)
[2017.11.17-02.42.56:876][623]LogModuleManager: Shutting down and abandoning module DerivedDataCache (144)
[2017.11.17-02.42.56:933][623]LogDerivedDataCache: Shutdown
[2017.11.17-02.42.56:957][623]LogModuleManager: Shutting down and abandoning module TargetPlatform (142)
[2017.11.17-02.42.56:957][623]LogModuleManager: Shutting down and abandoning module VulkanShaderFormat (141)
[2017.11.17-02.42.56:988][623]LogModuleManager: Shutting down and abandoning module ShaderFormatVectorVM (139)
[2017.11.17-02.42.57:019][623]LogModuleManager: Shutting down and abandoning module ShaderFormatOpenGL (137)
[2017.11.17-02.42.57:042][623]LogModuleManager: Shutting down and abandoning module ShaderFormatD3D (135)
[2017.11.17-02.42.57:042][623]LogModuleManager: Shutting down and abandoning module MetalShaderFormat (133)
[2017.11.17-02.42.57:067][623]LogModuleManager: Shutting down and abandoning module TextureFormatUncompressed (131)
[2017.11.17-02.42.57:067][623]LogModuleManager: Shutting down and abandoning module TextureFormatPVR (129)
[2017.11.17-02.42.57:067][623]LogModuleManager: Shutting down and abandoning module TextureFormatDXT (127)
[2017.11.17-02.42.57:067][623]LogModuleManager: Shutting down and abandoning module TextureFormatIntelISPCTexComp (125)
[2017.11.17-02.42.57:067][623]LogModuleManager: Shutting down and abandoning module TextureFormatASTC (123)
[2017.11.17-02.42.57:067][623]LogModuleManager: Shutting down and abandoning module ImageWrapper (122)
[2017.11.17-02.42.57:067][623]LogModuleManager: Shutting down and abandoning module TextureFormatAndroid (119)
[2017.11.17-02.42.57:067][623]LogModuleManager: Shutting down and abandoning module AudioFormatOpus (117)
[2017.11.17-02.42.57:067][623]LogModuleManager: Shutting down and abandoning module AudioFormatOgg (115)
[2017.11.17-02.42.57:067][623]LogModuleManager: Shutting down and abandoning module AudioFormatADPCM (113)
[2017.11.17-02.42.57:067][623]LogModuleManager: Shutting down and abandoning module LinuxTargetPlatform (111)
[2017.11.17-02.42.57:067][623]LogModuleManager: Shutting down and abandoning module LinuxServerTargetPlatform (109)
[2017.11.17-02.42.57:067][623]LogModuleManager: Shutting down and abandoning module LinuxNoEditorTargetPlatform (107)
[2017.11.17-02.42.57:067][623]LogModuleManager: Shutting down and abandoning module LinuxClientTargetPlatform (105)
[2017.11.17-02.42.57:067][623]LogModuleManager: Shutting down and abandoning module TVOSTargetPlatform (103)
[2017.11.17-02.42.57:067][623]LogModuleManager: Shutting down and abandoning module Messaging (101)
[2017.11.17-02.42.57:067][623]LogModuleManager: Shutting down and abandoning module IOSTargetPlatform (99)
[2017.11.17-02.42.57:067][623]LogModuleManager: Shutting down and abandoning module HTML5TargetPlatform (97)
[2017.11.17-02.42.57:067][623]LogModuleManager: Shutting down and abandoning module Android_PVRTCTargetPlatform (95)
[2017.11.17-02.42.57:067][623]LogModuleManager: Shutting down and abandoning module Android_MultiTargetPlatform (93)
[2017.11.17-02.42.57:067][623]LogModuleManager: Shutting down and abandoning module Android_ETC2TargetPlatform (91)
[2017.11.17-02.42.57:067][623]LogModuleManager: Shutting down and abandoning module Android_ETC1TargetPlatform (89)
[2017.11.17-02.42.57:068][623]LogModuleManager: Shutting down and abandoning module Android_DXTTargetPlatform (87)
[2017.11.17-02.42.57:068][623]LogModuleManager: Shutting down and abandoning module Android_ATCTargetPlatform (85)
[2017.11.17-02.42.57:068][623]LogModuleManager: Shutting down and abandoning module Android_ASTCTargetPlatform (83)
[2017.11.17-02.42.57:068][623]LogModuleManager: Shutting down and abandoning module AndroidTargetPlatform (81)
[2017.11.17-02.42.57:068][623]LogModuleManager: Shutting down and abandoning module WindowsTargetPlatform (79)
[2017.11.17-02.42.57:068][623]LogModuleManager: Shutting down and abandoning module WindowsServerTargetPlatform (77)
[2017.11.17-02.42.57:068][623]LogModuleManager: Shutting down and abandoning module WindowsNoEditorTargetPlatform (75)
[2017.11.17-02.42.57:068][623]LogModuleManager: Shutting down and abandoning module WindowsClientTargetPlatform (73)
[2017.11.17-02.42.57:068][623]LogModuleManager: Shutting down and abandoning module MacTargetPlatform (71)
[2017.11.17-02.42.57:068][623]LogModuleManager: Shutting down and abandoning module MacServerTargetPlatform (69)
[2017.11.17-02.42.57:068][623]LogModuleManager: Shutting down and abandoning module MacNoEditorTargetPlatform (67)
[2017.11.17-02.42.57:068][623]LogModuleManager: Shutting down and abandoning module MacClientTargetPlatform (65)
[2017.11.17-02.42.57:068][623]LogModuleManager: Shutting down and abandoning module AllDesktopTargetPlatform (63)
[2017.11.17-02.42.57:068][623]LogModuleManager: Shutting down and abandoning module InputCore (60)
[2017.11.17-02.42.57:068][623]LogModuleManager: Shutting down and abandoning module Settings (58)
[2017.11.17-02.42.57:068][623]LogModuleManager: Shutting down and abandoning module PhysXCooking (56)
[2017.11.17-02.42.57:068][623]LogModuleManager: Shutting down and abandoning module SteamVR (54)
[2017.11.17-02.42.57:068][623]LogModuleManager: Shutting down and abandoning module OculusHMD (52)
[2017.11.17-02.42.57:089][623]LogModuleManager: Shutting down and abandoning module ExampleDeviceProfileSelector (50)
[2017.11.17-02.42.57:089][623]LogModuleManager: Shutting down and abandoning module OnlineBlueprintSupport (48)
[2017.11.17-02.42.57:089][623]LogModuleManager: Shutting down and abandoning module OnlineSubsystem (44)
[2017.11.17-02.42.57:089][623]LogOnline: Display: Unloading online subsystem: NULL
[2017.11.17-02.42.57:140][623]LogModuleManager: Shutting down and abandoning module XMPP (43)
[2017.11.17-02.42.57:181][623]LogModuleManager: Shutting down and abandoning module HTTP (41)
[2017.11.17-02.42.57:182][623]LogHttp: Display: Http module shutting down, but needs to wait on 1 outstanding Http requests:
[2017.11.17-02.42.57:182][623]LogHttp: Display: 	verb=[POST] url=[https://datarouter.ol.epicgames.com/datarouter/api/v1/public/data?SessionID=%7B80B1ADA2-4FE5-CAE6-CC9E-BE9455A1F66A%7D&AppID=UEEditor.Rocket.Release&AppVersion=4.17.2-3658906%2B%2B%2BUE4%2BRelease-4.17&UserID=0cdc46354752a0eab9852f856d7117e8%7C15cca6e6937c4713820d7aa9ac75edf7%7C47e4ea8b-fce0-40e0-83d0-fc5cc9b7dace&AppEnvironment=datacollector-binary&UploadType=eteventstream] status=Processing
[2017.11.17-02.42.57:184][623]LogModuleManager: Shutting down and abandoning module SSL (40)
[2017.11.17-02.42.57:198][623]LogModuleManager: Shutting down and abandoning module AnimationModifiers (36)
[2017.11.17-02.42.57:232][623]LogModuleManager: Shutting down and abandoning module PropertyEditor (35)
[2017.11.17-02.42.57:232][623]LogModuleManager: Shutting down and abandoning module AudioEditor (32)
[2017.11.17-02.42.57:312][623]LogModuleManager: Shutting down and abandoning module TextureCompressor (30)
[2017.11.17-02.42.57:328][623]LogModuleManager: Shutting down and abandoning module ShaderCore (28)
[2017.11.17-02.42.57:328][623]LogModuleManager: Shutting down and abandoning module Landscape (26)
[2017.11.17-02.42.57:328][623]LogModuleManager: Shutting down and abandoning module SlateRHIRenderer (24)
[2017.11.17-02.42.57:391][623]LogModuleManager: Shutting down and abandoning module OpenGLDrv (22)
[2017.11.17-02.42.57:410][623]LogModuleManager: Shutting down and abandoning module D3D11RHI (20)
[2017.11.17-02.42.57:410][623]LogModuleManager: Shutting down and abandoning module AnimGraphRuntime (18)
[2017.11.17-02.42.57:443][623]LogModuleManager: Shutting down and abandoning module Renderer (16)
[2017.11.17-02.42.57:443][623]LogModuleManager: Shutting down and abandoning module Engine (14)
[2017.11.17-02.42.57:443][623]LogModuleManager: Shutting down and abandoning module CoreUObject (12)
[2017.11.17-02.42.57:443][623]LogModuleManager: Shutting down and abandoning module NetworkFile (10)
[2017.11.17-02.42.57:460][623]LogModuleManager: Shutting down and abandoning module CookedIterativeFile (8)
[2017.11.17-02.42.57:460][623]LogModuleManager: Shutting down and abandoning module StreamingFile (6)
[2017.11.17-02.42.57:468][623]LogModuleManager: Shutting down and abandoning module SandboxFile (4)
[2017.11.17-02.42.57:484][623]LogModuleManager: Shutting down and abandoning module PakFile (2)
[2017.11.17-02.42.57:506][623]LogExit: Exiting.
[2017.11.17-02.42.57:536][623]Log file closed, 11/16/17 23:42:57
