Log file open, 11/07/17 13:07:30
LogWindows: Failed to load 'aqProf.dll' (GetLastError=126)
LogWindows: File 'aqProf.dll' does not exist
LogWindows: Failed to load 'VSPerf140.dll' (GetLastError=126)
LogWindows: File 'VSPerf140.dll' does not exist
LogWindows: Failed to load 'VtuneApi.dll' (GetLastError=126)
LogWindows: File 'VtuneApi.dll' does not exist
LogWindows: Failed to load 'VtuneApi32e.dll' (GetLastError=126)
LogWindows: File 'VtuneApi32e.dll' does not exist
LogInit: Display: Running engine for game: Caramuru2D
LogPlatformFile: Not using cached read wrapper
LogInit: Display: RandInit(27618385) SRandInit(27618386).
LogTaskGraph: Started task graph with 5 named threads and 14 total threads with 3 sets of task threads.
LogStats: Stats thread started at 0.172611
LogD3D11RHI: Aftermath initialized
LogPluginManager: Mounting plugin Paper2D
LogPluginManager: Mounting plugin LightPropagationVolume
LogPluginManager: Mounting plugin CodeLiteSourceCodeAccess
LogPluginManager: Mounting plugin GitSourceControl
LogPluginManager: Mounting plugin KDevelopSourceCodeAccess
LogPluginManager: Mounting plugin NullSourceCodeAccess
LogPluginManager: Mounting plugin PerforceSourceControl
LogPluginManager: Mounting plugin SubversionSourceControl
LogPluginManager: Mounting plugin UObjectPlugin
LogPluginManager: Mounting plugin VisualStudioSourceCodeAccess
LogPluginManager: Mounting plugin XCodeSourceCodeAccess
LogPluginManager: Mounting plugin AssetManagerEditor
LogPluginManager: Mounting plugin AudioCapture
LogPluginManager: Mounting plugin FacialAnimation
LogPluginManager: Mounting plugin GameplayTagsEditor
LogPluginManager: Mounting plugin MobileLauncherProfileWizard
LogPluginManager: Mounting plugin PluginBrowser
LogPluginManager: Mounting plugin SpeedTreeImporter
LogPluginManager: Mounting plugin AlembicImporter
LogPluginManager: Mounting plugin CharacterAI
LogPluginManager: Mounting plugin HTML5Networking
LogPluginManager: Mounting plugin AndroidMedia
LogPluginManager: Mounting plugin AvfMedia
LogPluginManager: Mounting plugin MediaPlayerEditor
LogPluginManager: Mounting plugin WmfMedia
LogPluginManager: Mounting plugin TcpMessaging
LogPluginManager: Mounting plugin UdpMessaging
LogPluginManager: Mounting plugin LevelSequenceEditor
LogPluginManager: Mounting plugin MatineeToLevelSequence
LogPluginManager: Mounting plugin OnlineSubsystemGooglePlay
LogPluginManager: Mounting plugin OnlineSubsystemIOS
LogPluginManager: Mounting plugin OnlineSubsystem
LogPluginManager: Mounting plugin OnlineSubsystemNull
LogPluginManager: Mounting plugin OnlineSubsystemUtils
LogPluginManager: Mounting plugin AndroidDeviceProfileSelector
LogPluginManager: Mounting plugin AndroidMoviePlayer
LogPluginManager: Mounting plugin AndroidPermission
LogPluginManager: Mounting plugin AppleMoviePlayer
LogPluginManager: Mounting plugin ArchVisCharacter
LogPluginManager: Mounting plugin CableComponent
LogPluginManager: Mounting plugin CustomMeshComponent
LogPluginManager: Mounting plugin ExampleDeviceProfileSelector
LogPluginManager: Mounting plugin GoogleCloudMessaging
LogPluginManager: Mounting plugin ImmediatePhysics
LogPluginManager: Mounting plugin IOSDeviceProfileSelector
LogPluginManager: Mounting plugin LinuxDeviceProfileSelector
LogPluginManager: Mounting plugin LocationServicesBPLibrary
LogPluginManager: Mounting plugin MobilePatchingUtils
LogPluginManager: Mounting plugin OculusVR
LogPluginManager: Mounting plugin PhysXVehicles
LogPluginManager: Mounting plugin ProceduralMeshComponent
LogPluginManager: Mounting plugin RuntimePhysXCooking
LogPluginManager: Mounting plugin SteamVR
LogPluginManager: Mounting plugin WindowsMoviePlayer
LogInit: Using libcurl 7.47.1
LogInit:  - built for x86_64-pc-win32
LogInit:  - supports SSL with OpenSSL/1.0.2g
LogInit:  - supports HTTP deflate (compression) using libz 1.2.8
LogInit:  - other features:
LogInit:      CURL_VERSION_SSL
LogInit:      CURL_VERSION_LIBZ
LogInit:      CURL_VERSION_IPV6
LogInit:      CURL_VERSION_ASYNCHDNS
LogInit:      CURL_VERSION_LARGEFILE
LogInit:      CURL_VERSION_IDN
LogInit:  CurlRequestOptions (configurable via config and command line):
LogInit:  - bVerifyPeer = false  - Libcurl will NOT verify peer certificate
LogInit:  - bUseHttpProxy = false  - Libcurl will NOT use HTTP proxy
LogInit:  - bDontReuseConnections = false  - Libcurl will reuse connections
LogInit:  - CertBundlePath = nullptr  - Libcurl will use whatever was configured at build time.
LogInit: Build: ++UE4+Release-4.17-CL-3658906
LogInit: Engine Version: 4.17.2-3658906+++UE4+Release-4.17
LogInit: Compatible Engine Version: 4.17.0-3573198+++UE4+Release-4.17
LogInit: Net CL: 3573198
LogDevObjectVersion: Number of dev versions registered: 16
LogDevObjectVersion:   Dev-Blueprints (B0D832E4-1F89-4F0D-ACCF-7EB736FD4AA2): 10
LogDevObjectVersion:   Dev-Build (E1C64328-A22C-4D53-A36C-8E866417BD8C): 0
LogDevObjectVersion:   Dev-Core (375EC13C-06E4-48FB-B500-84F0262A717E): 2
LogDevObjectVersion:   Dev-Editor (E4B068ED-F494-42E9-A231-DA0B2E46BB41): 20
LogDevObjectVersion:   Dev-Framework (CFFC743F-43B0-4480-9391-14DF171D2073): 28
LogDevObjectVersion:   Dev-Mobile (B02B49B5-BB20-44E9-A304-32B752E40360): 0
LogDevObjectVersion:   Dev-Networking (A4E4105C-59A1-49B5-A7C5-40C4547EDFEE): 0
LogDevObjectVersion:   Dev-Online (39C831C9-5AE6-47DC-9A44-9C173E1C8E7C): 0
LogDevObjectVersion:   Dev-Physics (78F01B33-EBEA-4F98-B9B4-84EACCB95AA2): 0
LogDevObjectVersion:   Dev-Platform (6631380F-2D4D-43E0-8009-CF276956A95A): 0
LogDevObjectVersion:   Dev-Rendering (12F88B9F-8875-4AFC-A67C-D90C383ABD29): 19
LogDevObjectVersion:   Dev-Sequencer (7B5AE74C-D270-4C10-A958-57980B212A5A): 4
LogDevObjectVersion:   Dev-VR (D7296918-1DD6-4BDD-9DE2-64A83CC13884): 0
LogDevObjectVersion:   Dev-LoadTimes (C2A15278-BFE7-4AFE-6C17-90FF531DF755): 1
LogDevObjectVersion:   Private-Geometry (6EACA3D4-40EC-4CC1-B786-8BED09428FC5): 1
LogDevObjectVersion:   Dev-AnimPhys (29E575DD-E0A3-4627-9D10-D276232CDCEA): 7
LogInit: Compiled (64-bit): Sep 22 2017 13:47:16
LogInit: Compiled with Visual C++: 19.00.24215.01
LogInit: Build Configuration: Development
LogInit: Branch Name: ++UE4+Release-4.17
LogInit: Command line:  
LogInit: Base directory: C:/Program Files/Epic Games/UE_4.17/Engine/Binaries/Win64/
LogInit: Installed Engine Build: 1
LogInit: Presizing for max 8388607 objects, including 0 objects not considered by GC, pre-allocating 0 bytes for permanent pool.
LogInit: Object subsystem initialized
[2017.11.07-16.07.31:086][  0]LogInit: Selected Device Profile: [Windows]
[2017.11.07-16.07.31:086][  0]LogInit: Applying CVar settings loaded from the selected device profile: [Windows]
[2017.11.07-16.07.31:146][  0]LogInit: Computer: MARCELOM
[2017.11.07-16.07.31:146][  0]LogInit: User: Marcelo
[2017.11.07-16.07.31:146][  0]LogInit: CPU Page size=4096, Cores=4
[2017.11.07-16.07.31:146][  0]LogInit: High frequency timer resolution =3.020345 MHz
[2017.11.07-16.07.31:146][  0]LogMemory: Memory total: Physical=7.9GB (8GB approx)
[2017.11.07-16.07.31:146][  0]LogMemory: Platform Memory Stats for Windows
[2017.11.07-16.07.31:146][  0]LogMemory: Process Physical Memory: 276.25 MB used, 276.25 MB peak
[2017.11.07-16.07.31:146][  0]LogMemory: Process Virtual Memory: 281.86 MB used, 281.86 MB peak
[2017.11.07-16.07.31:146][  0]LogMemory: Physical Memory: 4655.70 MB used,  3474.15 MB free, 8129.85 MB total
[2017.11.07-16.07.31:146][  0]LogMemory: Virtual Memory: 659.25 MB used,  3474.15 MB free, 134217728.00 MB total
[2017.11.07-16.07.31:307][  0]LogInit: Overriding language with editor language configuration option (en).
[2017.11.07-16.07.31:307][  0]LogInit: Overriding locale with editor locale configuration option (en).
[2017.11.07-16.07.35:978][  0]LogD3D11RHI: D3D11 adapters:
[2017.11.07-16.07.36:001][  0]LogD3D11RHI:    0. 'NVIDIA GeForce GTX 1050 Ti' (Feature Level 11_0)
[2017.11.07-16.07.36:001][  0]LogD3D11RHI:       3992/0/4064 MB DedicatedVideo/DedicatedSystem/SharedSystem, Outputs:1, VendorId:0x10de
[2017.11.07-16.07.36:002][  0]LogD3D11RHI:    1. 'Microsoft Basic Render Driver' (Feature Level 11_0)
[2017.11.07-16.07.36:002][  0]LogD3D11RHI:       0/0/256 MB DedicatedVideo/DedicatedSystem/SharedSystem, Outputs:0, VendorId:0x1414
[2017.11.07-16.07.36:002][  0]LogD3D11RHI: Chosen D3D11 Adapter: 0
[2017.11.07-16.07.36:006][  0]LogD3D11RHI: Creating new Direct3DDevice
[2017.11.07-16.07.36:007][  0]LogD3D11RHI:     GPU DeviceId: 0x1c82 (for the marketing name, search the web for "GPU Device Id")
[2017.11.07-16.07.36:007][  0]LogWindows: EnumDisplayDevices:
[2017.11.07-16.07.36:007][  0]LogWindows:    0. 'NVIDIA GeForce GTX 1050 Ti' (P:1 D:1)
[2017.11.07-16.07.36:007][  0]LogWindows:    1. 'NVIDIA GeForce GTX 1050 Ti' (P:0 D:0)
[2017.11.07-16.07.36:008][  0]LogWindows:    2. 'NVIDIA GeForce GTX 1050 Ti' (P:0 D:0)
[2017.11.07-16.07.36:008][  0]LogWindows:    3. 'NVIDIA GeForce GTX 1050 Ti' (P:0 D:0)
[2017.11.07-16.07.36:008][  0]LogWindows: DebugString: FoundDriverCount:4 
[2017.11.07-16.07.36:008][  0]LogD3D11RHI:     Adapter Name: NVIDIA GeForce GTX 1050 Ti
[2017.11.07-16.07.36:008][  0]LogD3D11RHI:   Driver Version: 387.92 (internal:23.21.13.8792, unified:387.92)
[2017.11.07-16.07.36:008][  0]LogD3D11RHI:      Driver Date: 10-6-2017
[2017.11.07-16.07.36:008][  0]LogRHI: Texture pool is 1361 MB (70% of 1945 MB)
[2017.11.07-16.07.36:023][  0]LogD3D11RHI: Async texture creation enabled
[2017.11.07-16.07.36:039][  0]LogD3D11RHI: GPU Timing Frequency: 1000.000000 (Debug: 2 1)
[2017.11.07-16.07.36:088][  0]LogShaderCompilers: Guid format shader working directory is -25 characters bigger than the processId version (../../../../../../Users/Marcelo/Documents/Unreal Projects/Caramuru2D 4.17/Intermediate/Shaders/WorkingDirectory/3224/).
[2017.11.07-16.07.36:088][  0]LogShaderCompilers: Cleaned the shader compiler working directory 'C:/Users/Marcelo/AppData/Local/Temp/UnrealShaderWorkingDir/4B8A70D341B838116A9E749BC3C3BDB6/'.
[2017.11.07-16.07.36:088][  0]LogShaderCompilers: Display: Using Local Shader Compiler.
[2017.11.07-16.07.39:423][  0]LogTemp: Display: Loaded TP AllDesktopTargetPlatform
[2017.11.07-16.07.39:470][  0]LogTemp: Display: Loaded TP MacClientTargetPlatform
[2017.11.07-16.07.39:517][  0]LogTemp: Display: Loaded TP MacNoEditorTargetPlatform
[2017.11.07-16.07.39:563][  0]LogTemp: Display: Loaded TP MacServerTargetPlatform
[2017.11.07-16.07.39:621][  0]LogTemp: Display: Loaded TP MacTargetPlatform
[2017.11.07-16.07.39:667][  0]LogTemp: Display: Loaded TP WindowsClientTargetPlatform
[2017.11.07-16.07.39:712][  0]LogTemp: Display: Loaded TP WindowsNoEditorTargetPlatform
[2017.11.07-16.07.39:759][  0]LogTemp: Display: Loaded TP WindowsServerTargetPlatform
[2017.11.07-16.07.39:797][  0]LogTemp: Display: Loaded TP WindowsTargetPlatform
[2017.11.07-16.07.39:874][  0]LogTemp: Display: Loaded TP AndroidTargetPlatform
[2017.11.07-16.07.39:920][  0]LogTemp: Display: Loaded TP Android_ASTCTargetPlatform
[2017.11.07-16.07.39:964][  0]LogTemp: Display: Loaded TP Android_ATCTargetPlatform
[2017.11.07-16.07.40:010][  0]LogTemp: Display: Loaded TP Android_DXTTargetPlatform
[2017.11.07-16.07.40:055][  0]LogTemp: Display: Loaded TP Android_ETC1TargetPlatform
[2017.11.07-16.07.40:104][  0]LogTemp: Display: Loaded TP Android_ETC2TargetPlatform
[2017.11.07-16.07.40:205][  0]LogTemp: Display: Loaded TP Android_MultiTargetPlatform
[2017.11.07-16.07.40:205][  0]LogTemp: Display: Loaded TP Android_PVRTCTargetPlatform
[2017.11.07-16.07.40:241][  0]LogTemp: Display: Loaded TP HTML5TargetPlatform
[2017.11.07-16.07.40:340][  0]LogTemp: Display: Loaded TP IOSTargetPlatform
[2017.11.07-16.07.40:389][  0]LogTemp: Display: Loaded TP TVOSTargetPlatform
[2017.11.07-16.07.40:437][  0]LogTemp: Display: Loaded TP LinuxClientTargetPlatform
[2017.11.07-16.07.40:484][  0]LogTemp: Display: Loaded TP LinuxNoEditorTargetPlatform
[2017.11.07-16.07.40:531][  0]LogTemp: Display: Loaded TP LinuxServerTargetPlatform
[2017.11.07-16.07.40:584][  0]LogTemp: Display: Loaded TP LinuxTargetPlatform
[2017.11.07-16.07.40:584][  0]LogTargetPlatformManager: Display: Building Assets For Windows
[2017.11.07-16.07.41:028][  0]LogDerivedDataCache: Display: Max Cache Size: 512 MB
[2017.11.07-16.07.41:778][  0]LogDerivedDataCache: Loaded boot cache 0.75s 93MB C:/Users/Marcelo/AppData/Local/UnrealEngine/4.17/DerivedDataCache/Boot.ddc.
[2017.11.07-16.07.41:778][  0]LogDerivedDataCache: Display: Loaded Boot cache: C:/Users/Marcelo/AppData/Local/UnrealEngine/4.17/DerivedDataCache/Boot.ddc
[2017.11.07-16.07.41:778][  0]LogDerivedDataCache: FDerivedDataBackendGraph:  Pak pak cache file ../../../../../../Users/Marcelo/Documents/Unreal Projects/Caramuru2D 4.17/DerivedDataCache/DDC.ddp not found, will not use a pak cache.
[2017.11.07-16.07.41:778][  0]LogDerivedDataCache: Unable to find inner node Pak for hierarchical cache Hierarchy.
[2017.11.07-16.07.41:778][  0]LogDerivedDataCache: FDerivedDataBackendGraph:  CompressedPak pak cache file ../../../../../../Users/Marcelo/Documents/Unreal Projects/Caramuru2D 4.17/DerivedDataCache/Compressed.ddp not found, will not use a pak cache.
[2017.11.07-16.07.41:778][  0]LogDerivedDataCache: Unable to find inner node CompressedPak for hierarchical cache Hierarchy.
[2017.11.07-16.07.41:800][  0]LogDerivedDataCache: Display: Pak cache opened for reading ../../../Engine/DerivedDataCache/Compressed.ddp.
[2017.11.07-16.07.41:812][  0]LogDerivedDataCache: Using Local data cache path C:/Users/Marcelo/AppData/Local/UnrealEngine/Common/DerivedDataCache: Writable
[2017.11.07-16.07.41:823][  0]LogMaterial: Verifying Global Shaders for PCD3D_SM5
[2017.11.07-16.07.41:823][  0]LogSlate: Using Freetype 2.6.0
[2017.11.07-16.07.41:853][  0]LogSlate: SlateFontCache - WITH_FREETYPE: 1, WITH_HARFBUZZ: 1
[2017.11.07-16.07.41:853][  0]LogSlate: SlateFontCache - WITH_FREETYPE: 1, WITH_HARFBUZZ: 1
[2017.11.07-16.07.44:163][  0]LogAssetRegistry: FAssetRegistry took 0.0267 seconds to start up
[2017.11.07-16.07.44:404][  0]LogInit: Selected Device Profile: [Windows]
[2017.11.07-16.07.44:636][  0]LogContentStreaming: Texture pool size is 0.00 MB
[2017.11.07-16.07.44:947][  0]LogSimplygon: Simplygon DLL not present - disabling.
[2017.11.07-16.07.44:987][  0]LogMeshReduction: Using SimplygonSwarm for distributed automatic mesh merging
[2017.11.07-16.07.44:987][  0]LogMeshReduction: Using QuadricMeshReduction for automatic static mesh reduction
[2017.11.07-16.07.44:987][  0]LogMeshReduction: No automatic skeletal mesh reduction module available
[2017.11.07-16.07.44:987][  0]LogMeshReduction: No automatic mesh merging module available
[2017.11.07-16.07.44:987][  0]LogMeshMerging: No automatic mesh merging module available
[2017.11.07-16.07.45:437][  0]LogNetVersion: Caramuru2D , NetCL: 3573198, EngineNetVer: 2, GameNetVer: 0 (Checksum: 1344554375)
[2017.11.07-16.07.45:746][  0]LogPackageLocalizationCache: Processed 5 localized package path(s) for 1 prioritized culture(s) in 0.037546 seconds
[2017.11.07-16.07.45:759][  0]LogUObjectArray: 35825 objects as part of root set at end of initial load.
[2017.11.07-16.07.45:759][  0]LogUObjectAllocator: 7529112 out of 0 bytes used by permanent object pool.
[2017.11.07-16.07.45:760][  0]LogUObjectArray: CloseDisregardForGC: 0/0 objects in disregard for GC pool
[2017.11.07-16.07.45:831][  0]LogInit: WinSock: version 1.1 (2.2), MaxSocks=32767, MaxUdp=65467
[2017.11.07-16.08.05:852][  0]LogTcpMessaging: Initializing TcpMessaging bridge
[2017.11.07-16.08.05:890][  0]LogUdpMessaging: Initializing bridge on interface 0.0.0.0:0 to multicast group 230.0.0.1:6666.
[2017.11.07-16.08.06:554][  0]LogMaterial: Uniform references updated for custom material expression Custom.
[2017.11.07-16.08.07:035][  0]SourceControl: Source control is disabled
[2017.11.07-16.08.08:117][  0]LogAndroidPermission: UAndroidPermissionCallbackProxy::GetInstance
[2017.11.07-16.08.08:345][  0]LogOcInput: OculusInput pre-init called
[2017.11.07-16.08.08:656][  0]LogEngine: Initializing Engine...
[2017.11.07-16.08.08:658][  0]LogHMD: Failed to initialize OpenVR with code 110
[2017.11.07-16.08.08:992][  0]LogStats: UGameplayTagsManager::ConstructGameplayTagTree: Construct from data asset -  0.000 s
[2017.11.07-16.08.08:992][  0]LogStats: UGameplayTagsManager::ConstructGameplayTagTree: GameplayTagTreeChangedEvent.Broadcast -  0.000 s
[2017.11.07-16.08.09:116][  0]LogAIModule: Creating AISystem for world Untitled
[2017.11.07-16.08.09:127][  0]LogInit: XAudio2 using 'Alto-falantes (2- Realtek High Definition Audio)' : 2 channels at 48 kHz using 32 bits per sample (channel mask 0x3)
[2017.11.07-16.08.09:137][  0]LogInit: FAudioDevice initialized.
[2017.11.07-16.08.09:306][  0]LogDerivedDataCache: Saved boot cache 0.17s 93MB C:/Users/Marcelo/AppData/Local/UnrealEngine/4.17/DerivedDataCache/Boot.ddc.
[2017.11.07-16.08.09:329][  0]LogInit: Texture streaming: Enabled
[2017.11.07-16.08.09:440][  0]LogEngineSessionManager: EngineSessionManager initialized
[2017.11.07-16.08.09:758][  0]LogInit: Transaction tracking system initialized
[2017.11.07-16.08.10:052][  0]BlueprintLog: New page: Editor Load
[2017.11.07-16.08.10:931][  0]LocalizationService: Localization service is disabled
[2017.11.07-16.08.11:677][  0]LogConsoleResponse: Display: 
[2017.11.07-16.08.11:870][  0]LogCook: Display: Max memory allowance for cook 16384mb min free memory 0mb
[2017.11.07-16.08.11:870][  0]LogCook: Display: Mobile HDR setting 1
[2017.11.07-16.08.11:870][  0]LogGameplayTags: Display: UGameplayTagsManager::DoneAddingNativeTags. DelegateIsBound: 0
[2017.11.07-16.08.12:117][  0]LogFileCache: Scanning file cache for directory 'C:/Users/Marcelo/Documents/Unreal Projects/Caramuru2D 4.17/Content/' took 0.02s
[2017.11.07-16.08.13:051][  0]Cmd: MAP LOAD FILE="../../../Engine/Content/Maps/Templates/Template_Default.umap" TEMPLATE=1 SHOWPROGRESS=1 FEATURELEVEL=3
[2017.11.07-16.08.13:069][  0]LightingResults: New page: Lighting Build
[2017.11.07-16.08.13:108][  0]MapCheck: New page: Map Check
[2017.11.07-16.08.13:108][  0]LightingResults: New page: Lighting Build
[2017.11.07-16.08.13:366][  0]LogAIModule: Creating AISystem for world Untitled_1
[2017.11.07-16.08.13:386][  0]LogEditorServer: Finished looking for orphan Actors (0.000 secs)
[2017.11.07-16.08.13:398][  0]Cmd: MAP CHECKDEP NOCLEARLOG
[2017.11.07-16.08.13:446][  0]MapCheck: Map check complete: 0 Error(s), 0 Warning(s), took 48.252ms to complete.
[2017.11.07-16.08.13:446][  0]LogFileHelpers: Loading map 'Template_Default' took 0.395
[2017.11.07-16.08.13:506][  0]LogWindowsTextInputMethodSystem: Display: IME system now deactivated.
[2017.11.07-16.08.13:690][  0]LogCollectionManager: Loaded 0 collections in 0.001427 seconds
[2017.11.07-16.08.13:763][  0]LogFileCache: Scanning file cache for directory 'C:/Users/Marcelo/Documents/Unreal Projects/Caramuru2D 4.17/Saved/Collections/' took 0.01s
[2017.11.07-16.08.13:763][  0]LogFileCache: Scanning file cache for directory 'C:/Users/Marcelo/Documents/Unreal Projects/Caramuru2D 4.17/Content/Developers/Marcelo/Collections/' took 0.01s
[2017.11.07-16.08.13:763][  0]LogFileCache: Scanning file cache for directory 'C:/Users/Marcelo/Documents/Unreal Projects/Caramuru2D 4.17/Content/Collections/' took 0.01s
[2017.11.07-16.08.13:763][  0]LogCollectionManager: Rebuilt the GUID cache for 0 collections in 0.000001 seconds
[2017.11.07-16.08.13:773][  0]LogContentBrowser: Native class hierarchy populated in 0.0098 seconds. Added 2386 classes and 500 folders.
[2017.11.07-16.08.13:831][  0]LogContentBrowser: Native class hierarchy updated for 'WidgetCarousel' in 0.0006 seconds. Added 0 classes and 0 folders.
[2017.11.07-16.08.14:544][  0]LogContentBrowser: Native class hierarchy updated for 'AddContentDialog' in 0.0007 seconds. Added 0 classes and 0 folders.
[2017.11.07-16.08.14:584][  0]LogContentBrowser: Native class hierarchy updated for 'SceneOutliner' in 0.0007 seconds. Added 1 classes and 2 folders.
[2017.11.07-16.08.14:656][  0]LogSlate: Took 0.000192 seconds to synchronously load lazily loaded font '../../../Engine/Content/Slate/Fonts/Roboto-Regular.ttf' (155K)
[2017.11.07-16.08.14:679][  0]LogSlate: Took 0.020568 seconds to synchronously load lazily loaded font '../../../Engine/Content/Slate/Fonts/Roboto-Bold.ttf' (160K)
[2017.11.07-16.08.14:697][  0]LogSlate: Took 0.013296 seconds to synchronously load lazily loaded font '../../../Engine/Content/Editor/Slate/Fonts/FontAwesome.ttf' (139K)
[2017.11.07-16.08.14:810][  0]LogRenderer: Reallocating scene render targets to support 808x268 Format 10 NumSamples 1 (Frame:1).
[2017.11.07-16.08.15:035][  0]LogContentBrowser: Native class hierarchy updated for 'HierarchicalLODOutliner' in 0.0007 seconds. Added 1 classes and 2 folders.
[2017.11.07-16.08.15:035][  0]LogLoad: (Engine Initialization) Total time: 46.73 seconds
[2017.11.07-16.08.15:035][  0]LogLoad: (Engine Initialization) Total Blueprint compile time: 0.00 seconds
[2017.11.07-16.08.15:035][  0]LogExternalProfiler: No external profilers were discovered.  External profiling features will not be available.
[2017.11.07-16.08.15:063][  0]SourceControl: On branch master
[2017.11.07-16.08.15:063][  0]SourceControl: Your branch is up to date with 'origin/master'.
[2017.11.07-16.08.15:063][  0]SourceControl: Changes not staged for commit:
[2017.11.07-16.08.15:063][  0]SourceControl:   (use "git add <file>..." to update what will be committed)
[2017.11.07-16.08.15:063][  0]SourceControl:   (use "git checkout -- <file>..." to discard changes in working directory)
[2017.11.07-16.08.15:063][  0]SourceControl: 	modified:   Content/Caramuru2D.umap
[2017.11.07-16.08.15:063][  0]SourceControl: Untracked files:
[2017.11.07-16.08.15:063][  0]SourceControl:   (use "git add <file>..." to include in what will be committed)
[2017.11.07-16.08.15:063][  0]SourceControl: 	Intermediate/
[2017.11.07-16.08.15:063][  0]SourceControl: 	Saved/
[2017.11.07-16.08.15:063][  0]SourceControl: no changes added to commit (use "git add" and/or "git commit -a")
[2017.11.07-16.08.15:064][  0]LogContentStreaming: Texture pool size now 1000 MB
[2017.11.07-16.08.15:129][  0]LogSlate: Took 0.000186 seconds to synchronously load lazily loaded font '../../../Engine/Content/Slate/Fonts/Roboto-Light.ttf' (159K)
[2017.11.07-16.08.15:226][  1]LogAssetRegistry: Asset discovery search completed in 31.0854 seconds
[2017.11.07-16.08.15:229][  1]LogCollectionManager: Rebuilt the object cache for 0 collections in 0.000001 seconds (found 0 objects)
[2017.11.07-16.08.15:229][  1]LogCollectionManager: Fixed up redirectors for 0 collections in 0.000038 seconds (updated 0 objects)
[2017.11.07-16.08.19:901][457]LogSlate: Took 0.000171 seconds to synchronously load lazily loaded font '../../../Engine/Content/Slate/Fonts/Roboto-Light.ttf' (159K)
[2017.11.07-16.08.20:746][457]LogSlate: Took 0.000151 seconds to synchronously load lazily loaded font '../../../Engine/Content/Slate/Fonts/Roboto-Regular.ttf' (155K)
[2017.11.07-16.08.21:249][457]LogAIModule: Creating AISystem for world Caramuru2D
[2017.11.07-16.08.21:289][457]Cmd: MAP LOAD FILE="../../../../../../Users/Marcelo/Documents/Unreal Projects/Caramuru2D 4.17/Content/Caramuru2D.umap" TEMPLATE=0 SHOWPROGRESS=1 FEATURELEVEL=3
[2017.11.07-16.08.21:289][457]LightingResults: New page: Lighting Build
[2017.11.07-16.08.21:290][457]LoadErrors: New page: Loading map: Caramuru2D.umap
[2017.11.07-16.08.21:290][457]MapCheck: New page: Map Check
[2017.11.07-16.08.21:290][457]LightingResults: New page: Lighting Build
[2017.11.07-16.08.21:377][457]LogEditorServer: Finished looking for orphan Actors (0.000 secs)
[2017.11.07-16.08.21:413][457]Cmd: MAP CHECKDEP NOCLEARLOG
[2017.11.07-16.08.21:469][457]MapCheck: Map check complete: 0 Error(s), 0 Warning(s), took 56.201ms to complete.
[2017.11.07-16.08.21:470][457]LogFileHelpers: Loading map 'Caramuru2D' took 0.182
[2017.11.07-16.08.26:908][ 86]LogTemp: Repeating last play command: New Editor Window (PIE)
[2017.11.07-16.08.27:121][ 86]LogBlueprintUserMessages: Early PlayInEditor Detection: Level '/Game/Caramuru2D.Caramuru2D:PersistentLevel' has LevelScriptBlueprint '/Game/Caramuru2D.Caramuru2D:PersistentLevel.Caramuru2D' with GeneratedClass '/Game/Caramuru2D.Caramuru2D_C' with ClassGeneratedBy '/Game/Caramuru2D.Caramuru2D:PersistentLevel.Caramuru2D'
[2017.11.07-16.08.27:121][ 86]LogPlayLevel: PlayLevel: No blueprints needed recompiling
[2017.11.07-16.08.27:121][ 86]PIE: New page: PIE session: Caramuru2D (Nov 7, 2017, 10:08:27 AM)
[2017.11.07-16.08.27:121][ 86]LogPlayLevel: Creating play world package: /Game/UEDPIE_0_Caramuru2D
[2017.11.07-16.08.27:123][ 86]LogPlayLevel: PIE: StaticDuplicateObject took: (0.002362s)
[2017.11.07-16.08.27:124][ 86]LogAIModule: Creating AISystem for world Caramuru2D
[2017.11.07-16.08.27:124][ 86]LogPlayLevel: PIE: World Init took: (0.000602s)
[2017.11.07-16.08.27:124][ 86]LogPlayLevel: PIE: Created PIE world by copying editor world from /Game/Caramuru2D.Caramuru2D to /Game/UEDPIE_0_Caramuru2D.Caramuru2D (0.003169s)
[2017.11.07-16.08.27:139][ 86]LogInit: XAudio2 using 'Alto-falantes (2- Realtek High Definition Audio)' : 2 channels at 48 kHz using 32 bits per sample (channel mask 0x3)
[2017.11.07-16.08.27:146][ 86]LogInit: FAudioDevice initialized.
[2017.11.07-16.08.27:198][ 86]LogLoad: Game class is '2DSideScrollerGameMode_C'
[2017.11.07-16.08.27:205][ 86]LogWorld: Bringing World /Game/UEDPIE_0_Caramuru2D.Caramuru2D up for play (max tick rate 0) at 2017.11.07-13.08.27
[2017.11.07-16.08.27:207][ 86]LogWorld: Bringing up level for play took: 0.007412
[2017.11.07-16.08.27:244][ 86]LogContentBrowser: Native class hierarchy updated for 'MovieSceneCapture' in 0.0007 seconds. Added 11 classes and 0 folders.
[2017.11.07-16.08.27:246][ 86]LogBlueprintUserMessages: [2DSideScrollerCharacter_254] SpreaderGun
[2017.11.07-16.08.27:250][ 86]PIE: Play in editor start time for /Game/UEDPIE_0_Caramuru2D 0.115
[2017.11.07-16.08.27:250][ 86]LogBlueprintUserMessages: Late PlayInEditor Detection: Level '/Game/Caramuru2D.Caramuru2D:PersistentLevel' has LevelScriptBlueprint '/Game/Caramuru2D.Caramuru2D:PersistentLevel.Caramuru2D' with GeneratedClass '/Game/Caramuru2D.Caramuru2D_C' with ClassGeneratedBy '/Game/Caramuru2D.Caramuru2D:PersistentLevel.Caramuru2D'
[2017.11.07-16.08.27:282][ 86]LogRenderer: Reallocating scene render targets to support 1292x756 Format 10 NumSamples 1 (Frame:1).
[2017.11.07-16.08.38:873][447]LogBlueprintUserMessages: Early EndPlayMap Detection: Level '/Game/Caramuru2D.Caramuru2D:PersistentLevel' has LevelScriptBlueprint '/Game/Caramuru2D.Caramuru2D:PersistentLevel.Caramuru2D' with GeneratedClass '/Game/Caramuru2D.Caramuru2D_C' with ClassGeneratedBy '/Game/Caramuru2D.Caramuru2D:PersistentLevel.Caramuru2D'
[2017.11.07-16.08.38:917][447]LogBlueprintUserMessages: Late EndPlayMap Detection: Level '/Game/Caramuru2D.Caramuru2D:PersistentLevel' has LevelScriptBlueprint '/Game/Caramuru2D.Caramuru2D:PersistentLevel.Caramuru2D' with GeneratedClass '/Game/Caramuru2D.Caramuru2D_C' with ClassGeneratedBy '/Game/Caramuru2D.Caramuru2D:PersistentLevel.Caramuru2D'
[2017.11.07-16.33.21:708][539]LogEditorViewport: Clicking Background
[2017.11.07-16.33.22:573][642]LogEditorViewport: Clicking on Actor (LMB): PaperSpriteActor (FirstFlorestBackGround)
[2017.11.07-16.33.23:349][722]LogEditorViewport: Clicking Background
[2017.11.07-16.33.59:995][213]LogWindowsTextInputMethodSystem: Display: IME system now deactivated.
[2017.11.07-16.34.00:175][214]Cmd: QUIT_EDITOR
[2017.11.07-16.34.00:527][214]LogExit: Preparing to exit.
[2017.11.07-16.34.01:777][214]LogDirectoryWatcher: A directory notification for 'C:/Users/Marcelo/Documents/Unreal Projects/Caramuru2D 4.17/Content/' was aborted.
[2017.11.07-16.34.01:802][214]LogExit: Editor shut down
[2017.11.07-16.34.01:806][214]LogExit: Transaction tracking system shut down
[2017.11.07-16.34.02:018][214]LogDirectoryWatcher: A directory notification for '../../../Engine/Content/' was aborted.
[2017.11.07-16.34.02:018][214]LogDirectoryWatcher: A directory notification for '../../../../../../Users/Marcelo/Documents/Unreal Projects/Caramuru2D 4.17/Content/' was aborted.
[2017.11.07-16.34.02:018][214]LogDirectoryWatcher: A directory notification for '../../../Engine/Plugins/2D/Paper2D/Content/' was aborted.
[2017.11.07-16.34.02:018][214]LogDirectoryWatcher: A directory notification for '../../../Engine/Plugins/Runtime/Oculus/OculusVR/Content/' was aborted.
[2017.11.07-16.34.02:018][214]LogDirectoryWatcher: A directory notification for '../../../Engine/Plugins/Runtime/Steam/SteamVR/Content/' was aborted.
[2017.11.07-16.34.02:084][214]LogExit: Object subsystem successfully closed.
[2017.11.07-16.34.02:098][214]LogD3D11RHI: Shutdown
[2017.11.07-16.34.02:099][214]LogD3D11RHI: CleanupD3DDevice
[2017.11.07-16.34.02:196][214]LogD3D11RHI: ~FD3D11DynamicRHI
[2017.11.07-16.34.02:209][214]LogModuleManager: Shutting down and abandoning module MovieSceneCapture (532)
[2017.11.07-16.34.02:209][214]LogModuleManager: Shutting down and abandoning module HierarchicalLODOutliner (530)
[2017.11.07-16.34.02:209][214]LogModuleManager: Shutting down and abandoning module SceneOutliner (528)
[2017.11.07-16.34.02:209][214]LogModuleManager: Shutting down and abandoning module AddContentDialog (526)
[2017.11.07-16.34.02:209][214]LogDirectoryWatcher: A directory notification for 'C:/Program Files/Epic Games/UE_4.17/FeaturePacks/' was aborted.
[2017.11.07-16.34.02:210][214]LogModuleManager: Shutting down and abandoning module WidgetCarousel (525)
[2017.11.07-16.34.02:210][214]LogModuleManager: Shutting down and abandoning module EditorWidgets (522)
[2017.11.07-16.34.02:210][214]LogModuleManager: Shutting down and abandoning module CollectionManager (520)
[2017.11.07-16.34.02:210][214]LogDirectoryWatcher: A directory notification for 'C:/Users/Marcelo/Documents/Unreal Projects/Caramuru2D 4.17/Content/Collections/' was aborted.
[2017.11.07-16.34.02:210][214]LogDirectoryWatcher: A directory notification for 'C:/Users/Marcelo/Documents/Unreal Projects/Caramuru2D 4.17/Content/Developers/Marcelo/Collections/' was aborted.
[2017.11.07-16.34.02:210][214]LogDirectoryWatcher: A directory notification for 'C:/Users/Marcelo/Documents/Unreal Projects/Caramuru2D 4.17/Saved/Collections/' was aborted.
[2017.11.07-16.34.02:211][214]LogModuleManager: Shutting down and abandoning module StatsViewer (518)
[2017.11.07-16.34.02:211][214]LogModuleManager: Shutting down and abandoning module FoliageEdit (516)
[2017.11.07-16.34.02:211][214]LogModuleManager: Shutting down and abandoning module LandscapeEditor (514)
[2017.11.07-16.34.02:211][214]LogModuleManager: Shutting down and abandoning module MeshPaintMode (512)
[2017.11.07-16.34.02:211][214]LogModuleManager: Shutting down and abandoning module SceneDepthPickerMode (510)
[2017.11.07-16.34.02:211][214]LogModuleManager: Shutting down and abandoning module ActorPickerMode (508)
[2017.11.07-16.34.02:211][214]LogModuleManager: Shutting down and abandoning module GeometryMode (506)
[2017.11.07-16.34.02:211][214]LogModuleManager: Shutting down and abandoning module TextureAlignMode (504)
[2017.11.07-16.34.02:211][214]LogModuleManager: Shutting down and abandoning module BspMode (502)
[2017.11.07-16.34.02:211][214]LogModuleManager: Shutting down and abandoning module PIEPreviewDeviceProfileSelector (500)
[2017.11.07-16.34.02:211][214]LogModuleManager: Shutting down and abandoning module HardwareSurvey (498)
[2017.11.07-16.34.02:211][214]LogModuleManager: Shutting down and abandoning module SequenceRecorderSections (496)
[2017.11.07-16.34.02:211][214]LogModuleManager: Shutting down and abandoning module AutomationWorker (494)
[2017.11.07-16.34.02:211][214]LogModuleManager: Shutting down and abandoning module MatineeToLevelSequence (492)
[2017.11.07-16.34.02:211][214]LogModuleManager: Shutting down and abandoning module LevelSequenceEditor (490)
[2017.11.07-16.34.02:211][214]LogModuleManager: Shutting down and abandoning module PlacementMode (489)
[2017.11.07-16.34.02:211][214]LogModuleManager: Shutting down and abandoning module WmfMediaFactory (486)
[2017.11.07-16.34.02:211][214]LogModuleManager: Shutting down and abandoning module WmfMediaEditor (484)
[2017.11.07-16.34.02:211][214]LogModuleManager: Shutting down and abandoning module AvfMediaFactory (482)
[2017.11.07-16.34.02:211][214]LogModuleManager: Shutting down and abandoning module AvfMediaEditor (480)
[2017.11.07-16.34.02:211][214]LogModuleManager: Shutting down and abandoning module AndroidMediaFactory (478)
[2017.11.07-16.34.02:211][214]LogModuleManager: Shutting down and abandoning module Media (477)
[2017.11.07-16.34.02:211][214]LogModuleManager: Shutting down and abandoning module AndroidMediaEditor (474)
[2017.11.07-16.34.02:211][214]LogModuleManager: Shutting down and abandoning module CharacterAI (472)
[2017.11.07-16.34.02:211][214]LogModuleManager: Shutting down and abandoning module AudioCapture (470)
[2017.11.07-16.34.02:211][214]LogModuleManager: Shutting down and abandoning module SequenceRecorder (469)
[2017.11.07-16.34.02:211][214]LogModuleManager: Shutting down and abandoning module SmartSnapping (466)
[2017.11.07-16.34.02:211][214]LogModuleManager: Shutting down and abandoning module SessionServices (464)
[2017.11.07-16.34.02:211][214]LogModuleManager: Shutting down and abandoning module ViewportSnapping (462)
[2017.11.07-16.34.02:211][214]LogModuleManager: Shutting down and abandoning module ViewportInteraction (460)
[2017.11.07-16.34.02:211][214]LogModuleManager: Shutting down and abandoning module ClothPainter (458)
[2017.11.07-16.34.02:211][214]LogModuleManager: Shutting down and abandoning module LogVisualizer (456)
[2017.11.07-16.34.02:211][214]LogModuleManager: Shutting down and abandoning module IntroTutorials (454)
[2017.11.07-16.34.02:211][214]LogModuleManager: Shutting down and abandoning module GameProjectGeneration (453)
[2017.11.07-16.34.02:211][214]LogModuleManager: Shutting down and abandoning module IOSPlatformEditor (450)
[2017.11.07-16.34.02:211][214]LogModuleManager: Shutting down and abandoning module HTML5PlatformEditor (448)
[2017.11.07-16.34.02:211][214]LogModuleManager: Shutting down and abandoning module AndroidPlatformEditor (446)
[2017.11.07-16.34.02:212][214]LogModuleManager: Shutting down and abandoning module AndroidDeviceDetection (445)
[2017.11.07-16.34.03:118][214]LogModuleManager: Shutting down and abandoning module WindowsPlatformEditor (442)
[2017.11.07-16.34.03:118][214]LogModuleManager: Shutting down and abandoning module IOSRuntimeSettings (440)
[2017.11.07-16.34.03:118][214]LogModuleManager: Shutting down and abandoning module AndroidRuntimeSettings (438)
[2017.11.07-16.34.03:118][214]LogModuleManager: Shutting down and abandoning module InputBindingEditor (436)
[2017.11.07-16.34.03:119][214]LogModuleManager: Shutting down and abandoning module MergeActors (434)
[2017.11.07-16.34.03:119][214]LogModuleManager: Shutting down and abandoning module SizeMap (432)
[2017.11.07-16.34.03:119][214]LogModuleManager: Shutting down and abandoning module TreeMap (430)
[2017.11.07-16.34.03:119][214]LogModuleManager: Shutting down and abandoning module ReferenceViewer (428)
[2017.11.07-16.34.03:119][214]LogModuleManager: Shutting down and abandoning module LocalizationDashboard (426)
[2017.11.07-16.34.03:119][214]LogModuleManager: Shutting down and abandoning module LocalizationService (425)
[2017.11.07-16.34.03:119][214]LogModuleManager: Shutting down and abandoning module HardwareTargeting (422)
[2017.11.07-16.34.03:119][214]LogModuleManager: Shutting down and abandoning module DeviceProfileEditor (420)
[2017.11.07-16.34.03:119][214]LogModuleManager: Shutting down and abandoning module UndoHistory (418)
[2017.11.07-16.34.03:119][214]LogModuleManager: Shutting down and abandoning module XmlParser (416)
[2017.11.07-16.34.03:119][214]LogModuleManager: Shutting down and abandoning module Blutility (414)
[2017.11.07-16.34.03:119][214]LogModuleManager: Shutting down and abandoning module ProjectSettingsViewer (412)
[2017.11.07-16.34.03:120][214]LogModuleManager: Shutting down and abandoning module ProjectTargetPlatformEditor (411)
[2017.11.07-16.34.03:120][214]LogModuleManager: Shutting down and abandoning module EditorSettingsViewer (408)
[2017.11.07-16.34.03:120][214]LogModuleManager: Shutting down and abandoning module SettingsEditor (406)
[2017.11.07-16.34.03:120][214]LogModuleManager: Shutting down and abandoning module ProjectLauncher (404)
[2017.11.07-16.34.03:120][214]LogModuleManager: Shutting down and abandoning module SessionFrontend (402)
[2017.11.07-16.34.03:120][214]LogModuleManager: Shutting down and abandoning module ProfilerClient (400)
[2017.11.07-16.34.03:120][214]LogModuleManager: Shutting down and abandoning module DeviceManager (398)
[2017.11.07-16.34.03:120][214]LogModuleManager: Shutting down and abandoning module TargetDeviceServices (397)
[2017.11.07-16.34.03:164][214]LogModuleManager: Shutting down and abandoning module AutomationController (394)
[2017.11.07-16.34.03:164][214]LogModuleManager: Shutting down and abandoning module AutomationWindow (392)
[2017.11.07-16.34.03:165][214]LogModuleManager: Shutting down and abandoning module Layers (390)
[2017.11.07-16.34.03:165][214]LogModuleManager: Shutting down and abandoning module ComponentVisualizers (388)
[2017.11.07-16.34.03:165][214]LogModuleManager: Shutting down and abandoning module DetailCustomizations (386)
[2017.11.07-16.34.03:165][214]LogModuleManager: Shutting down and abandoning module PackagesDialog (384)
[2017.11.07-16.34.03:165][214]LogModuleManager: Shutting down and abandoning module Persona (382)
[2017.11.07-16.34.03:165][214]LogModuleManager: Shutting down and abandoning module AdvancedPreviewScene (381)
[2017.11.07-16.34.03:165][214]LogModuleManager: Shutting down and abandoning module AnimGraph (379)
[2017.11.07-16.34.03:165][214]LogModuleManager: Shutting down and abandoning module Kismet (376)
[2017.11.07-16.34.03:166][214]LogModuleManager: Shutting down and abandoning module ClassViewer (374)
[2017.11.07-16.34.03:166][214]LogModuleManager: Shutting down and abandoning module Toolbox (372)
[2017.11.07-16.34.03:166][214]LogModuleManager: Shutting down and abandoning module ModuleUI (370)
[2017.11.07-16.34.03:166][214]LogModuleManager: Shutting down and abandoning module MovieSceneTools (368)
[2017.11.07-16.34.03:166][214]LogModuleManager: Shutting down and abandoning module OutputLog (366)
[2017.11.07-16.34.03:166][214]LogModuleManager: Shutting down and abandoning module GammaUI (364)
[2017.11.07-16.34.03:166][214]LogModuleManager: Shutting down and abandoning module Documentation (362)
[2017.11.07-16.34.03:166][214]LogModuleManager: Shutting down and abandoning module MovieSceneTracks (360)
[2017.11.07-16.34.03:166][214]LogModuleManager: Shutting down and abandoning module MovieScene (358)
[2017.11.07-16.34.03:166][214]LogModuleManager: Shutting down and abandoning module Niagara (356)
[2017.11.07-16.34.03:166][214]LogModuleManager: Shutting down and abandoning module NiagaraEditor (355)
[2017.11.07-16.34.03:167][214]LogModuleManager: Shutting down and abandoning module StreamingPauseRendering (352)
[2017.11.07-16.34.03:167][214]LogModuleManager: Shutting down and abandoning module LauncherPlatform (350)
[2017.11.07-16.34.03:167][214]LogModuleManager: Shutting down and abandoning module AnalyticsET (348)
[2017.11.07-16.34.03:167][214]LogModuleManager: Shutting down and abandoning module PortalServices (346)
[2017.11.07-16.34.03:167][214]LogModuleManager: Shutting down and abandoning module PortalRpc (344)
[2017.11.07-16.34.03:167][214]LogModuleManager: Shutting down and abandoning module MessagingRpc (342)
[2017.11.07-16.34.03:167][214]LogModuleManager: Shutting down and abandoning module AIModule (340)
[2017.11.07-16.34.03:167][214]LogModuleManager: Shutting down and abandoning module GameplayDebugger (339)
[2017.11.07-16.34.03:167][214]LogModuleManager: Shutting down and abandoning module AITestSuite (337)
[2017.11.07-16.34.03:167][214]LogModuleManager: Shutting down and abandoning module ProfilerService (334)
[2017.11.07-16.34.03:271][214]LogModuleManager: Shutting down and abandoning module TaskGraph (332)
[2017.11.07-16.34.03:271][214]LogModuleManager: Shutting down and abandoning module SteamVRController (330)
[2017.11.07-16.34.03:271][214]LogModuleManager: Shutting down and abandoning module ProceduralMeshComponentEditor (328)
[2017.11.07-16.34.03:271][214]LogModuleManager: Shutting down and abandoning module ProceduralMeshComponent (326)
[2017.11.07-16.34.03:271][214]LogModuleManager: Shutting down and abandoning module OculusInput (324)
[2017.11.07-16.34.03:271][214]LogModuleManager: Shutting down and abandoning module MobilePatchingUtils (322)
[2017.11.07-16.34.03:271][214]LogModuleManager: Shutting down and abandoning module CustomMeshComponent (320)
[2017.11.07-16.34.03:271][214]LogModuleManager: Shutting down and abandoning module CableComponent (318)
[2017.11.07-16.34.03:271][214]LogModuleManager: Shutting down and abandoning module ArchVisCharacter (316)
[2017.11.07-16.34.03:271][214]LogModuleManager: Shutting down and abandoning module AndroidPermission (314)
[2017.11.07-16.34.03:271][214]LogModuleManager: Shutting down and abandoning module MediaPlayerEditor (310)
[2017.11.07-16.34.03:271][214]LogModuleManager: Shutting down and abandoning module HTML5Networking (308)
[2017.11.07-16.34.03:272][214]LogModuleManager: Shutting down and abandoning module AlembicImporter (306)
[2017.11.07-16.34.03:272][214]LogModuleManager: Shutting down and abandoning module AlembicLibrary (305)
[2017.11.07-16.34.03:272][214]LogModuleManager: Shutting down and abandoning module GeometryCache (304)
[2017.11.07-16.34.03:272][214]LogModuleManager: Shutting down and abandoning module GeometryCacheEd (303)
[2017.11.07-16.34.03:272][214]LogModuleManager: Shutting down and abandoning module SpeedTreeImporter (298)
[2017.11.07-16.34.03:272][214]LogModuleManager: Shutting down and abandoning module PluginBrowser (296)
[2017.11.07-16.34.03:272][214]LogModuleManager: Shutting down and abandoning module MobileLauncherProfileWizard (294)
[2017.11.07-16.34.03:272][214]LogModuleManager: Shutting down and abandoning module VisualStudioSourceCodeAccess (292)
[2017.11.07-16.34.03:272][214]LogModuleManager: Shutting down and abandoning module DesktopPlatform (291)
[2017.11.07-16.34.03:272][214]LogModuleManager: Shutting down and abandoning module UObjectPlugin (288)
[2017.11.07-16.34.03:272][214]LogModuleManager: Shutting down and abandoning module SubversionSourceControl (286)
[2017.11.07-16.34.03:272][214]LogModuleManager: Shutting down and abandoning module PerforceSourceControl (284)
[2017.11.07-16.34.03:272][214]LogModuleManager: Shutting down and abandoning module GitSourceControl (282)
[2017.11.07-16.34.03:272][214]LogModuleManager: Shutting down and abandoning module SourceControl (281)
[2017.11.07-16.34.03:272][214]LogModuleManager: Shutting down and abandoning module LightPropagationVolumeEditor (278)
[2017.11.07-16.34.03:272][214]LogModuleManager: Shutting down and abandoning module PaperTiledImporter (276)
[2017.11.07-16.34.03:272][214]LogModuleManager: Shutting down and abandoning module PaperSpriteSheetImporter (274)
[2017.11.07-16.34.03:272][214]LogModuleManager: Shutting down and abandoning module Paper2DEditor (272)
[2017.11.07-16.34.03:272][214]LogModuleManager: Shutting down and abandoning module MeshPaint (271)
[2017.11.07-16.34.03:272][214]LogModuleManager: Shutting down and abandoning module LevelEditor (269)
[2017.11.07-16.34.03:273][214]LogModuleManager: Shutting down and abandoning module PixelInspectorModule (268)
[2017.11.07-16.34.03:273][214]LogModuleManager: Shutting down and abandoning module MainFrame (266)
[2017.11.07-16.34.03:273][214]LogModuleManager: Shutting down and abandoning module HotReload (265)
[2017.11.07-16.34.03:273][214]LogModuleManager: Shutting down and abandoning module RuntimePhysXCooking (260)
[2017.11.07-16.34.03:274][214]LogModuleManager: Shutting down and abandoning module PhysXVehiclesEditor (258)
[2017.11.07-16.34.03:274][214]LogModuleManager: Shutting down and abandoning module PhysXVehicles (256)
[2017.11.07-16.34.03:274][214]LogModuleManager: Shutting down and abandoning module OculusEditor (254)
[2017.11.07-16.34.03:274][214]LogModuleManager: Shutting down and abandoning module LocationServicesBPLibrary (252)
[2017.11.07-16.34.03:274][214]LogModuleManager: Shutting down and abandoning module ImmediatePhysicsEditor (250)
[2017.11.07-16.34.03:274][214]LogModuleManager: Shutting down and abandoning module ImmediatePhysics (248)
[2017.11.07-16.34.03:274][214]LogModuleManager: Shutting down and abandoning module UdpMessaging (246)
[2017.11.07-16.34.03:375][214]LogModuleManager: Shutting down and abandoning module TcpMessaging (244)
[2017.11.07-16.34.03:476][214]LogModuleManager: Shutting down and abandoning module GameplayTagsEditor (242)
[2017.11.07-16.34.03:476][214]LogModuleManager: Shutting down and abandoning module FacialAnimationEditor (240)
[2017.11.07-16.34.03:476][214]LogModuleManager: Shutting down and abandoning module FacialAnimation (238)
[2017.11.07-16.34.03:476][214]LogModuleManager: Shutting down and abandoning module AssetManagerEditor (236)
[2017.11.07-16.34.03:476][214]LogModuleManager: Shutting down and abandoning module GraphEditor (235)
[2017.11.07-16.34.03:476][214]LogModuleManager: Shutting down and abandoning module ContentBrowser (233)
[2017.11.07-16.34.03:477][214]LogModuleManager: Shutting down and abandoning module LightPropagationVolumeRuntime (230)
[2017.11.07-16.34.03:477][214]LogModuleManager: Shutting down and abandoning module Paper2D (228)
[2017.11.07-16.34.03:477][214]LogModuleManager: Shutting down and abandoning module WindowsMoviePlayer (226)
[2017.11.07-16.34.03:477][214]LogModuleManager: Shutting down and abandoning module WmfMedia (224)
[2017.11.07-16.34.03:477][214]LogModuleManager: Shutting down and abandoning module PacketHandler (222)
[2017.11.07-16.34.03:477][214]LogModuleManager: Shutting down and abandoning module ClothingSystemEditor (220)
[2017.11.07-16.34.03:477][214]LogModuleManager: Shutting down and abandoning module ClothingSystemRuntime (218)
[2017.11.07-16.34.03:477][214]LogModuleManager: Shutting down and abandoning module Overlay (216)
[2017.11.07-16.34.03:477][214]LogModuleManager: Shutting down and abandoning module OverlayEditor (215)
[2017.11.07-16.34.03:477][214]LogModuleManager: Shutting down and abandoning module MediaAssets (212)
[2017.11.07-16.34.03:477][214]LogModuleManager: Shutting down and abandoning module VREditor (210)
[2017.11.07-16.34.03:477][214]LogModuleManager: Shutting down and abandoning module StringTableEditor (208)
[2017.11.07-16.34.03:477][214]LogModuleManager: Shutting down and abandoning module GameplayTasksEditor (206)
[2017.11.07-16.34.03:477][214]LogModuleManager: Shutting down and abandoning module BehaviorTreeEditor (204)
[2017.11.07-16.34.03:477][214]LogModuleManager: Shutting down and abandoning module FunctionalTesting (202)
[2017.11.07-16.34.03:477][214]LogModuleManager: Shutting down and abandoning module CollisionAnalyzer (200)
[2017.11.07-16.34.03:477][214]LogModuleManager: Shutting down and abandoning module WorkspaceMenuStructure (199)
[2017.11.07-16.34.03:477][214]LogModuleManager: Shutting down and abandoning module UMG (196)
[2017.11.07-16.34.03:477][214]LogModuleManager: Shutting down and abandoning module UMGEditor (195)
[2017.11.07-16.34.03:478][214]LogModuleManager: Shutting down and abandoning module Sequencer (194)
[2017.11.07-16.34.03:478][214]LogModuleManager: Shutting down and abandoning module MessageLog (191)
[2017.11.07-16.34.03:478][214]LogModuleManager: Shutting down and abandoning module SlateReflector (186)
[2017.11.07-16.34.03:478][214]LogModuleManager: Shutting down and abandoning module Slate (184)
[2017.11.07-16.34.03:478][214]LogModuleManager: Shutting down and abandoning module EditorStyle (182)
[2017.11.07-16.34.03:481][214]LogModuleManager: Shutting down and abandoning module MRMesh (180)
[2017.11.07-16.34.03:481][214]LogModuleManager: Shutting down and abandoning module SourceCodeAccess (178)
[2017.11.07-16.34.03:481][214]LogModuleManager: Shutting down and abandoning module HeadMountedDisplay (176)
[2017.11.07-16.34.03:481][214]LogModuleManager: Shutting down and abandoning module XAudio2 (174)
[2017.11.07-16.34.03:481][214]LogModuleManager: Shutting down and abandoning module Networking (172)
[2017.11.07-16.34.03:481][214]LogModuleManager: Shutting down and abandoning module Core (168)
[2017.11.07-16.34.03:481][214]LogModuleManager: Shutting down and abandoning module KismetCompiler (164)
[2017.11.07-16.34.03:481][214]LogModuleManager: Shutting down and abandoning module LevelSequence (162)
[2017.11.07-16.34.03:481][214]LogModuleManager: Shutting down and abandoning module MeshUtilities (160)
[2017.11.07-16.34.03:481][214]LogModuleManager: Shutting down and abandoning module MeshMergeUtilities (159)
[2017.11.07-16.34.03:481][214]LogModuleManager: Shutting down and abandoning module MeshReductionInterface (158)
[2017.11.07-16.34.03:481][214]LogModuleManager: Shutting down and abandoning module SimplygonSwarm (157)
[2017.11.07-16.34.03:481][214]LogModuleManager: Shutting down and abandoning module SimplygonMeshReduction (155)
[2017.11.07-16.34.03:481][214]LogModuleManager: Shutting down and abandoning module QuadricMeshReduction (153)
[2017.11.07-16.34.03:481][214]LogModuleManager: Shutting down and abandoning module MaterialBaking (149)
[2017.11.07-16.34.03:482][214]LogModuleManager: Shutting down and abandoning module DirectoryWatcher (146)
[2017.11.07-16.34.03:482][214]LogModuleManager: Shutting down and abandoning module DerivedDataCache (144)
[2017.11.07-16.34.03:490][214]LogDerivedDataCache: Shutdown
[2017.11.07-16.34.03:491][214]LogModuleManager: Shutting down and abandoning module TargetPlatform (142)
[2017.11.07-16.34.03:491][214]LogModuleManager: Shutting down and abandoning module VulkanShaderFormat (141)
[2017.11.07-16.34.03:491][214]LogModuleManager: Shutting down and abandoning module ShaderFormatVectorVM (139)
[2017.11.07-16.34.03:491][214]LogModuleManager: Shutting down and abandoning module ShaderFormatOpenGL (137)
[2017.11.07-16.34.03:491][214]LogModuleManager: Shutting down and abandoning module ShaderFormatD3D (135)
[2017.11.07-16.34.03:491][214]LogModuleManager: Shutting down and abandoning module MetalShaderFormat (133)
[2017.11.07-16.34.03:491][214]LogModuleManager: Shutting down and abandoning module TextureFormatUncompressed (131)
[2017.11.07-16.34.03:491][214]LogModuleManager: Shutting down and abandoning module TextureFormatPVR (129)
[2017.11.07-16.34.03:491][214]LogModuleManager: Shutting down and abandoning module TextureFormatDXT (127)
[2017.11.07-16.34.03:491][214]LogModuleManager: Shutting down and abandoning module TextureFormatIntelISPCTexComp (125)
[2017.11.07-16.34.03:491][214]LogModuleManager: Shutting down and abandoning module TextureFormatASTC (123)
[2017.11.07-16.34.03:491][214]LogModuleManager: Shutting down and abandoning module ImageWrapper (122)
[2017.11.07-16.34.03:491][214]LogModuleManager: Shutting down and abandoning module TextureFormatAndroid (119)
[2017.11.07-16.34.03:491][214]LogModuleManager: Shutting down and abandoning module AudioFormatOpus (117)
[2017.11.07-16.34.03:491][214]LogModuleManager: Shutting down and abandoning module AudioFormatOgg (115)
[2017.11.07-16.34.03:491][214]LogModuleManager: Shutting down and abandoning module AudioFormatADPCM (113)
[2017.11.07-16.34.03:491][214]LogModuleManager: Shutting down and abandoning module LinuxTargetPlatform (111)
[2017.11.07-16.34.03:491][214]LogModuleManager: Shutting down and abandoning module LinuxServerTargetPlatform (109)
[2017.11.07-16.34.03:491][214]LogModuleManager: Shutting down and abandoning module LinuxNoEditorTargetPlatform (107)
[2017.11.07-16.34.03:491][214]LogModuleManager: Shutting down and abandoning module LinuxClientTargetPlatform (105)
[2017.11.07-16.34.03:491][214]LogModuleManager: Shutting down and abandoning module TVOSTargetPlatform (103)
[2017.11.07-16.34.03:491][214]LogModuleManager: Shutting down and abandoning module Messaging (101)
[2017.11.07-16.34.03:491][214]LogModuleManager: Shutting down and abandoning module IOSTargetPlatform (99)
[2017.11.07-16.34.03:491][214]LogModuleManager: Shutting down and abandoning module HTML5TargetPlatform (97)
[2017.11.07-16.34.03:491][214]LogModuleManager: Shutting down and abandoning module Android_PVRTCTargetPlatform (95)
[2017.11.07-16.34.03:491][214]LogModuleManager: Shutting down and abandoning module Android_MultiTargetPlatform (93)
[2017.11.07-16.34.03:491][214]LogModuleManager: Shutting down and abandoning module Android_ETC2TargetPlatform (91)
[2017.11.07-16.34.03:491][214]LogModuleManager: Shutting down and abandoning module Android_ETC1TargetPlatform (89)
[2017.11.07-16.34.03:491][214]LogModuleManager: Shutting down and abandoning module Android_DXTTargetPlatform (87)
[2017.11.07-16.34.03:491][214]LogModuleManager: Shutting down and abandoning module Android_ATCTargetPlatform (85)
[2017.11.07-16.34.03:491][214]LogModuleManager: Shutting down and abandoning module Android_ASTCTargetPlatform (83)
[2017.11.07-16.34.03:491][214]LogModuleManager: Shutting down and abandoning module AndroidTargetPlatform (81)
[2017.11.07-16.34.03:491][214]LogModuleManager: Shutting down and abandoning module WindowsTargetPlatform (79)
[2017.11.07-16.34.03:491][214]LogModuleManager: Shutting down and abandoning module WindowsServerTargetPlatform (77)
[2017.11.07-16.34.03:491][214]LogModuleManager: Shutting down and abandoning module WindowsNoEditorTargetPlatform (75)
[2017.11.07-16.34.03:491][214]LogModuleManager: Shutting down and abandoning module WindowsClientTargetPlatform (73)
[2017.11.07-16.34.03:491][214]LogModuleManager: Shutting down and abandoning module MacTargetPlatform (71)
[2017.11.07-16.34.03:491][214]LogModuleManager: Shutting down and abandoning module MacServerTargetPlatform (69)
[2017.11.07-16.34.03:491][214]LogModuleManager: Shutting down and abandoning module MacNoEditorTargetPlatform (67)
[2017.11.07-16.34.03:491][214]LogModuleManager: Shutting down and abandoning module MacClientTargetPlatform (65)
[2017.11.07-16.34.03:492][214]LogModuleManager: Shutting down and abandoning module AllDesktopTargetPlatform (63)
[2017.11.07-16.34.03:492][214]LogModuleManager: Shutting down and abandoning module InputCore (60)
[2017.11.07-16.34.03:492][214]LogModuleManager: Shutting down and abandoning module Settings (58)
[2017.11.07-16.34.03:492][214]LogModuleManager: Shutting down and abandoning module PhysXCooking (56)
[2017.11.07-16.34.03:492][214]LogModuleManager: Shutting down and abandoning module SteamVR (54)
[2017.11.07-16.34.03:492][214]LogModuleManager: Shutting down and abandoning module OculusHMD (52)
[2017.11.07-16.34.03:492][214]LogModuleManager: Shutting down and abandoning module ExampleDeviceProfileSelector (50)
[2017.11.07-16.34.03:492][214]LogModuleManager: Shutting down and abandoning module OnlineBlueprintSupport (48)
[2017.11.07-16.34.03:492][214]LogModuleManager: Shutting down and abandoning module OnlineSubsystem (44)
[2017.11.07-16.34.03:492][214]LogOnline: Display: Unloading online subsystem: NULL
[2017.11.07-16.34.03:492][214]LogModuleManager: Shutting down and abandoning module XMPP (43)
[2017.11.07-16.34.03:492][214]LogModuleManager: Shutting down and abandoning module HTTP (41)
[2017.11.07-16.34.03:492][214]LogHttp: Display: Http module shutting down, but needs to wait on 1 outstanding Http requests:
[2017.11.07-16.34.03:492][214]LogHttp: Display: 	verb=[POST] url=[https://datarouter.ol.epicgames.com/datarouter/api/v1/public/data?SessionID=%7B7D703F0C-422E-6BA5-53E6-A0A9F5525E2B%7D&AppID=UEEditor.Rocket.Release&AppVersion=4.17.2-3658906%2B%2B%2BUE4%2BRelease-4.17&UserID=0cdc46354752a0eab9852f856d7117e8%7C15cca6e6937c4713820d7aa9ac75edf7%7C47e4ea8b-fce0-40e0-83d0-fc5cc9b7dace&AppEnvironment=datacollector-binary&UploadType=eteventstream] status=Processing
[2017.11.07-16.34.03:509][214]LogModuleManager: Shutting down and abandoning module SSL (40)
[2017.11.07-16.34.03:510][214]LogModuleManager: Shutting down and abandoning module AnimationModifiers (36)
[2017.11.07-16.34.03:510][214]LogModuleManager: Shutting down and abandoning module PropertyEditor (35)
[2017.11.07-16.34.03:510][214]LogModuleManager: Shutting down and abandoning module AudioEditor (32)
[2017.11.07-16.34.03:511][214]LogModuleManager: Shutting down and abandoning module TextureCompressor (30)
[2017.11.07-16.34.03:511][214]LogModuleManager: Shutting down and abandoning module ShaderCore (28)
[2017.11.07-16.34.03:511][214]LogModuleManager: Shutting down and abandoning module Landscape (26)
[2017.11.07-16.34.03:511][214]LogModuleManager: Shutting down and abandoning module SlateRHIRenderer (24)
[2017.11.07-16.34.03:512][214]LogModuleManager: Shutting down and abandoning module OpenGLDrv (22)
[2017.11.07-16.34.03:512][214]LogModuleManager: Shutting down and abandoning module D3D11RHI (20)
[2017.11.07-16.34.03:512][214]LogModuleManager: Shutting down and abandoning module AnimGraphRuntime (18)
[2017.11.07-16.34.03:512][214]LogModuleManager: Shutting down and abandoning module Renderer (16)
[2017.11.07-16.34.03:512][214]LogModuleManager: Shutting down and abandoning module Engine (14)
[2017.11.07-16.34.03:512][214]LogModuleManager: Shutting down and abandoning module CoreUObject (12)
[2017.11.07-16.34.03:512][214]LogModuleManager: Shutting down and abandoning module NetworkFile (10)
[2017.11.07-16.34.03:512][214]LogModuleManager: Shutting down and abandoning module CookedIterativeFile (8)
[2017.11.07-16.34.03:512][214]LogModuleManager: Shutting down and abandoning module StreamingFile (6)
[2017.11.07-16.34.03:512][214]LogModuleManager: Shutting down and abandoning module SandboxFile (4)
[2017.11.07-16.34.03:512][214]LogModuleManager: Shutting down and abandoning module PakFile (2)
[2017.11.07-16.34.03:515][214]LogExit: Exiting.
[2017.11.07-16.34.03:530][214]Log file closed, 11/07/17 13:34:03
